==445128== NVPROF is profiling process 445128, command: ./0123HomeWork 16 128
==445128== Some kernel(s) will be replayed on device 0 in order to collect all events/metrics.
==445128== Profiling application: ./0123HomeWork 16 128
==445128== Profiling result:
==445128== Metric result:
Invocations                               Metric Name                           Metric Description         Min         Max         Avg
Device "Tesla V100-PCIE-16GB (0)"
    Kernel: find_hash(int, int)
          1                             inst_per_warp                        Instructions per warp  7.9318e+06  7.9318e+06  7.9318e+06
          1                           global_hit_rate            Global Hit Rate in unified l1/tex       0.02%       0.02%       0.02%
          1                            local_hit_rate                               Local Hit Rate      98.84%      98.84%      98.84%
          1                        tex_cache_hit_rate                       Unified Cache Hit Rate      28.77%      28.77%      28.77%
          1                      l2_tex_read_hit_rate                  L2 Hit Rate (Texture Reads)     100.01%     100.01%     100.01%
          1                     l2_tex_write_hit_rate                 L2 Hit Rate (Texture Writes)      99.98%      99.98%      99.98%
          1                            gld_efficiency                Global Memory Load Efficiency      12.20%      12.20%      12.20%
          1                            gst_efficiency               Global Memory Store Efficiency       3.79%       3.79%       3.79%
          1                          stall_inst_fetch     Issue Stall Reasons (Instructions Fetch)      11.19%      11.19%      11.19%
          1                     stall_exec_dependency   Issue Stall Reasons (Execution Dependency)      42.50%      42.50%      42.50%
          1                   stall_memory_dependency           Issue Stall Reasons (Data Request)      13.00%      13.00%      13.00%
          1                                       ipc                                 Executed IPC    0.701394    0.701394    0.701394
          1                             sm_efficiency                      Multiprocessor Activity      19.99%      19.99%      19.99%
