==446252== NVPROF is profiling process 446252, command: ./0123HomeWork 16 1
==446252== Some kernel(s) will be replayed on device 0 in order to collect all events/metrics.
==446252== Profiling application: ./0123HomeWork 16 1
==446252== Profiling result:
==446252== Metric result:
Invocations                               Metric Name                           Metric Description         Min         Max         Avg
Device "Tesla V100-PCIE-16GB (0)"
    Kernel: find_hash(int, int)
          1                             inst_per_warp                        Instructions per warp  2.3902e+08  2.3902e+08  2.3902e+08
          1                           global_hit_rate            Global Hit Rate in unified l1/tex       0.00%       0.00%       0.00%
          1                            local_hit_rate                               Local Hit Rate      98.84%      98.84%      98.84%
          1                        tex_cache_hit_rate                       Unified Cache Hit Rate      28.38%      28.38%      28.38%
          1                      l2_tex_read_hit_rate                  L2 Hit Rate (Texture Reads)      99.54%      99.54%      99.54%
          1                     l2_tex_write_hit_rate                 L2 Hit Rate (Texture Writes)      99.72%      99.72%      99.72%
          1                            gld_efficiency                Global Memory Load Efficiency      12.71%      12.71%      12.71%
          1                            gst_efficiency               Global Memory Store Efficiency       3.79%       3.79%       3.79%
          1                          stall_inst_fetch     Issue Stall Reasons (Instructions Fetch)      17.96%      17.96%      17.96%
          1                     stall_exec_dependency   Issue Stall Reasons (Execution Dependency)      64.11%      64.11%      64.11%
          1                   stall_memory_dependency           Issue Stall Reasons (Data Request)      17.71%      17.71%      17.71%
          1                                       ipc                                 Executed IPC    0.243010    0.243010    0.243010
          1                             sm_efficiency                      Multiprocessor Activity      20.00%      20.00%      20.00%
