==445815== NVPROF is profiling process 445815, command: ./0123HomeWork 16 2
==445815== Some kernel(s) will be replayed on device 0 in order to collect all events/metrics.
==445815== Profiling application: ./0123HomeWork 16 2
==445815== Profiling result:
==445815== Metric result:
Invocations                               Metric Name                           Metric Description         Min         Max         Avg
Device "Tesla V100-PCIE-16GB (0)"
    Kernel: find_hash(int, int)
          1                             inst_per_warp                        Instructions per warp  2.7155e+09  2.7155e+09  2.7155e+09
          1                           global_hit_rate            Global Hit Rate in unified l1/tex       0.00%       0.00%       0.00%
          1                            local_hit_rate                               Local Hit Rate      98.85%      98.85%      98.85%
          1                        tex_cache_hit_rate                       Unified Cache Hit Rate      28.39%      28.39%      28.39%
          1                      l2_tex_read_hit_rate                  L2 Hit Rate (Texture Reads)      99.61%      99.61%      99.61%
          1                     l2_tex_write_hit_rate                 L2 Hit Rate (Texture Writes)      99.60%      99.60%      99.60%
          1                            gld_efficiency                Global Memory Load Efficiency      12.20%      12.20%      12.20%
          1                            gst_efficiency               Global Memory Store Efficiency       3.79%       3.79%       3.79%
          1                          stall_inst_fetch     Issue Stall Reasons (Instructions Fetch)      17.96%      17.96%      17.96%
          1                     stall_exec_dependency   Issue Stall Reasons (Execution Dependency)      64.15%      64.15%      64.15%
          1                   stall_memory_dependency           Issue Stall Reasons (Data Request)      17.65%      17.65%      17.65%
          1                                       ipc                                 Executed IPC    0.243279    0.243279    0.243279
==445815== Warning: One or more events or metrics overflowed. Rerun with "--print-gpu-trace" for detail.
