==445319== NVPROF is profiling process 445319, command: ./0123HomeWork 16 32
==445319== Some kernel(s) will be replayed on device 0 in order to collect all events/metrics.
==445319== Profiling application: ./0123HomeWork 16 32
==445319== Profiling result:
==445319== Metric result:
Invocations                               Metric Name                           Metric Description         Min         Max         Avg
Device "Tesla V100-PCIE-16GB (0)"
    Kernel: find_hash(int, int)
          1                             inst_per_warp                        Instructions per warp  7.2770e+06  7.2770e+06  7.2770e+06
          1                           global_hit_rate            Global Hit Rate in unified l1/tex       0.08%       0.08%       0.08%
          1                            local_hit_rate                               Local Hit Rate      98.83%      98.83%      98.83%
          1                        tex_cache_hit_rate                       Unified Cache Hit Rate      29.31%      29.31%      29.31%
          1                      l2_tex_read_hit_rate                  L2 Hit Rate (Texture Reads)     100.41%     100.41%     100.41%
          1                     l2_tex_write_hit_rate                 L2 Hit Rate (Texture Writes)     100.59%     100.59%     100.59%
          1                            gld_efficiency                Global Memory Load Efficiency      12.30%      12.30%      12.30%
          1                            gst_efficiency               Global Memory Store Efficiency       3.79%       3.79%       3.79%
          1                          stall_inst_fetch     Issue Stall Reasons (Instructions Fetch)      17.50%      17.50%      17.50%
          1                     stall_exec_dependency   Issue Stall Reasons (Execution Dependency)      62.37%      62.37%      62.37%
          1                   stall_memory_dependency           Issue Stall Reasons (Data Request)      17.49%      17.49%      17.49%
          1                                       ipc                                 Executed IPC    0.238102    0.238102    0.238102
          1                             sm_efficiency                      Multiprocessor Activity      19.99%      19.99%      19.99%
