==451974== NVPROF is profiling process 451974, command: ./0123HomeWork 2 32
==451974== Some kernel(s) will be replayed on device 0 in order to collect all events/metrics.
==451974== Profiling application: ./0123HomeWork 2 32
==451974== Profiling result:
==451974== Metric result:
Invocations                               Metric Name                           Metric Description         Min         Max         Avg
Device "Tesla V100-PCIE-16GB (0)"
    Kernel: find_hash(int, int)
          1                             inst_per_warp                        Instructions per warp  3.4035e+08  3.4035e+08  3.4035e+08
          1                           global_hit_rate            Global Hit Rate in unified l1/tex       0.01%       0.01%       0.01%
          1                            local_hit_rate                               Local Hit Rate      98.84%      98.84%      98.84%
          1                        tex_cache_hit_rate                       Unified Cache Hit Rate      28.66%      28.66%      28.66%
          1                      l2_tex_read_hit_rate                  L2 Hit Rate (Texture Reads)     100.19%     100.19%     100.19%
          1                     l2_tex_write_hit_rate                 L2 Hit Rate (Texture Writes)     100.10%     100.10%     100.10%
          1                            gld_efficiency                Global Memory Load Efficiency      12.21%      12.21%      12.21%
          1                            gst_efficiency               Global Memory Store Efficiency       3.79%       3.79%       3.79%
          1                          stall_inst_fetch     Issue Stall Reasons (Instructions Fetch)      17.64%      17.64%      17.64%
          1                     stall_exec_dependency   Issue Stall Reasons (Execution Dependency)      62.38%      62.38%      62.38%
          1                   stall_memory_dependency           Issue Stall Reasons (Data Request)      17.36%      17.36%      17.36%
          1                                       ipc                                 Executed IPC    0.238023    0.238023    0.238023
          1                             sm_efficiency                      Multiprocessor Activity       2.50%       2.50%       2.50%
