==452568== NVPROF is profiling process 452568, command: ./0123HomeWork 2 8
==452568== Some kernel(s) will be replayed on device 0 in order to collect all events/metrics.
==452568== Profiling application: ./0123HomeWork 2 8
==452568== Profiling result:
==452568== Metric result:
Invocations                               Metric Name                           Metric Description         Min         Max         Avg
Device "Tesla V100-PCIE-16GB (0)"
    Kernel: find_hash(int, int)
          1                             inst_per_warp                        Instructions per warp  1.2627e+10  1.2627e+10  1.2627e+10
          1                           global_hit_rate            Global Hit Rate in unified l1/tex       0.00%       0.00%       0.00%
          1                            local_hit_rate                               Local Hit Rate      98.84%      98.84%      98.84%
          1                        tex_cache_hit_rate                       Unified Cache Hit Rate      28.63%      28.63%      28.63%
          1                      l2_tex_read_hit_rate                  L2 Hit Rate (Texture Reads)      99.92%      99.92%      99.92%
          1                     l2_tex_write_hit_rate                 L2 Hit Rate (Texture Writes)      99.88%      99.88%      99.88%
          1                            gld_efficiency                Global Memory Load Efficiency      12.21%      12.21%      12.21%
          1                            gst_efficiency               Global Memory Store Efficiency       3.79%       3.79%       3.79%
          1                          stall_inst_fetch     Issue Stall Reasons (Instructions Fetch)      18.09%      18.09%      18.09%
          1                     stall_exec_dependency   Issue Stall Reasons (Execution Dependency)      63.89%      63.89%      63.89%
          1                   stall_memory_dependency           Issue Stall Reasons (Data Request)      17.81%      17.81%      17.81%
          1                                       ipc                                 Executed IPC    0.242775    0.242775    0.242775
==452568== Warning: One or more events or metrics overflowed. Rerun with "--print-gpu-trace" for detail.
