==443708== NVPROF is profiling process 443708, command: ./0123HomeWork 32 64
==443708== Some kernel(s) will be replayed on device 0 in order to collect all events/metrics.
==443708== Profiling application: ./0123HomeWork 32 64
==443708== Profiling result:
==443708== Metric result:
Invocations                               Metric Name                           Metric Description         Min         Max         Avg
Device "Tesla V100-PCIE-16GB (0)"
    Kernel: find_hash(int, int)
          1                             inst_per_warp                        Instructions per warp  9.3606e+06  9.3606e+06  9.3606e+06
          1                           global_hit_rate            Global Hit Rate in unified l1/tex       0.02%       0.02%       0.02%
          1                            local_hit_rate                               Local Hit Rate      98.84%      98.84%      98.84%
          1                        tex_cache_hit_rate                       Unified Cache Hit Rate      28.55%      28.55%      28.55%
          1                      l2_tex_read_hit_rate                  L2 Hit Rate (Texture Reads)      99.71%      99.71%      99.71%
          1                     l2_tex_write_hit_rate                 L2 Hit Rate (Texture Writes)     100.13%     100.13%     100.13%
          1                            gld_efficiency                Global Memory Load Efficiency      12.46%      12.46%      12.46%
          1                            gst_efficiency               Global Memory Store Efficiency       3.79%       3.79%       3.79%
          1                          stall_inst_fetch     Issue Stall Reasons (Instructions Fetch)      13.81%      13.81%      13.81%
          1                     stall_exec_dependency   Issue Stall Reasons (Execution Dependency)      55.46%      55.46%      55.46%
          1                   stall_memory_dependency           Issue Stall Reasons (Data Request)      15.87%      15.87%      15.87%
          1                                       ipc                                 Executed IPC    0.435326    0.435326    0.435326
          1                             sm_efficiency                      Multiprocessor Activity      39.99%      39.99%      39.99%
