==448628== NVPROF is profiling process 448628, command: ./0123HomeWork 4 32
==448628== Some kernel(s) will be replayed on device 0 in order to collect all events/metrics.
==448628== Profiling application: ./0123HomeWork 4 32
==448628== Profiling result:
==448628== Metric result:
Invocations                               Metric Name                           Metric Description         Min         Max         Avg
Device "Tesla V100-PCIE-16GB (0)"
    Kernel: find_hash(int, int)
          1                             inst_per_warp                        Instructions per warp  1.4461e+09  1.4461e+09  1.4461e+09
          1                           global_hit_rate            Global Hit Rate in unified l1/tex       0.00%       0.00%       0.00%
          1                            local_hit_rate                               Local Hit Rate      98.84%      98.84%      98.84%
          1                        tex_cache_hit_rate                       Unified Cache Hit Rate      28.73%      28.73%      28.73%
          1                      l2_tex_read_hit_rate                  L2 Hit Rate (Texture Reads)     100.32%     100.32%     100.32%
          1                     l2_tex_write_hit_rate                 L2 Hit Rate (Texture Writes)     100.04%     100.04%     100.04%
          1                            gld_efficiency                Global Memory Load Efficiency      12.20%      12.20%      12.20%
          1                            gst_efficiency               Global Memory Store Efficiency       3.79%       3.79%       3.79%
          1                          stall_inst_fetch     Issue Stall Reasons (Instructions Fetch)      17.67%      17.67%      17.67%
          1                     stall_exec_dependency   Issue Stall Reasons (Execution Dependency)      62.41%      62.41%      62.41%
          1                   stall_memory_dependency           Issue Stall Reasons (Data Request)      17.28%      17.28%      17.28%
          1                                       ipc                                 Executed IPC    0.238205    0.238205    0.238205
==448628== Warning: One or more events or metrics overflowed. Rerun with "--print-gpu-trace" for detail.
