==447540== NVPROF is profiling process 447540, command: ./0123HomeWork 8 2
==447540== Some kernel(s) will be replayed on device 0 in order to collect all events/metrics.
==447540== Profiling application: ./0123HomeWork 8 2
==447540== Profiling result:
==447540== Metric result:
Invocations                               Metric Name                           Metric Description         Min         Max         Avg
Device "Tesla V100-PCIE-16GB (0)"
    Kernel: find_hash(int, int)
          1                             inst_per_warp                        Instructions per warp  3.9409e+08  3.9409e+08  3.9409e+08
          1                           global_hit_rate            Global Hit Rate in unified l1/tex       0.00%       0.00%       0.00%
          1                            local_hit_rate                               Local Hit Rate      98.85%      98.85%      98.85%
          1                        tex_cache_hit_rate                       Unified Cache Hit Rate      28.34%      28.34%      28.34%
          1                      l2_tex_read_hit_rate                  L2 Hit Rate (Texture Reads)      99.47%      99.47%      99.47%
          1                     l2_tex_write_hit_rate                 L2 Hit Rate (Texture Writes)      99.47%      99.47%      99.47%
          1                            gld_efficiency                Global Memory Load Efficiency      12.30%      12.30%      12.30%
          1                            gst_efficiency               Global Memory Store Efficiency       3.79%       3.79%       3.79%
          1                          stall_inst_fetch     Issue Stall Reasons (Instructions Fetch)      18.71%      18.71%      18.71%
          1                     stall_exec_dependency   Issue Stall Reasons (Execution Dependency)      63.53%      63.53%      63.53%
          1                   stall_memory_dependency           Issue Stall Reasons (Data Request)      17.54%      17.54%      17.54%
          1                                       ipc                                 Executed IPC    0.241549    0.241549    0.241549
          1                             sm_efficiency                      Multiprocessor Activity      10.00%      10.00%      10.00%
