==446908== NVPROF is profiling process 446908, command: ./0123HomeWork 8 8
==446908== Some kernel(s) will be replayed on device 0 in order to collect all events/metrics.
==446908== Profiling application: ./0123HomeWork 8 8
==446908== Profiling result:
==446908== Metric result:
Invocations                               Metric Name                           Metric Description         Min         Max         Avg
Device "Tesla V100-PCIE-16GB (0)"
    Kernel: find_hash(int, int)
          1                             inst_per_warp                        Instructions per warp  3.1808e+09  3.1808e+09  3.1808e+09
          1                           global_hit_rate            Global Hit Rate in unified l1/tex       0.00%       0.00%       0.00%
          1                            local_hit_rate                               Local Hit Rate      98.84%      98.84%      98.84%
          1                        tex_cache_hit_rate                       Unified Cache Hit Rate      28.69%      28.69%      28.69%
          1                      l2_tex_read_hit_rate                  L2 Hit Rate (Texture Reads)     100.17%     100.17%     100.17%
          1                     l2_tex_write_hit_rate                 L2 Hit Rate (Texture Writes)      99.97%      99.97%      99.97%
          1                            gld_efficiency                Global Memory Load Efficiency      12.25%      12.25%      12.25%
          1                            gst_efficiency               Global Memory Store Efficiency       3.79%       3.79%       3.79%
          1                          stall_inst_fetch     Issue Stall Reasons (Instructions Fetch)      18.67%      18.67%      18.67%
          1                     stall_exec_dependency   Issue Stall Reasons (Execution Dependency)      63.52%      63.52%      63.52%
          1                   stall_memory_dependency           Issue Stall Reasons (Data Request)      17.58%      17.58%      17.58%
          1                                       ipc                                 Executed IPC    0.241386    0.241386    0.241386
==446908== Warning: One or more events or metrics overflowed. Rerun with "--print-gpu-trace" for detail.
