==442213== NVPROF is profiling process 442213, command: ./0123HomeWork 80 2
==442213== Some kernel(s) will be replayed on device 0 in order to collect all events/metrics.
==442213== Profiling application: ./0123HomeWork 80 2
==442213== Profiling result:
==442213== Metric result:
Invocations                               Metric Name                           Metric Description         Min         Max         Avg
Device "Tesla V100-PCIE-16GB (0)"
    Kernel: find_hash(int, int)
          1                             inst_per_warp                        Instructions per warp  9.0336e+07  9.0336e+07  9.0336e+07
          1                           global_hit_rate            Global Hit Rate in unified l1/tex       0.00%       0.00%       0.00%
          1                            local_hit_rate                               Local Hit Rate      98.84%      98.84%      98.84%
          1                        tex_cache_hit_rate                       Unified Cache Hit Rate      28.90%      28.90%      28.90%
          1                      l2_tex_read_hit_rate                  L2 Hit Rate (Texture Reads)      99.67%      99.67%      99.67%
          1                     l2_tex_write_hit_rate                 L2 Hit Rate (Texture Writes)      99.93%      99.93%      99.93%
          1                            gld_efficiency                Global Memory Load Efficiency      12.83%      12.83%      12.83%
          1                            gst_efficiency               Global Memory Store Efficiency       3.79%       3.79%       3.79%
          1                          stall_inst_fetch     Issue Stall Reasons (Instructions Fetch)      15.83%      15.83%      15.83%
          1                     stall_exec_dependency   Issue Stall Reasons (Execution Dependency)      65.84%      65.84%      65.84%
          1                   stall_memory_dependency           Issue Stall Reasons (Data Request)      18.09%      18.09%      18.09%
          1                                       ipc                                 Executed IPC    0.248148    0.248148    0.248148
          1                             sm_efficiency                      Multiprocessor Activity     100.00%     100.00%     100.00%
