==441979== NVPROF is profiling process 441979, command: ./0123HomeWork 80 8
==441979== Some kernel(s) will be replayed on device 0 in order to collect all events/metrics.
==441979== Profiling application: ./0123HomeWork 80 8
==441979== Profiling result:
==441979== Metric result:
Invocations                               Metric Name                           Metric Description         Min         Max         Avg
Device "Tesla V100-PCIE-16GB (0)"
    Kernel: find_hash(int, int)
          1                             inst_per_warp                        Instructions per warp  1.5679e+08  1.5679e+08  1.5679e+08
          1                           global_hit_rate            Global Hit Rate in unified l1/tex       0.00%       0.00%       0.00%
          1                            local_hit_rate                               Local Hit Rate      98.84%      98.84%      98.84%
          1                        tex_cache_hit_rate                       Unified Cache Hit Rate      28.64%      28.64%      28.64%
          1                      l2_tex_read_hit_rate                  L2 Hit Rate (Texture Reads)     100.29%     100.29%     100.29%
          1                     l2_tex_write_hit_rate                 L2 Hit Rate (Texture Writes)     100.15%     100.15%     100.15%
          1                            gld_efficiency                Global Memory Load Efficiency      12.80%      12.80%      12.80%
          1                            gst_efficiency               Global Memory Store Efficiency       3.79%       3.79%       3.79%
          1                          stall_inst_fetch     Issue Stall Reasons (Instructions Fetch)      15.75%      15.75%      15.75%
          1                     stall_exec_dependency   Issue Stall Reasons (Execution Dependency)      65.96%      65.96%      65.96%
          1                   stall_memory_dependency           Issue Stall Reasons (Data Request)      18.05%      18.05%      18.05%
          1                                       ipc                                 Executed IPC    0.248224    0.248224    0.248224
          1                             sm_efficiency                      Multiprocessor Activity     100.00%     100.00%     100.00%
