==102842== NVPROF is profiling process 102842, command: ./0123HomeWork 1 128
==102842== Some kernel(s) will be replayed on device 0 in order to collect all events/metrics.
==102842== Profiling application: ./0123HomeWork 1 128
==102842== Profiling result:
==102842== Metric result:
Invocations                               Metric Name                           Metric Description         Min         Max         Avg
Device "Tesla V100-PCIE-16GB (0)"
    Kernel: find_hash(int, int)
          1                             inst_per_warp                        Instructions per warp  9.1450e+08  9.1450e+08  9.1450e+08
          1                           global_hit_rate            Global Hit Rate in unified l1/tex       0.00%       0.00%       0.00%
          1                            local_hit_rate                               Local Hit Rate      98.84%      98.84%      98.84%
          1                        tex_cache_hit_rate                       Unified Cache Hit Rate      28.75%      28.75%      28.75%
          1                      l2_tex_read_hit_rate                  L2 Hit Rate (Texture Reads)     100.00%     100.00%     100.00%
          1                     l2_tex_write_hit_rate                 L2 Hit Rate (Texture Writes)     100.00%     100.00%     100.00%
          1                            gld_efficiency                Global Memory Load Efficiency      12.50%      12.50%      12.50%
          1                            gst_efficiency               Global Memory Store Efficiency       3.79%       3.79%       3.79%
          1                          stall_inst_fetch     Issue Stall Reasons (Instructions Fetch)       9.56%       9.56%       9.56%
          1                     stall_exec_dependency   Issue Stall Reasons (Execution Dependency)      43.42%      43.42%      43.42%
          1                   stall_memory_dependency           Issue Stall Reasons (Data Request)      12.90%      12.90%      12.90%
          1                                       ipc                                 Executed IPC    0.713459    0.713459    0.713459
==102842== Warning: One or more events or metrics overflowed. Rerun with "--print-gpu-trace" for detail.
