==105597== NVPROF is profiling process 105597, command: ./0123HomeWork 1 32
==105597== Some kernel(s) will be replayed on device 0 in order to collect all events/metrics.
==105597== Profiling application: ./0123HomeWork 1 32
==105597== Profiling result:
==105597== Metric result:
Invocations                               Metric Name                           Metric Description         Min         Max         Avg
Device "Tesla V100-PCIE-16GB (0)"
    Kernel: find_hash(int, int)
          1                             inst_per_warp                        Instructions per warp  5.9869e+09  5.9869e+09  5.9869e+09
          1                           global_hit_rate            Global Hit Rate in unified l1/tex       0.00%       0.00%       0.00%
          1                            local_hit_rate                               Local Hit Rate      98.84%      98.84%      98.84%
          1                      l2_tex_read_hit_rate                  L2 Hit Rate (Texture Reads)     100.00%     100.00%     100.00%
          1                     l2_tex_write_hit_rate                 L2 Hit Rate (Texture Writes)     100.00%     100.00%     100.00%
          1                            gld_efficiency                Global Memory Load Efficiency      12.50%      12.50%      12.50%
          1                            gst_efficiency               Global Memory Store Efficiency       3.79%       3.79%       3.79%
          1                          stall_inst_fetch     Issue Stall Reasons (Instructions Fetch)      15.14%      15.14%      15.14%
          1                     stall_exec_dependency   Issue Stall Reasons (Execution Dependency)      64.51%      64.51%      64.51%
          1                   stall_memory_dependency           Issue Stall Reasons (Data Request)      17.64%      17.64%      17.64%
          1                                       ipc                                 Executed IPC    0.243336    0.243336    0.243336
==105597== Warning: One or more events or metrics overflowed. Rerun with "--print-gpu-trace" for detail.
