==32050== NVPROF is profiling process 32050, command: ./0123HomeWork 16 16
==32050== Some kernel(s) will be replayed on device 0 in order to collect all events/metrics.
==32050== Profiling application: ./0123HomeWork 16 16
==32050== Profiling result:
==32050== Metric result:
Invocations                               Metric Name                           Metric Description         Min         Max         Avg
Device "Tesla V100-PCIE-16GB (0)"
    Kernel: find_hash(int, int)
          1                             inst_per_warp                        Instructions per warp  8.3798e+08  8.3798e+08  8.3798e+08
          1                           global_hit_rate            Global Hit Rate in unified l1/tex       0.00%       0.00%       0.00%
          1                            local_hit_rate                               Local Hit Rate      98.85%      98.85%      98.85%
          1                        tex_cache_hit_rate                       Unified Cache Hit Rate      28.72%      28.72%      28.72%
          1                      l2_tex_read_hit_rate                  L2 Hit Rate (Texture Reads)      99.60%      99.60%      99.60%
          1                     l2_tex_write_hit_rate                 L2 Hit Rate (Texture Writes)      99.33%      99.33%      99.33%
          1                            gld_efficiency                Global Memory Load Efficiency      12.82%      12.82%      12.82%
          1                            gst_efficiency               Global Memory Store Efficiency       3.79%       3.79%       3.79%
          1                          stall_inst_fetch     Issue Stall Reasons (Instructions Fetch)      18.06%      18.06%      18.06%
          1                     stall_exec_dependency   Issue Stall Reasons (Execution Dependency)      63.96%      63.96%      63.96%
          1                   stall_memory_dependency           Issue Stall Reasons (Data Request)      17.75%      17.75%      17.75%
          1                                       ipc                                 Executed IPC    0.242907    0.242907    0.242907
          1                             sm_efficiency                      Multiprocessor Activity      20.00%      20.00%      20.00%
