==31826== NVPROF is profiling process 31826, command: ./0123HomeWork 16 32
==31826== Some kernel(s) will be replayed on device 0 in order to collect all events/metrics.
==31826== Profiling application: ./0123HomeWork 16 32
==31826== Profiling result:
==31826== Metric result:
Invocations                               Metric Name                           Metric Description         Min         Max         Avg
Device "Tesla V100-PCIE-16GB (0)"
    Kernel: find_hash(int, int)
          1                             inst_per_warp                        Instructions per warp  2.7169e+08  2.7169e+08  2.7169e+08
          1                           global_hit_rate            Global Hit Rate in unified l1/tex       0.00%       0.00%       0.00%
          1                            local_hit_rate                               Local Hit Rate      98.84%      98.84%      98.84%
          1                        tex_cache_hit_rate                       Unified Cache Hit Rate      29.09%      29.09%      29.09%
          1                      l2_tex_read_hit_rate                  L2 Hit Rate (Texture Reads)     100.10%     100.10%     100.10%
          1                     l2_tex_write_hit_rate                 L2 Hit Rate (Texture Writes)     100.25%     100.25%     100.25%
          1                            gld_efficiency                Global Memory Load Efficiency      12.76%      12.76%      12.76%
          1                            gst_efficiency               Global Memory Store Efficiency       3.79%       3.79%       3.79%
          1                          stall_inst_fetch     Issue Stall Reasons (Instructions Fetch)      17.53%      17.53%      17.53%
          1                     stall_exec_dependency   Issue Stall Reasons (Execution Dependency)      62.49%      62.49%      62.49%
          1                   stall_memory_dependency           Issue Stall Reasons (Data Request)      17.34%      17.34%      17.34%
          1                                       ipc                                 Executed IPC    0.238489    0.238489    0.238489
          1                             sm_efficiency                      Multiprocessor Activity      20.00%      20.00%      20.00%
