==31712== NVPROF is profiling process 31712, command: ./0123HomeWork 16 32
==31712== Some kernel(s) will be replayed on device 0 in order to collect all events/metrics.
==31712== Profiling application: ./0123HomeWork 16 32
==31712== Profiling result:
==31712== Metric result:
Invocations                               Metric Name                           Metric Description         Min         Max         Avg
Device "Tesla V100-PCIE-16GB (0)"
    Kernel: find_hash(int, int)
          1                             inst_per_warp                        Instructions per warp  1.7415e+08  1.7415e+08  1.7415e+08
          1                           global_hit_rate            Global Hit Rate in unified l1/tex       0.00%       0.00%       0.00%
          1                            local_hit_rate                               Local Hit Rate      98.85%      98.85%      98.85%
          1                        tex_cache_hit_rate                       Unified Cache Hit Rate      28.56%      28.56%      28.56%
          1                      l2_tex_read_hit_rate                  L2 Hit Rate (Texture Reads)      99.77%      99.77%      99.77%
          1                     l2_tex_write_hit_rate                 L2 Hit Rate (Texture Writes)      99.37%      99.37%      99.37%
          1                            gld_efficiency                Global Memory Load Efficiency      12.16%      12.16%      12.16%
          1                            gst_efficiency               Global Memory Store Efficiency       3.79%       3.79%       3.79%
          1                          stall_inst_fetch     Issue Stall Reasons (Instructions Fetch)      17.51%      17.51%      17.51%
          1                     stall_exec_dependency   Issue Stall Reasons (Execution Dependency)      62.54%      62.54%      62.54%
          1                   stall_memory_dependency           Issue Stall Reasons (Data Request)      17.29%      17.29%      17.29%
          1                                       ipc                                 Executed IPC    0.238226    0.238226    0.238226
          1                             sm_efficiency                      Multiprocessor Activity      20.00%      20.00%      20.00%
