==33393== NVPROF is profiling process 33393, command: ./0123HomeWork 16 4
==33393== Some kernel(s) will be replayed on device 0 in order to collect all events/metrics.
==33393== Profiling application: ./0123HomeWork 16 4
==33393== Profiling result:
==33393== Metric result:
Invocations                               Metric Name                           Metric Description         Min         Max         Avg
Device "Tesla V100-PCIE-16GB (0)"
    Kernel: find_hash(int, int)
          1                             inst_per_warp                        Instructions per warp  4.4539e+08  4.4539e+08  4.4539e+08
          1                           global_hit_rate            Global Hit Rate in unified l1/tex       0.00%       0.00%       0.00%
          1                            local_hit_rate                               Local Hit Rate      98.84%      98.84%      98.84%
          1                        tex_cache_hit_rate                       Unified Cache Hit Rate      28.69%      28.69%      28.69%
          1                      l2_tex_read_hit_rate                  L2 Hit Rate (Texture Reads)      99.99%      99.99%      99.99%
          1                     l2_tex_write_hit_rate                 L2 Hit Rate (Texture Writes)      99.82%      99.82%      99.82%
          1                            gld_efficiency                Global Memory Load Efficiency      12.67%      12.67%      12.67%
          1                            gst_efficiency               Global Memory Store Efficiency       3.79%       3.79%       3.79%
          1                          stall_inst_fetch     Issue Stall Reasons (Instructions Fetch)      17.97%      17.97%      17.97%
          1                     stall_exec_dependency   Issue Stall Reasons (Execution Dependency)      64.12%      64.12%      64.12%
          1                   stall_memory_dependency           Issue Stall Reasons (Data Request)      17.68%      17.68%      17.68%
          1                                       ipc                                 Executed IPC    0.243171    0.243171    0.243171
          1                             sm_efficiency                      Multiprocessor Activity      20.00%      20.00%      20.00%
