==31303== NVPROF is profiling process 31303, command: ./0123HomeWork 16 64
==31303== Some kernel(s) will be replayed on device 0 in order to collect all events/metrics.
==31303== Profiling application: ./0123HomeWork 16 64
==31303== Profiling result:
==31303== Metric result:
Invocations                               Metric Name                           Metric Description         Min         Max         Avg
Device "Tesla V100-PCIE-16GB (0)"
    Kernel: find_hash(int, int)
          1                             inst_per_warp                        Instructions per warp  5.2209e+07  5.2209e+07  5.2209e+07
          1                           global_hit_rate            Global Hit Rate in unified l1/tex       0.01%       0.01%       0.01%
          1                            local_hit_rate                               Local Hit Rate      98.84%      98.84%      98.84%
          1                        tex_cache_hit_rate                       Unified Cache Hit Rate      29.04%      29.04%      29.04%
          1                      l2_tex_read_hit_rate                  L2 Hit Rate (Texture Reads)      99.39%      99.39%      99.39%
          1                     l2_tex_write_hit_rate                 L2 Hit Rate (Texture Writes)      99.96%      99.96%      99.96%
          1                            gld_efficiency                Global Memory Load Efficiency      12.66%      12.66%      12.66%
          1                            gst_efficiency               Global Memory Store Efficiency       3.79%       3.79%       3.79%
          1                          stall_inst_fetch     Issue Stall Reasons (Instructions Fetch)      15.19%      15.19%      15.19%
          1                     stall_exec_dependency   Issue Stall Reasons (Execution Dependency)      54.67%      54.67%      54.67%
          1                   stall_memory_dependency           Issue Stall Reasons (Data Request)      15.53%      15.53%      15.53%
          1                                       ipc                                 Executed IPC    0.430500    0.430500    0.430500
          1                             sm_efficiency                      Multiprocessor Activity      20.00%      20.00%      20.00%
