==32772== NVPROF is profiling process 32772, command: ./0123HomeWork 16 8
==32772== Some kernel(s) will be replayed on device 0 in order to collect all events/metrics.
==32772== Profiling application: ./0123HomeWork 16 8
==32772== Profiling result:
==32772== Metric result:
Invocations                               Metric Name                           Metric Description         Min         Max         Avg
Device "Tesla V100-PCIE-16GB (0)"
    Kernel: find_hash(int, int)
          1                             inst_per_warp                        Instructions per warp  1.2864e+09  1.2864e+09  1.2864e+09
          1                           global_hit_rate            Global Hit Rate in unified l1/tex       0.00%       0.00%       0.00%
          1                            local_hit_rate                               Local Hit Rate      98.84%      98.84%      98.84%
          1                        tex_cache_hit_rate                       Unified Cache Hit Rate      28.54%      28.54%      28.54%
          1                      l2_tex_read_hit_rate                  L2 Hit Rate (Texture Reads)     100.32%     100.32%     100.32%
          1                     l2_tex_write_hit_rate                 L2 Hit Rate (Texture Writes)     100.01%     100.01%     100.01%
          1                            gld_efficiency                Global Memory Load Efficiency      12.66%      12.66%      12.66%
          1                            gst_efficiency               Global Memory Store Efficiency       3.79%       3.79%       3.79%
          1                          stall_inst_fetch     Issue Stall Reasons (Instructions Fetch)      17.91%      17.91%      17.91%
          1                     stall_exec_dependency   Issue Stall Reasons (Execution Dependency)      64.17%      64.17%      64.17%
          1                   stall_memory_dependency           Issue Stall Reasons (Data Request)      17.69%      17.69%      17.69%
          1                                       ipc                                 Executed IPC    0.243163    0.243163    0.243163
==32772== Warning: One or more events or metrics overflowed. Rerun with "--print-gpu-trace" for detail.
