==68754== NVPROF is profiling process 68754, command: ./0123HomeWork 2 128
==68754== Some kernel(s) will be replayed on device 0 in order to collect all events/metrics.
==68754== Profiling application: ./0123HomeWork 2 128
==68754== Profiling result:
==68754== Metric result:
Invocations                               Metric Name                           Metric Description         Min         Max         Avg
Device "Tesla V100-PCIE-16GB (0)"
    Kernel: find_hash(int, int)
          1                             inst_per_warp                        Instructions per warp  1.8421e+07  1.8421e+07  1.8421e+07
          1                           global_hit_rate            Global Hit Rate in unified l1/tex       0.06%       0.06%       0.06%
          1                            local_hit_rate                               Local Hit Rate      98.84%      98.84%      98.84%
          1                        tex_cache_hit_rate                       Unified Cache Hit Rate      28.74%      28.74%      28.74%
          1                      l2_tex_read_hit_rate                  L2 Hit Rate (Texture Reads)     100.00%     100.00%     100.00%
          1                     l2_tex_write_hit_rate                 L2 Hit Rate (Texture Writes)      99.99%      99.99%      99.99%
          1                            gld_efficiency                Global Memory Load Efficiency      12.29%      12.29%      12.29%
          1                            gst_efficiency               Global Memory Store Efficiency       3.79%       3.79%       3.79%
          1                          stall_inst_fetch     Issue Stall Reasons (Instructions Fetch)      11.37%      11.37%      11.37%
          1                     stall_exec_dependency   Issue Stall Reasons (Execution Dependency)      42.49%      42.49%      42.49%
          1                   stall_memory_dependency           Issue Stall Reasons (Data Request)      12.79%      12.79%      12.79%
          1                                       ipc                                 Executed IPC    0.701243    0.701243    0.701243
          1                             sm_efficiency                      Multiprocessor Activity       2.50%       2.50%       2.50%
