==70059== NVPROF is profiling process 70059, command: ./0123HomeWork 2 32
==70059== Some kernel(s) will be replayed on device 0 in order to collect all events/metrics.
==70059== Profiling application: ./0123HomeWork 2 32
==70059== Profiling result:
==70059== Metric result:
Invocations                               Metric Name                           Metric Description         Min         Max         Avg
Device "Tesla V100-PCIE-16GB (0)"
    Kernel: find_hash(int, int)
          1                             inst_per_warp                        Instructions per warp  1.6722e+09  1.6722e+09  1.6722e+09
          1                           global_hit_rate            Global Hit Rate in unified l1/tex       0.00%       0.00%       0.00%
          1                            local_hit_rate                               Local Hit Rate      98.84%      98.84%      98.84%
          1                        tex_cache_hit_rate                       Unified Cache Hit Rate      28.82%      28.82%      28.82%
          1                      l2_tex_read_hit_rate                  L2 Hit Rate (Texture Reads)     100.05%     100.05%     100.05%
          1                     l2_tex_write_hit_rate                 L2 Hit Rate (Texture Writes)     100.22%     100.22%     100.22%
          1                            gld_efficiency                Global Memory Load Efficiency      12.79%      12.79%      12.79%
          1                            gst_efficiency               Global Memory Store Efficiency       3.79%       3.79%       3.79%
          1                          stall_inst_fetch     Issue Stall Reasons (Instructions Fetch)      17.62%      17.62%      17.62%
          1                     stall_exec_dependency   Issue Stall Reasons (Execution Dependency)      62.20%      62.20%      62.20%
          1                   stall_memory_dependency           Issue Stall Reasons (Data Request)      17.55%      17.55%      17.55%
          1                                       ipc                                 Executed IPC    0.238012    0.238012    0.238012
==70059== Warning: One or more events or metrics overflowed. Rerun with "--print-gpu-trace" for detail.
