==28493== NVPROF is profiling process 28493, command: ./0123HomeWork 32 1
==28493== Some kernel(s) will be replayed on device 0 in order to collect all events/metrics.
==28493== Profiling application: ./0123HomeWork 32 1
==28493== Profiling result:
==28493== Metric result:
Invocations                               Metric Name                           Metric Description         Min         Max         Avg
Device "Tesla V100-PCIE-16GB (0)"
    Kernel: find_hash(int, int)
          1                             inst_per_warp                        Instructions per warp  5.5406e+09  5.5406e+09  5.5406e+09
          1                           global_hit_rate            Global Hit Rate in unified l1/tex       0.00%       0.00%       0.00%
          1                            local_hit_rate                               Local Hit Rate      98.84%      98.84%      98.84%
          1                        tex_cache_hit_rate                       Unified Cache Hit Rate      28.77%      28.77%      28.77%
          1                      l2_tex_read_hit_rate                  L2 Hit Rate (Texture Reads)     100.18%     100.18%     100.18%
          1                     l2_tex_write_hit_rate                 L2 Hit Rate (Texture Writes)     100.27%     100.27%     100.27%
          1                            gld_efficiency                Global Memory Load Efficiency      12.44%      12.44%      12.44%
          1                            gst_efficiency               Global Memory Store Efficiency       3.79%       3.79%       3.79%
          1                          stall_inst_fetch     Issue Stall Reasons (Instructions Fetch)      16.52%      16.52%      16.52%
          1                     stall_exec_dependency   Issue Stall Reasons (Execution Dependency)      65.37%      65.37%      65.37%
          1                   stall_memory_dependency           Issue Stall Reasons (Data Request)      17.88%      17.88%      17.88%
          1                                       ipc                                 Executed IPC    0.246632    0.246632    0.246632
==28493== Warning: One or more events or metrics overflowed. Rerun with "--print-gpu-trace" for detail.
