==27698== NVPROF is profiling process 27698, command: ./0123HomeWork 32 2
==27698== Some kernel(s) will be replayed on device 0 in order to collect all events/metrics.
==27698== Profiling application: ./0123HomeWork 32 2
==27698== Profiling result:
==27698== Metric result:
Invocations                               Metric Name                           Metric Description         Min         Max         Avg
Device "Tesla V100-PCIE-16GB (0)"
    Kernel: find_hash(int, int)
          1                             inst_per_warp                        Instructions per warp  5.0883e+07  5.0883e+07  5.0883e+07
          1                           global_hit_rate            Global Hit Rate in unified l1/tex       0.01%       0.01%       0.01%
          1                            local_hit_rate                               Local Hit Rate      98.84%      98.84%      98.84%
          1                        tex_cache_hit_rate                       Unified Cache Hit Rate      28.68%      28.68%      28.68%
          1                      l2_tex_read_hit_rate                  L2 Hit Rate (Texture Reads)     100.05%     100.05%     100.05%
          1                     l2_tex_write_hit_rate                 L2 Hit Rate (Texture Writes)      99.94%      99.94%      99.94%
          1                            gld_efficiency                Global Memory Load Efficiency      12.01%      12.01%      12.01%
          1                            gst_efficiency               Global Memory Store Efficiency       3.79%       3.79%       3.79%
          1                          stall_inst_fetch     Issue Stall Reasons (Instructions Fetch)      16.54%      16.54%      16.54%
          1                     stall_exec_dependency   Issue Stall Reasons (Execution Dependency)      65.35%      65.35%      65.35%
          1                   stall_memory_dependency           Issue Stall Reasons (Data Request)      17.87%      17.87%      17.87%
          1                                       ipc                                 Executed IPC    0.246752    0.246752    0.246752
          1                             sm_efficiency                      Multiprocessor Activity      40.00%      40.00%      40.00%
