==24502== NVPROF is profiling process 24502, command: ./0123HomeWork 32 64
==24502== Some kernel(s) will be replayed on device 0 in order to collect all events/metrics.
==24502== Profiling application: ./0123HomeWork 32 64
==24502== Profiling result:
==24502== Metric result:
Invocations                               Metric Name                           Metric Description         Min         Max         Avg
Device "Tesla V100-PCIE-16GB (0)"
    Kernel: find_hash(int, int)
          1                             inst_per_warp                        Instructions per warp  6.8580e+07  6.8580e+07  6.8580e+07
          1                           global_hit_rate            Global Hit Rate in unified l1/tex       0.00%       0.00%       0.00%
          1                            local_hit_rate                               Local Hit Rate      98.84%      98.84%      98.84%
          1                        tex_cache_hit_rate                       Unified Cache Hit Rate      28.71%      28.71%      28.71%
          1                      l2_tex_read_hit_rate                  L2 Hit Rate (Texture Reads)     100.02%     100.02%     100.02%
          1                     l2_tex_write_hit_rate                 L2 Hit Rate (Texture Writes)     100.01%     100.01%     100.01%
          1                            gld_efficiency                Global Memory Load Efficiency      12.67%      12.67%      12.67%
          1                            gst_efficiency               Global Memory Store Efficiency       3.79%       3.79%       3.79%
          1                          stall_inst_fetch     Issue Stall Reasons (Instructions Fetch)      13.79%      13.79%      13.79%
          1                     stall_exec_dependency   Issue Stall Reasons (Execution Dependency)      55.52%      55.52%      55.52%
          1                   stall_memory_dependency           Issue Stall Reasons (Data Request)      15.82%      15.82%      15.82%
          1                                       ipc                                 Executed IPC    0.435406    0.435406    0.435406
          1                             sm_efficiency                      Multiprocessor Activity      40.00%      40.00%      40.00%
