==24684== NVPROF is profiling process 24684, command: ./0123HomeWork 32 64
==24684== Some kernel(s) will be replayed on device 0 in order to collect all events/metrics.
==24684== Profiling application: ./0123HomeWork 32 64
==24684== Profiling result:
==24684== Metric result:
Invocations                               Metric Name                           Metric Description         Min         Max         Avg
Device "Tesla V100-PCIE-16GB (0)"
    Kernel: find_hash(int, int)
          1                             inst_per_warp                        Instructions per warp  3.0736e+07  3.0736e+07  3.0736e+07
          1                           global_hit_rate            Global Hit Rate in unified l1/tex       0.00%       0.00%       0.00%
          1                            local_hit_rate                               Local Hit Rate      98.85%      98.85%      98.85%
          1                        tex_cache_hit_rate                       Unified Cache Hit Rate      28.32%      28.32%      28.32%
          1                      l2_tex_read_hit_rate                  L2 Hit Rate (Texture Reads)     100.04%     100.04%     100.04%
          1                     l2_tex_write_hit_rate                 L2 Hit Rate (Texture Writes)      99.38%      99.38%      99.38%
          1                            gld_efficiency                Global Memory Load Efficiency      12.42%      12.42%      12.42%
          1                            gst_efficiency               Global Memory Store Efficiency       3.79%       3.79%       3.79%
          1                          stall_inst_fetch     Issue Stall Reasons (Instructions Fetch)      13.79%      13.79%      13.79%
          1                     stall_exec_dependency   Issue Stall Reasons (Execution Dependency)      55.73%      55.73%      55.73%
          1                   stall_memory_dependency           Issue Stall Reasons (Data Request)      15.66%      15.66%      15.66%
          1                                       ipc                                 Executed IPC    0.434982    0.434982    0.434982
          1                             sm_efficiency                      Multiprocessor Activity      40.00%      40.00%      40.00%
