==26498== NVPROF is profiling process 26498, command: ./0123HomeWork 32 8
==26498== Some kernel(s) will be replayed on device 0 in order to collect all events/metrics.
==26498== Profiling application: ./0123HomeWork 32 8
==26498== Profiling result:
==26498== Metric result:
Invocations                               Metric Name                           Metric Description         Min         Max         Avg
Device "Tesla V100-PCIE-16GB (0)"
    Kernel: find_hash(int, int)
          1                             inst_per_warp                        Instructions per warp  6.6775e+08  6.6775e+08  6.6775e+08
          1                           global_hit_rate            Global Hit Rate in unified l1/tex       0.00%       0.00%       0.00%
          1                            local_hit_rate                               Local Hit Rate      98.85%      98.85%      98.85%
          1                        tex_cache_hit_rate                       Unified Cache Hit Rate      28.48%      28.48%      28.48%
          1                      l2_tex_read_hit_rate                  L2 Hit Rate (Texture Reads)      99.43%      99.43%      99.43%
          1                     l2_tex_write_hit_rate                 L2 Hit Rate (Texture Writes)      99.73%      99.73%      99.73%
          1                            gld_efficiency                Global Memory Load Efficiency      12.91%      12.91%      12.91%
          1                            gst_efficiency               Global Memory Store Efficiency       3.79%       3.79%       3.79%
          1                          stall_inst_fetch     Issue Stall Reasons (Instructions Fetch)      16.57%      16.57%      16.57%
          1                     stall_exec_dependency   Issue Stall Reasons (Execution Dependency)      65.35%      65.35%      65.35%
          1                   stall_memory_dependency           Issue Stall Reasons (Data Request)      17.85%      17.85%      17.85%
          1                                       ipc                                 Executed IPC    0.246760    0.246760    0.246760
          1                             sm_efficiency                      Multiprocessor Activity      40.00%      40.00%      40.00%
