==65011== NVPROF is profiling process 65011, command: ./0123HomeWork 4 1
==65011== Some kernel(s) will be replayed on device 0 in order to collect all events/metrics.
==65011== Profiling application: ./0123HomeWork 4 1
==65011== Profiling result:
==65011== Metric result:
Invocations                               Metric Name                           Metric Description         Min         Max         Avg
Device "Tesla V100-PCIE-16GB (0)"
    Kernel: find_hash(int, int)
          1                             inst_per_warp                        Instructions per warp  1.5154e+10  1.5154e+10  1.5154e+10
          1                           global_hit_rate            Global Hit Rate in unified l1/tex       0.00%       0.00%       0.00%
          1                            local_hit_rate                               Local Hit Rate      98.85%      98.85%      98.85%
          1                        tex_cache_hit_rate                       Unified Cache Hit Rate      28.70%      28.70%      28.70%
          1                      l2_tex_read_hit_rate                  L2 Hit Rate (Texture Reads)     100.39%     100.39%     100.39%
          1                     l2_tex_write_hit_rate                 L2 Hit Rate (Texture Writes)      99.54%      99.54%      99.54%
          1                            gld_efficiency                Global Memory Load Efficiency      12.18%      12.18%      12.18%
          1                            gst_efficiency               Global Memory Store Efficiency       3.79%       3.79%       3.79%
          1                          stall_inst_fetch     Issue Stall Reasons (Instructions Fetch)      18.15%      18.15%      18.15%
          1                     stall_exec_dependency   Issue Stall Reasons (Execution Dependency)      64.09%      64.09%      64.09%
          1                   stall_memory_dependency           Issue Stall Reasons (Data Request)      17.54%      17.54%      17.54%
          1                                       ipc                                 Executed IPC    0.242156    0.242156    0.242156
==65011== Warning: One or more events or metrics overflowed. Rerun with "--print-gpu-trace" for detail.
