==49474== NVPROF is profiling process 49474, command: ./0123HomeWork 4 128
==49474== Some kernel(s) will be replayed on device 0 in order to collect all events/metrics.
==49474== Profiling application: ./0123HomeWork 4 128
==49474== Profiling result:
==49474== Metric result:
Invocations                               Metric Name                           Metric Description         Min         Max         Avg
Device "Tesla V100-PCIE-16GB (0)"
    Kernel: find_hash(int, int)
          1                             inst_per_warp                        Instructions per warp  2.4537e+08  2.4537e+08  2.4537e+08
          1                           global_hit_rate            Global Hit Rate in unified l1/tex       0.00%       0.00%       0.00%
          1                            local_hit_rate                               Local Hit Rate      98.85%      98.85%      98.85%
          1                        tex_cache_hit_rate                       Unified Cache Hit Rate      28.74%      28.74%      28.74%
          1                      l2_tex_read_hit_rate                  L2 Hit Rate (Texture Reads)      99.99%      99.99%      99.99%
          1                     l2_tex_write_hit_rate                 L2 Hit Rate (Texture Writes)      99.98%      99.98%      99.98%
          1                            gld_efficiency                Global Memory Load Efficiency      12.26%      12.26%      12.26%
          1                            gst_efficiency               Global Memory Store Efficiency       3.79%       3.79%       3.79%
          1                          stall_inst_fetch     Issue Stall Reasons (Instructions Fetch)      11.25%      11.25%      11.25%
          1                     stall_exec_dependency   Issue Stall Reasons (Execution Dependency)      42.64%      42.64%      42.64%
          1                   stall_memory_dependency           Issue Stall Reasons (Data Request)      12.75%      12.75%      12.75%
          1                                       ipc                                 Executed IPC    0.703266    0.703266    0.703266
          1                             sm_efficiency                      Multiprocessor Activity       5.00%       5.00%       5.00%
