==49690== NVPROF is profiling process 49690, command: ./0123HomeWork 4 128
==49690== Some kernel(s) will be replayed on device 0 in order to collect all events/metrics.
==49690== Profiling application: ./0123HomeWork 4 128
==49690== Profiling result:
==49690== Metric result:
Invocations                               Metric Name                           Metric Description         Min         Max         Avg
Device "Tesla V100-PCIE-16GB (0)"
    Kernel: find_hash(int, int)
          1                             inst_per_warp                        Instructions per warp  6.3707e+06  6.3707e+06  6.3707e+06
          1                           global_hit_rate            Global Hit Rate in unified l1/tex       0.09%       0.09%       0.09%
          1                            local_hit_rate                               Local Hit Rate      98.84%      98.84%      98.84%
          1                        tex_cache_hit_rate                       Unified Cache Hit Rate      28.72%      28.72%      28.72%
          1                      l2_tex_read_hit_rate                  L2 Hit Rate (Texture Reads)     100.01%     100.01%     100.01%
          1                     l2_tex_write_hit_rate                 L2 Hit Rate (Texture Writes)      99.95%      99.95%      99.95%
          1                            gld_efficiency                Global Memory Load Efficiency      12.25%      12.25%      12.25%
          1                            gst_efficiency               Global Memory Store Efficiency       3.79%       3.79%       3.79%
          1                          stall_inst_fetch     Issue Stall Reasons (Instructions Fetch)      11.26%      11.26%      11.26%
          1                     stall_exec_dependency   Issue Stall Reasons (Execution Dependency)      42.60%      42.60%      42.60%
          1                   stall_memory_dependency           Issue Stall Reasons (Data Request)      12.79%      12.79%      12.79%
          1                                       ipc                                 Executed IPC    0.703187    0.703187    0.703187
          1                             sm_efficiency                      Multiprocessor Activity       5.00%       5.00%       5.00%
