==48853== NVPROF is profiling process 48853, command: ./0123HomeWork 4 256
==48853== Some kernel(s) will be replayed on device 0 in order to collect all events/metrics.
==48853== Profiling application: ./0123HomeWork 4 256
==48853== Profiling result:
==48853== Metric result:
Invocations                               Metric Name                           Metric Description         Min         Max         Avg
Device "Tesla V100-PCIE-16GB (0)"
    Kernel: find_hash(int, int)
          1                             inst_per_warp                        Instructions per warp  3.4694e+08  3.4694e+08  3.4694e+08
          1                           global_hit_rate            Global Hit Rate in unified l1/tex       0.00%       0.00%       0.00%
          1                            local_hit_rate                               Local Hit Rate      95.55%      95.55%      95.55%
          1                        tex_cache_hit_rate                       Unified Cache Hit Rate      25.13%      25.13%      25.13%
          1                      l2_tex_read_hit_rate                  L2 Hit Rate (Texture Reads)      99.62%      99.62%      99.62%
          1                     l2_tex_write_hit_rate                 L2 Hit Rate (Texture Writes)      99.68%      99.68%      99.68%
          1                            gld_efficiency                Global Memory Load Efficiency      12.89%      12.89%      12.89%
          1                            gst_efficiency               Global Memory Store Efficiency       3.79%       3.79%       3.79%
          1                          stall_inst_fetch     Issue Stall Reasons (Instructions Fetch)       5.29%       5.29%       5.29%
          1                     stall_exec_dependency   Issue Stall Reasons (Execution Dependency)      33.61%      33.61%      33.61%
          1                   stall_memory_dependency           Issue Stall Reasons (Data Request)      20.14%      20.14%      20.14%
          1                                       ipc                                 Executed IPC    1.154373    1.154373    1.154373
          1                             sm_efficiency                      Multiprocessor Activity       5.00%       5.00%       5.00%
