==49160== NVPROF is profiling process 49160, command: ./0123HomeWork 4 256
==49160== Some kernel(s) will be replayed on device 0 in order to collect all events/metrics.
==49160== Profiling application: ./0123HomeWork 4 256
==49160== Profiling result:
==49160== Metric result:
Invocations                               Metric Name                           Metric Description         Min         Max         Avg
Device "Tesla V100-PCIE-16GB (0)"
    Kernel: find_hash(int, int)
          1                             inst_per_warp                        Instructions per warp  3.5950e+07  3.5950e+07  3.5950e+07
          1                           global_hit_rate            Global Hit Rate in unified l1/tex       0.01%       0.01%       0.01%
          1                            local_hit_rate                               Local Hit Rate      95.56%      95.56%      95.56%
          1                        tex_cache_hit_rate                       Unified Cache Hit Rate      27.97%      27.97%      27.97%
          1                      l2_tex_read_hit_rate                  L2 Hit Rate (Texture Reads)      99.84%      99.84%      99.84%
          1                     l2_tex_write_hit_rate                 L2 Hit Rate (Texture Writes)      99.98%      99.98%      99.98%
          1                            gld_efficiency                Global Memory Load Efficiency      12.90%      12.90%      12.90%
          1                            gst_efficiency               Global Memory Store Efficiency       3.79%       3.79%       3.79%
          1                          stall_inst_fetch     Issue Stall Reasons (Instructions Fetch)       5.40%       5.40%       5.40%
          1                     stall_exec_dependency   Issue Stall Reasons (Execution Dependency)      33.17%      33.17%      33.17%
          1                   stall_memory_dependency           Issue Stall Reasons (Data Request)      19.97%      19.97%      19.97%
          1                                       ipc                                 Executed IPC    1.148027    1.148027    1.148027
          1                             sm_efficiency                      Multiprocessor Activity       5.00%       5.00%       5.00%
