==51015== NVPROF is profiling process 51015, command: ./0123HomeWork 4 32
==51015== Some kernel(s) will be replayed on device 0 in order to collect all events/metrics.
==51015== Profiling application: ./0123HomeWork 4 32
==51015== Profiling result:
==51015== Metric result:
Invocations                               Metric Name                           Metric Description         Min         Max         Avg
Device "Tesla V100-PCIE-16GB (0)"
    Kernel: find_hash(int, int)
          1                             inst_per_warp                        Instructions per warp  1.9724e+08  1.9724e+08  1.9724e+08
          1                           global_hit_rate            Global Hit Rate in unified l1/tex       0.01%       0.01%       0.01%
          1                            local_hit_rate                               Local Hit Rate      98.84%      98.84%      98.84%
          1                        tex_cache_hit_rate                       Unified Cache Hit Rate      28.49%      28.49%      28.49%
          1                      l2_tex_read_hit_rate                  L2 Hit Rate (Texture Reads)      99.54%      99.54%      99.54%
          1                     l2_tex_write_hit_rate                 L2 Hit Rate (Texture Writes)     100.00%     100.00%     100.00%
          1                            gld_efficiency                Global Memory Load Efficiency      12.24%      12.24%      12.24%
          1                            gst_efficiency               Global Memory Store Efficiency       3.79%       3.79%       3.79%
          1                          stall_inst_fetch     Issue Stall Reasons (Instructions Fetch)      17.61%      17.61%      17.61%
          1                     stall_exec_dependency   Issue Stall Reasons (Execution Dependency)      62.07%      62.07%      62.07%
          1                   stall_memory_dependency           Issue Stall Reasons (Data Request)      17.69%      17.69%      17.69%
          1                                       ipc                                 Executed IPC    0.238219    0.238219    0.238219
          1                             sm_efficiency                      Multiprocessor Activity       5.00%       5.00%       5.00%
