==50260== NVPROF is profiling process 50260, command: ./0123HomeWork 4 64
==50260== Some kernel(s) will be replayed on device 0 in order to collect all events/metrics.
==50260== Profiling application: ./0123HomeWork 4 64
==50260== Profiling result:
==50260== Metric result:
Invocations                               Metric Name                           Metric Description         Min         Max         Avg
Device "Tesla V100-PCIE-16GB (0)"
    Kernel: find_hash(int, int)
          1                             inst_per_warp                        Instructions per warp  3.3998e+08  3.3998e+08  3.3998e+08
          1                           global_hit_rate            Global Hit Rate in unified l1/tex       0.00%       0.00%       0.00%
          1                            local_hit_rate                               Local Hit Rate      98.84%      98.84%      98.84%
          1                        tex_cache_hit_rate                       Unified Cache Hit Rate      28.67%      28.67%      28.67%
          1                      l2_tex_read_hit_rate                  L2 Hit Rate (Texture Reads)      99.94%      99.94%      99.94%
          1                     l2_tex_write_hit_rate                 L2 Hit Rate (Texture Writes)     100.00%     100.00%     100.00%
          1                            gld_efficiency                Global Memory Load Efficiency      12.23%      12.23%      12.23%
          1                            gst_efficiency               Global Memory Store Efficiency       3.79%       3.79%       3.79%
          1                          stall_inst_fetch     Issue Stall Reasons (Instructions Fetch)      15.24%      15.24%      15.24%
          1                     stall_exec_dependency   Issue Stall Reasons (Execution Dependency)      54.72%      54.72%      54.72%
          1                   stall_memory_dependency           Issue Stall Reasons (Data Request)      15.48%      15.48%      15.48%
          1                                       ipc                                 Executed IPC    0.429861    0.429861    0.429861
          1                             sm_efficiency                      Multiprocessor Activity       5.00%       5.00%       5.00%
