==19319== NVPROF is profiling process 19319, command: ./0123HomeWork 64 128
==19319== Some kernel(s) will be replayed on device 0 in order to collect all events/metrics.
==19319== Profiling application: ./0123HomeWork 64 128
==19319== Profiling result:
==19319== Metric result:
Invocations                               Metric Name                           Metric Description         Min         Max         Avg
Device "Tesla V100-PCIE-16GB (0)"
    Kernel: find_hash(int, int)
          1                             inst_per_warp                        Instructions per warp  2.3093e+07  2.3093e+07  2.3093e+07
          1                           global_hit_rate            Global Hit Rate in unified l1/tex       0.00%       0.00%       0.00%
          1                            local_hit_rate                               Local Hit Rate      98.64%      98.64%      98.64%
          1                        tex_cache_hit_rate                       Unified Cache Hit Rate      28.72%      28.72%      28.72%
          1                      l2_tex_read_hit_rate                  L2 Hit Rate (Texture Reads)     100.23%     100.23%     100.23%
          1                     l2_tex_write_hit_rate                 L2 Hit Rate (Texture Writes)     100.08%     100.08%     100.08%
          1                            gld_efficiency                Global Memory Load Efficiency      15.42%      15.42%      15.42%
          1                            gst_efficiency               Global Memory Store Efficiency       3.79%       3.79%       3.79%
          1                          stall_inst_fetch     Issue Stall Reasons (Instructions Fetch)       6.92%       6.92%       6.92%
          1                     stall_exec_dependency   Issue Stall Reasons (Execution Dependency)      32.02%      32.02%      32.02%
          1                   stall_memory_dependency           Issue Stall Reasons (Data Request)      11.56%      11.56%      11.56%
          1                                       ipc                                 Executed IPC    0.553369    0.553369    0.553369
          1                             sm_efficiency                      Multiprocessor Activity      79.99%      79.99%      79.99%
