==20641== NVPROF is profiling process 20641, command: ./0123HomeWork 64 16
==20641== Some kernel(s) will be replayed on device 0 in order to collect all events/metrics.
==20641== Profiling application: ./0123HomeWork 64 16
==20641== Profiling result:
==20641== Metric result:
Invocations                               Metric Name                           Metric Description         Min         Max         Avg
Device "Tesla V100-PCIE-16GB (0)"
    Kernel: find_hash(int, int)
          1                             inst_per_warp                        Instructions per warp  5.2058e+07  5.2058e+07  5.2058e+07
          1                           global_hit_rate            Global Hit Rate in unified l1/tex       0.00%       0.00%       0.00%
          1                            local_hit_rate                               Local Hit Rate      98.84%      98.84%      98.84%
          1                        tex_cache_hit_rate                       Unified Cache Hit Rate      28.90%      28.90%      28.90%
          1                      l2_tex_read_hit_rate                  L2 Hit Rate (Texture Reads)     100.00%     100.00%     100.00%
          1                     l2_tex_write_hit_rate                 L2 Hit Rate (Texture Writes)     100.34%     100.34%     100.34%
          1                            gld_efficiency                Global Memory Load Efficiency      12.38%      12.38%      12.38%
          1                            gst_efficiency               Global Memory Store Efficiency       3.79%       3.79%       3.79%
          1                          stall_inst_fetch     Issue Stall Reasons (Instructions Fetch)      15.72%      15.72%      15.72%
          1                     stall_exec_dependency   Issue Stall Reasons (Execution Dependency)      63.03%      63.03%      63.03%
          1                   stall_memory_dependency           Issue Stall Reasons (Data Request)      17.37%      17.37%      17.37%
          1                                       ipc                                 Executed IPC    0.239909    0.239909    0.239909
          1                             sm_efficiency                      Multiprocessor Activity      80.00%      80.00%      80.00%
