==19116== NVPROF is profiling process 19116, command: ./0123HomeWork 64 128
==19116== Some kernel(s) will be replayed on device 0 in order to collect all events/metrics.
==19116== Profiling application: ./0123HomeWork 64 128
==19116== Profiling result:
==19116== Metric result:
Invocations                               Metric Name                           Metric Description         Min         Max         Avg
Device "Tesla V100-PCIE-16GB (0)"
    Kernel: find_hash(int, int)
          1                             inst_per_warp                        Instructions per warp  2.9118e+06  2.9118e+06  2.9118e+06
          1                           global_hit_rate            Global Hit Rate in unified l1/tex       0.01%       0.01%       0.01%
          1                            local_hit_rate                               Local Hit Rate      98.62%      98.62%      98.62%
          1                        tex_cache_hit_rate                       Unified Cache Hit Rate      28.78%      28.78%      28.78%
          1                      l2_tex_read_hit_rate                  L2 Hit Rate (Texture Reads)      99.98%      99.98%      99.98%
          1                     l2_tex_write_hit_rate                 L2 Hit Rate (Texture Writes)      99.95%      99.95%      99.95%
          1                            gld_efficiency                Global Memory Load Efficiency      11.07%      11.07%      11.07%
          1                            gst_efficiency               Global Memory Store Efficiency       3.79%       3.79%       3.79%
          1                          stall_inst_fetch     Issue Stall Reasons (Instructions Fetch)       6.90%       6.90%       6.90%
          1                     stall_exec_dependency   Issue Stall Reasons (Execution Dependency)      32.10%      32.10%      32.10%
          1                   stall_memory_dependency           Issue Stall Reasons (Data Request)      11.45%      11.45%      11.45%
          1                                       ipc                                 Executed IPC    0.552565    0.552565    0.552565
          1                             sm_efficiency                      Multiprocessor Activity      79.94%      79.94%      79.94%
