==23197== NVPROF is profiling process 23197, command: ./0123HomeWork 64 1
==23197== Some kernel(s) will be replayed on device 0 in order to collect all events/metrics.
==23197== Profiling application: ./0123HomeWork 64 1
==23197== Profiling result:
==23197== Metric result:
Invocations                               Metric Name                           Metric Description         Min         Max         Avg
Device "Tesla V100-PCIE-16GB (0)"
    Kernel: find_hash(int, int)
          1                             inst_per_warp                        Instructions per warp  8.4166e+07  8.4166e+07  8.4166e+07
          1                           global_hit_rate            Global Hit Rate in unified l1/tex       0.00%       0.00%       0.00%
          1                            local_hit_rate                               Local Hit Rate      98.85%      98.85%      98.85%
          1                        tex_cache_hit_rate                       Unified Cache Hit Rate      28.23%      28.23%      28.23%
          1                      l2_tex_read_hit_rate                  L2 Hit Rate (Texture Reads)     100.39%     100.39%     100.39%
          1                     l2_tex_write_hit_rate                 L2 Hit Rate (Texture Writes)      99.62%      99.62%      99.62%
          1                            gld_efficiency                Global Memory Load Efficiency      12.62%      12.62%      12.62%
          1                            gst_efficiency               Global Memory Store Efficiency       3.79%       3.79%       3.79%
          1                          stall_inst_fetch     Issue Stall Reasons (Instructions Fetch)      16.27%      16.27%      16.27%
          1                     stall_exec_dependency   Issue Stall Reasons (Execution Dependency)      65.52%      65.52%      65.52%
          1                   stall_memory_dependency           Issue Stall Reasons (Data Request)      17.96%      17.96%      17.96%
          1                                       ipc                                 Executed IPC    0.246882    0.246882    0.246882
          1                             sm_efficiency                      Multiprocessor Activity      80.00%      80.00%      80.00%
