==18811== NVPROF is profiling process 18811, command: ./0123HomeWork 64 256
==18811== Some kernel(s) will be replayed on device 0 in order to collect all events/metrics.
==18811== Profiling application: ./0123HomeWork 64 256
==18811== Profiling result:
==18811== Metric result:
Invocations                               Metric Name                           Metric Description         Min         Max         Avg
Device "Tesla V100-PCIE-16GB (0)"
    Kernel: find_hash(int, int)
          1                             inst_per_warp                        Instructions per warp  1.9895e+07  1.9895e+07  1.9895e+07
          1                           global_hit_rate            Global Hit Rate in unified l1/tex       0.00%       0.00%       0.00%
          1                            local_hit_rate                               Local Hit Rate      94.88%      94.88%      94.88%
          1                        tex_cache_hit_rate                       Unified Cache Hit Rate      28.25%      28.25%      28.25%
          1                      l2_tex_read_hit_rate                  L2 Hit Rate (Texture Reads)      91.83%      91.83%      91.83%
          1                     l2_tex_write_hit_rate                 L2 Hit Rate (Texture Writes)     103.79%     103.79%     103.79%
          1                            gld_efficiency                Global Memory Load Efficiency      12.06%      12.06%      12.06%
          1                            gst_efficiency               Global Memory Store Efficiency       3.79%       3.79%       3.79%
          1                          stall_inst_fetch     Issue Stall Reasons (Instructions Fetch)       3.27%       3.27%       3.27%
          1                     stall_exec_dependency   Issue Stall Reasons (Execution Dependency)      18.91%      18.91%      18.91%
          1                   stall_memory_dependency           Issue Stall Reasons (Data Request)      35.38%      35.38%      35.38%
          1                                       ipc                                 Executed IPC    0.719987    0.719987    0.719987
          1                             sm_efficiency                      Multiprocessor Activity      80.00%      80.00%      80.00%
