==18720== NVPROF is profiling process 18720, command: ./0123HomeWork 64 256
==18720== Some kernel(s) will be replayed on device 0 in order to collect all events/metrics.
==18720== Profiling application: ./0123HomeWork 64 256
==18720== Profiling result:
==18720== Metric result:
Invocations                               Metric Name                           Metric Description         Min         Max         Avg
Device "Tesla V100-PCIE-16GB (0)"
    Kernel: find_hash(int, int)
          1                             inst_per_warp                        Instructions per warp  3.9510e+06  3.9510e+06  3.9510e+06
          1                           global_hit_rate            Global Hit Rate in unified l1/tex       0.00%       0.00%       0.00%
          1                            local_hit_rate                               Local Hit Rate      94.92%      94.92%      94.92%
          1                        tex_cache_hit_rate                       Unified Cache Hit Rate      27.89%      27.89%      27.89%
          1                      l2_tex_read_hit_rate                  L2 Hit Rate (Texture Reads)      93.16%      93.16%      93.16%
          1                     l2_tex_write_hit_rate                 L2 Hit Rate (Texture Writes)      97.85%      97.85%      97.85%
          1                            gld_efficiency                Global Memory Load Efficiency      11.17%      11.17%      11.17%
          1                            gst_efficiency               Global Memory Store Efficiency       3.79%       3.79%       3.79%
          1                          stall_inst_fetch     Issue Stall Reasons (Instructions Fetch)       3.35%       3.35%       3.35%
          1                     stall_exec_dependency   Issue Stall Reasons (Execution Dependency)      19.17%      19.17%      19.17%
          1                   stall_memory_dependency           Issue Stall Reasons (Data Request)      34.96%      34.96%      34.96%
          1                                       ipc                                 Executed IPC    0.719960    0.719960    0.719960
          1                             sm_efficiency                      Multiprocessor Activity      79.98%      79.98%      79.98%
