==22266== NVPROF is profiling process 22266, command: ./0123HomeWork 64 2
==22266== Some kernel(s) will be replayed on device 0 in order to collect all events/metrics.
==22266== Profiling application: ./0123HomeWork 64 2
==22266== Profiling result:
==22266== Metric result:
Invocations                               Metric Name                           Metric Description         Min         Max         Avg
Device "Tesla V100-PCIE-16GB (0)"
    Kernel: find_hash(int, int)
          1                             inst_per_warp                        Instructions per warp  1.5943e+07  1.5943e+07  1.5943e+07
          1                           global_hit_rate            Global Hit Rate in unified l1/tex       0.01%       0.01%       0.01%
          1                            local_hit_rate                               Local Hit Rate      98.84%      98.84%      98.84%
          1                        tex_cache_hit_rate                       Unified Cache Hit Rate      28.35%      28.35%      28.35%
          1                      l2_tex_read_hit_rate                  L2 Hit Rate (Texture Reads)      99.99%      99.99%      99.99%
          1                     l2_tex_write_hit_rate                 L2 Hit Rate (Texture Writes)      99.99%      99.99%      99.99%
          1                            gld_efficiency                Global Memory Load Efficiency      12.77%      12.77%      12.77%
          1                            gst_efficiency               Global Memory Store Efficiency       3.79%       3.79%       3.79%
          1                          stall_inst_fetch     Issue Stall Reasons (Instructions Fetch)      16.29%      16.29%      16.29%
          1                     stall_exec_dependency   Issue Stall Reasons (Execution Dependency)      65.54%      65.54%      65.54%
          1                   stall_memory_dependency           Issue Stall Reasons (Data Request)      17.93%      17.93%      17.93%
          1                                       ipc                                 Executed IPC    0.246858    0.246858    0.246858
          1                             sm_efficiency                      Multiprocessor Activity      79.99%      79.99%      79.99%
