==19989== NVPROF is profiling process 19989, command: ./0123HomeWork 64 32
==19989== Some kernel(s) will be replayed on device 0 in order to collect all events/metrics.
==19989== Profiling application: ./0123HomeWork 64 32
==19989== Profiling result:
==19989== Metric result:
Invocations                               Metric Name                           Metric Description         Min         Max         Avg
Device "Tesla V100-PCIE-16GB (0)"
    Kernel: find_hash(int, int)
          1                             inst_per_warp                        Instructions per warp  3.7469e+07  3.7469e+07  3.7469e+07
          1                           global_hit_rate            Global Hit Rate in unified l1/tex       0.00%       0.00%       0.00%
          1                            local_hit_rate                               Local Hit Rate      98.84%      98.84%      98.84%
          1                        tex_cache_hit_rate                       Unified Cache Hit Rate      28.70%      28.70%      28.70%
          1                      l2_tex_read_hit_rate                  L2 Hit Rate (Texture Reads)     100.23%     100.23%     100.23%
          1                     l2_tex_write_hit_rate                 L2 Hit Rate (Texture Writes)      99.90%      99.90%      99.90%
          1                            gld_efficiency                Global Memory Load Efficiency      11.91%      11.91%      11.91%
          1                            gst_efficiency               Global Memory Store Efficiency       3.79%       3.79%       3.79%
          1                          stall_inst_fetch     Issue Stall Reasons (Instructions Fetch)      14.37%      14.37%      14.37%
          1                     stall_exec_dependency   Issue Stall Reasons (Execution Dependency)      57.97%      57.97%      57.97%
          1                   stall_memory_dependency           Issue Stall Reasons (Data Request)      16.36%      16.36%      16.36%
          1                                       ipc                                 Executed IPC    0.224843    0.224843    0.224843
          1                             sm_efficiency                      Multiprocessor Activity      80.00%      80.00%      80.00%
