==19714== NVPROF is profiling process 19714, command: ./0123HomeWork 64 64
==19714== Some kernel(s) will be replayed on device 0 in order to collect all events/metrics.
==19714== Profiling application: ./0123HomeWork 64 64
==19714== Profiling result:
==19714== Metric result:
Invocations                               Metric Name                           Metric Description         Min         Max         Avg
Device "Tesla V100-PCIE-16GB (0)"
    Kernel: find_hash(int, int)
          1                             inst_per_warp                        Instructions per warp  2.7394e+06  2.7394e+06  2.7394e+06
          1                           global_hit_rate            Global Hit Rate in unified l1/tex       0.03%       0.03%       0.03%
          1                            local_hit_rate                               Local Hit Rate      98.84%      98.84%      98.84%
          1                        tex_cache_hit_rate                       Unified Cache Hit Rate      28.83%      28.83%      28.83%
          1                      l2_tex_read_hit_rate                  L2 Hit Rate (Texture Reads)      99.67%      99.67%      99.67%
          1                     l2_tex_write_hit_rate                 L2 Hit Rate (Texture Writes)      99.73%      99.73%      99.73%
          1                            gld_efficiency                Global Memory Load Efficiency      15.32%      15.32%      15.32%
          1                            gst_efficiency               Global Memory Store Efficiency       3.79%       3.79%       3.79%
          1                          stall_inst_fetch     Issue Stall Reasons (Instructions Fetch)      11.20%      11.20%      11.20%
          1                     stall_exec_dependency   Issue Stall Reasons (Execution Dependency)      46.42%      46.42%      46.42%
          1                   stall_memory_dependency           Issue Stall Reasons (Data Request)      14.31%      14.31%      14.31%
          1                                       ipc                                 Executed IPC    0.375381    0.375381    0.375381
          1                             sm_efficiency                      Multiprocessor Activity      79.94%      79.94%      79.94%
