==21063== NVPROF is profiling process 21063, command: ./0123HomeWork 64 8
==21063== Some kernel(s) will be replayed on device 0 in order to collect all events/metrics.
==21063== Profiling application: ./0123HomeWork 64 8
==21063== Profiling result:
==21063== Metric result:
Invocations                               Metric Name                           Metric Description         Min         Max         Avg
Device "Tesla V100-PCIE-16GB (0)"
    Kernel: find_hash(int, int)
          1                             inst_per_warp                        Instructions per warp  2.0215e+08  2.0215e+08  2.0215e+08
          1                           global_hit_rate            Global Hit Rate in unified l1/tex       0.00%       0.00%       0.00%
          1                            local_hit_rate                               Local Hit Rate      98.84%      98.84%      98.84%
          1                        tex_cache_hit_rate                       Unified Cache Hit Rate      29.26%      29.26%      29.26%
          1                      l2_tex_read_hit_rate                  L2 Hit Rate (Texture Reads)      99.99%      99.99%      99.99%
          1                     l2_tex_write_hit_rate                 L2 Hit Rate (Texture Writes)     100.29%     100.29%     100.29%
          1                            gld_efficiency                Global Memory Load Efficiency      12.59%      12.59%      12.59%
          1                            gst_efficiency               Global Memory Store Efficiency       3.79%       3.79%       3.79%
          1                          stall_inst_fetch     Issue Stall Reasons (Instructions Fetch)      16.36%      16.36%      16.36%
          1                     stall_exec_dependency   Issue Stall Reasons (Execution Dependency)      65.57%      65.57%      65.57%
          1                   stall_memory_dependency           Issue Stall Reasons (Data Request)      17.83%      17.83%      17.83%
          1                                       ipc                                 Executed IPC    0.246891    0.246891    0.246891
          1                             sm_efficiency                      Multiprocessor Activity      80.00%      80.00%      80.00%
