==38865== NVPROF is profiling process 38865, command: ./0123HomeWork 8 128
==38865== Some kernel(s) will be replayed on device 0 in order to collect all events/metrics.
==38865== Profiling application: ./0123HomeWork 8 128
==38865== Profiling result:
==38865== Metric result:
Invocations                               Metric Name                           Metric Description         Min         Max         Avg
Device "Tesla V100-PCIE-16GB (0)"
    Kernel: find_hash(int, int)
          1                             inst_per_warp                        Instructions per warp  5.2433e+07  5.2433e+07  5.2433e+07
          1                           global_hit_rate            Global Hit Rate in unified l1/tex       0.01%       0.01%       0.01%
          1                            local_hit_rate                               Local Hit Rate      98.85%      98.85%      98.85%
          1                        tex_cache_hit_rate                       Unified Cache Hit Rate      28.73%      28.73%      28.73%
          1                      l2_tex_read_hit_rate                  L2 Hit Rate (Texture Reads)      99.93%      99.93%      99.93%
          1                     l2_tex_write_hit_rate                 L2 Hit Rate (Texture Writes)     100.02%     100.02%     100.02%
          1                            gld_efficiency                Global Memory Load Efficiency      12.85%      12.85%      12.85%
          1                            gst_efficiency               Global Memory Store Efficiency       3.79%       3.79%       3.79%
          1                          stall_inst_fetch     Issue Stall Reasons (Instructions Fetch)      11.72%      11.72%      11.72%
          1                     stall_exec_dependency   Issue Stall Reasons (Execution Dependency)      42.29%      42.29%      42.29%
          1                   stall_memory_dependency           Issue Stall Reasons (Data Request)      12.90%      12.90%      12.90%
          1                                       ipc                                 Executed IPC    0.698581    0.698581    0.698581
          1                             sm_efficiency                      Multiprocessor Activity      10.00%      10.00%      10.00%
