==40572== NVPROF is profiling process 40572, command: ./0123HomeWork 8 16
==40572== Some kernel(s) will be replayed on device 0 in order to collect all events/metrics.
==40572== Profiling application: ./0123HomeWork 8 16
==40572== Profiling result:
==40572== Metric result:
Invocations                               Metric Name                           Metric Description         Min         Max         Avg
Device "Tesla V100-PCIE-16GB (0)"
    Kernel: find_hash(int, int)
          1                             inst_per_warp                        Instructions per warp  1.9806e+08  1.9806e+08  1.9806e+08
          1                           global_hit_rate            Global Hit Rate in unified l1/tex       0.01%       0.01%       0.01%
          1                            local_hit_rate                               Local Hit Rate      98.84%      98.84%      98.84%
          1                        tex_cache_hit_rate                       Unified Cache Hit Rate      28.58%      28.58%      28.58%
          1                      l2_tex_read_hit_rate                  L2 Hit Rate (Texture Reads)      99.81%      99.81%      99.81%
          1                     l2_tex_write_hit_rate                 L2 Hit Rate (Texture Writes)     100.00%     100.00%     100.00%
          1                            gld_efficiency                Global Memory Load Efficiency      12.87%      12.87%      12.87%
          1                            gst_efficiency               Global Memory Store Efficiency       3.79%       3.79%       3.79%
          1                          stall_inst_fetch     Issue Stall Reasons (Instructions Fetch)      18.63%      18.63%      18.63%
          1                     stall_exec_dependency   Issue Stall Reasons (Execution Dependency)      63.31%      63.31%      63.31%
          1                   stall_memory_dependency           Issue Stall Reasons (Data Request)      17.84%      17.84%      17.84%
          1                                       ipc                                 Executed IPC    0.241345    0.241345    0.241345
          1                             sm_efficiency                      Multiprocessor Activity      10.00%      10.00%      10.00%
