==44281== NVPROF is profiling process 44281, command: ./0123HomeWork 8 2
==44281== Some kernel(s) will be replayed on device 0 in order to collect all events/metrics.
==44281== Profiling application: ./0123HomeWork 8 2
==44281== Profiling result:
==44281== Metric result:
Invocations                               Metric Name                           Metric Description         Min         Max         Avg
Device "Tesla V100-PCIE-16GB (0)"
    Kernel: find_hash(int, int)
          1                             inst_per_warp                        Instructions per warp  9.0630e+08  9.0630e+08  9.0630e+08
          1                           global_hit_rate            Global Hit Rate in unified l1/tex       0.00%       0.00%       0.00%
          1                            local_hit_rate                               Local Hit Rate      98.84%      98.84%      98.84%
          1                        tex_cache_hit_rate                       Unified Cache Hit Rate      28.83%      28.83%      28.83%
          1                      l2_tex_read_hit_rate                  L2 Hit Rate (Texture Reads)      99.77%      99.77%      99.77%
          1                     l2_tex_write_hit_rate                 L2 Hit Rate (Texture Writes)     100.10%     100.10%     100.10%
          1                            gld_efficiency                Global Memory Load Efficiency      12.78%      12.78%      12.78%
          1                            gst_efficiency               Global Memory Store Efficiency       3.79%       3.79%       3.79%
          1                          stall_inst_fetch     Issue Stall Reasons (Instructions Fetch)      18.66%      18.66%      18.66%
          1                     stall_exec_dependency   Issue Stall Reasons (Execution Dependency)      63.31%      63.31%      63.31%
          1                   stall_memory_dependency           Issue Stall Reasons (Data Request)      17.80%      17.80%      17.80%
          1                                       ipc                                 Executed IPC    0.241385    0.241385    0.241385
          1                             sm_efficiency                      Multiprocessor Activity      10.00%      10.00%      10.00%
