==38296== NVPROF is profiling process 38296, command: ./0123HomeWork 8 256
==38296== Some kernel(s) will be replayed on device 0 in order to collect all events/metrics.
==38296== Profiling application: ./0123HomeWork 8 256
==38296== Profiling result:
==38296== Metric result:
Invocations                               Metric Name                           Metric Description         Min         Max         Avg
Device "Tesla V100-PCIE-16GB (0)"
    Kernel: find_hash(int, int)
          1                             inst_per_warp                        Instructions per warp  8.3992e+06  8.3992e+06  8.3992e+06
          1                           global_hit_rate            Global Hit Rate in unified l1/tex       0.02%       0.02%       0.02%
          1                            local_hit_rate                               Local Hit Rate      94.42%      94.42%      94.42%
          1                        tex_cache_hit_rate                       Unified Cache Hit Rate      27.85%      27.85%      27.85%
          1                      l2_tex_read_hit_rate                  L2 Hit Rate (Texture Reads)      99.02%      99.02%      99.02%
          1                     l2_tex_write_hit_rate                 L2 Hit Rate (Texture Writes)     100.28%     100.28%     100.28%
          1                            gld_efficiency                Global Memory Load Efficiency      10.95%      10.95%      10.95%
          1                            gst_efficiency               Global Memory Store Efficiency       3.79%       3.79%       3.79%
          1                          stall_inst_fetch     Issue Stall Reasons (Instructions Fetch)       5.81%       5.81%       5.81%
          1                     stall_exec_dependency   Issue Stall Reasons (Execution Dependency)      33.69%      33.69%      33.69%
          1                   stall_memory_dependency           Issue Stall Reasons (Data Request)      22.82%      22.82%      22.82%
          1                                       ipc                                 Executed IPC    1.157352    1.157352    1.157352
          1                             sm_efficiency                      Multiprocessor Activity      10.00%      10.00%      10.00%
