==38088== NVPROF is profiling process 38088, command: ./0123HomeWork 8 256
==38088== Some kernel(s) will be replayed on device 0 in order to collect all events/metrics.
==38088== Profiling application: ./0123HomeWork 8 256
==38088== Profiling result:
==38088== Metric result:
Invocations                               Metric Name                           Metric Description         Min         Max         Avg
Device "Tesla V100-PCIE-16GB (0)"
    Kernel: find_hash(int, int)
          1                             inst_per_warp                        Instructions per warp  1.1856e+08  1.1856e+08  1.1856e+08
          1                           global_hit_rate            Global Hit Rate in unified l1/tex       0.00%       0.00%       0.00%
          1                            local_hit_rate                               Local Hit Rate      94.46%      94.46%      94.46%
          1                        tex_cache_hit_rate                       Unified Cache Hit Rate      26.37%      26.37%      26.37%
          1                      l2_tex_read_hit_rate                  L2 Hit Rate (Texture Reads)     101.51%     101.51%     101.51%
          1                     l2_tex_write_hit_rate                 L2 Hit Rate (Texture Writes)      95.88%      95.88%      95.88%
          1                            gld_efficiency                Global Memory Load Efficiency      12.70%      12.70%      12.70%
          1                            gst_efficiency               Global Memory Store Efficiency       3.79%       3.79%       3.79%
          1                          stall_inst_fetch     Issue Stall Reasons (Instructions Fetch)       5.86%       5.86%       5.86%
          1                     stall_exec_dependency   Issue Stall Reasons (Execution Dependency)      34.41%      34.41%      34.41%
          1                   stall_memory_dependency           Issue Stall Reasons (Data Request)      22.06%      22.06%      22.06%
          1                                       ipc                                 Executed IPC    1.159184    1.159184    1.159184
          1                             sm_efficiency                      Multiprocessor Activity      10.00%      10.00%      10.00%
