==39713== NVPROF is profiling process 39713, command: ./0123HomeWork 8 32
==39713== Some kernel(s) will be replayed on device 0 in order to collect all events/metrics.
==39713== Profiling application: ./0123HomeWork 8 32
==39713== Profiling result:
==39713== Metric result:
Invocations                               Metric Name                           Metric Description         Min         Max         Avg
Device "Tesla V100-PCIE-16GB (0)"
    Kernel: find_hash(int, int)
          1                             inst_per_warp                        Instructions per warp  6.0623e+07  6.0623e+07  6.0623e+07
          1                           global_hit_rate            Global Hit Rate in unified l1/tex       0.02%       0.02%       0.02%
          1                            local_hit_rate                               Local Hit Rate      98.84%      98.84%      98.84%
          1                        tex_cache_hit_rate                       Unified Cache Hit Rate      28.87%      28.87%      28.87%
          1                      l2_tex_read_hit_rate                  L2 Hit Rate (Texture Reads)     100.28%     100.28%     100.28%
          1                     l2_tex_write_hit_rate                 L2 Hit Rate (Texture Writes)     100.00%     100.00%     100.00%
          1                            gld_efficiency                Global Memory Load Efficiency      12.23%      12.23%      12.23%
          1                            gst_efficiency               Global Memory Store Efficiency       3.79%       3.79%       3.79%
          1                          stall_inst_fetch     Issue Stall Reasons (Instructions Fetch)      18.21%      18.21%      18.21%
          1                     stall_exec_dependency   Issue Stall Reasons (Execution Dependency)      61.93%      61.93%      61.93%
          1                   stall_memory_dependency           Issue Stall Reasons (Data Request)      17.25%      17.25%      17.25%
          1                                       ipc                                 Executed IPC    0.236372    0.236372    0.236372
          1                             sm_efficiency                      Multiprocessor Activity      10.00%      10.00%      10.00%
