==42926== NVPROF is profiling process 42926, command: ./0123HomeWork 8 4
==42926== Some kernel(s) will be replayed on device 0 in order to collect all events/metrics.
==42926== Profiling application: ./0123HomeWork 8 4
==42926== Profiling result:
==42926== Metric result:
Invocations                               Metric Name                           Metric Description         Min         Max         Avg
Device "Tesla V100-PCIE-16GB (0)"
    Kernel: find_hash(int, int)
          1                             inst_per_warp                        Instructions per warp  8.2423e+09  8.2423e+09  8.2423e+09
          1                           global_hit_rate            Global Hit Rate in unified l1/tex       0.00%       0.00%       0.00%
          1                            local_hit_rate                               Local Hit Rate      98.84%      98.84%      98.84%
          1                        tex_cache_hit_rate                       Unified Cache Hit Rate      29.11%      29.11%      29.11%
          1                      l2_tex_read_hit_rate                  L2 Hit Rate (Texture Reads)      98.95%      98.95%      98.95%
          1                     l2_tex_write_hit_rate                 L2 Hit Rate (Texture Writes)     100.58%     100.58%     100.58%
          1                            gld_efficiency                Global Memory Load Efficiency      12.35%      12.35%      12.35%
          1                            gst_efficiency               Global Memory Store Efficiency       3.79%       3.79%       3.79%
          1                          stall_inst_fetch     Issue Stall Reasons (Instructions Fetch)      18.80%      18.80%      18.80%
          1                     stall_exec_dependency   Issue Stall Reasons (Execution Dependency)      63.27%      63.27%      63.27%
          1                   stall_memory_dependency           Issue Stall Reasons (Data Request)      17.72%      17.72%      17.72%
          1                                       ipc                                 Executed IPC    0.241088    0.241088    0.241088
==42926== Warning: One or more events or metrics overflowed. Rerun with "--print-gpu-trace" for detail.
