==41409== NVPROF is profiling process 41409, command: ./0123HomeWork 8 8
==41409== Some kernel(s) will be replayed on device 0 in order to collect all events/metrics.
==41409== Profiling application: ./0123HomeWork 8 8
==41409== Profiling result:
==41409== Metric result:
Invocations                               Metric Name                           Metric Description         Min         Max         Avg
Device "Tesla V100-PCIE-16GB (0)"
    Kernel: find_hash(int, int)
          1                             inst_per_warp                        Instructions per warp  2.4029e+09  2.4029e+09  2.4029e+09
          1                           global_hit_rate            Global Hit Rate in unified l1/tex       0.00%       0.00%       0.00%
          1                            local_hit_rate                               Local Hit Rate      98.85%      98.85%      98.85%
          1                        tex_cache_hit_rate                       Unified Cache Hit Rate      28.38%      28.38%      28.38%
          1                      l2_tex_read_hit_rate                  L2 Hit Rate (Texture Reads)     100.52%     100.52%     100.52%
          1                     l2_tex_write_hit_rate                 L2 Hit Rate (Texture Writes)      99.52%      99.52%      99.52%
          1                            gld_efficiency                Global Memory Load Efficiency      12.24%      12.24%      12.24%
          1                            gst_efficiency               Global Memory Store Efficiency       3.79%       3.79%       3.79%
          1                          stall_inst_fetch     Issue Stall Reasons (Instructions Fetch)      18.63%      18.63%      18.63%
          1                     stall_exec_dependency   Issue Stall Reasons (Execution Dependency)      63.66%      63.66%      63.66%
          1                   stall_memory_dependency           Issue Stall Reasons (Data Request)      17.49%      17.49%      17.49%
          1                                       ipc                                 Executed IPC    0.241088    0.241088    0.241088
==41409== Warning: One or more events or metrics overflowed. Rerun with "--print-gpu-trace" for detail.
