==13948== NVPROF is profiling process 13948, command: ./0123HomeWork 80 128
==13948== Some kernel(s) will be replayed on device 0 in order to collect all events/metrics.
==13948== Profiling application: ./0123HomeWork 80 128
==13948== Profiling result:
==13948== Metric result:
Invocations                               Metric Name                           Metric Description         Min         Max         Avg
Device "Tesla V100-PCIE-16GB (0)"
    Kernel: find_hash(int, int)
          1                             inst_per_warp                        Instructions per warp  2.8804e+05  2.8804e+05  2.8804e+05
          1                           global_hit_rate            Global Hit Rate in unified l1/tex       0.10%       0.10%       0.10%
          1                            local_hit_rate                               Local Hit Rate      98.53%      98.53%      98.53%
          1                        tex_cache_hit_rate                       Unified Cache Hit Rate      28.78%      28.78%      28.78%
          1                      l2_tex_read_hit_rate                  L2 Hit Rate (Texture Reads)      97.92%      97.92%      97.92%
          1                     l2_tex_write_hit_rate                 L2 Hit Rate (Texture Writes)      99.57%      99.57%      99.57%
          1                            gld_efficiency                Global Memory Load Efficiency      12.44%      12.44%      12.44%
          1                            gst_efficiency               Global Memory Store Efficiency       3.79%       3.79%       3.79%
          1                          stall_inst_fetch     Issue Stall Reasons (Instructions Fetch)       5.78%       5.78%       5.78%
          1                     stall_exec_dependency   Issue Stall Reasons (Execution Dependency)      28.30%      28.30%      28.30%
          1                   stall_memory_dependency           Issue Stall Reasons (Data Request)      11.22%      11.22%      11.22%
          1                                       ipc                                 Executed IPC    0.496757    0.496757    0.496757
          1                             sm_efficiency                      Multiprocessor Activity      99.33%      99.33%      99.33%
