==18271== NVPROF is profiling process 18271, command: ./0123HomeWork 80 1
==18271== Some kernel(s) will be replayed on device 0 in order to collect all events/metrics.
==18271== Profiling application: ./0123HomeWork 80 1
==18271== Profiling result:
==18271== Metric result:
Invocations                               Metric Name                           Metric Description         Min         Max         Avg
Device "Tesla V100-PCIE-16GB (0)"
    Kernel: find_hash(int, int)
          1                             inst_per_warp                        Instructions per warp  4.9096e+09  4.9096e+09  4.9096e+09
          1                           global_hit_rate            Global Hit Rate in unified l1/tex       0.00%       0.00%       0.00%
          1                            local_hit_rate                               Local Hit Rate      98.84%      98.84%      98.84%
          1                        tex_cache_hit_rate                       Unified Cache Hit Rate      28.80%      28.80%      28.80%
          1                      l2_tex_read_hit_rate                  L2 Hit Rate (Texture Reads)      99.99%      99.99%      99.99%
          1                     l2_tex_write_hit_rate                 L2 Hit Rate (Texture Writes)      99.84%      99.84%      99.84%
          1                            gld_efficiency                Global Memory Load Efficiency      12.42%      12.42%      12.42%
          1                            gst_efficiency               Global Memory Store Efficiency       3.79%       3.79%       3.79%
          1                          stall_inst_fetch     Issue Stall Reasons (Instructions Fetch)      15.78%      15.78%      15.78%
          1                     stall_exec_dependency   Issue Stall Reasons (Execution Dependency)      65.97%      65.97%      65.97%
          1                   stall_memory_dependency           Issue Stall Reasons (Data Request)      18.01%      18.01%      18.01%
          1                                       ipc                                 Executed IPC    0.248151    0.248151    0.248151
==18271== Warning: One or more events or metrics overflowed. Rerun with "--print-gpu-trace" for detail.
