==14219== NVPROF is profiling process 14219, command: ./0123HomeWork 80 128
==14219== Some kernel(s) will be replayed on device 0 in order to collect all events/metrics.
==14219== Profiling application: ./0123HomeWork 80 128
==14219== Profiling result:
==14219== Metric result:
Invocations                               Metric Name                           Metric Description         Min         Max         Avg
Device "Tesla V100-PCIE-16GB (0)"
    Kernel: find_hash(int, int)
          1                             inst_per_warp                        Instructions per warp  5.2261e+07  5.2261e+07  5.2261e+07
          1                           global_hit_rate            Global Hit Rate in unified l1/tex       0.00%       0.00%       0.00%
          1                            local_hit_rate                               Local Hit Rate      98.59%      98.59%      98.59%
          1                        tex_cache_hit_rate                       Unified Cache Hit Rate      28.70%      28.70%      28.70%
          1                      l2_tex_read_hit_rate                  L2 Hit Rate (Texture Reads)      99.89%      99.89%      99.89%
          1                     l2_tex_write_hit_rate                 L2 Hit Rate (Texture Writes)      99.72%      99.72%      99.72%
          1                            gld_efficiency                Global Memory Load Efficiency      12.30%      12.30%      12.30%
          1                            gst_efficiency               Global Memory Store Efficiency       3.79%       3.79%       3.79%
          1                          stall_inst_fetch     Issue Stall Reasons (Instructions Fetch)       5.79%       5.79%       5.79%
          1                     stall_exec_dependency   Issue Stall Reasons (Execution Dependency)      28.60%      28.60%      28.60%
          1                   stall_memory_dependency           Issue Stall Reasons (Data Request)      11.13%      11.13%      11.13%
          1                                       ipc                                 Executed IPC    0.500617    0.500617    0.500617
          1                             sm_efficiency                      Multiprocessor Activity     100.00%     100.00%     100.00%
