==17338== NVPROF is profiling process 17338, command: ./0123HomeWork 80 2
==17338== Some kernel(s) will be replayed on device 0 in order to collect all events/metrics.
==17338== Profiling application: ./0123HomeWork 80 2
==17338== Profiling result:
==17338== Metric result:
Invocations                               Metric Name                           Metric Description         Min         Max         Avg
Device "Tesla V100-PCIE-16GB (0)"
    Kernel: find_hash(int, int)
          1                             inst_per_warp                        Instructions per warp  1.0373e+09  1.0373e+09  1.0373e+09
          1                           global_hit_rate            Global Hit Rate in unified l1/tex       0.00%       0.00%       0.00%
          1                            local_hit_rate                               Local Hit Rate      98.85%      98.85%      98.85%
          1                        tex_cache_hit_rate                       Unified Cache Hit Rate      28.47%      28.47%      28.47%
          1                      l2_tex_read_hit_rate                  L2 Hit Rate (Texture Reads)     100.27%     100.27%     100.27%
          1                     l2_tex_write_hit_rate                 L2 Hit Rate (Texture Writes)      99.72%      99.72%      99.72%
          1                            gld_efficiency                Global Memory Load Efficiency      12.48%      12.48%      12.48%
          1                            gst_efficiency               Global Memory Store Efficiency       3.79%       3.79%       3.79%
          1                          stall_inst_fetch     Issue Stall Reasons (Instructions Fetch)      15.74%      15.74%      15.74%
          1                     stall_exec_dependency   Issue Stall Reasons (Execution Dependency)      65.97%      65.97%      65.97%
          1                   stall_memory_dependency           Issue Stall Reasons (Data Request)      18.05%      18.05%      18.05%
          1                                       ipc                                 Executed IPC    0.248012    0.248012    0.248012
          1                             sm_efficiency                      Multiprocessor Activity     100.00%     100.00%     100.00%
