==14991== NVPROF is profiling process 14991, command: ./0123HomeWork 80 32
==14991== Some kernel(s) will be replayed on device 0 in order to collect all events/metrics.
==14991== Profiling application: ./0123HomeWork 80 32
==14991== Profiling result:
==14991== Metric result:
Invocations                               Metric Name                           Metric Description         Min         Max         Avg
Device "Tesla V100-PCIE-16GB (0)"
    Kernel: find_hash(int, int)
          1                             inst_per_warp                        Instructions per warp  3.0656e+07  3.0656e+07  3.0656e+07
          1                           global_hit_rate            Global Hit Rate in unified l1/tex       0.00%       0.00%       0.00%
          1                            local_hit_rate                               Local Hit Rate      98.83%      98.83%      98.83%
          1                        tex_cache_hit_rate                       Unified Cache Hit Rate      28.76%      28.76%      28.76%
          1                      l2_tex_read_hit_rate                  L2 Hit Rate (Texture Reads)     100.13%     100.13%     100.13%
          1                     l2_tex_write_hit_rate                 L2 Hit Rate (Texture Writes)     101.11%     101.11%     101.11%
          1                            gld_efficiency                Global Memory Load Efficiency      12.45%      12.45%      12.45%
          1                            gst_efficiency               Global Memory Store Efficiency       3.79%       3.79%       3.79%
          1                          stall_inst_fetch     Issue Stall Reasons (Instructions Fetch)      13.42%      13.42%      13.42%
          1                     stall_exec_dependency   Issue Stall Reasons (Execution Dependency)      56.16%      56.16%      56.16%
          1                   stall_memory_dependency           Issue Stall Reasons (Data Request)      16.16%      16.16%      16.16%
          1                                       ipc                                 Executed IPC    0.219735    0.219735    0.219735
          1                             sm_efficiency                      Multiprocessor Activity      99.99%      99.99%      99.99%
