==14704== NVPROF is profiling process 14704, command: ./0123HomeWork 80 64
==14704== Some kernel(s) will be replayed on device 0 in order to collect all events/metrics.
==14704== Profiling application: ./0123HomeWork 80 64
==14704== Profiling result:
==14704== Metric result:
Invocations                               Metric Name                           Metric Description         Min         Max         Avg
Device "Tesla V100-PCIE-16GB (0)"
    Kernel: find_hash(int, int)
          1                             inst_per_warp                        Instructions per warp  2.3130e+07  2.3130e+07  2.3130e+07
          1                           global_hit_rate            Global Hit Rate in unified l1/tex       0.00%       0.00%       0.00%
          1                            local_hit_rate                               Local Hit Rate      98.83%      98.83%      98.83%
          1                        tex_cache_hit_rate                       Unified Cache Hit Rate      28.73%      28.73%      28.73%
          1                      l2_tex_read_hit_rate                  L2 Hit Rate (Texture Reads)     100.00%     100.00%     100.00%
          1                     l2_tex_write_hit_rate                 L2 Hit Rate (Texture Writes)     101.01%     101.01%     101.01%
          1                            gld_efficiency                Global Memory Load Efficiency      12.55%      12.55%      12.55%
          1                            gst_efficiency               Global Memory Store Efficiency       3.79%       3.79%       3.79%
          1                          stall_inst_fetch     Issue Stall Reasons (Instructions Fetch)       9.71%       9.71%       9.71%
          1                     stall_exec_dependency   Issue Stall Reasons (Execution Dependency)      43.14%      43.14%      43.14%
          1                   stall_memory_dependency           Issue Stall Reasons (Data Request)      13.87%      13.87%      13.87%
          1                                       ipc                                 Executed IPC    0.356915    0.356915    0.356915
          1                             sm_efficiency                      Multiprocessor Activity      99.99%      99.99%      99.99%
