==16207== NVPROF is profiling process 16207, command: ./0123HomeWork 80 8
==16207== Some kernel(s) will be replayed on device 0 in order to collect all events/metrics.
==16207== Profiling application: ./0123HomeWork 80 8
==16207== Profiling result:
==16207== Metric result:
Invocations                               Metric Name                           Metric Description         Min         Max         Avg
Device "Tesla V100-PCIE-16GB (0)"
    Kernel: find_hash(int, int)
          1                             inst_per_warp                        Instructions per warp  3.6863e+08  3.6863e+08  3.6863e+08
          1                           global_hit_rate            Global Hit Rate in unified l1/tex       0.00%       0.00%       0.00%
          1                            local_hit_rate                               Local Hit Rate      98.85%      98.85%      98.85%
          1                        tex_cache_hit_rate                       Unified Cache Hit Rate      28.71%      28.71%      28.71%
          1                      l2_tex_read_hit_rate                  L2 Hit Rate (Texture Reads)     100.01%     100.01%     100.01%
          1                     l2_tex_write_hit_rate                 L2 Hit Rate (Texture Writes)      99.52%      99.52%      99.52%
          1                            gld_efficiency                Global Memory Load Efficiency      11.92%      11.92%      11.92%
          1                            gst_efficiency               Global Memory Store Efficiency       3.79%       3.79%       3.79%
          1                          stall_inst_fetch     Issue Stall Reasons (Instructions Fetch)      15.80%      15.80%      15.80%
          1                     stall_exec_dependency   Issue Stall Reasons (Execution Dependency)      65.88%      65.88%      65.88%
          1                   stall_memory_dependency           Issue Stall Reasons (Data Request)      18.07%      18.07%      18.07%
          1                                       ipc                                 Executed IPC    0.248223    0.248223    0.248223
          1                             sm_efficiency                      Multiprocessor Activity     100.00%     100.00%     100.00%
