==102776== NVPROF is profiling process 102776, command: ./0123HomeWork 1 128
==102776== Profiling application: ./0123HomeWork 1 128
==102776== Profiling result:
            Type  Time(%)      Time     Calls       Avg       Min       Max  Name
 GPU activities:  100.00%  2.26012s         1  2.26012s  2.26012s  2.26012s  find_hash(int, int)
                    0.00%  3.4240us         3  1.1410us  1.1200us  1.1520us  [CUDA memcpy HtoD]
      API calls:   84.34%  2.26029s         1  2.26029s  2.26029s  2.26029s  cudaDeviceSynchronize
                   15.63%  418.87ms         3  139.62ms  19.817us  418.83ms  cudaMemcpyToSymbol
                    0.02%  503.95us        86  5.8590us     216ns  220.40us  cuDeviceGetAttribute
                    0.01%  247.09us         1  247.09us  247.09us  247.09us  cuDeviceTotalMem
                    0.01%  151.20us         1  151.20us  151.20us  151.20us  cudaLaunch
                    0.00%  49.649us         1  49.649us  49.649us  49.649us  cuDeviceGetName
                    0.00%  6.9410us         2  3.4700us     802ns  6.1390us  cudaSetupArgument
                    0.00%  2.8870us         1  2.8870us  2.8870us  2.8870us  cudaConfigureCall
                    0.00%  2.6570us         3     885ns     258ns  2.0010us  cuDeviceGetCount
                    0.00%     773ns         2     386ns     266ns     507ns  cuDeviceGet

==102776== Unified Memory profiling result:
Device "Tesla V100-PCIE-16GB (0)"
   Count  Avg Size  Min Size  Max Size  Total Size  Total Time  Name
       2  32.000KB  4.0000KB  60.000KB  64.00000KB  6.976000us  Device To Host
       1         -         -         -           -  236.4160us  Gpu page fault groups
Total CPU Page faults: 1
