==102926== NVPROF is profiling process 102926, command: ./0123HomeWork 1 128
==102926== Profiling application: ./0123HomeWork 1 128
==102926== Profiling result:
            Type  Time(%)      Time     Calls       Avg       Min       Max  Name
 GPU activities:  100.00%  4.75737s         1  4.75737s  4.75737s  4.75737s  find_hash(int, int)
                    0.00%  3.3600us         3  1.1200us  1.1200us  1.1200us  [CUDA memcpy HtoD]
      API calls:   92.24%  4.75749s         1  4.75749s  4.75749s  4.75749s  cudaDeviceSynchronize
                    7.73%  398.87ms         3  132.96ms  14.311us  398.83ms  cudaMemcpyToSymbol
                    0.01%  653.16us        86  7.5940us     332ns  286.46us  cuDeviceGetAttribute
                    0.01%  372.30us         1  372.30us  372.30us  372.30us  cuDeviceTotalMem
                    0.00%  129.32us         1  129.32us  129.32us  129.32us  cudaLaunch
                    0.00%  61.741us         1  61.741us  61.741us  61.741us  cuDeviceGetName
                    0.00%  5.2800us         2  2.6400us     478ns  4.8020us  cudaSetupArgument
                    0.00%  4.5760us         3  1.5250us     410ns  3.5150us  cuDeviceGetCount
                    0.00%  2.8300us         1  2.8300us  2.8300us  2.8300us  cudaConfigureCall
                    0.00%  1.5540us         2     777ns     416ns  1.1380us  cuDeviceGet

==102926== Unified Memory profiling result:
Device "Tesla V100-PCIE-16GB (0)"
   Count  Avg Size  Min Size  Max Size  Total Size  Total Time  Name
       2  32.000KB  4.0000KB  60.000KB  64.00000KB  6.976000us  Device To Host
       1         -         -         -           -  229.8880us  Gpu page fault groups
Total CPU Page faults: 1
