==102620== NVPROF is profiling process 102620, command: ./0123HomeWork 1 128
==102620== Profiling application: ./0123HomeWork 1 128
==102620== Profiling result:
            Type  Time(%)      Time     Calls       Avg       Min       Max  Name
 GPU activities:  100.00%  119.55ms         1  119.55ms  119.55ms  119.55ms  find_hash(int, int)
                    0.00%  3.5520us         3  1.1840us  1.1200us  1.3120us  [CUDA memcpy HtoD]
      API calls:   77.67%  418.52ms         3  139.51ms  13.496us  418.49ms  cudaMemcpyToSymbol
                   22.19%  119.55ms         1  119.55ms  119.55ms  119.55ms  cudaDeviceSynchronize
                    0.08%  427.90us        86  4.9750us     149ns  188.90us  cuDeviceGetAttribute
                    0.03%  186.56us         1  186.56us  186.56us  186.56us  cuDeviceTotalMem
                    0.02%  123.81us         1  123.81us  123.81us  123.81us  cudaLaunch
                    0.01%  42.415us         1  42.415us  42.415us  42.415us  cuDeviceGetName
                    0.00%  5.2310us         2  2.6150us     521ns  4.7100us  cudaSetupArgument
                    0.00%  2.8820us         1  2.8820us  2.8820us  2.8820us  cudaConfigureCall
                    0.00%  2.0240us         3     674ns     166ns  1.5910us  cuDeviceGetCount
                    0.00%     646ns         2     323ns     188ns     458ns  cuDeviceGet

==102620== Unified Memory profiling result:
Device "Tesla V100-PCIE-16GB (0)"
   Count  Avg Size  Min Size  Max Size  Total Size  Total Time  Name
       2  32.000KB  4.0000KB  60.000KB  64.00000KB  7.296000us  Device To Host
       1         -         -         -           -  240.1600us  Gpu page fault groups
Total CPU Page faults: 1
