==118102== NVPROF is profiling process 118102, command: ./0123HomeWork 1 2
==118102== Profiling application: ./0123HomeWork 1 2
==118102== Profiling result:
            Type  Time(%)      Time     Calls       Avg       Min       Max  Name
 GPU activities:  100.00%  258.220s         1  258.220s  258.220s  258.220s  find_hash(int, int)
                    0.00%  3.5520us         3  1.1840us  1.1840us  1.1840us  [CUDA memcpy HtoD]
      API calls:   99.84%  258.221s         1  258.221s  258.221s  258.221s  cudaDeviceSynchronize
                    0.16%  406.44ms         3  135.48ms  13.369us  406.41ms  cudaMemcpyToSymbol
                    0.00%  421.08us        86  4.8960us     151ns  185.34us  cuDeviceGetAttribute
                    0.00%  172.79us         1  172.79us  172.79us  172.79us  cuDeviceTotalMem
                    0.00%  111.61us         1  111.61us  111.61us  111.61us  cudaLaunch
                    0.00%  41.475us         1  41.475us  41.475us  41.475us  cuDeviceGetName
                    0.00%  4.3320us         2  2.1660us     523ns  3.8090us  cudaSetupArgument
                    0.00%  2.6410us         1  2.6410us  2.6410us  2.6410us  cudaConfigureCall
                    0.00%  2.3380us         3     779ns     160ns  1.8720us  cuDeviceGetCount
                    0.00%  1.2120us         2     606ns     212ns  1.0000us  cuDeviceGet

==118102== Unified Memory profiling result:
Device "Tesla V100-PCIE-16GB (0)"
   Count  Avg Size  Min Size  Max Size  Total Size  Total Time  Name
       2  32.000KB  4.0000KB  60.000KB  64.00000KB  7.072000us  Device To Host
       1         -         -         -           -  255.4880us  Gpu page fault groups
Total CPU Page faults: 1
