==101870== NVPROF is profiling process 101870, command: ./0123HomeWork 1 256
==101870== Profiling application: ./0123HomeWork 1 256
==101870== Profiling result:
            Type  Time(%)      Time     Calls       Avg       Min       Max  Name
 GPU activities:  100.00%  222.86ms         1  222.86ms  222.86ms  222.86ms  find_hash(int, int)
                    0.00%  3.4240us         3  1.1410us  1.1200us  1.1520us  [CUDA memcpy HtoD]
      API calls:   64.83%  413.12ms         3  137.71ms  21.847us  413.08ms  cudaMemcpyToSymbol
                   34.97%  222.86ms         1  222.86ms  222.86ms  222.86ms  cudaDeviceSynchronize
                    0.10%  620.34us        86  7.2130us     335ns  268.77us  cuDeviceGetAttribute
                    0.06%  371.50us         1  371.50us  371.50us  371.50us  cuDeviceTotalMem
                    0.03%  181.30us         1  181.30us  181.30us  181.30us  cudaLaunch
                    0.01%  62.409us         1  62.409us  62.409us  62.409us  cuDeviceGetName
                    0.00%  8.1420us         2  4.0710us     814ns  7.3280us  cudaSetupArgument
                    0.00%  4.7440us         3  1.5810us     351ns  3.4410us  cuDeviceGetCount
                    0.00%  3.8790us         1  3.8790us  3.8790us  3.8790us  cudaConfigureCall
                    0.00%  1.1520us         2     576ns     398ns     754ns  cuDeviceGet

==101870== Unified Memory profiling result:
Device "Tesla V100-PCIE-16GB (0)"
   Count  Avg Size  Min Size  Max Size  Total Size  Total Time  Name
       2  32.000KB  4.0000KB  60.000KB  64.00000KB  7.008000us  Device To Host
       1         -         -         -           -  255.8400us  Gpu page fault groups
Total CPU Page faults: 1
