==116275== NVPROF is profiling process 116275, command: ./0123HomeWork 1 4
==116275== Profiling application: ./0123HomeWork 1 4
==116275== Profiling result:
            Type  Time(%)      Time     Calls       Avg       Min       Max  Name
 GPU activities:  100.00%  252.021s         1  252.021s  252.021s  252.021s  find_hash(int, int)
                    0.00%  3.4560us         3  1.1520us  1.1520us  1.1520us  [CUDA memcpy HtoD]
      API calls:   99.69%  252.021s         1  252.021s  252.021s  252.021s  cudaDeviceSynchronize
                    0.30%  770.88ms         3  256.96ms  15.148us  770.85ms  cudaMemcpyToSymbol
                    0.00%  477.31us        86  5.5500us     192ns  209.49us  cuDeviceGetAttribute
                    0.00%  227.60us         1  227.60us  227.60us  227.60us  cuDeviceTotalMem
                    0.00%  119.55us         1  119.55us  119.55us  119.55us  cudaLaunch
                    0.00%  47.937us         1  47.937us  47.937us  47.937us  cuDeviceGetName
                    0.00%  4.5100us         2  2.2550us     528ns  3.9820us  cudaSetupArgument
                    0.00%  2.6260us         3     875ns     216ns  1.9860us  cuDeviceGetCount
                    0.00%  2.2710us         1  2.2710us  2.2710us  2.2710us  cudaConfigureCall
                    0.00%     862ns         2     431ns     255ns     607ns  cuDeviceGet

==116275== Unified Memory profiling result:
Device "Tesla V100-PCIE-16GB (0)"
   Count  Avg Size  Min Size  Max Size  Total Size  Total Time  Name
       2  32.000KB  4.0000KB  60.000KB  64.00000KB  7.264000us  Device To Host
       1         -         -         -           -  242.1440us  Gpu page fault groups
Total CPU Page faults: 1
