==114029== NVPROF is profiling process 114029, command: ./0123HomeWork 1 4
==114029== Profiling application: ./0123HomeWork 1 4
==114029== Profiling result:
            Type  Time(%)      Time     Calls       Avg       Min       Max  Name
 GPU activities:  100.00%  28.2389s         1  28.2389s  28.2389s  28.2389s  find_hash(int, int)
                    0.00%  3.3920us         3  1.1300us  1.1200us  1.1520us  [CUDA memcpy HtoD]
      API calls:   98.56%  28.2390s         1  28.2390s  28.2390s  28.2390s  cudaDeviceSynchronize
                    1.44%  412.05ms         3  137.35ms  12.984us  412.02ms  cudaMemcpyToSymbol
                    0.00%  566.42us        86  6.5860us     217ns  263.14us  cuDeviceGetAttribute
                    0.00%  373.61us         1  373.61us  373.61us  373.61us  cuDeviceTotalMem
                    0.00%  112.18us         1  112.18us  112.18us  112.18us  cudaLaunch
                    0.00%  65.252us         1  65.252us  65.252us  65.252us  cuDeviceGetName
                    0.00%  4.7240us         3  1.5740us     399ns  3.5300us  cuDeviceGetCount
                    0.00%  4.1240us         2  2.0620us     528ns  3.5960us  cudaSetupArgument
                    0.00%  2.2720us         1  2.2720us  2.2720us  2.2720us  cudaConfigureCall
                    0.00%  1.3760us         2     688ns     420ns     956ns  cuDeviceGet

==114029== Unified Memory profiling result:
Device "Tesla V100-PCIE-16GB (0)"
   Count  Avg Size  Min Size  Max Size  Total Size  Total Time  Name
       2  32.000KB  4.0000KB  60.000KB  64.00000KB  6.976000us  Device To Host
       1         -         -         -           -  199.0400us  Gpu page fault groups
Total CPU Page faults: 1
