==103709== NVPROF is profiling process 103709, command: ./0123HomeWork 1 64
==103709== Profiling application: ./0123HomeWork 1 64
==103709== Profiling result:
            Type  Time(%)      Time     Calls       Avg       Min       Max  Name
 GPU activities:  100.00%  3.17197s         1  3.17197s  3.17197s  3.17197s  find_hash(int, int)
                    0.00%  3.3590us         3  1.1190us  1.1190us  1.1200us  [CUDA memcpy HtoD]
      API calls:   88.58%  3.17213s         1  3.17213s  3.17213s  3.17213s  cudaDeviceSynchronize
                   11.40%  408.29ms         3  136.10ms  13.308us  408.26ms  cudaMemcpyToSymbol
                    0.01%  458.62us        86  5.3320us     139ns  200.96us  cuDeviceGetAttribute
                    0.01%  247.08us         1  247.08us  247.08us  247.08us  cuDeviceTotalMem
                    0.00%  110.20us         1  110.20us  110.20us  110.20us  cudaLaunch
                    0.00%  50.242us         1  50.242us  50.242us  50.242us  cuDeviceGetName
                    0.00%  3.9410us         2  1.9700us     476ns  3.4650us  cudaSetupArgument
                    0.00%  2.5230us         1  2.5230us  2.5230us  2.5230us  cudaConfigureCall
                    0.00%  2.4740us         3     824ns     224ns  1.8750us  cuDeviceGetCount
                    0.00%     936ns         2     468ns     264ns     672ns  cuDeviceGet

==103709== Unified Memory profiling result:
Device "Tesla V100-PCIE-16GB (0)"
   Count  Avg Size  Min Size  Max Size  Total Size  Total Time  Name
       2  32.000KB  4.0000KB  60.000KB  64.00000KB  7.104000us  Device To Host
       1         -         -         -           -  235.8720us  Gpu page fault groups
Total CPU Page faults: 1
