==103313== NVPROF is profiling process 103313, command: ./0123HomeWork 1 64
==103313== Profiling application: ./0123HomeWork 1 64
==103313== Profiling result:
            Type  Time(%)      Time     Calls       Avg       Min       Max  Name
 GPU activities:  100.00%  6.81375s         1  6.81375s  6.81375s  6.81375s  find_hash(int, int)
                    0.00%  3.4240us         3  1.1410us  1.1200us  1.1520us  [CUDA memcpy HtoD]
      API calls:   94.09%  6.81386s         1  6.81386s  6.81386s  6.81386s  cudaDeviceSynchronize
                    5.89%  426.76ms         3  142.25ms  19.462us  426.72ms  cudaMemcpyToSymbol
                    0.01%  619.30us        86  7.2010us     335ns  268.49us  cuDeviceGetAttribute
                    0.01%  369.76us         1  369.76us  369.76us  369.76us  cuDeviceTotalMem
                    0.00%  144.11us         1  144.11us  144.11us  144.11us  cudaLaunch
                    0.00%  62.082us         1  62.082us  62.082us  62.082us  cuDeviceGetName
                    0.00%  7.3080us         2  3.6540us     875ns  6.4330us  cudaSetupArgument
                    0.00%  4.6580us         3  1.5520us     441ns  3.4600us  cuDeviceGetCount
                    0.00%  3.5390us         1  3.5390us  3.5390us  3.5390us  cudaConfigureCall
                    0.00%  1.4380us         2     719ns     485ns     953ns  cuDeviceGet

==103313== Unified Memory profiling result:
Device "Tesla V100-PCIE-16GB (0)"
   Count  Avg Size  Min Size  Max Size  Total Size  Total Time  Name
       2  32.000KB  4.0000KB  60.000KB  64.00000KB  7.040000us  Device To Host
       1         -         -         -           -  237.7920us  Gpu page fault groups
Total CPU Page faults: 1
