==103015== NVPROF is profiling process 103015, command: ./0123HomeWork 1 64
==103015== Profiling application: ./0123HomeWork 1 64
==103015== Profiling result:
            Type  Time(%)      Time     Calls       Avg       Min       Max  Name
 GPU activities:  100.00%  6.93652s         1  6.93652s  6.93652s  6.93652s  find_hash(int, int)
                    0.00%  3.3920us         3  1.1300us  1.1200us  1.1520us  [CUDA memcpy HtoD]
      API calls:   94.56%  6.93665s         1  6.93665s  6.93665s  6.93665s  cudaDeviceSynchronize
                    5.42%  397.92ms         3  132.64ms  19.446us  397.87ms  cudaMemcpyToSymbol
                    0.01%  440.92us        86  5.1270us     190ns  192.83us  cuDeviceGetAttribute
                    0.00%  220.05us         1  220.05us  220.05us  220.05us  cuDeviceTotalMem
                    0.00%  150.20us         1  150.20us  150.20us  150.20us  cudaLaunch
                    0.00%  44.110us         1  44.110us  44.110us  44.110us  cuDeviceGetName
                    0.00%  6.7340us         2  3.3670us     699ns  6.0350us  cudaSetupArgument
                    0.00%  3.5840us         1  3.5840us  3.5840us  3.5840us  cudaConfigureCall
                    0.00%  2.6840us         3     894ns     205ns  1.9930us  cuDeviceGetCount
                    0.00%     851ns         2     425ns     238ns     613ns  cuDeviceGet

==103015== Unified Memory profiling result:
Device "Tesla V100-PCIE-16GB (0)"
   Count  Avg Size  Min Size  Max Size  Total Size  Total Time  Name
       2  32.000KB  4.0000KB  60.000KB  64.00000KB  6.976000us  Device To Host
       1         -         -         -           -  226.7200us  Gpu page fault groups
Total CPU Page faults: 1
