==110046== NVPROF is profiling process 110046, command: ./0123HomeWork 1 8
==110046== Profiling application: ./0123HomeWork 1 8
==110046== Profiling result:
            Type  Time(%)      Time     Calls       Avg       Min       Max  Name
 GPU activities:  100.00%  3.96535s         1  3.96535s  3.96535s  3.96535s  find_hash(int, int)
                    0.00%  3.3600us         3  1.1200us  1.1200us  1.1200us  [CUDA memcpy HtoD]
      API calls:   90.16%  3.96546s         1  3.96546s  3.96546s  3.96546s  cudaDeviceSynchronize
                    9.81%  431.42ms         3  143.81ms  13.472us  431.39ms  cudaMemcpyToSymbol
                    0.01%  628.47us        86  7.3070us     334ns  278.30us  cuDeviceGetAttribute
                    0.01%  369.09us         1  369.09us  369.09us  369.09us  cuDeviceTotalMem
                    0.00%  126.31us         1  126.31us  126.31us  126.31us  cudaLaunch
                    0.00%  61.063us         1  61.063us  61.063us  61.063us  cuDeviceGetName
                    0.00%  5.4970us         2  2.7480us     523ns  4.9740us  cudaSetupArgument
                    0.00%  4.6750us         3  1.5580us     346ns  3.5650us  cuDeviceGetCount
                    0.00%  2.7260us         1  2.7260us  2.7260us  2.7260us  cudaConfigureCall
                    0.00%  1.4450us         2     722ns     406ns  1.0390us  cuDeviceGet

==110046== Unified Memory profiling result:
Device "Tesla V100-PCIE-16GB (0)"
   Count  Avg Size  Min Size  Max Size  Total Size  Total Time  Name
       2  32.000KB  4.0000KB  60.000KB  64.00000KB  7.136000us  Device To Host
       1         -         -         -           -  243.8400us  Gpu page fault groups
Total CPU Page faults: 1
