==37017== NVPROF is profiling process 37017, command: ./0123HomeWork 16 1
==37017== Profiling application: ./0123HomeWork 16 1
==37017== Profiling result:
            Type  Time(%)      Time     Calls       Avg       Min       Max  Name
 GPU activities:  100.00%  9.16008s         1  9.16008s  9.16008s  9.16008s  find_hash(int, int)
                    0.00%  3.3920us         3  1.1300us  1.1200us  1.1520us  [CUDA memcpy HtoD]
      API calls:   95.72%  9.16021s         1  9.16021s  9.16021s  9.16021s  cudaDeviceSynchronize
                    4.27%  408.64ms         3  136.21ms  13.066us  408.61ms  cudaMemcpyToSymbol
                    0.01%  611.15us        86  7.1060us     214ns  265.70us  cuDeviceGetAttribute
                    0.01%  551.97us         1  551.97us  551.97us  551.97us  cuDeviceTotalMem
                    0.00%  113.52us         1  113.52us  113.52us  113.52us  cudaLaunch
                    0.00%  87.192us         1  87.192us  87.192us  87.192us  cuDeviceGetName
                    0.00%  4.5390us         2  2.2690us     513ns  4.0260us  cudaSetupArgument
                    0.00%  3.8400us         3  1.2800us     237ns  2.5200us  cuDeviceGetCount
                    0.00%  2.2880us         1  2.2880us  2.2880us  2.2880us  cudaConfigureCall
                    0.00%  1.2950us         2     647ns     622ns     673ns  cuDeviceGet

==37017== Unified Memory profiling result:
Device "Tesla V100-PCIE-16GB (0)"
   Count  Avg Size  Min Size  Max Size  Total Size  Total Time  Name
       2  32.000KB  4.0000KB  60.000KB  64.00000KB  7.008000us  Device To Host
       1         -         -         -           -  273.3120us  Gpu page fault groups
Total CPU Page faults: 1
