==30241== NVPROF is profiling process 30241, command: ./0123HomeWork 16 256
==30241== Profiling application: ./0123HomeWork 16 256
==30241== Profiling result:
            Type  Time(%)      Time     Calls       Avg       Min       Max  Name
 GPU activities:  100.00%  234.13ms         1  234.13ms  234.13ms  234.13ms  find_hash(int, int)
                    0.00%  3.3600us         3  1.1200us  1.1200us  1.1200us  [CUDA memcpy HtoD]
      API calls:   63.03%  401.20ms         3  133.73ms  13.704us  401.17ms  cudaMemcpyToSymbol
                   36.78%  234.13ms         1  234.13ms  234.13ms  234.13ms  cudaDeviceSynchronize
                    0.10%  613.48us        86  7.1330us     336ns  265.85us  cuDeviceGetAttribute
                    0.06%  368.83us         1  368.83us  368.83us  368.83us  cuDeviceTotalMem
                    0.02%  126.67us         1  126.67us  126.67us  126.67us  cudaLaunch
                    0.01%  61.549us         1  61.549us  61.549us  61.549us  cuDeviceGetName
                    0.00%  5.3320us         2  2.6660us     528ns  4.8040us  cudaSetupArgument
                    0.00%  4.2100us         3  1.4030us     406ns  3.0880us  cuDeviceGetCount
                    0.00%  2.5020us         1  2.5020us  2.5020us  2.5020us  cudaConfigureCall
                    0.00%  1.2260us         2     613ns     403ns     823ns  cuDeviceGet

==30241== Unified Memory profiling result:
Device "Tesla V100-PCIE-16GB (0)"
   Count  Avg Size  Min Size  Max Size  Total Size  Total Time  Name
       2  32.000KB  4.0000KB  60.000KB  64.00000KB  7.040000us  Device To Host
       1         -         -         -           -  295.4880us  Gpu page fault groups
Total CPU Page faults: 1
