==31532== NVPROF is profiling process 31532, command: ./0123HomeWork 16 32
==31532== Profiling application: ./0123HomeWork 16 32
==31532== Profiling result:
            Type  Time(%)      Time     Calls       Avg       Min       Max  Name
 GPU activities:  100.00%  2.09081s         1  2.09081s  2.09081s  2.09081s  find_hash(int, int)
                    0.00%  3.3920us         3  1.1300us  1.1200us  1.1520us  [CUDA memcpy HtoD]
      API calls:   83.43%  2.09099s         1  2.09099s  2.09099s  2.09099s  cudaDeviceSynchronize
                   16.54%  414.62ms         3  138.21ms  19.134us  414.58ms  cudaMemcpyToSymbol
                    0.02%  417.51us        86  4.8540us     147ns  184.00us  cuDeviceGetAttribute
                    0.01%  173.82us         1  173.82us  173.82us  173.82us  cuDeviceTotalMem
                    0.01%  151.79us         1  151.79us  151.79us  151.79us  cudaLaunch
                    0.00%  41.916us         1  41.916us  41.916us  41.916us  cuDeviceGetName
                    0.00%  7.0710us         2  3.5350us     761ns  6.3100us  cudaSetupArgument
                    0.00%  2.8710us         1  2.8710us  2.8710us  2.8710us  cudaConfigureCall
                    0.00%  2.7230us         3     907ns     266ns  2.1570us  cuDeviceGetCount
                    0.00%     749ns         2     374ns     150ns     599ns  cuDeviceGet

==31532== Unified Memory profiling result:
Device "Tesla V100-PCIE-16GB (0)"
   Count  Avg Size  Min Size  Max Size  Total Size  Total Time  Name
       2  32.000KB  4.0000KB  60.000KB  64.00000KB  7.008000us  Device To Host
       1         -         -         -           -  231.9680us  Gpu page fault groups
Total CPU Page faults: 1
