==31742== NVPROF is profiling process 31742, command: ./0123HomeWork 16 32
==31742== Profiling application: ./0123HomeWork 16 32
==31742== Profiling result:
            Type  Time(%)      Time     Calls       Avg       Min       Max  Name
 GPU activities:  100.00%  703.46ms         1  703.46ms  703.46ms  703.46ms  find_hash(int, int)
                    0.00%  3.3600us         3  1.1200us  1.1200us  1.1200us  [CUDA memcpy HtoD]
      API calls:   63.89%  703.58ms         1  703.58ms  703.58ms  703.58ms  cudaDeviceSynchronize
                   36.02%  396.66ms         3  132.22ms  13.669us  396.63ms  cudaMemcpyToSymbol
                    0.05%  529.71us        86  6.1590us     265ns  230.43us  cuDeviceGetAttribute
                    0.03%  299.79us         1  299.79us  299.79us  299.79us  cuDeviceTotalMem
                    0.01%  130.95us         1  130.95us  130.95us  130.95us  cudaLaunch
                    0.00%  52.140us         1  52.140us  52.140us  52.140us  cuDeviceGetName
                    0.00%  5.3870us         2  2.6930us     474ns  4.9130us  cudaSetupArgument
                    0.00%  4.0960us         3  1.3650us     297ns  3.2500us  cuDeviceGetCount
                    0.00%  2.7930us         1  2.7930us  2.7930us  2.7930us  cudaConfigureCall
                    0.00%  1.1800us         2     590ns     378ns     802ns  cuDeviceGet

==31742== Unified Memory profiling result:
Device "Tesla V100-PCIE-16GB (0)"
   Count  Avg Size  Min Size  Max Size  Total Size  Total Time  Name
       2  32.000KB  4.0000KB  60.000KB  64.00000KB  6.976000us  Device To Host
       1         -         -         -           -  228.9920us  Gpu page fault groups
Total CPU Page faults: 1
