==33670== NVPROF is profiling process 33670, command: ./0123HomeWork 16 4
==33670== Profiling application: ./0123HomeWork 16 4
==33670== Profiling result:
            Type  Time(%)      Time     Calls       Avg       Min       Max  Name
 GPU activities:  100.00%  3.41637s         1  3.41637s  3.41637s  3.41637s  find_hash(int, int)
                    0.00%  3.3920us         3  1.1300us  1.1200us  1.1520us  [CUDA memcpy HtoD]
      API calls:   89.49%  3.41652s         1  3.41652s  3.41652s  3.41652s  cudaDeviceSynchronize
                   10.48%  400.01ms         3  133.34ms  13.205us  399.96ms  cudaMemcpyToSymbol
                    0.01%  472.08us        86  5.4890us     221ns  205.77us  cuDeviceGetAttribute
                    0.01%  363.65us         1  363.65us  363.65us  363.65us  cuDeviceTotalMem
                    0.00%  131.74us         1  131.74us  131.74us  131.74us  cudaLaunch
                    0.00%  61.253us         1  61.253us  61.253us  61.253us  cuDeviceGetName
                    0.00%  4.4600us         3  1.4860us     321ns  3.4710us  cuDeviceGetCount
                    0.00%  4.2500us         2  2.1250us     548ns  3.7020us  cudaSetupArgument
                    0.00%  2.5610us         1  2.5610us  2.5610us  2.5610us  cudaConfigureCall
                    0.00%  1.3760us         2     688ns     374ns  1.0020us  cuDeviceGet

==33670== Unified Memory profiling result:
Device "Tesla V100-PCIE-16GB (0)"
   Count  Avg Size  Min Size  Max Size  Total Size  Total Time  Name
       2  32.000KB  4.0000KB  60.000KB  64.00000KB  6.976000us  Device To Host
       1         -         -         -           -  291.6480us  Gpu page fault groups
Total CPU Page faults: 1
