==30842== NVPROF is profiling process 30842, command: ./0123HomeWork 16 64
==30842== Profiling application: ./0123HomeWork 16 64
==30842== Profiling result:
            Type  Time(%)      Time     Calls       Avg       Min       Max  Name
 GPU activities:  100.00%  379.00ms         1  379.00ms  379.00ms  379.00ms  find_hash(int, int)
                    0.00%  3.3600us         3  1.1200us  1.1200us  1.1200us  [CUDA memcpy HtoD]
      API calls:   51.91%  410.45ms         3  136.82ms  13.087us  410.43ms  cudaMemcpyToSymbol
                   47.93%  379.00ms         1  379.00ms  379.00ms  379.00ms  cudaDeviceSynchronize
                    0.08%  663.38us        86  7.7130us     334ns  288.07us  cuDeviceGetAttribute
                    0.05%  374.86us         1  374.86us  374.86us  374.86us  cuDeviceTotalMem
                    0.01%  112.61us         1  112.61us  112.61us  112.61us  cudaLaunch
                    0.01%  64.791us         1  64.791us  64.791us  64.791us  cuDeviceGetName
                    0.00%  4.7260us         3  1.5750us     361ns  3.6120us  cuDeviceGetCount
                    0.00%  4.3700us         2  2.1850us     496ns  3.8740us  cudaSetupArgument
                    0.00%  1.8700us         1  1.8700us  1.8700us  1.8700us  cudaConfigureCall
                    0.00%  1.4370us         2     718ns     404ns  1.0330us  cuDeviceGet

==30842== Unified Memory profiling result:
Device "Tesla V100-PCIE-16GB (0)"
   Count  Avg Size  Min Size  Max Size  Total Size  Total Time  Name
       2  32.000KB  4.0000KB  60.000KB  64.00000KB  6.976000us  Device To Host
       1         -         -         -           -  249.5680us  Gpu page fault groups
Total CPU Page faults: 1
