==70393== NVPROF is profiling process 70393, command: ./0123HomeWork 2 16
==70393== Profiling application: ./0123HomeWork 2 16
==70393== Profiling result:
            Type  Time(%)      Time     Calls       Avg       Min       Max  Name
 GPU activities:  100.00%  10.0752s         1  10.0752s  10.0752s  10.0752s  find_hash(int, int)
                    0.00%  3.3920us         3  1.1300us  1.1200us  1.1520us  [CUDA memcpy HtoD]
      API calls:   96.02%  10.0754s         1  10.0754s  10.0754s  10.0754s  cudaDeviceSynchronize
                    3.97%  416.20ms         3  138.73ms  12.998us  416.17ms  cudaMemcpyToSymbol
                    0.00%  507.74us        86  5.9030us     212ns  223.45us  cuDeviceGetAttribute
                    0.00%  240.02us         1  240.02us  240.02us  240.02us  cuDeviceTotalMem
                    0.00%  119.43us         1  119.43us  119.43us  119.43us  cudaLaunch
                    0.00%  50.185us         1  50.185us  50.185us  50.185us  cuDeviceGetName
                    0.00%  4.6210us         2  2.3100us     500ns  4.1210us  cudaSetupArgument
                    0.00%  3.1090us         1  3.1090us  3.1090us  3.1090us  cudaConfigureCall
                    0.00%  3.0810us         3  1.0270us     218ns  2.3900us  cuDeviceGetCount
                    0.00%     933ns         2     466ns     292ns     641ns  cuDeviceGet

==70393== Unified Memory profiling result:
Device "Tesla V100-PCIE-16GB (0)"
   Count  Avg Size  Min Size  Max Size  Total Size  Total Time  Name
       2  32.000KB  4.0000KB  60.000KB  64.00000KB  6.944000us  Device To Host
       1         -         -         -           -  220.3840us  Gpu page fault groups
Total CPU Page faults: 1
