==70745== NVPROF is profiling process 70745, command: ./0123HomeWork 2 16
==70745== Profiling application: ./0123HomeWork 2 16
==70745== Profiling result:
            Type  Time(%)      Time     Calls       Avg       Min       Max  Name
 GPU activities:  100.00%  10.5141s         1  10.5141s  10.5141s  10.5141s  find_hash(int, int)
                    0.00%  3.3920us         3  1.1300us  1.1200us  1.1520us  [CUDA memcpy HtoD]
      API calls:   96.29%  10.5142s         1  10.5142s  10.5142s  10.5142s  cudaDeviceSynchronize
                    3.70%  403.72ms         3  134.57ms  14.079us  403.69ms  cudaMemcpyToSymbol
                    0.01%  614.74us        86  7.1480us     344ns  266.21us  cuDeviceGetAttribute
                    0.00%  359.72us         1  359.72us  359.72us  359.72us  cuDeviceTotalMem
                    0.00%  130.10us         1  130.10us  130.10us  130.10us  cudaLaunch
                    0.00%  62.198us         1  62.198us  62.198us  62.198us  cuDeviceGetName
                    0.00%  5.1250us         2  2.5620us     509ns  4.6160us  cudaSetupArgument
                    0.00%  4.2420us         3  1.4140us     375ns  3.0860us  cuDeviceGetCount
                    0.00%  2.6260us         1  2.6260us  2.6260us  2.6260us  cudaConfigureCall
                    0.00%  1.4560us         2     728ns     373ns  1.0830us  cuDeviceGet

==70745== Unified Memory profiling result:
Device "Tesla V100-PCIE-16GB (0)"
   Count  Avg Size  Min Size  Max Size  Total Size  Total Time  Name
       2  32.000KB  4.0000KB  60.000KB  64.00000KB  6.976000us  Device To Host
       1         -         -         -           -  233.3120us  Gpu page fault groups
Total CPU Page faults: 1
