==71108== NVPROF is profiling process 71108, command: ./0123HomeWork 2 16
==71108== Profiling application: ./0123HomeWork 2 16
==71108== Profiling result:
            Type  Time(%)      Time     Calls       Avg       Min       Max  Name
 GPU activities:  100.00%  5.89053s         1  5.89053s  5.89053s  5.89053s  find_hash(int, int)
                    0.00%  3.3920us         3  1.1300us  1.1200us  1.1520us  [CUDA memcpy HtoD]
      API calls:   93.62%  5.89064s         1  5.89064s  5.89064s  5.89064s  cudaDeviceSynchronize
                    6.36%  400.06ms         3  133.35ms  14.260us  400.03ms  cudaMemcpyToSymbol
                    0.01%  620.42us        86  7.2140us     341ns  269.55us  cuDeviceGetAttribute
                    0.01%  370.44us         1  370.44us  370.44us  370.44us  cuDeviceTotalMem
                    0.00%  126.72us         1  126.72us  126.72us  126.72us  cudaLaunch
                    0.00%  61.343us         1  61.343us  61.343us  61.343us  cuDeviceGetName
                    0.00%  5.7410us         2  2.8700us     545ns  5.1960us  cudaSetupArgument
                    0.00%  4.0230us         3  1.3410us     321ns  3.0770us  cuDeviceGetCount
                    0.00%  2.5790us         1  2.5790us  2.5790us  2.5790us  cudaConfigureCall
                    0.00%  1.5680us         2     784ns     426ns  1.1420us  cuDeviceGet

==71108== Unified Memory profiling result:
Device "Tesla V100-PCIE-16GB (0)"
   Count  Avg Size  Min Size  Max Size  Total Size  Total Time  Name
       2  32.000KB  4.0000KB  60.000KB  64.00000KB  6.944000us  Device To Host
       1         -         -         -           -  228.4480us  Gpu page fault groups
Total CPU Page faults: 1
