==85042== NVPROF is profiling process 85042, command: ./0123HomeWork 2 2
==85042== Profiling application: ./0123HomeWork 2 2
==85042== Profiling result:
            Type  Time(%)      Time     Calls       Avg       Min       Max  Name
 GPU activities:  100.00%  91.1835s         1  91.1835s  91.1835s  91.1835s  find_hash(int, int)
                    0.00%  3.3600us         3  1.1200us  1.0880us  1.1520us  [CUDA memcpy HtoD]
      API calls:   99.56%  91.1837s         1  91.1837s  91.1837s  91.1837s  cudaDeviceSynchronize
                    0.44%  405.21ms         3  135.07ms  13.091us  405.16ms  cudaMemcpyToSymbol
                    0.00%  418.66us        86  4.8680us     148ns  184.56us  cuDeviceGetAttribute
                    0.00%  173.17us         1  173.17us  173.17us  173.17us  cuDeviceTotalMem
                    0.00%  138.18us         1  138.18us  138.18us  138.18us  cudaLaunch
                    0.00%  40.775us         1  40.775us  40.775us  40.775us  cuDeviceGetName
                    0.00%  4.5380us         2  2.2690us     494ns  4.0440us  cudaSetupArgument
                    0.00%  2.5490us         1  2.5490us  2.5490us  2.5490us  cudaConfigureCall
                    0.00%  2.2270us         3     742ns     156ns  1.7530us  cuDeviceGetCount
                    0.00%     613ns         2     306ns     159ns     454ns  cuDeviceGet

==85042== Unified Memory profiling result:
Device "Tesla V100-PCIE-16GB (0)"
   Count  Avg Size  Min Size  Max Size  Total Size  Total Time  Name
       2  32.000KB  4.0000KB  60.000KB  64.00000KB  6.944000us  Device To Host
       1         -         -         -           -  254.9440us  Gpu page fault groups
Total CPU Page faults: 1
