==77824== NVPROF is profiling process 77824, command: ./0123HomeWork 2 4
==77824== Profiling application: ./0123HomeWork 2 4
==77824== Profiling result:
            Type  Time(%)      Time     Calls       Avg       Min       Max  Name
 GPU activities:  100.00%  28.5649s         1  28.5649s  28.5649s  28.5649s  find_hash(int, int)
                    0.00%  3.3920us         3  1.1300us  1.1200us  1.1520us  [CUDA memcpy HtoD]
      API calls:   98.52%  28.5650s         1  28.5650s  28.5650s  28.5650s  cudaDeviceSynchronize
                    1.48%  428.60ms         3  142.87ms  22.724us  428.55ms  cudaMemcpyToSymbol
                    0.00%  617.75us        86  7.1830us     333ns  267.60us  cuDeviceGetAttribute
                    0.00%  375.59us         1  375.59us  375.59us  375.59us  cuDeviceTotalMem
                    0.00%  177.54us         1  177.54us  177.54us  177.54us  cudaLaunch
                    0.00%  60.580us         1  60.580us  60.580us  60.580us  cuDeviceGetName
                    0.00%  7.5410us         2  3.7700us     765ns  6.7760us  cudaSetupArgument
                    0.00%  4.6690us         3  1.5560us     446ns  3.5360us  cuDeviceGetCount
                    0.00%  3.1520us         1  3.1520us  3.1520us  3.1520us  cudaConfigureCall
                    0.00%  1.4100us         2     705ns     505ns     905ns  cuDeviceGet

==77824== Unified Memory profiling result:
Device "Tesla V100-PCIE-16GB (0)"
   Count  Avg Size  Min Size  Max Size  Total Size  Total Time  Name
       2  32.000KB  4.0000KB  60.000KB  64.00000KB  6.976000us  Device To Host
       1         -         -         -           -  203.7440us  Gpu page fault groups
Total CPU Page faults: 1
