==75579== NVPROF is profiling process 75579, command: ./0123HomeWork 2 4
==75579== Profiling application: ./0123HomeWork 2 4
==75579== Profiling result:
            Type  Time(%)      Time     Calls       Avg       Min       Max  Name
 GPU activities:  100.00%  79.0268s         1  79.0268s  79.0268s  79.0268s  find_hash(int, int)
                    0.00%  3.4240us         3  1.1410us  1.1200us  1.1840us  [CUDA memcpy HtoD]
      API calls:   99.48%  79.0270s         1  79.0270s  79.0270s  79.0270s  cudaDeviceSynchronize
                    0.51%  408.29ms         3  136.10ms  13.432us  408.26ms  cudaMemcpyToSymbol
                    0.00%  509.12us        86  5.9200us     226ns  222.67us  cuDeviceGetAttribute
                    0.00%  246.48us         1  246.48us  246.48us  246.48us  cuDeviceTotalMem
                    0.00%  73.924us         1  73.924us  73.924us  73.924us  cudaLaunch
                    0.00%  52.119us         1  52.119us  52.119us  52.119us  cuDeviceGetName
                    0.00%  4.7400us         2  2.3700us     481ns  4.2590us  cudaSetupArgument
                    0.00%  3.1530us         3  1.0510us     258ns  2.3370us  cuDeviceGetCount
                    0.00%  2.1920us         1  2.1920us  2.1920us  2.1920us  cudaConfigureCall
                    0.00%     952ns         2     476ns     319ns     633ns  cuDeviceGet

==75579== Unified Memory profiling result:
Device "Tesla V100-PCIE-16GB (0)"
   Count  Avg Size  Min Size  Max Size  Total Size  Total Time  Name
       2  32.000KB  4.0000KB  60.000KB  64.00000KB  6.912000us  Device To Host
       1         -         -         -           -  245.7600us  Gpu page fault groups
Total CPU Page faults: 1
