==29057== NVPROF is profiling process 29057, command: ./0123HomeWork 32 1
==29057== Profiling application: ./0123HomeWork 32 1
==29057== Profiling result:
            Type  Time(%)      Time     Calls       Avg       Min       Max  Name
 GPU activities:  100.00%  26.5427s         1  26.5427s  26.5427s  26.5427s  find_hash(int, int)
                    0.00%  3.6480us         3  1.2160us  1.1200us  1.3760us  [CUDA memcpy HtoD]
      API calls:   98.51%  26.5428s         1  26.5428s  26.5428s  26.5428s  cudaDeviceSynchronize
                    1.48%  399.95ms         3  133.32ms  18.972us  399.91ms  cudaMemcpyToSymbol
                    0.00%  576.67us        86  6.7050us     211ns  281.32us  cuDeviceGetAttribute
                    0.00%  372.30us         1  372.30us  372.30us  372.30us  cuDeviceTotalMem
                    0.00%  223.69us         1  223.69us  223.69us  223.69us  cudaLaunch
                    0.00%  64.213us         1  64.213us  64.213us  64.213us  cuDeviceGetName
                    0.00%  6.2470us         2  3.1230us     774ns  5.4730us  cudaSetupArgument
                    0.00%  4.3890us         3  1.4630us     384ns  3.3650us  cuDeviceGetCount
                    0.00%  2.8620us         1  2.8620us  2.8620us  2.8620us  cudaConfigureCall
                    0.00%  1.5020us         2     751ns     396ns  1.1060us  cuDeviceGet

==29057== Unified Memory profiling result:
Device "Tesla V100-PCIE-16GB (0)"
   Count  Avg Size  Min Size  Max Size  Total Size  Total Time  Name
       2  32.000KB  4.0000KB  60.000KB  64.00000KB  6.944000us  Device To Host
       1         -         -         -           -  248.9920us  Gpu page fault groups
Total CPU Page faults: 1
