==24249== NVPROF is profiling process 24249, command: ./0123HomeWork 32 128
==24249== Profiling application: ./0123HomeWork 32 128
==24249== Profiling result:
            Type  Time(%)      Time     Calls       Avg       Min       Max  Name
 GPU activities:  100.00%  212.05ms         1  212.05ms  212.05ms  212.05ms  find_hash(int, int)
                    0.00%  3.3920us         3  1.1300us  1.1200us  1.1520us  [CUDA memcpy HtoD]
      API calls:   66.25%  418.18ms         3  139.39ms  19.276us  418.13ms  cudaMemcpyToSymbol
                   33.59%  212.04ms         1  212.04ms  212.04ms  212.04ms  cudaDeviceSynchronize
                    0.08%  490.83us        86  5.7070us     177ns  228.96us  cuDeviceGetAttribute
                    0.04%  254.37us         1  254.37us  254.37us  254.37us  cuDeviceTotalMem
                    0.02%  152.14us         1  152.14us  152.14us  152.14us  cudaLaunch
                    0.01%  49.578us         1  49.578us  49.578us  49.578us  cuDeviceGetName
                    0.00%  6.8210us         2  3.4100us     842ns  5.9790us  cudaSetupArgument
                    0.00%  3.3030us         1  3.3030us  3.3030us  3.3030us  cudaConfigureCall
                    0.00%  3.2720us         3  1.0900us     230ns  2.5900us  cuDeviceGetCount
                    0.00%     853ns         2     426ns     260ns     593ns  cuDeviceGet

==24249== Unified Memory profiling result:
Device "Tesla V100-PCIE-16GB (0)"
   Count  Avg Size  Min Size  Max Size  Total Size  Total Time  Name
       2  32.000KB  4.0000KB  60.000KB  64.00000KB  6.944000us  Device To Host
       1         -         -         -           -  228.3200us  Gpu page fault groups
Total CPU Page faults: 1
