==24132== NVPROF is profiling process 24132, command: ./0123HomeWork 32 128
==24132== Profiling application: ./0123HomeWork 32 128
==24132== Profiling result:
            Type  Time(%)      Time     Calls       Avg       Min       Max  Name
 GPU activities:   99.99%  40.598ms         1  40.598ms  40.598ms  40.598ms  find_hash(int, int)
                    0.01%  3.4560us         3  1.1520us  1.1520us  1.1520us  [CUDA memcpy HtoD]
      API calls:   90.50%  395.03ms         3  131.68ms  14.543us  395.00ms  cudaMemcpyToSymbol
                    9.30%  40.600ms         1  40.600ms  40.600ms  40.600ms  cudaDeviceSynchronize
                    0.11%  465.40us        86  5.4110us     212ns  208.29us  cuDeviceGetAttribute
                    0.06%  240.40us         1  240.40us  240.40us  240.40us  cuDeviceTotalMem
                    0.03%  125.62us         1  125.62us  125.62us  125.62us  cudaLaunch
                    0.01%  45.402us         1  45.402us  45.402us  45.402us  cuDeviceGetName
                    0.00%  5.5840us         2  2.7920us     435ns  5.1490us  cudaSetupArgument
                    0.00%  2.9480us         3     982ns     211ns  2.2400us  cuDeviceGetCount
                    0.00%  2.8430us         1  2.8430us  2.8430us  2.8430us  cudaConfigureCall
                    0.00%     923ns         2     461ns     273ns     650ns  cuDeviceGet

==24132== Unified Memory profiling result:
Device "Tesla V100-PCIE-16GB (0)"
   Count  Avg Size  Min Size  Max Size  Total Size  Total Time  Name
       2  32.000KB  4.0000KB  60.000KB  64.00000KB  7.232000us  Device To Host
       1         -         -         -           -  217.6320us  Gpu page fault groups
Total CPU Page faults: 1
