==27423== NVPROF is profiling process 27423, command: ./0123HomeWork 32 2
==27423== Profiling application: ./0123HomeWork 32 2
==27423== Profiling result:
            Type  Time(%)      Time     Calls       Avg       Min       Max  Name
 GPU activities:  100.00%  3.74209s         1  3.74209s  3.74209s  3.74209s  find_hash(int, int)
                    0.00%  3.3600us         3  1.1200us  1.1200us  1.1200us  [CUDA memcpy HtoD]
      API calls:   90.28%  3.74221s         1  3.74221s  3.74221s  3.74221s  cudaDeviceSynchronize
                    9.70%  401.90ms         3  133.97ms  24.419us  401.85ms  cudaMemcpyToSymbol
                    0.01%  530.29us        86  6.1660us     264ns  230.53us  cuDeviceGetAttribute
                    0.01%  298.70us         1  298.70us  298.70us  298.70us  cuDeviceTotalMem
                    0.00%  126.76us         1  126.76us  126.76us  126.76us  cudaLaunch
                    0.00%  52.782us         1  52.782us  52.782us  52.782us  cuDeviceGetName
                    0.00%  5.1840us         2  2.5920us     479ns  4.7050us  cudaSetupArgument
                    0.00%  4.3940us         3  1.4640us     380ns  3.4270us  cuDeviceGetCount
                    0.00%  3.3640us         1  3.3640us  3.3640us  3.3640us  cudaConfigureCall
                    0.00%  1.3140us         2     657ns     404ns     910ns  cuDeviceGet

==27423== Unified Memory profiling result:
Device "Tesla V100-PCIE-16GB (0)"
   Count  Avg Size  Min Size  Max Size  Total Size  Total Time  Name
       2  32.000KB  4.0000KB  60.000KB  64.00000KB  6.944000us  Device To Host
       1         -         -         -           -  231.7120us  Gpu page fault groups
Total CPU Page faults: 1
