==23572== NVPROF is profiling process 23572, command: ./0123HomeWork 32 256
==23572== Profiling application: ./0123HomeWork 32 256
==23572== Profiling result:
            Type  Time(%)      Time     Calls       Avg       Min       Max  Name
 GPU activities:   99.99%  33.773ms         1  33.773ms  33.773ms  33.773ms  find_hash(int, int)
                    0.01%  3.6160us         3  1.2050us  1.1840us  1.2160us  [CUDA memcpy HtoD]
      API calls:   92.36%  420.05ms         3  140.02ms  14.969us  420.01ms  cudaMemcpyToSymbol
                    7.43%  33.772ms         1  33.772ms  33.772ms  33.772ms  cudaDeviceSynchronize
                    0.12%  523.54us        86  6.0870us     210ns  234.34us  cuDeviceGetAttribute
                    0.05%  244.92us         1  244.92us  244.92us  244.92us  cuDeviceTotalMem
                    0.03%  134.85us         1  134.85us  134.85us  134.85us  cudaLaunch
                    0.01%  49.679us         1  49.679us  49.679us  49.679us  cuDeviceGetName
                    0.00%  5.5130us         2  2.7560us     505ns  5.0080us  cudaSetupArgument
                    0.00%  2.8830us         3     961ns     237ns  2.2090us  cuDeviceGetCount
                    0.00%  2.7970us         1  2.7970us  2.7970us  2.7970us  cudaConfigureCall
                    0.00%     860ns         2     430ns     251ns     609ns  cuDeviceGet

==23572== Unified Memory profiling result:
Device "Tesla V100-PCIE-16GB (0)"
   Count  Avg Size  Min Size  Max Size  Total Size  Total Time  Name
       2  32.000KB  4.0000KB  60.000KB  64.00000KB  7.328000us  Device To Host
       1         -         -         -           -  226.7520us  Gpu page fault groups
Total CPU Page faults: 1
