==23850== NVPROF is profiling process 23850, command: ./0123HomeWork 32 256
==23850== Profiling application: ./0123HomeWork 32 256
==23850== Profiling result:
            Type  Time(%)      Time     Calls       Avg       Min       Max  Name
 GPU activities:   99.99%  28.088ms         1  28.088ms  28.088ms  28.088ms  find_hash(int, int)
                    0.01%  3.3280us         3  1.1090us  1.0880us  1.1200us  [CUDA memcpy HtoD]
      API calls:   93.15%  397.78ms         3  132.59ms  12.958us  397.76ms  cudaMemcpyToSymbol
                    6.58%  28.088ms         1  28.088ms  28.088ms  28.088ms  cudaDeviceSynchronize
                    0.14%  618.04us        86  7.1860us     334ns  267.87us  cuDeviceGetAttribute
                    0.09%  370.42us         1  370.42us  370.42us  370.42us  cuDeviceTotalMem
                    0.03%  112.92us         1  112.92us  112.92us  112.92us  cudaLaunch
                    0.01%  61.755us         1  61.755us  61.755us  61.755us  cuDeviceGetName
                    0.00%  4.3080us         2  2.1540us     542ns  3.7660us  cudaSetupArgument
                    0.00%  4.1400us         3  1.3800us     336ns  3.1540us  cuDeviceGetCount
                    0.00%  2.4700us         1  2.4700us  2.4700us  2.4700us  cudaConfigureCall
                    0.00%  1.6170us         2     808ns     424ns  1.1930us  cuDeviceGet

==23850== Unified Memory profiling result:
Device "Tesla V100-PCIE-16GB (0)"
   Count  Avg Size  Min Size  Max Size  Total Size  Total Time  Name
       2  32.000KB  4.0000KB  60.000KB  64.00000KB  7.168000us  Device To Host
       1         -         -         -           -  321.8880us  Gpu page fault groups
Total CPU Page faults: 1
