==27057== NVPROF is profiling process 27057, command: ./0123HomeWork 32 4
==27057== Profiling application: ./0123HomeWork 32 4
==27057== Profiling result:
            Type  Time(%)      Time     Calls       Avg       Min       Max  Name
 GPU activities:  100.00%  2.90127s         1  2.90127s  2.90127s  2.90127s  find_hash(int, int)
                    0.00%  3.4240us         3  1.1410us  1.1200us  1.1520us  [CUDA memcpy HtoD]
      API calls:   87.70%  2.90140s         1  2.90140s  2.90140s  2.90140s  cudaDeviceSynchronize
                   12.26%  405.73ms         3  135.24ms  19.466us  405.69ms  cudaMemcpyToSymbol
                    0.02%  619.82us        86  7.2070us     338ns  268.30us  cuDeviceGetAttribute
                    0.01%  370.62us         1  370.62us  370.62us  370.62us  cuDeviceTotalMem
                    0.01%  168.91us         1  168.91us  168.91us  168.91us  cudaLaunch
                    0.00%  61.868us         1  61.868us  61.868us  61.868us  cuDeviceGetName
                    0.00%  7.1680us         2  3.5840us     852ns  6.3160us  cudaSetupArgument
                    0.00%  4.3380us         3  1.4460us     395ns  3.1510us  cuDeviceGetCount
                    0.00%  3.5470us         1  3.5470us  3.5470us  3.5470us  cudaConfigureCall
                    0.00%  1.6410us         2     820ns     438ns  1.2030us  cuDeviceGet

==27057== Unified Memory profiling result:
Device "Tesla V100-PCIE-16GB (0)"
   Count  Avg Size  Min Size  Max Size  Total Size  Total Time  Name
       2  32.000KB  4.0000KB  60.000KB  64.00000KB  6.976000us  Device To Host
       1         -         -         -           -  226.0480us  Gpu page fault groups
Total CPU Page faults: 1
