==26566== NVPROF is profiling process 26566, command: ./0123HomeWork 32 4
==26566== Profiling application: ./0123HomeWork 32 4
==26566== Profiling result:
            Type  Time(%)      Time     Calls       Avg       Min       Max  Name
 GPU activities:  100.00%  1.07199s         1  1.07199s  1.07199s  1.07199s  find_hash(int, int)
                    0.00%  3.4240us         3  1.1410us  1.1200us  1.1520us  [CUDA memcpy HtoD]
      API calls:   72.60%  1.07202s         1  1.07202s  1.07202s  1.07202s  cudaDeviceSynchronize
                   27.35%  403.82ms         3  134.61ms  12.750us  403.79ms  cudaMemcpyToSymbol
                    0.03%  377.39us        86  4.3880us     147ns  165.99us  cuDeviceGetAttribute
                    0.01%  170.19us         1  170.19us  170.19us  170.19us  cuDeviceTotalMem
                    0.01%  111.10us         1  111.10us  111.10us  111.10us  cudaLaunch
                    0.00%  37.404us         1  37.404us  37.404us  37.404us  cuDeviceGetName
                    0.00%  4.2680us         2  2.1340us     451ns  3.8170us  cudaSetupArgument
                    0.00%  2.3120us         3     770ns     161ns  1.8250us  cuDeviceGetCount
                    0.00%  1.8490us         1  1.8490us  1.8490us  1.8490us  cudaConfigureCall
                    0.00%     616ns         2     308ns     169ns     447ns  cuDeviceGet

==26566== Unified Memory profiling result:
Device "Tesla V100-PCIE-16GB (0)"
   Count  Avg Size  Min Size  Max Size  Total Size  Total Time  Name
       2  32.000KB  4.0000KB  60.000KB  64.00000KB  7.040000us  Device To Host
       1         -         -         -           -  196.0000us  Gpu page fault groups
Total CPU Page faults: 1
