==26903== NVPROF is profiling process 26903, command: ./0123HomeWork 32 4
==26903== Profiling application: ./0123HomeWork 32 4
==26903== Profiling result:
            Type  Time(%)      Time     Calls       Avg       Min       Max  Name
 GPU activities:  100.00%  3.46961s         1  3.46961s  3.46961s  3.46961s  find_hash(int, int)
                    0.00%  3.3920us         3  1.1300us  1.1200us  1.1520us  [CUDA memcpy HtoD]
      API calls:   89.24%  3.46978s         1  3.46978s  3.46978s  3.46978s  cudaDeviceSynchronize
                   10.73%  417.35ms         3  139.12ms  13.686us  417.32ms  cudaMemcpyToSymbol
                    0.01%  509.14us        86  5.9200us     212ns  222.54us  cuDeviceGetAttribute
                    0.01%  246.70us         1  246.70us  246.70us  246.70us  cuDeviceTotalMem
                    0.00%  109.69us         1  109.69us  109.69us  109.69us  cudaLaunch
                    0.00%  50.678us         1  50.678us  50.678us  50.678us  cuDeviceGetName
                    0.00%  4.3200us         2  2.1600us     485ns  3.8350us  cudaSetupArgument
                    0.00%  3.1710us         3  1.0570us     241ns  2.5500us  cuDeviceGetCount
                    0.00%  2.2280us         1  2.2280us  2.2280us  2.2280us  cudaConfigureCall
                    0.00%  1.0010us         2     500ns     291ns     710ns  cuDeviceGet

==26903== Unified Memory profiling result:
Device "Tesla V100-PCIE-16GB (0)"
   Count  Avg Size  Min Size  Max Size  Total Size  Total Time  Name
       2  32.000KB  4.0000KB  60.000KB  64.00000KB  6.944000us  Device To Host
       1         -         -         -           -  237.8560us  Gpu page fault groups
Total CPU Page faults: 1
