==26221== NVPROF is profiling process 26221, command: ./0123HomeWork 32 8
==26221== Profiling application: ./0123HomeWork 32 8
==26221== Profiling result:
            Type  Time(%)      Time     Calls       Avg       Min       Max  Name
 GPU activities:  100.00%  324.67ms         1  324.67ms  324.67ms  324.67ms  find_hash(int, int)
                    0.00%  3.6160us         3  1.2050us  1.1840us  1.2160us  [CUDA memcpy HtoD]
      API calls:   56.29%  419.43ms         3  139.81ms  13.038us  419.41ms  cudaMemcpyToSymbol
                   43.58%  324.67ms         1  324.67ms  324.67ms  324.67ms  cudaDeviceSynchronize
                    0.07%  509.14us        86  5.9200us     212ns  223.74us  cuDeviceGetAttribute
                    0.04%  265.29us         1  265.29us  265.29us  265.29us  cuDeviceTotalMem
                    0.02%  120.94us         1  120.94us  120.94us  120.94us  cudaLaunch
                    0.01%  51.944us         1  51.944us  51.944us  51.944us  cuDeviceGetName
                    0.00%  5.8580us         2  2.9290us     536ns  5.3220us  cudaSetupArgument
                    0.00%  4.4340us         3  1.4780us     361ns  3.5970us  cuDeviceGetCount
                    0.00%  2.4400us         1  2.4400us  2.4400us  2.4400us  cudaConfigureCall
                    0.00%  1.3490us         2     674ns     252ns  1.0970us  cuDeviceGet

==26221== Unified Memory profiling result:
Device "Tesla V100-PCIE-16GB (0)"
   Count  Avg Size  Min Size  Max Size  Total Size  Total Time  Name
       2  32.000KB  4.0000KB  60.000KB  64.00000KB  7.200000us  Device To Host
       1         -         -         -           -  232.0320us  Gpu page fault groups
Total CPU Page faults: 1
