==49407== NVPROF is profiling process 49407, command: ./0123HomeWork 4 128
==49407== Profiling application: ./0123HomeWork 4 128
==49407== Profiling result:
            Type  Time(%)      Time     Calls       Avg       Min       Max  Name
 GPU activities:  100.00%  413.19ms         1  413.19ms  413.19ms  413.19ms  find_hash(int, int)
                    0.00%  3.5520us         3  1.1840us  1.1840us  1.1840us  [CUDA memcpy HtoD]
      API calls:   50.30%  413.19ms         1  413.19ms  413.19ms  413.19ms  cudaDeviceSynchronize
                   49.59%  407.39ms         3  135.80ms  13.077us  407.37ms  cudaMemcpyToSymbol
                    0.07%  536.86us        86  6.2420us     212ns  235.72us  cuDeviceGetAttribute
                    0.03%  259.53us         1  259.53us  259.53us  259.53us  cuDeviceTotalMem
                    0.01%  74.654us         1  74.654us  74.654us  74.654us  cudaLaunch
                    0.01%  49.805us         1  49.805us  49.805us  49.805us  cuDeviceGetName
                    0.00%  4.5710us         2  2.2850us     525ns  4.0460us  cudaSetupArgument
                    0.00%  2.8880us         3     962ns     303ns  2.0890us  cuDeviceGetCount
                    0.00%  2.2720us         1  2.2720us  2.2720us  2.2720us  cudaConfigureCall
                    0.00%     913ns         2     456ns     310ns     603ns  cuDeviceGet

==49407== Unified Memory profiling result:
Device "Tesla V100-PCIE-16GB (0)"
   Count  Avg Size  Min Size  Max Size  Total Size  Total Time  Name
       2  32.000KB  4.0000KB  60.000KB  64.00000KB  7.200000us  Device To Host
       1         -         -         -           -  231.0720us  Gpu page fault groups
Total CPU Page faults: 1
