==51587== NVPROF is profiling process 51587, command: ./0123HomeWork 4 16
==51587== Profiling application: ./0123HomeWork 4 16
==51587== Profiling result:
            Type  Time(%)      Time     Calls       Avg       Min       Max  Name
 GPU activities:  100.00%  5.47133s         1  5.47133s  5.47133s  5.47133s  find_hash(int, int)
                    0.00%  3.6160us         3  1.2050us  1.1200us  1.3760us  [CUDA memcpy HtoD]
      API calls:   93.08%  5.47144s         1  5.47144s  5.47144s  5.47144s  cudaDeviceSynchronize
                    6.90%  405.47ms         3  135.16ms  13.609us  405.44ms  cudaMemcpyToSymbol
                    0.01%  563.43us        86  6.5510us     269ns  246.58us  cuDeviceGetAttribute
                    0.01%  302.08us         1  302.08us  302.08us  302.08us  cuDeviceTotalMem
                    0.00%  130.12us         1  130.12us  130.12us  130.12us  cudaLaunch
                    0.00%  53.674us         1  53.674us  53.674us  53.674us  cuDeviceGetName
                    0.00%  5.7090us         2  2.8540us     605ns  5.1040us  cudaSetupArgument
                    0.00%  3.7170us         3  1.2390us     310ns  2.6600us  cuDeviceGetCount
                    0.00%  3.2690us         1  3.2690us  3.2690us  3.2690us  cudaConfigureCall
                    0.00%  1.5270us         2     763ns     481ns  1.0460us  cuDeviceGet

==51587== Unified Memory profiling result:
Device "Tesla V100-PCIE-16GB (0)"
   Count  Avg Size  Min Size  Max Size  Total Size  Total Time  Name
       2  32.000KB  4.0000KB  60.000KB  64.00000KB  7.008000us  Device To Host
       1         -         -         -           -  236.9920us  Gpu page fault groups
Total CPU Page faults: 1
