==55565== NVPROF is profiling process 55565, command: ./0123HomeWork 4 2
==55565== Profiling application: ./0123HomeWork 4 2
==55565== Profiling result:
            Type  Time(%)      Time     Calls       Avg       Min       Max  Name
 GPU activities:  100.00%  96.0797s         1  96.0797s  96.0797s  96.0797s  find_hash(int, int)
                    0.00%  3.3920us         3  1.1300us  1.1200us  1.1520us  [CUDA memcpy HtoD]
      API calls:   99.58%  96.0798s         1  96.0798s  96.0798s  96.0798s  cudaDeviceSynchronize
                    0.42%  402.19ms         3  134.06ms  18.955us  402.15ms  cudaMemcpyToSymbol
                    0.00%  505.09us        86  5.8730us     209ns  221.26us  cuDeviceGetAttribute
                    0.00%  252.17us         1  252.17us  252.17us  252.17us  cuDeviceTotalMem
                    0.00%  151.69us         1  151.69us  151.69us  151.69us  cudaLaunch
                    0.00%  49.344us         1  49.344us  49.344us  49.344us  cuDeviceGetName
                    0.00%  6.5390us         2  3.2690us     732ns  5.8070us  cudaSetupArgument
                    0.00%  3.3100us         1  3.3100us  3.3100us  3.3100us  cudaConfigureCall
                    0.00%  2.7910us         3     930ns     248ns  2.0990us  cuDeviceGetCount
                    0.00%     818ns         2     409ns     255ns     563ns  cuDeviceGet

==55565== Unified Memory profiling result:
Device "Tesla V100-PCIE-16GB (0)"
   Count  Avg Size  Min Size  Max Size  Total Size  Total Time  Name
       2  32.000KB  4.0000KB  60.000KB  64.00000KB  7.008000us  Device To Host
       1         -         -         -           -  232.5440us  Gpu page fault groups
Total CPU Page faults: 1
