==55372== NVPROF is profiling process 55372, command: ./0123HomeWork 4 4
==55372== Profiling application: ./0123HomeWork 4 4
==55372== Profiling result:
            Type  Time(%)      Time     Calls       Avg       Min       Max  Name
 GPU activities:  100.00%  35.7441s         1  35.7441s  35.7441s  35.7441s  find_hash(int, int)
                    0.00%  3.5520us         3  1.1840us  1.1840us  1.1840us  [CUDA memcpy HtoD]
      API calls:   98.82%  35.7442s         1  35.7442s  35.7442s  35.7442s  cudaDeviceSynchronize
                    1.18%  426.91ms         3  142.30ms  19.440us  426.87ms  cudaMemcpyToSymbol
                    0.00%  618.06us        86  7.1860us     334ns  268.18us  cuDeviceGetAttribute
                    0.00%  370.22us         1  370.22us  370.22us  370.22us  cuDeviceTotalMem
                    0.00%  172.48us         1  172.48us  172.48us  172.48us  cudaLaunch
                    0.00%  61.303us         1  61.303us  61.303us  61.303us  cuDeviceGetName
                    0.00%  6.4240us         2  3.2120us     728ns  5.6960us  cudaSetupArgument
                    0.00%  4.4720us         3  1.4900us     448ns  3.3620us  cuDeviceGetCount
                    0.00%  3.4340us         1  3.4340us  3.4340us  3.4340us  cudaConfigureCall
                    0.00%  1.0950us         2     547ns     359ns     736ns  cuDeviceGet

==55372== Unified Memory profiling result:
Device "Tesla V100-PCIE-16GB (0)"
   Count  Avg Size  Min Size  Max Size  Total Size  Total Time  Name
       2  32.000KB  4.0000KB  60.000KB  64.00000KB  7.072000us  Device To Host
       1         -         -         -           -  250.2400us  Gpu page fault groups
Total CPU Page faults: 1
