==55182== NVPROF is profiling process 55182, command: ./0123HomeWork 4 4
==55182== Profiling application: ./0123HomeWork 4 4
==55182== Profiling result:
            Type  Time(%)      Time     Calls       Avg       Min       Max  Name
 GPU activities:  100.00%  47.1218s         1  47.1218s  47.1218s  47.1218s  find_hash(int, int)
                    0.00%  3.3920us         3  1.1300us  1.1200us  1.1520us  [CUDA memcpy HtoD]
      API calls:   99.12%  47.1219s         1  47.1219s  47.1219s  47.1219s  cudaDeviceSynchronize
                    0.88%  419.43ms         3  139.81ms  18.351us  419.38ms  cudaMemcpyToSymbol
                    0.00%  451.05us        86  5.2440us     168ns  199.38us  cuDeviceGetAttribute
                    0.00%  198.54us         1  198.54us  198.54us  198.54us  cuDeviceTotalMem
                    0.00%  150.23us         1  150.23us  150.23us  150.23us  cudaLaunch
                    0.00%  44.058us         1  44.058us  44.058us  44.058us  cuDeviceGetName
                    0.00%  5.9800us         2  2.9900us     775ns  5.2050us  cudaSetupArgument
                    0.00%  3.2320us         1  3.2320us  3.2320us  3.2320us  cudaConfigureCall
                    0.00%  2.4880us         3     829ns     163ns  1.9910us  cuDeviceGetCount
                    0.00%     745ns         2     372ns     206ns     539ns  cuDeviceGet

==55182== Unified Memory profiling result:
Device "Tesla V100-PCIE-16GB (0)"
   Count  Avg Size  Min Size  Max Size  Total Size  Total Time  Name
       2  32.000KB  4.0000KB  60.000KB  64.00000KB  6.976000us  Device To Host
       1         -         -         -           -  258.6880us  Gpu page fault groups
Total CPU Page faults: 1
