==53800== NVPROF is profiling process 53800, command: ./0123HomeWork 4 4
==53800== Profiling application: ./0123HomeWork 4 4
==53800== Profiling result:
            Type  Time(%)      Time     Calls       Avg       Min       Max  Name
 GPU activities:  100.00%  12.8151s         1  12.8151s  12.8151s  12.8151s  find_hash(int, int)
                    0.00%  3.3920us         3  1.1300us  1.1200us  1.1520us  [CUDA memcpy HtoD]
      API calls:   96.95%  12.8153s         1  12.8153s  12.8153s  12.8153s  cudaDeviceSynchronize
                    3.04%  402.26ms         3  134.09ms  18.920us  402.22ms  cudaMemcpyToSymbol
                    0.00%  471.45us        86  5.4820us     148ns  223.08us  cuDeviceGetAttribute
                    0.00%  247.00us         1  247.00us  247.00us  247.00us  cuDeviceTotalMem
                    0.00%  99.692us         1  99.692us  99.692us  99.692us  cudaLaunch
                    0.00%  50.657us         1  50.657us  50.657us  50.657us  cuDeviceGetName
                    0.00%  25.108us         2  12.554us     828ns  24.280us  cudaSetupArgument
                    0.00%  3.3830us         1  3.3830us  3.3830us  3.3830us  cudaConfigureCall
                    0.00%  2.9050us         3     968ns     253ns  2.1660us  cuDeviceGetCount
                    0.00%     927ns         2     463ns     270ns     657ns  cuDeviceGet

==53800== Unified Memory profiling result:
Device "Tesla V100-PCIE-16GB (0)"
   Count  Avg Size  Min Size  Max Size  Total Size  Total Time  Name
       2  32.000KB  4.0000KB  60.000KB  64.00000KB  6.976000us  Device To Host
       1         -         -         -           -  230.3680us  Gpu page fault groups
Total CPU Page faults: 1
