==50313== NVPROF is profiling process 50313, command: ./0123HomeWork 4 64
==50313== Profiling application: ./0123HomeWork 4 64
==50313== Profiling result:
            Type  Time(%)      Time     Calls       Avg       Min       Max  Name
 GPU activities:  100.00%  559.60ms         1  559.60ms  559.60ms  559.60ms  find_hash(int, int)
                    0.00%  3.4560us         3  1.1520us  1.1520us  1.1520us  [CUDA memcpy HtoD]
      API calls:   57.66%  559.61ms         1  559.61ms  559.61ms  559.61ms  cudaDeviceSynchronize
                   42.21%  409.70ms         3  136.57ms  13.287us  409.67ms  cudaMemcpyToSymbol
                    0.07%  683.34us        86  7.9450us     330ns  301.09us  cuDeviceGetAttribute
                    0.04%  373.81us         1  373.81us  373.81us  373.81us  cuDeviceTotalMem
                    0.01%  107.85us         1  107.85us  107.85us  107.85us  cudaLaunch
                    0.01%  66.222us         1  66.222us  66.222us  66.222us  cuDeviceGetName
                    0.00%  4.9110us         3  1.6370us     411ns  3.9040us  cuDeviceGetCount
                    0.00%  4.5880us         2  2.2940us     481ns  4.1070us  cudaSetupArgument
                    0.00%  1.9840us         1  1.9840us  1.9840us  1.9840us  cudaConfigureCall
                    0.00%  1.4550us         2     727ns     523ns     932ns  cuDeviceGet

==50313== Unified Memory profiling result:
Device "Tesla V100-PCIE-16GB (0)"
   Count  Avg Size  Min Size  Max Size  Total Size  Total Time  Name
       2  32.000KB  4.0000KB  60.000KB  64.00000KB  6.944000us  Device To Host
       1         -         -         -           -  242.5600us  Gpu page fault groups
Total CPU Page faults: 1
