==49843== NVPROF is profiling process 49843, command: ./0123HomeWork 4 64
==49843== Profiling application: ./0123HomeWork 4 64
==49843== Profiling result:
            Type  Time(%)      Time     Calls       Avg       Min       Max  Name
 GPU activities:  100.00%  2.54861s         1  2.54861s  2.54861s  2.54861s  find_hash(int, int)
                    0.00%  3.3920us         3  1.1300us  1.1200us  1.1520us  [CUDA memcpy HtoD]
      API calls:   86.11%  2.54877s         1  2.54877s  2.54877s  2.54877s  cudaDeviceSynchronize
                   13.86%  410.38ms         3  136.79ms  19.640us  410.34ms  cudaMemcpyToSymbol
                    0.01%  413.97us        86  4.8130us     143ns  182.53us  cuDeviceGetAttribute
                    0.01%  175.68us         1  175.68us  175.68us  175.68us  cuDeviceTotalMem
                    0.01%  151.64us         1  151.64us  151.64us  151.64us  cudaLaunch
                    0.00%  40.456us         1  40.456us  40.456us  40.456us  cuDeviceGetName
                    0.00%  5.9900us         2  2.9950us     787ns  5.2030us  cudaSetupArgument
                    0.00%  3.4330us         1  3.4330us  3.4330us  3.4330us  cudaConfigureCall
                    0.00%  2.9900us         3     996ns     279ns  2.4020us  cuDeviceGetCount
                    0.00%     751ns         2     375ns     185ns     566ns  cuDeviceGet

==49843== Unified Memory profiling result:
Device "Tesla V100-PCIE-16GB (0)"
   Count  Avg Size  Min Size  Max Size  Total Size  Total Time  Name
       2  32.000KB  4.0000KB  60.000KB  64.00000KB  6.976000us  Device To Host
       1         -         -         -           -  223.7760us  Gpu page fault groups
Total CPU Page faults: 1
