==50186== NVPROF is profiling process 50186, command: ./0123HomeWork 4 64
==50186== Profiling application: ./0123HomeWork 4 64
==50186== Profiling result:
            Type  Time(%)      Time     Calls       Avg       Min       Max  Name
 GPU activities:  100.00%  5.69322s         1  5.69322s  5.69322s  5.69322s  find_hash(int, int)
                    0.00%  3.3600us         3  1.1200us  1.1200us  1.1200us  [CUDA memcpy HtoD]
      API calls:   93.43%  5.69335s         1  5.69335s  5.69335s  5.69335s  cudaDeviceSynchronize
                    6.55%  398.95ms         3  132.98ms  18.765us  398.91ms  cudaMemcpyToSymbol
                    0.01%  618.36us        86  7.1900us     337ns  268.64us  cuDeviceGetAttribute
                    0.01%  360.69us         1  360.69us  360.69us  360.69us  cuDeviceTotalMem
                    0.00%  151.59us         1  151.59us  151.59us  151.59us  cudaLaunch
                    0.00%  60.949us         1  60.949us  60.949us  60.949us  cuDeviceGetName
                    0.00%  6.3100us         2  3.1550us     741ns  5.5690us  cudaSetupArgument
                    0.00%  4.7030us         3  1.5670us     482ns  3.4690us  cuDeviceGetCount
                    0.00%  2.8270us         1  2.8270us  2.8270us  2.8270us  cudaConfigureCall
                    0.00%  1.5050us         2     752ns     500ns  1.0050us  cuDeviceGet

==50186== Unified Memory profiling result:
Device "Tesla V100-PCIE-16GB (0)"
   Count  Avg Size  Min Size  Max Size  Total Size  Total Time  Name
       2  32.000KB  4.0000KB  60.000KB  64.00000KB  6.976000us  Device To Host
       1         -         -         -           -  228.8320us  Gpu page fault groups
Total CPU Page faults: 1
