==19148== NVPROF is profiling process 19148, command: ./0123HomeWork 64 128
==19148== Profiling application: ./0123HomeWork 64 128
==19148== Profiling result:
            Type  Time(%)      Time     Calls       Avg       Min       Max  Name
 GPU activities:  100.00%  374.82ms         1  374.82ms  374.82ms  374.82ms  find_hash(int, int)
                    0.00%  3.4880us         3  1.1620us  1.1200us  1.2480us  [CUDA memcpy HtoD]
      API calls:   51.68%  401.88ms         3  133.96ms  13.265us  401.85ms  cudaMemcpyToSymbol
                   48.20%  374.82ms         1  374.82ms  374.82ms  374.82ms  cudaDeviceSynchronize
                    0.06%  456.00us        86  5.3020us     198ns  202.91us  cuDeviceGetAttribute
                    0.03%  229.40us         1  229.40us  229.40us  229.40us  cuDeviceTotalMem
                    0.02%  124.40us         1  124.40us  124.40us  124.40us  cudaLaunch
                    0.01%  44.607us         1  44.607us  44.607us  44.607us  cuDeviceGetName
                    0.00%  5.1510us         2  2.5750us     507ns  4.6440us  cudaSetupArgument
                    0.00%  2.6900us         1  2.6900us  2.6900us  2.6900us  cudaConfigureCall
                    0.00%  2.3580us         3     786ns     234ns  1.7350us  cuDeviceGetCount
                    0.00%     918ns         2     459ns     241ns     677ns  cuDeviceGet

==19148== Unified Memory profiling result:
Device "Tesla V100-PCIE-16GB (0)"
   Count  Avg Size  Min Size  Max Size  Total Size  Total Time  Name
       2  32.000KB  4.0000KB  60.000KB  64.00000KB  7.008000us  Device To Host
       1         -         -         -           -  227.1040us  Gpu page fault groups
Total CPU Page faults: 1
