==18841== NVPROF is profiling process 18841, command: ./0123HomeWork 64 256
==18841== Profiling application: ./0123HomeWork 64 256
==18841== Profiling result:
            Type  Time(%)      Time     Calls       Avg       Min       Max  Name
 GPU activities:   99.97%  12.071ms         1  12.071ms  12.071ms  12.071ms  find_hash(int, int)
                    0.03%  3.5200us         3  1.1730us  1.1520us  1.1840us  [CUDA memcpy HtoD]
      API calls:   96.85%  406.63ms         3  135.54ms  14.451us  406.60ms  cudaMemcpyToSymbol
                    2.88%  12.075ms         1  12.075ms  12.075ms  12.075ms  cudaDeviceSynchronize
                    0.14%  604.50us        86  7.0290us     306ns  272.05us  cuDeviceGetAttribute
                    0.08%  346.90us         1  346.90us  346.90us  346.90us  cuDeviceTotalMem
                    0.03%  136.55us         1  136.55us  136.55us  136.55us  cudaLaunch
                    0.01%  59.084us         1  59.084us  59.084us  59.084us  cuDeviceGetName
                    0.00%  6.1730us         2  3.0860us     523ns  5.6500us  cudaSetupArgument
                    0.00%  4.4080us         3  1.4690us     343ns  3.4250us  cuDeviceGetCount
                    0.00%  2.7010us         1  2.7010us  2.7010us  2.7010us  cudaConfigureCall
                    0.00%  1.3270us         2     663ns     442ns     885ns  cuDeviceGet

==18841== Unified Memory profiling result:
Device "Tesla V100-PCIE-16GB (0)"
   Count  Avg Size  Min Size  Max Size  Total Size  Total Time  Name
       2  32.000KB  4.0000KB  60.000KB  64.00000KB  7.520000us  Device To Host
       1         -         -         -           -  233.3120us  Gpu page fault groups
Total CPU Page faults: 1
