==22580== NVPROF is profiling process 22580, command: ./0123HomeWork 64 2
==22580== Profiling application: ./0123HomeWork 64 2
==22580== Profiling result:
            Type  Time(%)      Time     Calls       Avg       Min       Max  Name
 GPU activities:  100.00%  3.54082s         1  3.54082s  3.54082s  3.54082s  find_hash(int, int)
                    0.00%  3.3920us         3  1.1300us  1.1200us  1.1520us  [CUDA memcpy HtoD]
      API calls:   89.88%  3.54098s         1  3.54098s  3.54098s  3.54098s  cudaDeviceSynchronize
                   10.09%  397.65ms         3  132.55ms  18.171us  397.60ms  cudaMemcpyToSymbol
                    0.02%  613.03us        86  7.1280us     336ns  265.43us  cuDeviceGetAttribute
                    0.01%  368.82us         1  368.82us  368.82us  368.82us  cuDeviceTotalMem
                    0.00%  150.64us         1  150.64us  150.64us  150.64us  cudaLaunch
                    0.00%  61.004us         1  61.004us  61.004us  61.004us  cuDeviceGetName
                    0.00%  6.6010us         2  3.3000us     752ns  5.8490us  cudaSetupArgument
                    0.00%  4.4190us         3  1.4730us     345ns  3.3680us  cuDeviceGetCount
                    0.00%  2.9270us         1  2.9270us  2.9270us  2.9270us  cudaConfigureCall
                    0.00%  1.4560us         2     728ns     419ns  1.0370us  cuDeviceGet

==22580== Unified Memory profiling result:
Device "Tesla V100-PCIE-16GB (0)"
   Count  Avg Size  Min Size  Max Size  Total Size  Total Time  Name
       2  32.000KB  4.0000KB  60.000KB  64.00000KB  6.944000us  Device To Host
       1         -         -         -           -  228.3520us  Gpu page fault groups
Total CPU Page faults: 1
