==18751== NVPROF is profiling process 18751, command: ./0123HomeWork 64 256
==18751== Profiling application: ./0123HomeWork 64 256
==18751== Profiling result:
            Type  Time(%)      Time     Calls       Avg       Min       Max  Name
 GPU activities:   99.99%  66.290ms         1  66.290ms  66.290ms  66.290ms  find_hash(int, int)
                    0.01%  3.3920us         3  1.1300us  1.1200us  1.1520us  [CUDA memcpy HtoD]
      API calls:   86.13%  417.21ms         3  139.07ms  13.949us  417.18ms  cudaMemcpyToSymbol
                   13.68%  66.289ms         1  66.289ms  66.289ms  66.289ms  cudaDeviceSynchronize
                    0.10%  493.00us        86  5.7320us     199ns  215.90us  cuDeviceGetAttribute
                    0.05%  235.85us         1  235.85us  235.85us  235.85us  cuDeviceTotalMem
                    0.02%  110.41us         1  110.41us  110.41us  110.41us  cudaLaunch
                    0.01%  50.333us         1  50.333us  50.333us  50.333us  cuDeviceGetName
                    0.00%  4.0390us         2  2.0190us     515ns  3.5240us  cudaSetupArgument
                    0.00%  2.9420us         1  2.9420us  2.9420us  2.9420us  cudaConfigureCall
                    0.00%  2.8200us         3     940ns     248ns  2.1660us  cuDeviceGetCount
                    0.00%     993ns         2     496ns     226ns     767ns  cuDeviceGet

==18751== Unified Memory profiling result:
Device "Tesla V100-PCIE-16GB (0)"
   Count  Avg Size  Min Size  Max Size  Total Size  Total Time  Name
       2  32.000KB  4.0000KB  60.000KB  64.00000KB  7.520000us  Device To Host
       1         -         -         -           -  238.1120us  Gpu page fault groups
Total CPU Page faults: 1
