==21314== NVPROF is profiling process 21314, command: ./0123HomeWork 64 8
==21314== Profiling application: ./0123HomeWork 64 8
==21314== Profiling result:
            Type  Time(%)      Time     Calls       Avg       Min       Max  Name
 GPU activities:  100.00%  541.37ms         1  541.37ms  541.37ms  541.37ms  find_hash(int, int)
                    0.00%  3.5840us         3  1.1940us  1.1840us  1.2160us  [CUDA memcpy HtoD]
      API calls:   57.13%  541.37ms         1  541.37ms  541.37ms  541.37ms  cudaDeviceSynchronize
                   42.77%  405.33ms         3  135.11ms  19.336us  405.29ms  cudaMemcpyToSymbol
                    0.04%  420.85us        86  4.8930us     140ns  186.05us  cuDeviceGetAttribute
                    0.03%  256.42us         1  256.42us  256.42us  256.42us  cuDeviceTotalMem
                    0.02%  149.28us         1  149.28us  149.28us  149.28us  cudaLaunch
                    0.01%  61.223us         1  61.223us  61.223us  61.223us  cuDeviceGetName
                    0.00%  6.1990us         2  3.0990us     724ns  5.4750us  cudaSetupArgument
                    0.00%  3.0800us         1  3.0800us  3.0800us  3.0800us  cudaConfigureCall
                    0.00%  2.7170us         3     905ns     235ns  1.9260us  cuDeviceGetCount
                    0.00%     851ns         2     425ns     238ns     613ns  cuDeviceGet

==21314== Unified Memory profiling result:
Device "Tesla V100-PCIE-16GB (0)"
   Count  Avg Size  Min Size  Max Size  Total Size  Total Time  Name
       2  32.000KB  4.0000KB  60.000KB  64.00000KB  7.136000us  Device To Host
       1         -         -         -           -  283.0720us  Gpu page fault groups
Total CPU Page faults: 1
