==38655== NVPROF is profiling process 38655, command: ./0123HomeWork 8 128
==38655== Profiling application: ./0123HomeWork 8 128
==38655== Profiling result:
            Type  Time(%)      Time     Calls       Avg       Min       Max  Name
 GPU activities:  100.00%  97.521ms         1  97.521ms  97.521ms  97.521ms  find_hash(int, int)
                    0.00%  3.5510us         3  1.1830us  1.1830us  1.1840us  [CUDA memcpy HtoD]
      API calls:   80.38%  404.41ms         3  134.80ms  13.298us  404.38ms  cudaMemcpyToSymbol
                   19.38%  97.521ms         1  97.521ms  97.521ms  97.521ms  cudaDeviceSynchronize
                    0.13%  658.94us        86  7.6620us     334ns  288.91us  cuDeviceGetAttribute
                    0.07%  363.24us         1  363.24us  363.24us  363.24us  cuDeviceTotalMem
                    0.02%  113.46us         1  113.46us  113.46us  113.46us  cudaLaunch
                    0.01%  65.907us         1  65.907us  65.907us  65.907us  cuDeviceGetName
                    0.00%  4.9250us         2  2.4620us     509ns  4.4160us  cudaSetupArgument
                    0.00%  4.6160us         3  1.5380us     337ns  3.1760us  cuDeviceGetCount
                    0.00%  2.9980us         1  2.9980us  2.9980us  2.9980us  cudaConfigureCall
                    0.00%  1.4410us         2     720ns     405ns  1.0360us  cuDeviceGet

==38655== Unified Memory profiling result:
Device "Tesla V100-PCIE-16GB (0)"
   Count  Avg Size  Min Size  Max Size  Total Size  Total Time  Name
       2  32.000KB  4.0000KB  60.000KB  64.00000KB  7.264000us  Device To Host
       1         -         -         -           -  291.3600us  Gpu page fault groups
Total CPU Page faults: 1
