==43705== NVPROF is profiling process 43705, command: ./0123HomeWork 8 2
==43705== Profiling application: ./0123HomeWork 8 2
==43705== Profiling result:
            Type  Time(%)      Time     Calls       Avg       Min       Max  Name
 GPU activities:  100.00%  35.9377s         1  35.9377s  35.9377s  35.9377s  find_hash(int, int)
                    0.00%  3.4240us         3  1.1410us  1.1200us  1.1520us  [CUDA memcpy HtoD]
      API calls:   98.84%  35.9379s         1  35.9379s  35.9379s  35.9379s  cudaDeviceSynchronize
                    1.15%  419.43ms         3  139.81ms  13.148us  419.40ms  cudaMemcpyToSymbol
                    0.00%  479.65us        86  5.5770us     189ns  210.56us  cuDeviceGetAttribute
                    0.00%  224.85us         1  224.85us  224.85us  224.85us  cuDeviceTotalMem
                    0.00%  114.37us         1  114.37us  114.37us  114.37us  cudaLaunch
                    0.00%  48.891us         1  48.891us  48.891us  48.891us  cuDeviceGetName
                    0.00%  4.5380us         2  2.2690us     553ns  3.9850us  cudaSetupArgument
                    0.00%  2.7180us         1  2.7180us  2.7180us  2.7180us  cudaConfigureCall
                    0.00%  2.5950us         3     865ns     250ns  1.9390us  cuDeviceGetCount
                    0.00%     881ns         2     440ns     229ns     652ns  cuDeviceGet

==43705== Unified Memory profiling result:
Device "Tesla V100-PCIE-16GB (0)"
   Count  Avg Size  Min Size  Max Size  Total Size  Total Time  Name
       2  32.000KB  4.0000KB  60.000KB  64.00000KB  6.976000us  Device To Host
       1         -         -         -           -  238.2400us  Gpu page fault groups
Total CPU Page faults: 1
