==44008== NVPROF is profiling process 44008, command: ./0123HomeWork 8 2
==44008== Profiling application: ./0123HomeWork 8 2
==44008== Profiling result:
            Type  Time(%)      Time     Calls       Avg       Min       Max  Name
 GPU activities:  100.00%  18.1719s         1  18.1719s  18.1719s  18.1719s  find_hash(int, int)
                    0.00%  3.6160us         3  1.2050us  1.1200us  1.3760us  [CUDA memcpy HtoD]
      API calls:   97.81%  18.1721s         1  18.1721s  18.1721s  18.1721s  cudaDeviceSynchronize
                    2.19%  406.56ms         3  135.52ms  13.720us  406.53ms  cudaMemcpyToSymbol
                    0.00%  508.75us        86  5.9150us     211ns  223.63us  cuDeviceGetAttribute
                    0.00%  247.59us         1  247.59us  247.59us  247.59us  cuDeviceTotalMem
                    0.00%  113.10us         1  113.10us  113.10us  113.10us  cudaLaunch
                    0.00%  49.579us         1  49.579us  49.579us  49.579us  cuDeviceGetName
                    0.00%  4.6350us         2  2.3170us     477ns  4.1580us  cudaSetupArgument
                    0.00%  2.8590us         3     953ns     254ns  2.1050us  cuDeviceGetCount
                    0.00%  2.7680us         1  2.7680us  2.7680us  2.7680us  cudaConfigureCall
                    0.00%     914ns         2     457ns     266ns     648ns  cuDeviceGet

==44008== Unified Memory profiling result:
Device "Tesla V100-PCIE-16GB (0)"
   Count  Avg Size  Min Size  Max Size  Total Size  Total Time  Name
       2  32.000KB  4.0000KB  60.000KB  64.00000KB  6.976000us  Device To Host
       1         -         -         -           -  232.5440us  Gpu page fault groups
Total CPU Page faults: 1
