==37929== NVPROF is profiling process 37929, command: ./0123HomeWork 8 256
==37929== Profiling application: ./0123HomeWork 8 256
==37929== Profiling result:
            Type  Time(%)      Time     Calls       Avg       Min       Max  Name
 GPU activities:  100.00%  87.976ms         1  87.976ms  87.976ms  87.976ms  find_hash(int, int)
                    0.00%  3.3920us         3  1.1300us  1.1200us  1.1520us  [CUDA memcpy HtoD]
      API calls:   81.68%  395.43ms         3  131.81ms  15.316us  395.39ms  cudaMemcpyToSymbol
                   18.17%  87.977ms         1  87.977ms  87.977ms  87.977ms  cudaDeviceSynchronize
                    0.08%  372.20us        86  4.3270us     144ns  163.54us  cuDeviceGetAttribute
                    0.03%  168.92us         1  168.92us  168.92us  168.92us  cuDeviceTotalMem
                    0.03%  136.57us         1  136.57us  136.57us  136.57us  cudaLaunch
                    0.01%  37.621us         1  37.621us  37.621us  37.621us  cuDeviceGetName
                    0.00%  6.0560us         2  3.0280us     507ns  5.5490us  cudaSetupArgument
                    0.00%  2.8270us         1  2.8270us  2.8270us  2.8270us  cudaConfigureCall
                    0.00%  2.3120us         3     770ns     182ns  1.8120us  cuDeviceGetCount
                    0.00%     620ns         2     310ns     161ns     459ns  cuDeviceGet

==37929== Unified Memory profiling result:
Device "Tesla V100-PCIE-16GB (0)"
   Count  Avg Size  Min Size  Max Size  Total Size  Total Time  Name
       2  32.000KB  4.0000KB  60.000KB  64.00000KB  7.232000us  Device To Host
       1         -         -         -           -  250.7840us  Gpu page fault groups
Total CPU Page faults: 1
