==38121== NVPROF is profiling process 38121, command: ./0123HomeWork 8 256
==38121== Profiling application: ./0123HomeWork 8 256
==38121== Profiling result:
            Type  Time(%)      Time     Calls       Avg       Min       Max  Name
 GPU activities:   99.98%  23.250ms         1  23.250ms  23.250ms  23.250ms  find_hash(int, int)
                    0.02%  3.5520us         3  1.1840us  1.1840us  1.1840us  [CUDA memcpy HtoD]
      API calls:   94.48%  412.79ms         3  137.60ms  18.752us  412.75ms  cudaMemcpyToSymbol
                    5.32%  23.248ms         1  23.248ms  23.248ms  23.248ms  cudaDeviceSynchronize
                    0.10%  456.78us        86  5.3110us     158ns  201.03us  cuDeviceGetAttribute
                    0.05%  206.37us         1  206.37us  206.37us  206.37us  cuDeviceTotalMem
                    0.03%  149.29us         1  149.29us  149.29us  149.29us  cudaLaunch
                    0.01%  45.525us         1  45.525us  45.525us  45.525us  cuDeviceGetName
                    0.00%  5.6660us         2  2.8330us     767ns  4.8990us  cudaSetupArgument
                    0.00%  2.9710us         1  2.9710us  2.9710us  2.9710us  cudaConfigureCall
                    0.00%  2.4740us         3     824ns     138ns  1.9030us  cuDeviceGetCount
                    0.00%     627ns         2     313ns     227ns     400ns  cuDeviceGet

==38121== Unified Memory profiling result:
Device "Tesla V100-PCIE-16GB (0)"
   Count  Avg Size  Min Size  Max Size  Total Size  Total Time  Name
       2  32.000KB  4.0000KB  60.000KB  64.00000KB  7.584000us  Device To Host
       1         -         -         -           -  240.3840us  Gpu page fault groups
Total CPU Page faults: 1
