==39646== NVPROF is profiling process 39646, command: ./0123HomeWork 8 32
==39646== Profiling application: ./0123HomeWork 8 32
==39646== Profiling result:
            Type  Time(%)      Time     Calls       Avg       Min       Max  Name
 GPU activities:  100.00%  499.63ms         1  499.63ms  499.63ms  499.63ms  find_hash(int, int)
                    0.00%  3.3600us         3  1.1200us  1.1200us  1.1200us  [CUDA memcpy HtoD]
      API calls:   55.23%  499.64ms         1  499.64ms  499.64ms  499.64ms  cudaDeviceSynchronize
                   44.64%  403.79ms         3  134.60ms  13.060us  403.76ms  cudaMemcpyToSymbol
                    0.07%  622.97us        86  7.2430us     342ns  270.27us  cuDeviceGetAttribute
                    0.04%  371.16us         1  371.16us  371.16us  371.16us  cuDeviceTotalMem
                    0.01%  113.55us         1  113.55us  113.55us  113.55us  cudaLaunch
                    0.01%  61.988us         1  61.988us  61.988us  61.988us  cuDeviceGetName
                    0.00%  4.9710us         2  2.4850us     554ns  4.4170us  cudaSetupArgument
                    0.00%  4.2480us         3  1.4160us     374ns  3.1970us  cuDeviceGetCount
                    0.00%  2.2460us         1  2.2460us  2.2460us  2.2460us  cudaConfigureCall
                    0.00%  1.5560us         2     778ns     404ns  1.1520us  cuDeviceGet

==39646== Unified Memory profiling result:
Device "Tesla V100-PCIE-16GB (0)"
   Count  Avg Size  Min Size  Max Size  Total Size  Total Time  Name
       2  32.000KB  4.0000KB  60.000KB  64.00000KB  6.944000us  Device To Host
       1         -         -         -           -  297.4400us  Gpu page fault groups
Total CPU Page faults: 1
