==42443== NVPROF is profiling process 42443, command: ./0123HomeWork 8 4
==42443== Profiling application: ./0123HomeWork 8 4
==42443== Profiling result:
            Type  Time(%)      Time     Calls       Avg       Min       Max  Name
 GPU activities:  100.00%  33.9720s         1  33.9720s  33.9720s  33.9720s  find_hash(int, int)
                    0.00%  3.3600us         3  1.1200us  1.1200us  1.1200us  [CUDA memcpy HtoD]
      API calls:   98.81%  33.9722s         1  33.9722s  33.9722s  33.9722s  cudaDeviceSynchronize
                    1.19%  409.40ms         3  136.47ms  12.867us  409.38ms  cudaMemcpyToSymbol
                    0.00%  421.75us        86  4.9040us     146ns  185.25us  cuDeviceGetAttribute
                    0.00%  176.02us         1  176.02us  176.02us  176.02us  cuDeviceTotalMem
                    0.00%  112.07us         1  112.07us  112.07us  112.07us  cudaLaunch
                    0.00%  41.011us         1  41.011us  41.011us  41.011us  cuDeviceGetName
                    0.00%  3.9550us         2  1.9770us     534ns  3.4210us  cudaSetupArgument
                    0.00%  2.4920us         1  2.4920us  2.4920us  2.4920us  cudaConfigureCall
                    0.00%  2.4020us         3     800ns     170ns  1.8580us  cuDeviceGetCount
                    0.00%     585ns         2     292ns     167ns     418ns  cuDeviceGet

==42443== Unified Memory profiling result:
Device "Tesla V100-PCIE-16GB (0)"
   Count  Avg Size  Min Size  Max Size  Total Size  Total Time  Name
       2  32.000KB  4.0000KB  60.000KB  64.00000KB  7.104000us  Device To Host
       1         -         -         -           -  233.4400us  Gpu page fault groups
Total CPU Page faults: 1
