==39335== NVPROF is profiling process 39335, command: ./0123HomeWork 8 64
==39335== Profiling application: ./0123HomeWork 8 64
==39335== Profiling result:
            Type  Time(%)      Time     Calls       Avg       Min       Max  Name
 GPU activities:  100.00%  429.60ms         1  429.60ms  429.60ms  429.60ms  find_hash(int, int)
                    0.00%  3.4240us         3  1.1410us  1.1200us  1.1520us  [CUDA memcpy HtoD]
      API calls:   51.81%  429.60ms         1  429.60ms  429.60ms  429.60ms  cudaDeviceSynchronize
                   48.03%  398.24ms         3  132.75ms  19.639us  398.20ms  cudaMemcpyToSymbol
                    0.08%  666.45us        86  7.7490us     330ns  288.89us  cuDeviceGetAttribute
                    0.05%  379.94us         1  379.94us  379.94us  379.94us  cuDeviceTotalMem
                    0.02%  150.67us         1  150.67us  150.67us  150.67us  cudaLaunch
                    0.01%  65.705us         1  65.705us  65.705us  65.705us  cuDeviceGetName
                    0.00%  6.6800us         2  3.3400us     812ns  5.8680us  cudaSetupArgument
                    0.00%  4.5610us         3  1.5200us     387ns  3.3820us  cuDeviceGetCount
                    0.00%  3.8590us         1  3.8590us  3.8590us  3.8590us  cudaConfigureCall
                    0.00%  1.2970us         2     648ns     428ns     869ns  cuDeviceGet

==39335== Unified Memory profiling result:
Device "Tesla V100-PCIE-16GB (0)"
   Count  Avg Size  Min Size  Max Size  Total Size  Total Time  Name
       2  32.000KB  4.0000KB  60.000KB  64.00000KB  6.976000us  Device To Host
       1         -         -         -           -  194.0480us  Gpu page fault groups
Total CPU Page faults: 1
