==18051== NVPROF is profiling process 18051, command: ./0123HomeWork 80 1
==18051== Profiling application: ./0123HomeWork 80 1
==18051== Profiling result:
            Type  Time(%)      Time     Calls       Avg       Min       Max  Name
 GPU activities:  100.00%  2.36926s         1  2.36926s  2.36926s  2.36926s  find_hash(int, int)
                    0.00%  3.5520us         3  1.1840us  1.1840us  1.1840us  [CUDA memcpy HtoD]
      API calls:   85.40%  2.36943s         1  2.36943s  2.36943s  2.36943s  cudaDeviceSynchronize
                   14.57%  404.21ms         3  134.74ms  19.013us  404.16ms  cudaMemcpyToSymbol
                    0.02%  443.66us        86  5.1580us     142ns  197.01us  cuDeviceGetAttribute
                    0.01%  169.41us         1  169.41us  169.41us  169.41us  cuDeviceTotalMem
                    0.01%  150.43us         1  150.43us  150.43us  150.43us  cudaLaunch
                    0.00%  41.249us         1  41.249us  41.249us  41.249us  cuDeviceGetName
                    0.00%  6.7020us         2  3.3510us     755ns  5.9470us  cudaSetupArgument
                    0.00%  3.0780us         1  3.0780us  3.0780us  3.0780us  cudaConfigureCall
                    0.00%  2.8500us         3     950ns     265ns  2.2570us  cuDeviceGetCount
                    0.00%     731ns         2     365ns     187ns     544ns  cuDeviceGet

==18051== Unified Memory profiling result:
Device "Tesla V100-PCIE-16GB (0)"
   Count  Avg Size  Min Size  Max Size  Total Size  Total Time  Name
       2  32.000KB  4.0000KB  60.000KB  64.00000KB  7.232000us  Device To Host
       1         -         -         -           -  231.5840us  Gpu page fault groups
Total CPU Page faults: 1
