==15212== NVPROF is profiling process 15212, command: ./0123HomeWork 80 16
==15212== Profiling application: ./0123HomeWork 80 16
==15212== Profiling result:
            Type  Time(%)      Time     Calls       Avg       Min       Max  Name
 GPU activities:  100.00%  251.89ms         1  251.89ms  251.89ms  251.89ms  find_hash(int, int)
                    0.00%  3.5200us         3  1.1730us  1.1520us  1.1840us  [CUDA memcpy HtoD]
      API calls:   61.22%  399.46ms         3  133.15ms  13.694us  399.43ms  cudaMemcpyToSymbol
                   38.60%  251.89ms         1  251.89ms  251.89ms  251.89ms  cudaDeviceSynchronize
                    0.09%  618.96us        86  7.1970us     334ns  267.98us  cuDeviceGetAttribute
                    0.06%  372.14us         1  372.14us  372.14us  372.14us  cuDeviceTotalMem
                    0.02%  128.26us         1  128.26us  128.26us  128.26us  cudaLaunch
                    0.01%  61.608us         1  61.608us  61.608us  61.608us  cuDeviceGetName
                    0.00%  5.5440us         2  2.7720us     438ns  5.1060us  cudaSetupArgument
                    0.00%  4.2930us         3  1.4310us     415ns  3.2580us  cuDeviceGetCount
                    0.00%  2.6340us         1  2.6340us  2.6340us  2.6340us  cudaConfigureCall
                    0.00%  1.4950us         2     747ns     463ns  1.0320us  cuDeviceGet

==15212== Unified Memory profiling result:
Device "Tesla V100-PCIE-16GB (0)"
   Count  Avg Size  Min Size  Max Size  Total Size  Total Time  Name
       2  32.000KB  4.0000KB  60.000KB  64.00000KB  7.104000us  Device To Host
       1         -         -         -           -  231.5520us  Gpu page fault groups
Total CPU Page faults: 1
