==13772== NVPROF is profiling process 13772, command: ./0123HomeWork 80 128
==13772== Profiling application: ./0123HomeWork 80 128
==13772== Profiling result:
            Type  Time(%)      Time     Calls       Avg       Min       Max  Name
 GPU activities:   99.99%  38.067ms         1  38.067ms  38.067ms  38.067ms  find_hash(int, int)
                    0.01%  3.4240us         3  1.1410us  1.1200us  1.1520us  [CUDA memcpy HtoD]
      API calls:   91.23%  405.99ms         3  135.33ms  18.244us  405.95ms  cudaMemcpyToSymbol
                    8.55%  38.066ms         1  38.066ms  38.066ms  38.066ms  cudaDeviceSynchronize
                    0.12%  520.32us        86  6.0500us     206ns  242.55us  cuDeviceGetAttribute
                    0.05%  236.91us         1  236.91us  236.91us  236.91us  cuDeviceTotalMem
                    0.04%  160.46us         1  160.46us  160.46us  160.46us  cudaLaunch
                    0.01%  48.937us         1  48.937us  48.937us  48.937us  cuDeviceGetName
                    0.00%  6.6510us         2  3.3250us     767ns  5.8840us  cudaSetupArgument
                    0.00%  3.1100us         1  3.1100us  3.1100us  3.1100us  cudaConfigureCall
                    0.00%  2.6570us         3     885ns     205ns  2.0130us  cuDeviceGetCount
                    0.00%     912ns         2     456ns     287ns     625ns  cuDeviceGet

==13772== Unified Memory profiling result:
Device "Tesla V100-PCIE-16GB (0)"
   Count  Avg Size  Min Size  Max Size  Total Size  Total Time  Name
       2  32.000KB  4.0000KB  60.000KB  64.00000KB  7.232000us  Device To Host
       1         -         -         -           -  231.5200us  Gpu page fault groups
Total CPU Page faults: 1
