==18197== NVPROF is profiling process 18197, command: ./0123HomeWork 80 1
==18197== Profiling application: ./0123HomeWork 80 1
==18197== Profiling result:
            Type  Time(%)      Time     Calls       Avg       Min       Max  Name
 GPU activities:  100.00%  3.17437s         1  3.17437s  3.17437s  3.17437s  find_hash(int, int)
                    0.00%  3.5840us         3  1.1940us  1.1840us  1.2160us  [CUDA memcpy HtoD]
      API calls:   88.60%  3.17447s         1  3.17447s  3.17447s  3.17447s  cudaDeviceSynchronize
                   11.36%  406.91ms         3  135.64ms  12.816us  406.88ms  cudaMemcpyToSymbol
                    0.02%  614.26us        86  7.1420us     341ns  266.19us  cuDeviceGetAttribute
                    0.01%  370.92us         1  370.92us  370.92us  370.92us  cuDeviceTotalMem
                    0.01%  297.37us         1  297.37us  297.37us  297.37us  cudaLaunch
                    0.00%  60.984us         1  60.984us  60.984us  60.984us  cuDeviceGetName
                    0.00%  4.8130us         2  2.4060us     513ns  4.3000us  cudaSetupArgument
                    0.00%  4.0200us         3  1.3400us     342ns  3.0170us  cuDeviceGetCount
                    0.00%  2.3910us         1  2.3910us  2.3910us  2.3910us  cudaConfigureCall
                    0.00%  1.4250us         2     712ns     409ns  1.0160us  cuDeviceGet

==18197== Unified Memory profiling result:
Device "Tesla V100-PCIE-16GB (0)"
   Count  Avg Size  Min Size  Max Size  Total Size  Total Time  Name
       2  32.000KB  4.0000KB  60.000KB  64.00000KB  7.072000us  Device To Host
       1         -         -         -           -  197.1840us  Gpu page fault groups
Total CPU Page faults: 1
