==13676== NVPROF is profiling process 13676, command: ./0123HomeWork 80 256
==13676== Profiling application: ./0123HomeWork 80 256
==13676== Profiling result:
            Type  Time(%)      Time     Calls       Avg       Min       Max  Name
 GPU activities:   99.99%  29.995ms         1  29.995ms  29.995ms  29.995ms  find_hash(int, int)
                    0.01%  3.5520us         3  1.1840us  1.1840us  1.1840us  [CUDA memcpy HtoD]
      API calls:   92.89%  401.59ms         3  133.86ms  12.933us  401.56ms  cudaMemcpyToSymbol
                    6.94%  29.996ms         1  29.996ms  29.996ms  29.996ms  cudaDeviceSynchronize
                    0.10%  429.45us        86  4.9930us     137ns  194.86us  cuDeviceGetAttribute
                    0.05%  206.79us         1  206.79us  206.79us  206.79us  cuDeviceTotalMem
                    0.02%  69.372us         1  69.372us  69.372us  69.372us  cudaLaunch
                    0.01%  44.614us         1  44.614us  44.614us  44.614us  cuDeviceGetName
                    0.00%  4.9110us         2  2.4550us     491ns  4.4200us  cudaSetupArgument
                    0.00%  2.7490us         3     916ns     235ns  2.1830us  cuDeviceGetCount
                    0.00%  2.2270us         1  2.2270us  2.2270us  2.2270us  cudaConfigureCall
                    0.00%  1.0680us         2     534ns     217ns     851ns  cuDeviceGet

==13676== Unified Memory profiling result:
Device "Tesla V100-PCIE-16GB (0)"
   Count  Avg Size  Min Size  Max Size  Total Size  Total Time  Name
       2  32.000KB  4.0000KB  60.000KB  64.00000KB  7.744000us  Device To Host
       1         -         -         -           -  229.2480us  Gpu page fault groups
Total CPU Page faults: 1
