==16926== NVPROF is profiling process 16926, command: ./0123HomeWork 80 2
==16926== Profiling application: ./0123HomeWork 80 2
==16926== Profiling result:
            Type  Time(%)      Time     Calls       Avg       Min       Max  Name
 GPU activities:  100.00%  2.10490s         1  2.10490s  2.10490s  2.10490s  find_hash(int, int)
                    0.00%  3.3920us         3  1.1300us  1.1200us  1.1520us  [CUDA memcpy HtoD]
      API calls:   83.15%  2.10499s         1  2.10499s  2.10499s  2.10499s  cudaDeviceSynchronize
                   16.81%  425.44ms         3  141.81ms  13.422us  425.41ms  cudaMemcpyToSymbol
                    0.02%  517.08us        86  6.0120us     247ns  224.97us  cuDeviceGetAttribute
                    0.01%  281.91us         1  281.91us  281.91us  281.91us  cuDeviceTotalMem
                    0.00%  125.35us         1  125.35us  125.35us  125.35us  cudaLaunch
                    0.00%  51.733us         1  51.733us  51.733us  51.733us  cuDeviceGetName
                    0.00%  5.5910us         2  2.7950us     509ns  5.0820us  cudaSetupArgument
                    0.00%  3.8830us         3  1.2940us     274ns  2.9880us  cuDeviceGetCount
                    0.00%  2.5190us         1  2.5190us  2.5190us  2.5190us  cudaConfigureCall
                    0.00%  1.1650us         2     582ns     297ns     868ns  cuDeviceGet

==16926== Unified Memory profiling result:
Device "Tesla V100-PCIE-16GB (0)"
   Count  Avg Size  Min Size  Max Size  Total Size  Total Time  Name
       2  32.000KB  4.0000KB  60.000KB  64.00000KB  7.008000us  Device To Host
       1         -         -         -           -  264.8640us  Gpu page fault groups
Total CPU Page faults: 1
