==13286== NVPROF is profiling process 13286, command: ./0123HomeWork 80 256
==13286== Profiling application: ./0123HomeWork 80 256
==13286== Profiling result:
            Type  Time(%)      Time     Calls       Avg       Min       Max  Name
 GPU activities:   99.99%  34.332ms         1  34.332ms  34.332ms  34.332ms  find_hash(int, int)
                    0.01%  3.4240us         3  1.1410us  1.1200us  1.1520us  [CUDA memcpy HtoD]
      API calls:   91.85%  396.61ms         3  132.20ms  13.205us  396.58ms  cudaMemcpyToSymbol
                    7.95%  34.331ms         1  34.331ms  34.331ms  34.331ms  cudaDeviceSynchronize
                    0.10%  419.02us        86  4.8720us     142ns  185.19us  cuDeviceGetAttribute
                    0.06%  245.91us         1  245.91us  245.91us  245.91us  cuDeviceTotalMem
                    0.03%  125.00us         1  125.00us  125.00us  125.00us  cudaLaunch
                    0.01%  50.151us         1  50.151us  50.151us  50.151us  cuDeviceGetName
                    0.00%  4.5110us         2  2.2550us     480ns  4.0310us  cudaSetupArgument
                    0.00%  3.1830us         3  1.0610us     217ns  2.5560us  cuDeviceGetCount
                    0.00%  2.0930us         1  2.0930us  2.0930us  2.0930us  cudaConfigureCall
                    0.00%     966ns         2     483ns     257ns     709ns  cuDeviceGet

==13286== Unified Memory profiling result:
Device "Tesla V100-PCIE-16GB (0)"
   Count  Avg Size  Min Size  Max Size  Total Size  Total Time  Name
       2  32.000KB  4.0000KB  60.000KB  64.00000KB  7.552000us  Device To Host
       1         -         -         -           -  231.3600us  Gpu page fault groups
Total CPU Page faults: 1
