==13481== NVPROF is profiling process 13481, command: ./0123HomeWork 80 256
==13481== Profiling application: ./0123HomeWork 80 256
==13481== Profiling result:
            Type  Time(%)      Time     Calls       Avg       Min       Max  Name
 GPU activities:  100.00%  224.06ms         1  224.06ms  224.06ms  224.06ms  find_hash(int, int)
                    0.00%  3.3920us         3  1.1300us  1.1200us  1.1520us  [CUDA memcpy HtoD]
      API calls:   63.75%  396.28ms         3  132.09ms  18.139us  396.24ms  cudaMemcpyToSymbol
                   36.05%  224.06ms         1  224.06ms  224.06ms  224.06ms  cudaDeviceSynchronize
                    0.11%  659.81us        86  7.6720us     335ns  288.07us  cuDeviceGetAttribute
                    0.06%  370.59us         1  370.59us  370.59us  370.59us  cuDeviceTotalMem
                    0.02%  137.08us         1  137.08us  137.08us  137.08us  cudaLaunch
                    0.01%  66.014us         1  66.014us  66.014us  66.014us  cuDeviceGetName
                    0.00%  5.7240us         2  2.8620us     788ns  4.9360us  cudaSetupArgument
                    0.00%  4.3330us         3  1.4440us     410ns  3.2210us  cuDeviceGetCount
                    0.00%  2.7820us         1  2.7820us  2.7820us  2.7820us  cudaConfigureCall
                    0.00%  1.3580us         2     679ns     427ns     931ns  cuDeviceGet

==13481== Unified Memory profiling result:
Device "Tesla V100-PCIE-16GB (0)"
   Count  Avg Size  Min Size  Max Size  Total Size  Total Time  Name
       2  32.000KB  4.0000KB  60.000KB  64.00000KB  7.296000us  Device To Host
       1         -         -         -           -  232.8320us  Gpu page fault groups
Total CPU Page faults: 1
