==17274== NVPROF is profiling process 17274, command: ./0123HomeWork 80 2
==17274== Profiling application: ./0123HomeWork 80 2
==17274== Profiling result:
            Type  Time(%)      Time     Calls       Avg       Min       Max  Name
 GPU activities:  100.00%  1.62771s         1  1.62771s  1.62771s  1.62771s  find_hash(int, int)
                    0.00%  3.4560us         3  1.1520us  1.1520us  1.1520us  [CUDA memcpy HtoD]
      API calls:   80.40%  1.62789s         1  1.62789s  1.62789s  1.62789s  cudaDeviceSynchronize
                   19.56%  395.92ms         3  131.97ms  13.609us  395.89ms  cudaMemcpyToSymbol
                    0.02%  443.16us        86  5.1520us     199ns  193.86us  cuDeviceGetAttribute
                    0.01%  230.21us         1  230.21us  230.21us  230.21us  cuDeviceTotalMem
                    0.01%  127.30us         1  127.30us  127.30us  127.30us  cudaLaunch
                    0.00%  45.681us         1  45.681us  45.681us  45.681us  cuDeviceGetName
                    0.00%  5.2790us         2  2.6390us     521ns  4.7580us  cudaSetupArgument
                    0.00%  3.1500us         1  3.1500us  3.1500us  3.1500us  cudaConfigureCall
                    0.00%  2.4650us         3     821ns     263ns  1.6870us  cuDeviceGetCount
                    0.00%     934ns         2     467ns     288ns     646ns  cuDeviceGet

==17274== Unified Memory profiling result:
Device "Tesla V100-PCIE-16GB (0)"
   Count  Avg Size  Min Size  Max Size  Total Size  Total Time  Name
       2  32.000KB  4.0000KB  60.000KB  64.00000KB  6.912000us  Device To Host
       1         -         -         -           -  252.6720us  Gpu page fault groups
Total CPU Page faults: 1
