==14639== NVPROF is profiling process 14639, command: ./0123HomeWork 80 64
==14639== Profiling application: ./0123HomeWork 80 64
==14639== Profiling result:
            Type  Time(%)      Time     Calls       Avg       Min       Max  Name
 GPU activities:   99.98%  18.609ms         1  18.609ms  18.609ms  18.609ms  find_hash(int, int)
                    0.02%  3.3910us         3  1.1300us  1.1190us  1.1520us  [CUDA memcpy HtoD]
      API calls:   95.24%  394.28ms         3  131.43ms  12.934us  394.25ms  cudaMemcpyToSymbol
                    4.50%  18.610ms         1  18.610ms  18.610ms  18.610ms  cudaDeviceSynchronize
                    0.14%  577.14us        86  6.7100us     286ns  251.51us  cuDeviceGetAttribute
                    0.08%  321.67us         1  321.67us  321.67us  321.67us  cuDeviceTotalMem
                    0.03%  111.67us         1  111.67us  111.67us  111.67us  cudaLaunch
                    0.01%  57.479us         1  57.479us  57.479us  57.479us  cuDeviceGetName
                    0.00%  4.6030us         2  2.3010us     587ns  4.0160us  cudaSetupArgument
                    0.00%  3.6850us         3  1.2280us     293ns  2.8100us  cuDeviceGetCount
                    0.00%  2.2090us         1  2.2090us  2.2090us  2.2090us  cudaConfigureCall
                    0.00%  1.1750us         2     587ns     333ns     842ns  cuDeviceGet

==14639== Unified Memory profiling result:
Device "Tesla V100-PCIE-16GB (0)"
   Count  Avg Size  Min Size  Max Size  Total Size  Total Time  Name
       2  32.000KB  4.0000KB  60.000KB  64.00000KB  7.264000us  Device To Host
       1         -         -         -           -  300.7360us  Gpu page fault groups
Total CPU Page faults: 1
