==16147== NVPROF is profiling process 16147, command: ./0123HomeWork 80 8
==16147== Profiling application: ./0123HomeWork 80 8
==16147== Profiling result:
            Type  Time(%)      Time     Calls       Avg       Min       Max  Name
 GPU activities:  100.00%  610.07ms         1  610.07ms  610.07ms  610.07ms  find_hash(int, int)
                    0.00%  3.4240us         3  1.1410us  1.1200us  1.1520us  [CUDA memcpy HtoD]
      API calls:   59.56%  610.16ms         1  610.16ms  610.16ms  610.16ms  cudaDeviceSynchronize
                   40.36%  413.44ms         3  137.81ms  19.239us  413.40ms  cudaMemcpyToSymbol
                    0.04%  421.33us        86  4.8990us     142ns  185.71us  cuDeviceGetAttribute
                    0.02%  174.23us         1  174.23us  174.23us  174.23us  cuDeviceTotalMem
                    0.01%  151.79us         1  151.79us  151.79us  151.79us  cudaLaunch
                    0.00%  41.467us         1  41.467us  41.467us  41.467us  cuDeviceGetName
                    0.00%  7.2990us         2  3.6490us     767ns  6.5320us  cudaSetupArgument
                    0.00%  3.3280us         1  3.3280us  3.3280us  3.3280us  cudaConfigureCall
                    0.00%  2.5530us         3     851ns     216ns  1.8500us  cuDeviceGetCount
                    0.00%     690ns         2     345ns     193ns     497ns  cuDeviceGet

==16147== Unified Memory profiling result:
Device "Tesla V100-PCIE-16GB (0)"
   Count  Avg Size  Min Size  Max Size  Total Size  Total Time  Name
       2  32.000KB  4.0000KB  60.000KB  64.00000KB  7.104000us  Device To Host
       1         -         -         -           -  221.6960us  Gpu page fault groups
Total CPU Page faults: 1
