==232599== NVPROF is profiling process 232599, command: ./0123HomeWork 1 16
==232599== Some kernel(s) will be replayed on device 0 in order to collect all events/metrics.
==232599== Profiling application: ./0123HomeWork 1 16
==232599== Profiling result:
==232599== Metric result:
Invocations                               Metric Name                           Metric Description         Min         Max         Avg
Device "Tesla V100-PCIE-16GB (0)"
    Kernel: find_hash(int, int)
          1                             inst_per_warp                        Instructions per warp  7.8564e+06  7.8564e+06  7.8564e+06
          1                           global_hit_rate            Global Hit Rate in unified l1/tex       1.15%       1.15%       1.15%
          1                            local_hit_rate                               Local Hit Rate      98.84%      98.84%      98.84%
          1                        tex_cache_hit_rate                       Unified Cache Hit Rate      28.73%      28.73%      28.73%
          1                      l2_tex_read_hit_rate                  L2 Hit Rate (Texture Reads)     100.00%     100.00%     100.00%
          1                     l2_tex_write_hit_rate                 L2 Hit Rate (Texture Writes)      99.99%      99.99%      99.99%
          1                            gld_efficiency                Global Memory Load Efficiency      12.50%      12.50%      12.50%
          1                            gst_efficiency               Global Memory Store Efficiency       3.79%       3.79%       3.79%
          1                          stall_inst_fetch     Issue Stall Reasons (Instructions Fetch)      15.49%      15.49%      15.49%
          1                     stall_exec_dependency   Issue Stall Reasons (Execution Dependency)      65.92%      65.92%      65.92%
          1                   stall_memory_dependency           Issue Stall Reasons (Data Request)      18.35%      18.35%      18.35%
          1                                       ipc                                 Executed IPC    0.249033    0.249033    0.249033
          1                             sm_efficiency                      Multiprocessor Activity       1.25%       1.25%       1.25%
