==228363== NVPROF is profiling process 228363, command: ./0123HomeWork 1 256
==228363== Some kernel(s) will be replayed on device 0 in order to collect all events/metrics.
==228363== Profiling application: ./0123HomeWork 1 256
==228363== Profiling result:
==228363== Metric result:
Invocations                               Metric Name                           Metric Description         Min         Max         Avg
Device "Tesla V100-PCIE-16GB (0)"
    Kernel: find_hash(int, int)
          1                             inst_per_warp                        Instructions per warp  2.6261e+05  2.6261e+05  2.6261e+05
          1                           global_hit_rate            Global Hit Rate in unified l1/tex       4.12%       4.12%       4.12%
          1                            local_hit_rate                               Local Hit Rate      95.92%      95.92%      95.92%
          1                        tex_cache_hit_rate                       Unified Cache Hit Rate      30.60%      30.60%      30.60%
          1                      l2_tex_read_hit_rate                  L2 Hit Rate (Texture Reads)      98.82%      98.82%      98.82%
          1                     l2_tex_write_hit_rate                 L2 Hit Rate (Texture Writes)      99.44%      99.44%      99.44%
          1                            gld_efficiency                Global Memory Load Efficiency      12.50%      12.50%      12.50%
          1                            gst_efficiency               Global Memory Store Efficiency       3.79%       3.79%       3.79%
          1                          stall_inst_fetch     Issue Stall Reasons (Instructions Fetch)       5.72%       5.72%       5.72%
          1                     stall_exec_dependency   Issue Stall Reasons (Execution Dependency)      34.89%      34.89%      34.89%
          1                   stall_memory_dependency           Issue Stall Reasons (Data Request)      22.67%      22.67%      22.67%
          1                                       ipc                                 Executed IPC    1.165453    1.165453    1.165453
          1                             sm_efficiency                      Multiprocessor Activity       1.25%       1.25%       1.25%
