==228644== NVPROF is profiling process 228644, command: ./0123HomeWork 1 256
==228644== Some kernel(s) will be replayed on device 0 in order to collect all events/metrics.
==228644== Profiling application: ./0123HomeWork 1 256
==228644== Profiling result:
==228644== Metric result:
Invocations                               Metric Name                           Metric Description         Min         Max         Avg
Device "Tesla V100-PCIE-16GB (0)"
    Kernel: find_hash(int, int)
          1                             inst_per_warp                        Instructions per warp  5.4866e+05  5.4866e+05  5.4866e+05
          1                           global_hit_rate            Global Hit Rate in unified l1/tex       2.03%       2.03%       2.03%
          1                            local_hit_rate                               Local Hit Rate      96.05%      96.05%      96.05%
          1                        tex_cache_hit_rate                       Unified Cache Hit Rate      30.02%      30.02%      30.02%
          1                      l2_tex_read_hit_rate                  L2 Hit Rate (Texture Reads)      99.24%      99.24%      99.24%
          1                     l2_tex_write_hit_rate                 L2 Hit Rate (Texture Writes)     103.30%     103.30%     103.30%
          1                            gld_efficiency                Global Memory Load Efficiency      12.57%      12.57%      12.57%
          1                            gst_efficiency               Global Memory Store Efficiency       3.79%       3.79%       3.79%
          1                          stall_inst_fetch     Issue Stall Reasons (Instructions Fetch)       5.17%       5.17%       5.17%
          1                     stall_exec_dependency   Issue Stall Reasons (Execution Dependency)      34.01%      34.01%      34.01%
          1                   stall_memory_dependency           Issue Stall Reasons (Data Request)      23.30%      23.30%      23.30%
          1                                       ipc                                 Executed IPC    1.183454    1.183454    1.183454
          1                             sm_efficiency                      Multiprocessor Activity       1.25%       1.25%       1.25%
