==228456== NVPROF is profiling process 228456, command: ./0123HomeWork 1 256
==228456== Some kernel(s) will be replayed on device 0 in order to collect all events/metrics.
==228456== Profiling application: ./0123HomeWork 1 256
==228456== Profiling result:
==228456== Metric result:
Invocations                               Metric Name                           Metric Description         Min         Max         Avg
Device "Tesla V100-PCIE-16GB (0)"
    Kernel: find_hash(int, int)
          1                             inst_per_warp                        Instructions per warp  9.4014e+05  9.4014e+05  9.4014e+05
          1                           global_hit_rate            Global Hit Rate in unified l1/tex       1.20%       1.20%       1.20%
          1                            local_hit_rate                               Local Hit Rate      95.99%      95.99%      95.99%
          1                        tex_cache_hit_rate                       Unified Cache Hit Rate      28.08%      28.08%      28.08%
          1                      l2_tex_read_hit_rate                  L2 Hit Rate (Texture Reads)      99.37%      99.37%      99.37%
          1                     l2_tex_write_hit_rate                 L2 Hit Rate (Texture Writes)     101.78%     101.78%     101.78%
          1                            gld_efficiency                Global Memory Load Efficiency      12.39%      12.39%      12.39%
          1                            gst_efficiency               Global Memory Store Efficiency       3.79%       3.79%       3.79%
          1                          stall_inst_fetch     Issue Stall Reasons (Instructions Fetch)       5.16%       5.16%       5.16%
          1                     stall_exec_dependency   Issue Stall Reasons (Execution Dependency)      34.58%      34.58%      34.58%
          1                   stall_memory_dependency           Issue Stall Reasons (Data Request)      23.21%      23.21%      23.21%
          1                                       ipc                                 Executed IPC    1.194064    1.194064    1.194064
          1                             sm_efficiency                      Multiprocessor Activity       1.25%       1.25%       1.25%
