==228736== NVPROF is profiling process 228736, command: ./0123HomeWork 1 256
==228736== Some kernel(s) will be replayed on device 0 in order to collect all events/metrics.
==228736== Profiling application: ./0123HomeWork 1 256
==228736== Profiling result:
==228736== Metric result:
Invocations                               Metric Name                           Metric Description         Min         Max         Avg
Device "Tesla V100-PCIE-16GB (0)"
    Kernel: find_hash(int, int)
          1                             inst_per_warp                        Instructions per warp  8.8620e+04  8.8620e+04  8.8620e+04
          1                           global_hit_rate            Global Hit Rate in unified l1/tex      11.03%      11.03%      11.03%
          1                            local_hit_rate                               Local Hit Rate      96.09%      96.09%      96.09%
          1                        tex_cache_hit_rate                       Unified Cache Hit Rate      26.81%      26.81%      26.81%
          1                      l2_tex_read_hit_rate                  L2 Hit Rate (Texture Reads)      96.53%      96.53%      96.53%
          1                     l2_tex_write_hit_rate                 L2 Hit Rate (Texture Writes)      97.46%      97.46%      97.46%
          1                            gld_efficiency                Global Memory Load Efficiency      12.80%      12.80%      12.80%
          1                            gst_efficiency               Global Memory Store Efficiency       3.79%       3.79%       3.79%
          1                          stall_inst_fetch     Issue Stall Reasons (Instructions Fetch)       5.46%       5.46%       5.46%
          1                     stall_exec_dependency   Issue Stall Reasons (Execution Dependency)      33.41%      33.41%      33.41%
          1                   stall_memory_dependency           Issue Stall Reasons (Data Request)      19.88%      19.88%      19.88%
          1                                       ipc                                 Executed IPC    1.158065    1.158065    1.158065
          1                             sm_efficiency                      Multiprocessor Activity       1.24%       1.24%       1.24%
