==228182== NVPROF is profiling process 228182, command: ./0123HomeWork 1 256
==228182== Some kernel(s) will be replayed on device 0 in order to collect all events/metrics.
==228182== Profiling application: ./0123HomeWork 1 256
==228182== Profiling result:
==228182== Metric result:
Invocations                               Metric Name                           Metric Description         Min         Max         Avg
Device "Tesla V100-PCIE-16GB (0)"
    Kernel: find_hash(int, int)
          1                             inst_per_warp                        Instructions per warp  1.2032e+05  1.2032e+05  1.2032e+05
          1                           global_hit_rate            Global Hit Rate in unified l1/tex       8.45%       8.45%       8.45%
          1                            local_hit_rate                               Local Hit Rate      96.10%      96.10%      96.10%
          1                        tex_cache_hit_rate                       Unified Cache Hit Rate      26.32%      26.32%      26.32%
          1                      l2_tex_read_hit_rate                  L2 Hit Rate (Texture Reads)     101.12%     101.12%     101.12%
          1                     l2_tex_write_hit_rate                 L2 Hit Rate (Texture Writes)      98.19%      98.19%      98.19%
          1                            gld_efficiency                Global Memory Load Efficiency      12.35%      12.35%      12.35%
          1                            gst_efficiency               Global Memory Store Efficiency       3.79%       3.79%       3.79%
          1                          stall_inst_fetch     Issue Stall Reasons (Instructions Fetch)       5.45%       5.45%       5.45%
          1                     stall_exec_dependency   Issue Stall Reasons (Execution Dependency)      33.02%      33.02%      33.02%
          1                   stall_memory_dependency           Issue Stall Reasons (Data Request)      20.79%      20.79%      20.79%
          1                                       ipc                                 Executed IPC    1.140493    1.140493    1.140493
          1                             sm_efficiency                      Multiprocessor Activity       1.24%       1.24%       1.24%
