==231358== NVPROF is profiling process 231358, command: ./0123HomeWork 1 32
==231358== Some kernel(s) will be replayed on device 0 in order to collect all events/metrics.
==231358== Profiling application: ./0123HomeWork 1 32
==231358== Profiling result:
==231358== Metric result:
Invocations                               Metric Name                           Metric Description         Min         Max         Avg
Device "Tesla V100-PCIE-16GB (0)"
    Kernel: find_hash(int, int)
          1                             inst_per_warp                        Instructions per warp  7.9840e+04  7.9840e+04  7.9840e+04
          1                           global_hit_rate            Global Hit Rate in unified l1/tex      50.82%      50.82%      50.82%
          1                            local_hit_rate                               Local Hit Rate      98.08%      98.08%      98.08%
          1                        tex_cache_hit_rate                       Unified Cache Hit Rate      28.52%      28.52%      28.52%
          1                      l2_tex_read_hit_rate                  L2 Hit Rate (Texture Reads)     100.00%     100.00%     100.00%
          1                     l2_tex_write_hit_rate                 L2 Hit Rate (Texture Writes)      99.12%      99.12%      99.12%
          1                            gld_efficiency                Global Memory Load Efficiency      12.50%      12.50%      12.50%
          1                            gst_efficiency               Global Memory Store Efficiency       3.79%       3.79%       3.79%
          1                          stall_inst_fetch     Issue Stall Reasons (Instructions Fetch)      16.43%      16.43%      16.43%
          1                     stall_exec_dependency   Issue Stall Reasons (Execution Dependency)      62.69%      62.69%      62.69%
          1                   stall_memory_dependency           Issue Stall Reasons (Data Request)      18.18%      18.18%      18.18%
          1                                       ipc                                 Executed IPC    0.236532    0.236532    0.236532
          1                             sm_efficiency                      Multiprocessor Activity       1.23%       1.23%       1.23%
