==229855== NVPROF is profiling process 229855, command: ./0123HomeWork 1 64
==229855== Some kernel(s) will be replayed on device 0 in order to collect all events/metrics.
==229855== Profiling application: ./0123HomeWork 1 64
==229855== Profiling result:
==229855== Metric result:
Invocations                               Metric Name                           Metric Description         Min         Max         Avg
Device "Tesla V100-PCIE-16GB (0)"
    Kernel: find_hash(int, int)
          1                             inst_per_warp                        Instructions per warp  2.8918e+05  2.8918e+05  2.8918e+05
          1                           global_hit_rate            Global Hit Rate in unified l1/tex      13.42%      13.42%      13.42%
          1                            local_hit_rate                               Local Hit Rate      98.72%      98.72%      98.72%
          1                        tex_cache_hit_rate                       Unified Cache Hit Rate      28.71%      28.71%      28.71%
          1                      l2_tex_read_hit_rate                  L2 Hit Rate (Texture Reads)     100.90%     100.90%     100.90%
          1                     l2_tex_write_hit_rate                 L2 Hit Rate (Texture Writes)      99.76%      99.76%      99.76%
          1                            gld_efficiency                Global Memory Load Efficiency      12.50%      12.50%      12.50%
          1                            gst_efficiency               Global Memory Store Efficiency       3.79%       3.79%       3.79%
          1                          stall_inst_fetch     Issue Stall Reasons (Instructions Fetch)      13.22%      13.22%      13.22%
          1                     stall_exec_dependency   Issue Stall Reasons (Execution Dependency)      55.86%      55.86%      55.86%
          1                   stall_memory_dependency           Issue Stall Reasons (Data Request)      15.91%      15.91%      15.91%
          1                                       ipc                                 Executed IPC    0.436910    0.436910    0.436910
          1                             sm_efficiency                      Multiprocessor Activity       1.25%       1.25%       1.25%
