==195618== NVPROF is profiling process 195618, command: ./0123HomeWork 16 128
==195618== Some kernel(s) will be replayed on device 0 in order to collect all events/metrics.
==195618== Profiling application: ./0123HomeWork 16 128
==195618== Profiling result:
==195618== Metric result:
Invocations                               Metric Name                           Metric Description         Min         Max         Avg
Device "Tesla V100-PCIE-16GB (0)"
    Kernel: find_hash(int, int)
          1                             inst_per_warp                        Instructions per warp  1.0852e+05  1.0852e+05  1.0852e+05
          1                           global_hit_rate            Global Hit Rate in unified l1/tex       1.27%       1.27%       1.27%
          1                            local_hit_rate                               Local Hit Rate      98.35%      98.35%      98.35%
          1                        tex_cache_hit_rate                       Unified Cache Hit Rate      28.64%      28.64%      28.64%
          1                      l2_tex_read_hit_rate                  L2 Hit Rate (Texture Reads)     100.49%     100.49%     100.49%
          1                     l2_tex_write_hit_rate                 L2 Hit Rate (Texture Writes)      99.66%      99.66%      99.66%
          1                            gld_efficiency                Global Memory Load Efficiency      12.29%      12.29%      12.29%
          1                            gst_efficiency               Global Memory Store Efficiency       3.79%       3.79%       3.79%
          1                          stall_inst_fetch     Issue Stall Reasons (Instructions Fetch)      11.68%      11.68%      11.68%
          1                     stall_exec_dependency   Issue Stall Reasons (Execution Dependency)      42.01%      42.01%      42.01%
          1                   stall_memory_dependency           Issue Stall Reasons (Data Request)      13.22%      13.22%      13.22%
          1                                       ipc                                 Executed IPC    0.693762    0.693762    0.693762
          1                             sm_efficiency                      Multiprocessor Activity      19.56%      19.56%      19.56%
