==202397== NVPROF is profiling process 202397, command: ./0123HomeWork 16 1
==202397== Some kernel(s) will be replayed on device 0 in order to collect all events/metrics.
==202397== Profiling application: ./0123HomeWork 16 1
==202397== Profiling result:
==202397== Metric result:
Invocations                               Metric Name                           Metric Description         Min         Max         Avg
Device "Tesla V100-PCIE-16GB (0)"
    Kernel: find_hash(int, int)
          1                             inst_per_warp                        Instructions per warp  4.6544e+06  4.6544e+06  4.6544e+06
          1                           global_hit_rate            Global Hit Rate in unified l1/tex       0.12%       0.12%       0.12%
          1                            local_hit_rate                               Local Hit Rate      98.83%      98.83%      98.83%
          1                        tex_cache_hit_rate                       Unified Cache Hit Rate      28.90%      28.90%      28.90%
          1                      l2_tex_read_hit_rate                  L2 Hit Rate (Texture Reads)     100.59%     100.59%     100.59%
          1                     l2_tex_write_hit_rate                 L2 Hit Rate (Texture Writes)      99.54%      99.54%      99.54%
          1                            gld_efficiency                Global Memory Load Efficiency      12.11%      12.11%      12.11%
          1                            gst_efficiency               Global Memory Store Efficiency       3.79%       3.79%       3.79%
          1                          stall_inst_fetch     Issue Stall Reasons (Instructions Fetch)      17.98%      17.98%      17.98%
          1                     stall_exec_dependency   Issue Stall Reasons (Execution Dependency)      64.17%      64.17%      64.17%
          1                   stall_memory_dependency           Issue Stall Reasons (Data Request)      17.62%      17.62%      17.62%
          1                                       ipc                                 Executed IPC    0.243027    0.243027    0.243027
          1                             sm_efficiency                      Multiprocessor Activity      19.99%      19.99%      19.99%
