==195074== NVPROF is profiling process 195074, command: ./0123HomeWork 16 128
==195074== Some kernel(s) will be replayed on device 0 in order to collect all events/metrics.
==195074== Profiling application: ./0123HomeWork 16 128
==195074== Profiling result:
==195074== Metric result:
Invocations                               Metric Name                           Metric Description         Min         Max         Avg
Device "Tesla V100-PCIE-16GB (0)"
    Kernel: find_hash(int, int)
          1                             inst_per_warp                        Instructions per warp  2.3918e+04  2.3918e+04  2.3918e+04
          1                           global_hit_rate            Global Hit Rate in unified l1/tex       5.06%       5.06%       5.06%
          1                            local_hit_rate                               Local Hit Rate      98.37%      98.37%      98.37%
          1                        tex_cache_hit_rate                       Unified Cache Hit Rate      28.25%      28.25%      28.25%
          1                      l2_tex_read_hit_rate                  L2 Hit Rate (Texture Reads)     100.23%     100.23%     100.23%
          1                     l2_tex_write_hit_rate                 L2 Hit Rate (Texture Writes)      97.09%      97.09%      97.09%
          1                            gld_efficiency                Global Memory Load Efficiency      13.38%      13.38%      13.38%
          1                            gst_efficiency               Global Memory Store Efficiency       3.79%       3.79%       3.79%
          1                          stall_inst_fetch     Issue Stall Reasons (Instructions Fetch)      13.23%      13.23%      13.23%
          1                     stall_exec_dependency   Issue Stall Reasons (Execution Dependency)      39.92%      39.92%      39.92%
          1                   stall_memory_dependency           Issue Stall Reasons (Data Request)      14.60%      14.60%      14.60%
          1                                       ipc                                 Executed IPC    0.667274    0.667274    0.667274
          1                             sm_efficiency                      Multiprocessor Activity      17.76%      17.76%      17.76%
