==198438== NVPROF is profiling process 198438, command: ./0123HomeWork 16 16
==198438== Some kernel(s) will be replayed on device 0 in order to collect all events/metrics.
==198438== Profiling application: ./0123HomeWork 16 16
==198438== Profiling result:
==198438== Metric result:
Invocations                               Metric Name                           Metric Description         Min         Max         Avg
Device "Tesla V100-PCIE-16GB (0)"
    Kernel: find_hash(int, int)
          1                             inst_per_warp                        Instructions per warp  7.2578e+05  7.2578e+05  7.2578e+05
          1                           global_hit_rate            Global Hit Rate in unified l1/tex       0.78%       0.78%       0.78%
          1                            local_hit_rate                               Local Hit Rate      98.78%      98.78%      98.78%
          1                        tex_cache_hit_rate                       Unified Cache Hit Rate      28.52%      28.52%      28.52%
          1                      l2_tex_read_hit_rate                  L2 Hit Rate (Texture Reads)     100.51%     100.51%     100.51%
          1                     l2_tex_write_hit_rate                 L2 Hit Rate (Texture Writes)      99.09%      99.09%      99.09%
          1                            gld_efficiency                Global Memory Load Efficiency      12.66%      12.66%      12.66%
          1                            gst_efficiency               Global Memory Store Efficiency       3.79%       3.79%       3.79%
          1                          stall_inst_fetch     Issue Stall Reasons (Instructions Fetch)      18.09%      18.09%      18.09%
          1                     stall_exec_dependency   Issue Stall Reasons (Execution Dependency)      63.98%      63.98%      63.98%
          1                   stall_memory_dependency           Issue Stall Reasons (Data Request)      17.68%      17.68%      17.68%
          1                                       ipc                                 Executed IPC    0.242599    0.242599    0.242599
          1                             sm_efficiency                      Multiprocessor Activity      19.92%      19.92%      19.92%
