==195526== NVPROF is profiling process 195526, command: ./0123HomeWork 16 128
==195526== Some kernel(s) will be replayed on device 0 in order to collect all events/metrics.
==195526== Profiling application: ./0123HomeWork 16 128
==195526== Profiling result:
==195526== Metric result:
Invocations                               Metric Name                           Metric Description         Min         Max         Avg
Device "Tesla V100-PCIE-16GB (0)"
    Kernel: find_hash(int, int)
          1                             inst_per_warp                        Instructions per warp  1.4833e+05  1.4833e+05  1.4833e+05
          1                           global_hit_rate            Global Hit Rate in unified l1/tex       0.94%       0.94%       0.94%
          1                            local_hit_rate                               Local Hit Rate      98.82%      98.82%      98.82%
          1                        tex_cache_hit_rate                       Unified Cache Hit Rate      28.56%      28.56%      28.56%
          1                      l2_tex_read_hit_rate                  L2 Hit Rate (Texture Reads)      99.93%      99.93%      99.93%
          1                     l2_tex_write_hit_rate                 L2 Hit Rate (Texture Writes)      99.78%      99.78%      99.78%
          1                            gld_efficiency                Global Memory Load Efficiency      12.36%      12.36%      12.36%
          1                            gst_efficiency               Global Memory Store Efficiency       3.79%       3.79%       3.79%
          1                          stall_inst_fetch     Issue Stall Reasons (Instructions Fetch)      11.56%      11.56%      11.56%
          1                     stall_exec_dependency   Issue Stall Reasons (Execution Dependency)      42.16%      42.16%      42.16%
          1                   stall_memory_dependency           Issue Stall Reasons (Data Request)      13.11%      13.11%      13.11%
          1                                       ipc                                 Executed IPC    0.694595    0.694595    0.694595
          1                             sm_efficiency                      Multiprocessor Activity      19.70%      19.70%      19.70%
