==194320== NVPROF is profiling process 194320, command: ./0123HomeWork 16 256
==194320== Some kernel(s) will be replayed on device 0 in order to collect all events/metrics.
==194320== Profiling application: ./0123HomeWork 16 256
==194320== Profiling result:
==194320== Metric result:
Invocations                               Metric Name                           Metric Description         Min         Max         Avg
Device "Tesla V100-PCIE-16GB (0)"
    Kernel: find_hash(int, int)
          1                             inst_per_warp                        Instructions per warp  2.7489e+04  2.7489e+04  2.7489e+04
          1                           global_hit_rate            Global Hit Rate in unified l1/tex       2.30%       2.30%       2.30%
          1                            local_hit_rate                               Local Hit Rate      94.11%      94.11%      94.11%
          1                        tex_cache_hit_rate                       Unified Cache Hit Rate      28.92%      28.92%      28.92%
          1                      l2_tex_read_hit_rate                  L2 Hit Rate (Texture Reads)      88.73%      88.73%      88.73%
          1                     l2_tex_write_hit_rate                 L2 Hit Rate (Texture Writes)     113.14%     113.14%     113.14%
          1                            gld_efficiency                Global Memory Load Efficiency      12.42%      12.42%      12.42%
          1                            gst_efficiency               Global Memory Store Efficiency       3.79%       3.79%       3.79%
          1                          stall_inst_fetch     Issue Stall Reasons (Instructions Fetch)       5.89%       5.89%       5.89%
          1                     stall_exec_dependency   Issue Stall Reasons (Execution Dependency)      30.16%      30.16%      30.16%
          1                   stall_memory_dependency           Issue Stall Reasons (Data Request)      21.32%      21.32%      21.32%
          1                                       ipc                                 Executed IPC    1.032244    1.032244    1.032244
          1                             sm_efficiency                      Multiprocessor Activity      19.07%      19.07%      19.07%
