==201162== NVPROF is profiling process 201162, command: ./0123HomeWork 16 2
==201162== Some kernel(s) will be replayed on device 0 in order to collect all events/metrics.
==201162== Profiling application: ./0123HomeWork 16 2
==201162== Profiling result:
==201162== Metric result:
Invocations                               Metric Name                           Metric Description         Min         Max         Avg
Device "Tesla V100-PCIE-16GB (0)"
    Kernel: find_hash(int, int)
          1                             inst_per_warp                        Instructions per warp  6.9262e+06  6.9262e+06  6.9262e+06
          1                           global_hit_rate            Global Hit Rate in unified l1/tex       0.08%       0.08%       0.08%
          1                            local_hit_rate                               Local Hit Rate      98.84%      98.84%      98.84%
          1                        tex_cache_hit_rate                       Unified Cache Hit Rate      28.48%      28.48%      28.48%
          1                      l2_tex_read_hit_rate                  L2 Hit Rate (Texture Reads)     100.39%     100.39%     100.39%
          1                     l2_tex_write_hit_rate                 L2 Hit Rate (Texture Writes)      99.66%      99.66%      99.66%
          1                            gld_efficiency                Global Memory Load Efficiency      12.14%      12.14%      12.14%
          1                            gst_efficiency               Global Memory Store Efficiency       3.79%       3.79%       3.79%
          1                          stall_inst_fetch     Issue Stall Reasons (Instructions Fetch)      17.90%      17.90%      17.90%
          1                     stall_exec_dependency   Issue Stall Reasons (Execution Dependency)      64.29%      64.29%      64.29%
          1                   stall_memory_dependency           Issue Stall Reasons (Data Request)      17.58%      17.58%      17.58%
          1                                       ipc                                 Executed IPC    0.243112    0.243112    0.243112
          1                             sm_efficiency                      Multiprocessor Activity      19.99%      19.99%      19.99%
