==194134== NVPROF is profiling process 194134, command: ./0123HomeWork 16 256
==194134== Some kernel(s) will be replayed on device 0 in order to collect all events/metrics.
==194134== Profiling application: ./0123HomeWork 16 256
==194134== Profiling result:
==194134== Metric result:
Invocations                               Metric Name                           Metric Description         Min         Max         Avg
Device "Tesla V100-PCIE-16GB (0)"
    Kernel: find_hash(int, int)
          1                             inst_per_warp                        Instructions per warp  1.2819e+05  1.2819e+05  1.2819e+05
          1                           global_hit_rate            Global Hit Rate in unified l1/tex       0.54%       0.54%       0.54%
          1                            local_hit_rate                               Local Hit Rate      94.16%      94.16%      94.16%
          1                        tex_cache_hit_rate                       Unified Cache Hit Rate      32.21%      32.21%      32.21%
          1                      l2_tex_read_hit_rate                  L2 Hit Rate (Texture Reads)      97.28%      97.28%      97.28%
          1                     l2_tex_write_hit_rate                 L2 Hit Rate (Texture Writes)     110.84%     110.84%     110.84%
          1                            gld_efficiency                Global Memory Load Efficiency      13.07%      13.07%      13.07%
          1                            gst_efficiency               Global Memory Store Efficiency       3.79%       3.79%       3.79%
          1                          stall_inst_fetch     Issue Stall Reasons (Instructions Fetch)       5.91%       5.91%       5.91%
          1                     stall_exec_dependency   Issue Stall Reasons (Execution Dependency)      33.38%      33.38%      33.38%
          1                   stall_memory_dependency           Issue Stall Reasons (Data Request)      23.68%      23.68%      23.68%
          1                                       ipc                                 Executed IPC    1.127046    1.127046    1.127046
          1                             sm_efficiency                      Multiprocessor Activity      19.80%      19.80%      19.80%
