==197729== NVPROF is profiling process 197729, command: ./0123HomeWork 16 32
==197729== Some kernel(s) will be replayed on device 0 in order to collect all events/metrics.
==197729== Profiling application: ./0123HomeWork 16 32
==197729== Profiling result:
==197729== Metric result:
Invocations                               Metric Name                           Metric Description         Min         Max         Avg
Device "Tesla V100-PCIE-16GB (0)"
    Kernel: find_hash(int, int)
          1                             inst_per_warp                        Instructions per warp  5.5603e+05  5.5603e+05  5.5603e+05
          1                           global_hit_rate            Global Hit Rate in unified l1/tex       1.01%       1.01%       1.01%
          1                            local_hit_rate                               Local Hit Rate      98.74%      98.74%      98.74%
          1                        tex_cache_hit_rate                       Unified Cache Hit Rate      28.69%      28.69%      28.69%
          1                      l2_tex_read_hit_rate                  L2 Hit Rate (Texture Reads)      99.61%      99.61%      99.61%
          1                     l2_tex_write_hit_rate                 L2 Hit Rate (Texture Writes)      99.59%      99.59%      99.59%
          1                            gld_efficiency                Global Memory Load Efficiency      12.73%      12.73%      12.73%
          1                            gst_efficiency               Global Memory Store Efficiency       3.79%       3.79%       3.79%
          1                          stall_inst_fetch     Issue Stall Reasons (Instructions Fetch)      17.71%      17.71%      17.71%
          1                     stall_exec_dependency   Issue Stall Reasons (Execution Dependency)      62.08%      62.08%      62.08%
          1                   stall_memory_dependency           Issue Stall Reasons (Data Request)      17.57%      17.57%      17.57%
          1                                       ipc                                 Executed IPC    0.237550    0.237550    0.237550
          1                             sm_efficiency                      Multiprocessor Activity      19.90%      19.90%      19.90%
