==196936== NVPROF is profiling process 196936, command: ./0123HomeWork 16 32
==196936== Some kernel(s) will be replayed on device 0 in order to collect all events/metrics.
==196936== Profiling application: ./0123HomeWork 16 32
==196936== Profiling result:
==196936== Metric result:
Invocations                               Metric Name                           Metric Description         Min         Max         Avg
Device "Tesla V100-PCIE-16GB (0)"
    Kernel: find_hash(int, int)
          1                             inst_per_warp                        Instructions per warp  1.0778e+05  1.0778e+05  1.0778e+05
          1                           global_hit_rate            Global Hit Rate in unified l1/tex       4.90%       4.90%       4.90%
          1                            local_hit_rate                               Local Hit Rate      98.34%      98.34%      98.34%
          1                        tex_cache_hit_rate                       Unified Cache Hit Rate      29.07%      29.07%      29.07%
          1                      l2_tex_read_hit_rate                  L2 Hit Rate (Texture Reads)     100.95%     100.95%     100.95%
          1                     l2_tex_write_hit_rate                 L2 Hit Rate (Texture Writes)     100.00%     100.00%     100.00%
          1                            gld_efficiency                Global Memory Load Efficiency      12.17%      12.17%      12.17%
          1                            gst_efficiency               Global Memory Store Efficiency       3.79%       3.79%       3.79%
          1                          stall_inst_fetch     Issue Stall Reasons (Instructions Fetch)      18.41%      18.41%      18.41%
          1                     stall_exec_dependency   Issue Stall Reasons (Execution Dependency)      61.47%      61.47%      61.47%
          1                   stall_memory_dependency           Issue Stall Reasons (Data Request)      17.45%      17.45%      17.45%
          1                                       ipc                                 Executed IPC    0.234262    0.234262    0.234262
          1                             sm_efficiency                      Multiprocessor Activity      19.58%      19.58%      19.58%
