==197073== NVPROF is profiling process 197073, command: ./0123HomeWork 16 32
==197073== Some kernel(s) will be replayed on device 0 in order to collect all events/metrics.
==197073== Profiling application: ./0123HomeWork 16 32
==197073== Profiling result:
==197073== Metric result:
Invocations                               Metric Name                           Metric Description         Min         Max         Avg
Device "Tesla V100-PCIE-16GB (0)"
    Kernel: find_hash(int, int)
          1                             inst_per_warp                        Instructions per warp  5.0463e+04  5.0463e+04  5.0463e+04
          1                           global_hit_rate            Global Hit Rate in unified l1/tex       9.63%       9.63%       9.63%
          1                            local_hit_rate                               Local Hit Rate      97.70%      97.70%      97.70%
          1                        tex_cache_hit_rate                       Unified Cache Hit Rate      29.02%      29.02%      29.02%
          1                      l2_tex_read_hit_rate                  L2 Hit Rate (Texture Reads)     109.70%     109.70%     109.70%
          1                     l2_tex_write_hit_rate                 L2 Hit Rate (Texture Writes)      99.34%      99.34%      99.34%
          1                            gld_efficiency                Global Memory Load Efficiency      12.46%      12.46%      12.46%
          1                            gst_efficiency               Global Memory Store Efficiency       3.79%       3.79%       3.79%
          1                          stall_inst_fetch     Issue Stall Reasons (Instructions Fetch)      19.42%      19.42%      19.42%
          1                     stall_exec_dependency   Issue Stall Reasons (Execution Dependency)      59.57%      59.57%      59.57%
          1                   stall_memory_dependency           Issue Stall Reasons (Data Request)      18.20%      18.20%      18.20%
          1                                       ipc                                 Executed IPC    0.229755    0.229755    0.229755
          1                             sm_efficiency                      Multiprocessor Activity      19.09%      19.09%      19.09%
