==197347== NVPROF is profiling process 197347, command: ./0123HomeWork 16 32
==197347== Some kernel(s) will be replayed on device 0 in order to collect all events/metrics.
==197347== Profiling application: ./0123HomeWork 16 32
==197347== Profiling result:
==197347== Metric result:
Invocations                               Metric Name                           Metric Description         Min         Max         Avg
Device "Tesla V100-PCIE-16GB (0)"
    Kernel: find_hash(int, int)
          1                             inst_per_warp                        Instructions per warp  6.3365e+04  6.3365e+04  6.3365e+04
          1                           global_hit_rate            Global Hit Rate in unified l1/tex       7.91%       7.91%       7.91%
          1                            local_hit_rate                               Local Hit Rate      97.89%      97.89%      97.89%
          1                        tex_cache_hit_rate                       Unified Cache Hit Rate      28.35%      28.35%      28.35%
          1                      l2_tex_read_hit_rate                  L2 Hit Rate (Texture Reads)     107.92%     107.92%     107.92%
          1                     l2_tex_write_hit_rate                 L2 Hit Rate (Texture Writes)      98.90%      98.90%      98.90%
          1                            gld_efficiency                Global Memory Load Efficiency      12.71%      12.71%      12.71%
          1                            gst_efficiency               Global Memory Store Efficiency       3.79%       3.79%       3.79%
          1                          stall_inst_fetch     Issue Stall Reasons (Instructions Fetch)      18.89%      18.89%      18.89%
          1                     stall_exec_dependency   Issue Stall Reasons (Execution Dependency)      60.32%      60.32%      60.32%
          1                   stall_memory_dependency           Issue Stall Reasons (Data Request)      18.00%      18.00%      18.00%
          1                                       ipc                                 Executed IPC    0.231536    0.231536    0.231536
          1                             sm_efficiency                      Multiprocessor Activity      19.34%      19.34%      19.34%
