==200224== NVPROF is profiling process 200224, command: ./0123HomeWork 16 4
==200224== Some kernel(s) will be replayed on device 0 in order to collect all events/metrics.
==200224== Profiling application: ./0123HomeWork 16 4
==200224== Profiling result:
==200224== Metric result:
Invocations                               Metric Name                           Metric Description         Min         Max         Avg
Device "Tesla V100-PCIE-16GB (0)"
    Kernel: find_hash(int, int)
          1                             inst_per_warp                        Instructions per warp  2.5796e+06  2.5796e+06  2.5796e+06
          1                           global_hit_rate            Global Hit Rate in unified l1/tex       0.22%       0.22%       0.22%
          1                            local_hit_rate                               Local Hit Rate      98.83%      98.83%      98.83%
          1                        tex_cache_hit_rate                       Unified Cache Hit Rate      28.28%      28.28%      28.28%
          1                      l2_tex_read_hit_rate                  L2 Hit Rate (Texture Reads)      99.95%      99.95%      99.95%
          1                     l2_tex_write_hit_rate                 L2 Hit Rate (Texture Writes)      99.30%      99.30%      99.30%
          1                            gld_efficiency                Global Memory Load Efficiency      12.79%      12.79%      12.79%
          1                            gst_efficiency               Global Memory Store Efficiency       3.79%       3.79%       3.79%
          1                          stall_inst_fetch     Issue Stall Reasons (Instructions Fetch)      17.98%      17.98%      17.98%
          1                     stall_exec_dependency   Issue Stall Reasons (Execution Dependency)      64.13%      64.13%      64.13%
          1                   stall_memory_dependency           Issue Stall Reasons (Data Request)      17.66%      17.66%      17.66%
          1                                       ipc                                 Executed IPC    0.243105    0.243105    0.243105
          1                             sm_efficiency                      Multiprocessor Activity      19.98%      19.98%      19.98%
