==200314== NVPROF is profiling process 200314, command: ./0123HomeWork 16 4
==200314== Some kernel(s) will be replayed on device 0 in order to collect all events/metrics.
==200314== Profiling application: ./0123HomeWork 16 4
==200314== Profiling result:
==200314== Metric result:
Invocations                               Metric Name                           Metric Description         Min         Max         Avg
Device "Tesla V100-PCIE-16GB (0)"
    Kernel: find_hash(int, int)
          1                             inst_per_warp                        Instructions per warp  5.0850e+06  5.0850e+06  5.0850e+06
          1                           global_hit_rate            Global Hit Rate in unified l1/tex       0.11%       0.11%       0.11%
          1                            local_hit_rate                               Local Hit Rate      98.83%      98.83%      98.83%
          1                        tex_cache_hit_rate                       Unified Cache Hit Rate      28.49%      28.49%      28.49%
          1                      l2_tex_read_hit_rate                  L2 Hit Rate (Texture Reads)     100.00%     100.00%     100.00%
          1                     l2_tex_write_hit_rate                 L2 Hit Rate (Texture Writes)      99.81%      99.81%      99.81%
          1                            gld_efficiency                Global Memory Load Efficiency      12.66%      12.66%      12.66%
          1                            gst_efficiency               Global Memory Store Efficiency       3.79%       3.79%       3.79%
          1                          stall_inst_fetch     Issue Stall Reasons (Instructions Fetch)      17.94%      17.94%      17.94%
          1                     stall_exec_dependency   Issue Stall Reasons (Execution Dependency)      64.11%      64.11%      64.11%
          1                   stall_memory_dependency           Issue Stall Reasons (Data Request)      17.71%      17.71%      17.71%
          1                                       ipc                                 Executed IPC    0.243214    0.243214    0.243214
          1                             sm_efficiency                      Multiprocessor Activity      19.99%      19.99%      19.99%
