==200406== NVPROF is profiling process 200406, command: ./0123HomeWork 16 4
==200406== Some kernel(s) will be replayed on device 0 in order to collect all events/metrics.
==200406== Profiling application: ./0123HomeWork 16 4
==200406== Profiling result:
==200406== Metric result:
Invocations                               Metric Name                           Metric Description         Min         Max         Avg
Device "Tesla V100-PCIE-16GB (0)"
    Kernel: find_hash(int, int)
          1                             inst_per_warp                        Instructions per warp  3.4426e+05  3.4426e+05  3.4426e+05
          1                           global_hit_rate            Global Hit Rate in unified l1/tex       1.62%       1.62%       1.62%
          1                            local_hit_rate                               Local Hit Rate      98.67%      98.67%      98.67%
          1                        tex_cache_hit_rate                       Unified Cache Hit Rate      29.21%      29.21%      29.21%
          1                      l2_tex_read_hit_rate                  L2 Hit Rate (Texture Reads)      98.59%      98.59%      98.59%
          1                     l2_tex_write_hit_rate                 L2 Hit Rate (Texture Writes)      99.92%      99.92%      99.92%
          1                            gld_efficiency                Global Memory Load Efficiency      12.62%      12.62%      12.62%
          1                            gst_efficiency               Global Memory Store Efficiency       3.79%       3.79%       3.79%
          1                          stall_inst_fetch     Issue Stall Reasons (Instructions Fetch)      18.22%      18.22%      18.22%
          1                     stall_exec_dependency   Issue Stall Reasons (Execution Dependency)      63.60%      63.60%      63.60%
          1                   stall_memory_dependency           Issue Stall Reasons (Data Request)      17.92%      17.92%      17.92%
          1                                       ipc                                 Executed IPC    0.241380    0.241380    0.241380
          1                             sm_efficiency                      Multiprocessor Activity      19.85%      19.85%      19.85%
