==199947== NVPROF is profiling process 199947, command: ./0123HomeWork 16 4
==199947== Some kernel(s) will be replayed on device 0 in order to collect all events/metrics.
==199947== Profiling application: ./0123HomeWork 16 4
==199947== Profiling result:
==199947== Metric result:
Invocations                               Metric Name                           Metric Description         Min         Max         Avg
Device "Tesla V100-PCIE-16GB (0)"
    Kernel: find_hash(int, int)
          1                             inst_per_warp                        Instructions per warp  4.2996e+05  4.2996e+05  4.2996e+05
          1                           global_hit_rate            Global Hit Rate in unified l1/tex       1.30%       1.30%       1.30%
          1                            local_hit_rate                               Local Hit Rate      98.70%      98.70%      98.70%
          1                        tex_cache_hit_rate                       Unified Cache Hit Rate      28.55%      28.55%      28.55%
          1                      l2_tex_read_hit_rate                  L2 Hit Rate (Texture Reads)      99.63%      99.63%      99.63%
          1                     l2_tex_write_hit_rate                 L2 Hit Rate (Texture Writes)     100.04%     100.04%     100.04%
          1                            gld_efficiency                Global Memory Load Efficiency      12.68%      12.68%      12.68%
          1                            gst_efficiency               Global Memory Store Efficiency       3.79%       3.79%       3.79%
          1                          stall_inst_fetch     Issue Stall Reasons (Instructions Fetch)      18.10%      18.10%      18.10%
          1                     stall_exec_dependency   Issue Stall Reasons (Execution Dependency)      63.76%      63.76%      63.76%
          1                   stall_memory_dependency           Issue Stall Reasons (Data Request)      17.87%      17.87%      17.87%
          1                                       ipc                                 Executed IPC    0.242054    0.242054    0.242054
          1                             sm_efficiency                      Multiprocessor Activity      19.86%      19.86%      19.86%
