==196369== NVPROF is profiling process 196369, command: ./0123HomeWork 16 64
==196369== Some kernel(s) will be replayed on device 0 in order to collect all events/metrics.
==196369== Profiling application: ./0123HomeWork 16 64
==196369== Profiling result:
==196369== Metric result:
Invocations                               Metric Name                           Metric Description         Min         Max         Avg
Device "Tesla V100-PCIE-16GB (0)"
    Kernel: find_hash(int, int)
          1                             inst_per_warp                        Instructions per warp  2.3938e+05  2.3938e+05  2.3938e+05
          1                           global_hit_rate            Global Hit Rate in unified l1/tex       1.16%       1.16%       1.16%
          1                            local_hit_rate                               Local Hit Rate      98.62%      98.62%      98.62%
          1                        tex_cache_hit_rate                       Unified Cache Hit Rate      28.56%      28.56%      28.56%
          1                      l2_tex_read_hit_rate                  L2 Hit Rate (Texture Reads)     100.00%     100.00%     100.00%
          1                     l2_tex_write_hit_rate                 L2 Hit Rate (Texture Writes)      99.92%      99.92%      99.92%
          1                            gld_efficiency                Global Memory Load Efficiency      12.28%      12.28%      12.28%
          1                            gst_efficiency               Global Memory Store Efficiency       3.79%       3.79%       3.79%
          1                          stall_inst_fetch     Issue Stall Reasons (Instructions Fetch)      15.40%      15.40%      15.40%
          1                     stall_exec_dependency   Issue Stall Reasons (Execution Dependency)      54.37%      54.37%      54.37%
          1                   stall_memory_dependency           Issue Stall Reasons (Data Request)      15.66%      15.66%      15.66%
          1                                       ipc                                 Executed IPC    0.427423    0.427423    0.427423
          1                             sm_efficiency                      Multiprocessor Activity      19.80%      19.80%      19.80%
