==195915== NVPROF is profiling process 195915, command: ./0123HomeWork 16 64
==195915== Some kernel(s) will be replayed on device 0 in order to collect all events/metrics.
==195915== Profiling application: ./0123HomeWork 16 64
==195915== Profiling result:
==195915== Metric result:
Invocations                               Metric Name                           Metric Description         Min         Max         Avg
Device "Tesla V100-PCIE-16GB (0)"
    Kernel: find_hash(int, int)
          1                             inst_per_warp                        Instructions per warp  7.3500e+04  7.3500e+04  7.3500e+04
          1                           global_hit_rate            Global Hit Rate in unified l1/tex       3.60%       3.60%       3.60%
          1                            local_hit_rate                               Local Hit Rate      98.02%      98.02%      98.02%
          1                        tex_cache_hit_rate                       Unified Cache Hit Rate      28.58%      28.58%      28.58%
          1                      l2_tex_read_hit_rate                  L2 Hit Rate (Texture Reads)     107.04%     107.04%     107.04%
          1                     l2_tex_write_hit_rate                 L2 Hit Rate (Texture Writes)      99.97%      99.97%      99.97%
          1                            gld_efficiency                Global Memory Load Efficiency      12.32%      12.32%      12.32%
          1                            gst_efficiency               Global Memory Store Efficiency       3.79%       3.79%       3.79%
          1                          stall_inst_fetch     Issue Stall Reasons (Instructions Fetch)      16.07%      16.07%      16.07%
          1                     stall_exec_dependency   Issue Stall Reasons (Execution Dependency)      53.43%      53.43%      53.43%
          1                   stall_memory_dependency           Issue Stall Reasons (Data Request)      16.15%      16.15%      16.15%
          1                                       ipc                                 Executed IPC    0.421104    0.421104    0.421104
          1                             sm_efficiency                      Multiprocessor Activity      19.26%      19.26%      19.26%
