==227795== NVPROF is profiling process 227795, command: ./0123HomeWork 2 1
==227795== Some kernel(s) will be replayed on device 0 in order to collect all events/metrics.
==227795== Profiling application: ./0123HomeWork 2 1
==227795== Profiling result:
==227795== Metric result:
Invocations                               Metric Name                           Metric Description         Min         Max         Avg
Device "Tesla V100-PCIE-16GB (0)"
    Kernel: find_hash(int, int)
          1                             inst_per_warp                        Instructions per warp  5.5138e+07  5.5138e+07  5.5138e+07
          1                           global_hit_rate            Global Hit Rate in unified l1/tex       0.08%       0.08%       0.08%
          1                            local_hit_rate                               Local Hit Rate      98.84%      98.84%      98.84%
          1                        tex_cache_hit_rate                       Unified Cache Hit Rate      28.49%      28.49%      28.49%
          1                      l2_tex_read_hit_rate                  L2 Hit Rate (Texture Reads)     100.09%     100.09%     100.09%
          1                     l2_tex_write_hit_rate                 L2 Hit Rate (Texture Writes)      99.80%      99.80%      99.80%
          1                            gld_efficiency                Global Memory Load Efficiency      12.20%      12.20%      12.20%
          1                            gst_efficiency               Global Memory Store Efficiency       3.79%       3.79%       3.79%
          1                          stall_inst_fetch     Issue Stall Reasons (Instructions Fetch)      18.09%      18.09%      18.09%
          1                     stall_exec_dependency   Issue Stall Reasons (Execution Dependency)      63.96%      63.96%      63.96%
          1                   stall_memory_dependency           Issue Stall Reasons (Data Request)      17.72%      17.72%      17.72%
          1                                       ipc                                 Executed IPC    0.242842    0.242842    0.242842
          1                             sm_efficiency                      Multiprocessor Activity       2.50%       2.50%       2.50%
