==221255== NVPROF is profiling process 221255, command: ./0123HomeWork 2 128
==221255== Some kernel(s) will be replayed on device 0 in order to collect all events/metrics.
==221255== Profiling application: ./0123HomeWork 2 128
==221255== Profiling result:
==221255== Metric result:
Invocations                               Metric Name                           Metric Description         Min         Max         Avg
Device "Tesla V100-PCIE-16GB (0)"
    Kernel: find_hash(int, int)
          1                             inst_per_warp                        Instructions per warp  7.1528e+05  7.1528e+05  7.1528e+05
          1                           global_hit_rate            Global Hit Rate in unified l1/tex       1.56%       1.56%       1.56%
          1                            local_hit_rate                               Local Hit Rate      98.83%      98.83%      98.83%
          1                        tex_cache_hit_rate                       Unified Cache Hit Rate      28.72%      28.72%      28.72%
          1                      l2_tex_read_hit_rate                  L2 Hit Rate (Texture Reads)      99.21%      99.21%      99.21%
          1                     l2_tex_write_hit_rate                 L2 Hit Rate (Texture Writes)     100.00%     100.00%     100.00%
          1                            gld_efficiency                Global Memory Load Efficiency      12.29%      12.29%      12.29%
          1                            gst_efficiency               Global Memory Store Efficiency       3.79%       3.79%       3.79%
          1                          stall_inst_fetch     Issue Stall Reasons (Instructions Fetch)      11.44%      11.44%      11.44%
          1                     stall_exec_dependency   Issue Stall Reasons (Execution Dependency)      42.40%      42.40%      42.40%
          1                   stall_memory_dependency           Issue Stall Reasons (Data Request)      12.85%      12.85%      12.85%
          1                                       ipc                                 Executed IPC    0.700081    0.700081    0.700081
          1                             sm_efficiency                      Multiprocessor Activity       2.50%       2.50%       2.50%
