==220959== NVPROF is profiling process 220959, command: ./0123HomeWork 2 128
==220959== Some kernel(s) will be replayed on device 0 in order to collect all events/metrics.
==220959== Profiling application: ./0123HomeWork 2 128
==220959== Profiling result:
==220959== Metric result:
Invocations                               Metric Name                           Metric Description         Min         Max         Avg
Device "Tesla V100-PCIE-16GB (0)"
    Kernel: find_hash(int, int)
          1                             inst_per_warp                        Instructions per warp  1.3875e+05  1.3875e+05  1.3875e+05
          1                           global_hit_rate            Global Hit Rate in unified l1/tex       7.43%       7.43%       7.43%
          1                            local_hit_rate                               Local Hit Rate      98.81%      98.81%      98.81%
          1                        tex_cache_hit_rate                       Unified Cache Hit Rate      28.61%      28.61%      28.61%
          1                      l2_tex_read_hit_rate                  L2 Hit Rate (Texture Reads)      96.17%      96.17%      96.17%
          1                     l2_tex_write_hit_rate                 L2 Hit Rate (Texture Writes)     100.00%     100.00%     100.00%
          1                            gld_efficiency                Global Memory Load Efficiency      12.37%      12.37%      12.37%
          1                            gst_efficiency               Global Memory Store Efficiency       3.79%       3.79%       3.79%
          1                          stall_inst_fetch     Issue Stall Reasons (Instructions Fetch)      11.80%      11.80%      11.80%
          1                     stall_exec_dependency   Issue Stall Reasons (Execution Dependency)      42.08%      42.08%      42.08%
          1                   stall_memory_dependency           Issue Stall Reasons (Data Request)      12.98%      12.98%      12.98%
          1                                       ipc                                 Executed IPC    0.694705    0.694705    0.694705
          1                             sm_efficiency                      Multiprocessor Activity       2.48%       2.48%       2.48%
