==226638== NVPROF is profiling process 226638, command: ./0123HomeWork 2 2
==226638== Some kernel(s) will be replayed on device 0 in order to collect all events/metrics.
==226638== Profiling application: ./0123HomeWork 2 2
==226638== Profiling result:
==226638== Metric result:
Invocations                               Metric Name                           Metric Description         Min         Max         Avg
Device "Tesla V100-PCIE-16GB (0)"
    Kernel: find_hash(int, int)
          1                             inst_per_warp                        Instructions per warp  8.1247e+06  8.1247e+06  8.1247e+06
          1                           global_hit_rate            Global Hit Rate in unified l1/tex       0.56%       0.56%       0.56%
          1                            local_hit_rate                               Local Hit Rate      98.84%      98.84%      98.84%
          1                        tex_cache_hit_rate                       Unified Cache Hit Rate      28.76%      28.76%      28.76%
          1                      l2_tex_read_hit_rate                  L2 Hit Rate (Texture Reads)      99.93%      99.93%      99.93%
          1                     l2_tex_write_hit_rate                 L2 Hit Rate (Texture Writes)      99.88%      99.88%      99.88%
          1                            gld_efficiency                Global Memory Load Efficiency      12.21%      12.21%      12.21%
          1                            gst_efficiency               Global Memory Store Efficiency       3.79%       3.79%       3.79%
          1                          stall_inst_fetch     Issue Stall Reasons (Instructions Fetch)      18.11%      18.11%      18.11%
          1                     stall_exec_dependency   Issue Stall Reasons (Execution Dependency)      63.85%      63.85%      63.85%
          1                   stall_memory_dependency           Issue Stall Reasons (Data Request)      17.82%      17.82%      17.82%
          1                                       ipc                                 Executed IPC    0.242713    0.242713    0.242713
          1                             sm_efficiency                      Multiprocessor Activity       2.50%       2.50%       2.50%
