==220226== NVPROF is profiling process 220226, command: ./0123HomeWork 2 256
==220226== Some kernel(s) will be replayed on device 0 in order to collect all events/metrics.
==220226== Profiling application: ./0123HomeWork 2 256
==220226== Profiling result:
==220226== Metric result:
Invocations                               Metric Name                           Metric Description         Min         Max         Avg
Device "Tesla V100-PCIE-16GB (0)"
    Kernel: find_hash(int, int)
          1                             inst_per_warp                        Instructions per warp  4.6553e+05  4.6553e+05  4.6553e+05
          1                           global_hit_rate            Global Hit Rate in unified l1/tex       1.20%       1.20%       1.20%
          1                            local_hit_rate                               Local Hit Rate      97.35%      97.35%      97.35%
          1                        tex_cache_hit_rate                       Unified Cache Hit Rate      28.28%      28.28%      28.28%
          1                      l2_tex_read_hit_rate                  L2 Hit Rate (Texture Reads)     101.21%     101.21%     101.21%
          1                     l2_tex_write_hit_rate                 L2 Hit Rate (Texture Writes)     100.16%     100.16%     100.16%
          1                            gld_efficiency                Global Memory Load Efficiency      11.52%      11.52%      11.52%
          1                            gst_efficiency               Global Memory Store Efficiency       3.79%       3.79%       3.79%
          1                          stall_inst_fetch     Issue Stall Reasons (Instructions Fetch)       4.69%       4.69%       4.69%
          1                     stall_exec_dependency   Issue Stall Reasons (Execution Dependency)      31.07%      31.07%      31.07%
          1                   stall_memory_dependency           Issue Stall Reasons (Data Request)      16.32%      16.32%      16.32%
          1                                       ipc                                 Executed IPC    1.088801    1.088801    1.088801
          1                             sm_efficiency                      Multiprocessor Activity       2.49%       2.49%       2.49%
