==219765== NVPROF is profiling process 219765, command: ./0123HomeWork 2 256
==219765== Some kernel(s) will be replayed on device 0 in order to collect all events/metrics.
==219765== Profiling application: ./0123HomeWork 2 256
==219765== Profiling result:
==219765== Metric result:
Invocations                               Metric Name                           Metric Description         Min         Max         Avg
Device "Tesla V100-PCIE-16GB (0)"
    Kernel: find_hash(int, int)
          1                             inst_per_warp                        Instructions per warp  1.9275e+05  1.9275e+05  1.9275e+05
          1                           global_hit_rate            Global Hit Rate in unified l1/tex       2.83%       2.83%       2.83%
          1                            local_hit_rate                               Local Hit Rate      97.35%      97.35%      97.35%
          1                        tex_cache_hit_rate                       Unified Cache Hit Rate      27.87%      27.87%      27.87%
          1                      l2_tex_read_hit_rate                  L2 Hit Rate (Texture Reads)      97.67%      97.67%      97.67%
          1                     l2_tex_write_hit_rate                 L2 Hit Rate (Texture Writes)      99.81%      99.81%      99.81%
          1                            gld_efficiency                Global Memory Load Efficiency      11.59%      11.59%      11.59%
          1                            gst_efficiency               Global Memory Store Efficiency       3.79%       3.79%       3.79%
          1                          stall_inst_fetch     Issue Stall Reasons (Instructions Fetch)       4.76%       4.76%       4.76%
          1                     stall_exec_dependency   Issue Stall Reasons (Execution Dependency)      30.91%      30.91%      30.91%
          1                   stall_memory_dependency           Issue Stall Reasons (Data Request)      16.00%      16.00%      16.00%
          1                                       ipc                                 Executed IPC    1.077447    1.077447    1.077447
          1                             sm_efficiency                      Multiprocessor Activity       2.48%       2.48%       2.48%
