==222656== NVPROF is profiling process 222656, command: ./0123HomeWork 2 32
==222656== Some kernel(s) will be replayed on device 0 in order to collect all events/metrics.
==222656== Profiling application: ./0123HomeWork 2 32
==222656== Profiling result:
==222656== Metric result:
Invocations                               Metric Name                           Metric Description         Min         Max         Avg
Device "Tesla V100-PCIE-16GB (0)"
    Kernel: find_hash(int, int)
          1                             inst_per_warp                        Instructions per warp  8.6584e+06  8.6584e+06  8.6584e+06
          1                           global_hit_rate            Global Hit Rate in unified l1/tex       0.52%       0.52%       0.52%
          1                            local_hit_rate                               Local Hit Rate      98.84%      98.84%      98.84%
          1                        tex_cache_hit_rate                       Unified Cache Hit Rate      28.77%      28.77%      28.77%
          1                      l2_tex_read_hit_rate                  L2 Hit Rate (Texture Reads)      99.76%      99.76%      99.76%
          1                     l2_tex_write_hit_rate                 L2 Hit Rate (Texture Writes)      99.93%      99.93%      99.93%
          1                            gld_efficiency                Global Memory Load Efficiency      12.23%      12.23%      12.23%
          1                            gst_efficiency               Global Memory Store Efficiency       3.79%       3.79%       3.79%
          1                          stall_inst_fetch     Issue Stall Reasons (Instructions Fetch)      17.69%      17.69%      17.69%
          1                     stall_exec_dependency   Issue Stall Reasons (Execution Dependency)      62.26%      62.26%      62.26%
          1                   stall_memory_dependency           Issue Stall Reasons (Data Request)      17.42%      17.42%      17.42%
          1                                       ipc                                 Executed IPC    0.237638    0.237638    0.237638
          1                             sm_efficiency                      Multiprocessor Activity       2.50%       2.50%       2.50%
