==225578== NVPROF is profiling process 225578, command: ./0123HomeWork 2 4
==225578== Some kernel(s) will be replayed on device 0 in order to collect all events/metrics.
==225578== Profiling application: ./0123HomeWork 2 4
==225578== Profiling result:
==225578== Metric result:
Invocations                               Metric Name                           Metric Description         Min         Max         Avg
Device "Tesla V100-PCIE-16GB (0)"
    Kernel: find_hash(int, int)
          1                             inst_per_warp                        Instructions per warp  2.0721e+07  2.0721e+07  2.0721e+07
          1                           global_hit_rate            Global Hit Rate in unified l1/tex       0.22%       0.22%       0.22%
          1                            local_hit_rate                               Local Hit Rate      98.84%      98.84%      98.84%
          1                        tex_cache_hit_rate                       Unified Cache Hit Rate      28.64%      28.64%      28.64%
          1                      l2_tex_read_hit_rate                  L2 Hit Rate (Texture Reads)      99.92%      99.92%      99.92%
          1                     l2_tex_write_hit_rate                 L2 Hit Rate (Texture Writes)      99.88%      99.88%      99.88%
          1                            gld_efficiency                Global Memory Load Efficiency      12.21%      12.21%      12.21%
          1                            gst_efficiency               Global Memory Store Efficiency       3.79%       3.79%       3.79%
          1                          stall_inst_fetch     Issue Stall Reasons (Instructions Fetch)      18.09%      18.09%      18.09%
          1                     stall_exec_dependency   Issue Stall Reasons (Execution Dependency)      63.85%      63.85%      63.85%
          1                   stall_memory_dependency           Issue Stall Reasons (Data Request)      17.84%      17.84%      17.84%
          1                                       ipc                                 Executed IPC    0.242677    0.242677    0.242677
          1                             sm_efficiency                      Multiprocessor Activity       2.50%       2.50%       2.50%
