==225115== NVPROF is profiling process 225115, command: ./0123HomeWork 2 4
==225115== Some kernel(s) will be replayed on device 0 in order to collect all events/metrics.
==225115== Profiling application: ./0123HomeWork 2 4
==225115== Profiling result:
==225115== Metric result:
Invocations                               Metric Name                           Metric Description         Min         Max         Avg
Device "Tesla V100-PCIE-16GB (0)"
    Kernel: find_hash(int, int)
          1                             inst_per_warp                        Instructions per warp  1.1199e+07  1.1199e+07  1.1199e+07
          1                           global_hit_rate            Global Hit Rate in unified l1/tex       0.41%       0.41%       0.41%
          1                            local_hit_rate                               Local Hit Rate      98.84%      98.84%      98.84%
          1                        tex_cache_hit_rate                       Unified Cache Hit Rate      28.63%      28.63%      28.63%
          1                      l2_tex_read_hit_rate                  L2 Hit Rate (Texture Reads)     100.14%     100.14%     100.14%
          1                     l2_tex_write_hit_rate                 L2 Hit Rate (Texture Writes)      99.80%      99.80%      99.80%
          1                            gld_efficiency                Global Memory Load Efficiency      12.79%      12.79%      12.79%
          1                            gst_efficiency               Global Memory Store Efficiency       3.79%       3.79%       3.79%
          1                          stall_inst_fetch     Issue Stall Reasons (Instructions Fetch)      18.14%      18.14%      18.14%
          1                     stall_exec_dependency   Issue Stall Reasons (Execution Dependency)      64.01%      64.01%      64.01%
          1                   stall_memory_dependency           Issue Stall Reasons (Data Request)      17.63%      17.63%      17.63%
          1                                       ipc                                 Executed IPC    0.242661    0.242661    0.242661
          1                             sm_efficiency                      Multiprocessor Activity       2.50%       2.50%       2.50%
