==222106== NVPROF is profiling process 222106, command: ./0123HomeWork 2 64
==222106== Some kernel(s) will be replayed on device 0 in order to collect all events/metrics.
==222106== Profiling application: ./0123HomeWork 2 64
==222106== Profiling result:
==222106== Metric result:
Invocations                               Metric Name                           Metric Description         Min         Max         Avg
Device "Tesla V100-PCIE-16GB (0)"
    Kernel: find_hash(int, int)
          1                             inst_per_warp                        Instructions per warp  3.7439e+06  3.7439e+06  3.7439e+06
          1                           global_hit_rate            Global Hit Rate in unified l1/tex       0.61%       0.61%       0.61%
          1                            local_hit_rate                               Local Hit Rate      98.83%      98.83%      98.83%
          1                        tex_cache_hit_rate                       Unified Cache Hit Rate      28.80%      28.80%      28.80%
          1                      l2_tex_read_hit_rate                  L2 Hit Rate (Texture Reads)     100.62%     100.62%     100.62%
          1                     l2_tex_write_hit_rate                 L2 Hit Rate (Texture Writes)      99.96%      99.96%      99.96%
          1                            gld_efficiency                Global Memory Load Efficiency      12.18%      12.18%      12.18%
          1                            gst_efficiency               Global Memory Store Efficiency       3.79%       3.79%       3.79%
          1                          stall_inst_fetch     Issue Stall Reasons (Instructions Fetch)      15.26%      15.26%      15.26%
          1                     stall_exec_dependency   Issue Stall Reasons (Execution Dependency)      54.89%      54.89%      54.89%
          1                   stall_memory_dependency           Issue Stall Reasons (Data Request)      15.39%      15.39%      15.39%
          1                                       ipc                                 Executed IPC    0.430106    0.430106    0.430106
          1                             sm_efficiency                      Multiprocessor Activity       2.50%       2.50%       2.50%
