==221810== NVPROF is profiling process 221810, command: ./0123HomeWork 2 64
==221810== Some kernel(s) will be replayed on device 0 in order to collect all events/metrics.
==221810== Profiling application: ./0123HomeWork 2 64
==221810== Profiling result:
==221810== Metric result:
Invocations                               Metric Name                           Metric Description         Min         Max         Avg
Device "Tesla V100-PCIE-16GB (0)"
    Kernel: find_hash(int, int)
          1                             inst_per_warp                        Instructions per warp  4.5136e+05  4.5136e+05  4.5136e+05
          1                           global_hit_rate            Global Hit Rate in unified l1/tex       4.78%       4.78%       4.78%
          1                            local_hit_rate                               Local Hit Rate      98.82%      98.82%      98.82%
          1                        tex_cache_hit_rate                       Unified Cache Hit Rate      28.71%      28.71%      28.71%
          1                      l2_tex_read_hit_rate                  L2 Hit Rate (Texture Reads)      99.75%      99.75%      99.75%
          1                     l2_tex_write_hit_rate                 L2 Hit Rate (Texture Writes)      99.84%      99.84%      99.84%
          1                            gld_efficiency                Global Memory Load Efficiency      12.74%      12.74%      12.74%
          1                            gst_efficiency               Global Memory Store Efficiency       3.79%       3.79%       3.79%
          1                          stall_inst_fetch     Issue Stall Reasons (Instructions Fetch)      15.44%      15.44%      15.44%
          1                     stall_exec_dependency   Issue Stall Reasons (Execution Dependency)      54.59%      54.59%      54.59%
          1                   stall_memory_dependency           Issue Stall Reasons (Data Request)      15.49%      15.49%      15.49%
          1                                       ipc                                 Executed IPC    0.428395    0.428395    0.428395
          1                             sm_efficiency                      Multiprocessor Activity       2.49%       2.49%       2.49%
