==224171== NVPROF is profiling process 224171, command: ./0123HomeWork 2 8
==224171== Some kernel(s) will be replayed on device 0 in order to collect all events/metrics.
==224171== Profiling application: ./0123HomeWork 2 8
==224171== Profiling result:
==224171== Metric result:
Invocations                               Metric Name                           Metric Description         Min         Max         Avg
Device "Tesla V100-PCIE-16GB (0)"
    Kernel: find_hash(int, int)
          1                             inst_per_warp                        Instructions per warp  1.6661e+07  1.6661e+07  1.6661e+07
          1                           global_hit_rate            Global Hit Rate in unified l1/tex       0.27%       0.27%       0.27%
          1                            local_hit_rate                               Local Hit Rate      98.84%      98.84%      98.84%
          1                        tex_cache_hit_rate                       Unified Cache Hit Rate      28.57%      28.57%      28.57%
          1                      l2_tex_read_hit_rate                  L2 Hit Rate (Texture Reads)      99.92%      99.92%      99.92%
          1                     l2_tex_write_hit_rate                 L2 Hit Rate (Texture Writes)      99.82%      99.82%      99.82%
          1                            gld_efficiency                Global Memory Load Efficiency      12.79%      12.79%      12.79%
          1                            gst_efficiency               Global Memory Store Efficiency       3.79%       3.79%       3.79%
          1                          stall_inst_fetch     Issue Stall Reasons (Instructions Fetch)      18.12%      18.12%      18.12%
          1                     stall_exec_dependency   Issue Stall Reasons (Execution Dependency)      63.96%      63.96%      63.96%
          1                   stall_memory_dependency           Issue Stall Reasons (Data Request)      17.69%      17.69%      17.69%
          1                                       ipc                                 Executed IPC    0.242824    0.242824    0.242824
          1                             sm_efficiency                      Multiprocessor Activity       2.50%       2.50%       2.50%
