==224261== NVPROF is profiling process 224261, command: ./0123HomeWork 2 8
==224261== Some kernel(s) will be replayed on device 0 in order to collect all events/metrics.
==224261== Profiling application: ./0123HomeWork 2 8
==224261== Profiling result:
==224261== Metric result:
Invocations                               Metric Name                           Metric Description         Min         Max         Avg
Device "Tesla V100-PCIE-16GB (0)"
    Kernel: find_hash(int, int)
          1                             inst_per_warp                        Instructions per warp  1.4812e+07  1.4812e+07  1.4812e+07
          1                           global_hit_rate            Global Hit Rate in unified l1/tex       0.31%       0.31%       0.31%
          1                            local_hit_rate                               Local Hit Rate      98.84%      98.84%      98.84%
          1                        tex_cache_hit_rate                       Unified Cache Hit Rate      28.79%      28.79%      28.79%
          1                      l2_tex_read_hit_rate                  L2 Hit Rate (Texture Reads)     100.01%     100.01%     100.01%
          1                     l2_tex_write_hit_rate                 L2 Hit Rate (Texture Writes)      99.94%      99.94%      99.94%
          1                            gld_efficiency                Global Memory Load Efficiency      12.79%      12.79%      12.79%
          1                            gst_efficiency               Global Memory Store Efficiency       3.79%       3.79%       3.79%
          1                          stall_inst_fetch     Issue Stall Reasons (Instructions Fetch)      18.15%      18.15%      18.15%
          1                     stall_exec_dependency   Issue Stall Reasons (Execution Dependency)      63.94%      63.94%      63.94%
          1                   stall_memory_dependency           Issue Stall Reasons (Data Request)      17.69%      17.69%      17.69%
          1                                       ipc                                 Executed IPC    0.242890    0.242890    0.242890
          1                             sm_efficiency                      Multiprocessor Activity       2.50%       2.50%       2.50%
