==186830== NVPROF is profiling process 186830, command: ./0123HomeWork 32 128
==186830== Some kernel(s) will be replayed on device 0 in order to collect all events/metrics.
==186830== Profiling application: ./0123HomeWork 32 128
==186830== Profiling result:
==186830== Metric result:
Invocations                               Metric Name                           Metric Description         Min         Max         Avg
Device "Tesla V100-PCIE-16GB (0)"
    Kernel: find_hash(int, int)
          1                             inst_per_warp                        Instructions per warp  1.2583e+04  1.2583e+04  1.2583e+04
          1                           global_hit_rate            Global Hit Rate in unified l1/tex       4.42%       4.42%       4.42%
          1                            local_hit_rate                               Local Hit Rate      98.55%      98.55%      98.55%
          1                        tex_cache_hit_rate                       Unified Cache Hit Rate      23.77%      23.77%      23.77%
          1                      l2_tex_read_hit_rate                  L2 Hit Rate (Texture Reads)      73.69%      73.69%      73.69%
          1                     l2_tex_write_hit_rate                 L2 Hit Rate (Texture Writes)      94.60%      94.60%      94.60%
          1                            gld_efficiency                Global Memory Load Efficiency      12.99%      12.99%      12.99%
          1                            gst_efficiency               Global Memory Store Efficiency       3.79%       3.79%       3.79%
          1                          stall_inst_fetch     Issue Stall Reasons (Instructions Fetch)      13.70%      13.70%      13.70%
          1                     stall_exec_dependency   Issue Stall Reasons (Execution Dependency)      37.59%      37.59%      37.59%
          1                   stall_memory_dependency           Issue Stall Reasons (Data Request)      14.69%      14.69%      14.69%
          1                                       ipc                                 Executed IPC    0.631425    0.631425    0.631425
          1                             sm_efficiency                      Multiprocessor Activity      32.99%      32.99%      32.99%
