==189581== NVPROF is profiling process 189581, command: ./0123HomeWork 32 16
==189581== Some kernel(s) will be replayed on device 0 in order to collect all events/metrics.
==189581== Profiling application: ./0123HomeWork 32 16
==189581== Profiling result:
==189581== Metric result:
Invocations                               Metric Name                           Metric Description         Min         Max         Avg
Device "Tesla V100-PCIE-16GB (0)"
    Kernel: find_hash(int, int)
          1                             inst_per_warp                        Instructions per warp  4.4065e+05  4.4065e+05  4.4065e+05
          1                           global_hit_rate            Global Hit Rate in unified l1/tex       0.64%       0.64%       0.64%
          1                            local_hit_rate                               Local Hit Rate      98.71%      98.71%      98.71%
          1                        tex_cache_hit_rate                       Unified Cache Hit Rate      28.83%      28.83%      28.83%
          1                      l2_tex_read_hit_rate                  L2 Hit Rate (Texture Reads)     100.28%     100.28%     100.28%
          1                     l2_tex_write_hit_rate                 L2 Hit Rate (Texture Writes)      99.82%      99.82%      99.82%
          1                            gld_efficiency                Global Memory Load Efficiency      12.87%      12.87%      12.87%
          1                            gst_efficiency               Global Memory Store Efficiency       3.79%       3.79%       3.79%
          1                          stall_inst_fetch     Issue Stall Reasons (Instructions Fetch)      16.76%      16.76%      16.76%
          1                     stall_exec_dependency   Issue Stall Reasons (Execution Dependency)      64.99%      64.99%      64.99%
          1                   stall_memory_dependency           Issue Stall Reasons (Data Request)      17.97%      17.97%      17.97%
          1                                       ipc                                 Executed IPC    0.245350    0.245350    0.245350
          1                             sm_efficiency                      Multiprocessor Activity      39.77%      39.77%      39.77%
