==193768== NVPROF is profiling process 193768, command: ./0123HomeWork 32 1
==193768== Some kernel(s) will be replayed on device 0 in order to collect all events/metrics.
==193768== Profiling application: ./0123HomeWork 32 1
==193768== Profiling result:
==193768== Metric result:
Invocations                               Metric Name                           Metric Description         Min         Max         Avg
Device "Tesla V100-PCIE-16GB (0)"
    Kernel: find_hash(int, int)
          1                             inst_per_warp                        Instructions per warp  7.0988e+06  7.0988e+06  7.0988e+06
          1                           global_hit_rate            Global Hit Rate in unified l1/tex       0.04%       0.04%       0.04%
          1                            local_hit_rate                               Local Hit Rate      98.83%      98.83%      98.83%
          1                        tex_cache_hit_rate                       Unified Cache Hit Rate      28.65%      28.65%      28.65%
          1                      l2_tex_read_hit_rate                  L2 Hit Rate (Texture Reads)      99.82%      99.82%      99.82%
          1                     l2_tex_write_hit_rate                 L2 Hit Rate (Texture Writes)      99.98%      99.98%      99.98%
          1                            gld_efficiency                Global Memory Load Efficiency      12.04%      12.04%      12.04%
          1                            gst_efficiency               Global Memory Store Efficiency       3.79%       3.79%       3.79%
          1                          stall_inst_fetch     Issue Stall Reasons (Instructions Fetch)      16.56%      16.56%      16.56%
          1                     stall_exec_dependency   Issue Stall Reasons (Execution Dependency)      65.33%      65.33%      65.33%
          1                   stall_memory_dependency           Issue Stall Reasons (Data Request)      17.87%      17.87%      17.87%
          1                                       ipc                                 Executed IPC    0.246476    0.246476    0.246476
          1                             sm_efficiency                      Multiprocessor Activity      39.99%      39.99%      39.99%
