==186453== NVPROF is profiling process 186453, command: ./0123HomeWork 32 128
==186453== Some kernel(s) will be replayed on device 0 in order to collect all events/metrics.
==186453== Profiling application: ./0123HomeWork 32 128
==186453== Profiling result:
==186453== Metric result:
Invocations                               Metric Name                           Metric Description         Min         Max         Avg
Device "Tesla V100-PCIE-16GB (0)"
    Kernel: find_hash(int, int)
          1                             inst_per_warp                        Instructions per warp  2.8434e+04  2.8434e+04  2.8434e+04
          1                           global_hit_rate            Global Hit Rate in unified l1/tex       2.23%       2.23%       2.23%
          1                            local_hit_rate                               Local Hit Rate      98.67%      98.67%      98.67%
          1                        tex_cache_hit_rate                       Unified Cache Hit Rate      29.23%      29.23%      29.23%
          1                      l2_tex_read_hit_rate                  L2 Hit Rate (Texture Reads)     118.13%     118.13%     118.13%
          1                     l2_tex_write_hit_rate                 L2 Hit Rate (Texture Writes)     100.98%     100.98%     100.98%
          1                            gld_efficiency                Global Memory Load Efficiency      12.83%      12.83%      12.83%
          1                            gst_efficiency               Global Memory Store Efficiency       3.79%       3.79%       3.79%
          1                          stall_inst_fetch     Issue Stall Reasons (Instructions Fetch)      11.67%      11.67%      11.67%
          1                     stall_exec_dependency   Issue Stall Reasons (Execution Dependency)      40.35%      40.35%      40.35%
          1                   stall_memory_dependency           Issue Stall Reasons (Data Request)      13.81%      13.81%      13.81%
          1                                       ipc                                 Executed IPC    0.663041    0.663041    0.663041
          1                             sm_efficiency                      Multiprocessor Activity      37.42%      37.42%      37.42%
