==190056== NVPROF is profiling process 190056, command: ./0123HomeWork 32 16
==190056== Some kernel(s) will be replayed on device 0 in order to collect all events/metrics.
==190056== Profiling application: ./0123HomeWork 32 16
==190056== Profiling result:
==190056== Metric result:
Invocations                               Metric Name                           Metric Description         Min         Max         Avg
Device "Tesla V100-PCIE-16GB (0)"
    Kernel: find_hash(int, int)
          1                             inst_per_warp                        Instructions per warp  2.5394e+05  2.5394e+05  2.5394e+05
          1                           global_hit_rate            Global Hit Rate in unified l1/tex       1.10%       1.10%       1.10%
          1                            local_hit_rate                               Local Hit Rate      98.61%      98.61%      98.61%
          1                        tex_cache_hit_rate                       Unified Cache Hit Rate      28.61%      28.61%      28.61%
          1                      l2_tex_read_hit_rate                  L2 Hit Rate (Texture Reads)     102.10%     102.10%     102.10%
          1                     l2_tex_write_hit_rate                 L2 Hit Rate (Texture Writes)      99.37%      99.37%      99.37%
          1                            gld_efficiency                Global Memory Load Efficiency      12.61%      12.61%      12.61%
          1                            gst_efficiency               Global Memory Store Efficiency       3.79%       3.79%       3.79%
          1                          stall_inst_fetch     Issue Stall Reasons (Instructions Fetch)      16.96%      16.96%      16.96%
          1                     stall_exec_dependency   Issue Stall Reasons (Execution Dependency)      64.75%      64.75%      64.75%
          1                   stall_memory_dependency           Issue Stall Reasons (Data Request)      18.00%      18.00%      18.00%
          1                                       ipc                                 Executed IPC    0.244656    0.244656    0.244656
          1                             sm_efficiency                      Multiprocessor Activity      39.61%      39.61%      39.61%
