==193110== NVPROF is profiling process 193110, command: ./0123HomeWork 32 1
==193110== Some kernel(s) will be replayed on device 0 in order to collect all events/metrics.
==193110== Profiling application: ./0123HomeWork 32 1
==193110== Profiling result:
==193110== Metric result:
Invocations                               Metric Name                           Metric Description         Min         Max         Avg
Device "Tesla V100-PCIE-16GB (0)"
    Kernel: find_hash(int, int)
          1                             inst_per_warp                        Instructions per warp  2.9395e+07  2.9395e+07  2.9395e+07
          1                           global_hit_rate            Global Hit Rate in unified l1/tex       0.01%       0.01%       0.01%
          1                            local_hit_rate                               Local Hit Rate      98.84%      98.84%      98.84%
          1                        tex_cache_hit_rate                       Unified Cache Hit Rate      28.84%      28.84%      28.84%
          1                      l2_tex_read_hit_rate                  L2 Hit Rate (Texture Reads)      99.78%      99.78%      99.78%
          1                     l2_tex_write_hit_rate                 L2 Hit Rate (Texture Writes)      99.97%      99.97%      99.97%
          1                            gld_efficiency                Global Memory Load Efficiency      12.53%      12.53%      12.53%
          1                            gst_efficiency               Global Memory Store Efficiency       3.79%       3.79%       3.79%
          1                          stall_inst_fetch     Issue Stall Reasons (Instructions Fetch)      16.58%      16.58%      16.58%
          1                     stall_exec_dependency   Issue Stall Reasons (Execution Dependency)      65.29%      65.29%      65.29%
          1                   stall_memory_dependency           Issue Stall Reasons (Data Request)      17.88%      17.88%      17.88%
          1                                       ipc                                 Executed IPC    0.246552    0.246552    0.246552
          1                             sm_efficiency                      Multiprocessor Activity      40.00%      40.00%      40.00%
