==193293== NVPROF is profiling process 193293, command: ./0123HomeWork 32 1
==193293== Some kernel(s) will be replayed on device 0 in order to collect all events/metrics.
==193293== Profiling application: ./0123HomeWork 32 1
==193293== Profiling result:
==193293== Metric result:
Invocations                               Metric Name                           Metric Description         Min         Max         Avg
Device "Tesla V100-PCIE-16GB (0)"
    Kernel: find_hash(int, int)
          1                             inst_per_warp                        Instructions per warp  5.7224e+06  5.7224e+06  5.7224e+06
          1                           global_hit_rate            Global Hit Rate in unified l1/tex       0.05%       0.05%       0.05%
          1                            local_hit_rate                               Local Hit Rate      98.84%      98.84%      98.84%
          1                        tex_cache_hit_rate                       Unified Cache Hit Rate      28.32%      28.32%      28.32%
          1                      l2_tex_read_hit_rate                  L2 Hit Rate (Texture Reads)      99.96%      99.96%      99.96%
          1                     l2_tex_write_hit_rate                 L2 Hit Rate (Texture Writes)      99.46%      99.46%      99.46%
          1                            gld_efficiency                Global Memory Load Efficiency      12.96%      12.96%      12.96%
          1                            gst_efficiency               Global Memory Store Efficiency       3.79%       3.79%       3.79%
          1                          stall_inst_fetch     Issue Stall Reasons (Instructions Fetch)      16.55%      16.55%      16.55%
          1                     stall_exec_dependency   Issue Stall Reasons (Execution Dependency)      65.32%      65.32%      65.32%
          1                   stall_memory_dependency           Issue Stall Reasons (Data Request)      17.90%      17.90%      17.90%
          1                                       ipc                                 Executed IPC    0.246597    0.246597    0.246597
          1                             sm_efficiency                      Multiprocessor Activity      39.99%      39.99%      39.99%
