==193951== NVPROF is profiling process 193951, command: ./0123HomeWork 32 1
==193951== Some kernel(s) will be replayed on device 0 in order to collect all events/metrics.
==193951== Profiling application: ./0123HomeWork 32 1
==193951== Profiling result:
==193951== Metric result:
Invocations                               Metric Name                           Metric Description         Min         Max         Avg
Device "Tesla V100-PCIE-16GB (0)"
    Kernel: find_hash(int, int)
          1                             inst_per_warp                        Instructions per warp  8.2033e+05  8.2033e+05  8.2033e+05
          1                           global_hit_rate            Global Hit Rate in unified l1/tex       0.35%       0.35%       0.35%
          1                            local_hit_rate                               Local Hit Rate      98.83%      98.83%      98.83%
          1                        tex_cache_hit_rate                       Unified Cache Hit Rate      28.94%      28.94%      28.94%
          1                      l2_tex_read_hit_rate                  L2 Hit Rate (Texture Reads)      98.62%      98.62%      98.62%
          1                     l2_tex_write_hit_rate                 L2 Hit Rate (Texture Writes)      99.57%      99.57%      99.57%
          1                            gld_efficiency                Global Memory Load Efficiency      12.60%      12.60%      12.60%
          1                            gst_efficiency               Global Memory Store Efficiency       3.79%       3.79%       3.79%
          1                          stall_inst_fetch     Issue Stall Reasons (Instructions Fetch)      16.68%      16.68%      16.68%
          1                     stall_exec_dependency   Issue Stall Reasons (Execution Dependency)      65.06%      65.06%      65.06%
          1                   stall_memory_dependency           Issue Stall Reasons (Data Request)      18.01%      18.01%      18.01%
          1                                       ipc                                 Executed IPC    0.245919    0.245919    0.245919
          1                             sm_efficiency                      Multiprocessor Activity      39.88%      39.88%      39.88%
