==192079== NVPROF is profiling process 192079, command: ./0123HomeWork 32 2
==192079== Some kernel(s) will be replayed on device 0 in order to collect all events/metrics.
==192079== Profiling application: ./0123HomeWork 32 2
==192079== Profiling result:
==192079== Metric result:
Invocations                               Metric Name                           Metric Description         Min         Max         Avg
Device "Tesla V100-PCIE-16GB (0)"
    Kernel: find_hash(int, int)
          1                             inst_per_warp                        Instructions per warp  4.6672e+06  4.6672e+06  4.6672e+06
          1                           global_hit_rate            Global Hit Rate in unified l1/tex       0.06%       0.06%       0.06%
          1                            local_hit_rate                               Local Hit Rate      98.82%      98.82%      98.82%
          1                        tex_cache_hit_rate                       Unified Cache Hit Rate      28.99%      28.99%      28.99%
          1                      l2_tex_read_hit_rate                  L2 Hit Rate (Texture Reads)      99.11%      99.11%      99.11%
          1                     l2_tex_write_hit_rate                 L2 Hit Rate (Texture Writes)     100.61%     100.61%     100.61%
          1                            gld_efficiency                Global Memory Load Efficiency      12.05%      12.05%      12.05%
          1                            gst_efficiency               Global Memory Store Efficiency       3.79%       3.79%       3.79%
          1                          stall_inst_fetch     Issue Stall Reasons (Instructions Fetch)      16.63%      16.63%      16.63%
          1                     stall_exec_dependency   Issue Stall Reasons (Execution Dependency)      65.13%      65.13%      65.13%
          1                   stall_memory_dependency           Issue Stall Reasons (Data Request)      18.00%      18.00%      18.00%
          1                                       ipc                                 Executed IPC    0.246612    0.246612    0.246612
          1                             sm_efficiency                      Multiprocessor Activity      39.98%      39.98%      39.98%
