==188598== NVPROF is profiling process 188598, command: ./0123HomeWork 32 32
==188598== Some kernel(s) will be replayed on device 0 in order to collect all events/metrics.
==188598== Profiling application: ./0123HomeWork 32 32
==188598== Profiling result:
==188598== Metric result:
Invocations                               Metric Name                           Metric Description         Min         Max         Avg
Device "Tesla V100-PCIE-16GB (0)"
    Kernel: find_hash(int, int)
          1                             inst_per_warp                        Instructions per warp  2.7975e+04  2.7975e+04  2.7975e+04
          1                           global_hit_rate            Global Hit Rate in unified l1/tex       8.45%       8.45%       8.45%
          1                            local_hit_rate                               Local Hit Rate      96.72%      96.72%      96.72%
          1                        tex_cache_hit_rate                       Unified Cache Hit Rate      28.77%      28.77%      28.77%
          1                      l2_tex_read_hit_rate                  L2 Hit Rate (Texture Reads)     100.49%     100.49%     100.49%
          1                     l2_tex_write_hit_rate                 L2 Hit Rate (Texture Writes)      99.15%      99.15%      99.15%
          1                            gld_efficiency                Global Memory Load Efficiency      12.13%      12.13%      12.13%
          1                            gst_efficiency               Global Memory Store Efficiency       3.79%       3.79%       3.79%
          1                          stall_inst_fetch     Issue Stall Reasons (Instructions Fetch)      19.46%      19.46%      19.46%
          1                     stall_exec_dependency   Issue Stall Reasons (Execution Dependency)      58.92%      58.92%      58.92%
          1                   stall_memory_dependency           Issue Stall Reasons (Data Request)      18.56%      18.56%      18.56%
          1                                       ipc                                 Executed IPC    0.226218    0.226218    0.226218
          1                             sm_efficiency                      Multiprocessor Activity      36.74%      36.74%      36.74%
