==191498== NVPROF is profiling process 191498, command: ./0123HomeWork 32 4
==191498== Some kernel(s) will be replayed on device 0 in order to collect all events/metrics.
==191498== Profiling application: ./0123HomeWork 32 4
==191498== Profiling result:
==191498== Metric result:
Invocations                               Metric Name                           Metric Description         Min         Max         Avg
Device "Tesla V100-PCIE-16GB (0)"
    Kernel: find_hash(int, int)
          1                             inst_per_warp                        Instructions per warp  2.1643e+05  2.1643e+05  2.1643e+05
          1                           global_hit_rate            Global Hit Rate in unified l1/tex       1.29%       1.29%       1.29%
          1                            local_hit_rate                               Local Hit Rate      98.79%      98.79%      98.79%
          1                        tex_cache_hit_rate                       Unified Cache Hit Rate      28.63%      28.63%      28.63%
          1                      l2_tex_read_hit_rate                  L2 Hit Rate (Texture Reads)      95.04%      95.04%      95.04%
          1                     l2_tex_write_hit_rate                 L2 Hit Rate (Texture Writes)      99.81%      99.81%      99.81%
          1                            gld_efficiency                Global Memory Load Efficiency      12.06%      12.06%      12.06%
          1                            gst_efficiency               Global Memory Store Efficiency       3.79%       3.79%       3.79%
          1                          stall_inst_fetch     Issue Stall Reasons (Instructions Fetch)      16.93%      16.93%      16.93%
          1                     stall_exec_dependency   Issue Stall Reasons (Execution Dependency)      64.63%      64.63%      64.63%
          1                   stall_memory_dependency           Issue Stall Reasons (Data Request)      18.13%      18.13%      18.13%
          1                                       ipc                                 Executed IPC    0.243748    0.243748    0.243748
          1                             sm_efficiency                      Multiprocessor Activity      39.53%      39.53%      39.53%
