==191135== NVPROF is profiling process 191135, command: ./0123HomeWork 32 4
==191135== Some kernel(s) will be replayed on device 0 in order to collect all events/metrics.
==191135== Profiling application: ./0123HomeWork 32 4
==191135== Profiling result:
==191135== Metric result:
Invocations                               Metric Name                           Metric Description         Min         Max         Avg
Device "Tesla V100-PCIE-16GB (0)"
    Kernel: find_hash(int, int)
          1                             inst_per_warp                        Instructions per warp  3.6628e+06  3.6628e+06  3.6628e+06
          1                           global_hit_rate            Global Hit Rate in unified l1/tex       0.08%       0.08%       0.08%
          1                            local_hit_rate                               Local Hit Rate      98.83%      98.83%      98.83%
          1                        tex_cache_hit_rate                       Unified Cache Hit Rate      28.77%      28.77%      28.77%
          1                      l2_tex_read_hit_rate                  L2 Hit Rate (Texture Reads)      99.54%      99.54%      99.54%
          1                     l2_tex_write_hit_rate                 L2 Hit Rate (Texture Writes)     100.12%     100.12%     100.12%
          1                            gld_efficiency                Global Memory Load Efficiency      12.49%      12.49%      12.49%
          1                            gst_efficiency               Global Memory Store Efficiency       3.79%       3.79%       3.79%
          1                          stall_inst_fetch     Issue Stall Reasons (Instructions Fetch)      16.57%      16.57%      16.57%
          1                     stall_exec_dependency   Issue Stall Reasons (Execution Dependency)      65.25%      65.25%      65.25%
          1                   stall_memory_dependency           Issue Stall Reasons (Data Request)      17.93%      17.93%      17.93%
          1                                       ipc                                 Executed IPC    0.246392    0.246392    0.246392
          1                             sm_efficiency                      Multiprocessor Activity      39.98%      39.98%      39.98%
