==191316== NVPROF is profiling process 191316, command: ./0123HomeWork 32 4
==191316== Some kernel(s) will be replayed on device 0 in order to collect all events/metrics.
==191316== Profiling application: ./0123HomeWork 32 4
==191316== Profiling result:
==191316== Metric result:
Invocations                               Metric Name                           Metric Description         Min         Max         Avg
Device "Tesla V100-PCIE-16GB (0)"
    Kernel: find_hash(int, int)
          1                             inst_per_warp                        Instructions per warp  1.0685e+06  1.0685e+06  1.0685e+06
          1                           global_hit_rate            Global Hit Rate in unified l1/tex       0.27%       0.27%       0.27%
          1                            local_hit_rate                               Local Hit Rate      98.78%      98.78%      98.78%
          1                        tex_cache_hit_rate                       Unified Cache Hit Rate      29.24%      29.24%      29.24%
          1                      l2_tex_read_hit_rate                  L2 Hit Rate (Texture Reads)      99.44%      99.44%      99.44%
          1                     l2_tex_write_hit_rate                 L2 Hit Rate (Texture Writes)     100.34%     100.34%     100.34%
          1                            gld_efficiency                Global Memory Load Efficiency      12.54%      12.54%      12.54%
          1                            gst_efficiency               Global Memory Store Efficiency       3.79%       3.79%       3.79%
          1                          stall_inst_fetch     Issue Stall Reasons (Instructions Fetch)      16.62%      16.62%      16.62%
          1                     stall_exec_dependency   Issue Stall Reasons (Execution Dependency)      65.21%      65.21%      65.21%
          1                   stall_memory_dependency           Issue Stall Reasons (Data Request)      17.91%      17.91%      17.91%
          1                                       ipc                                 Executed IPC    0.245972    0.245972    0.245972
          1                             sm_efficiency                      Multiprocessor Activity      39.90%      39.90%      39.90%
