==187858== NVPROF is profiling process 187858, command: ./0123HomeWork 32 64
==187858== Some kernel(s) will be replayed on device 0 in order to collect all events/metrics.
==187858== Profiling application: ./0123HomeWork 32 64
==187858== Profiling result:
==187858== Metric result:
Invocations                               Metric Name                           Metric Description         Min         Max         Avg
Device "Tesla V100-PCIE-16GB (0)"
    Kernel: find_hash(int, int)
          1                             inst_per_warp                        Instructions per warp  5.2487e+04  5.2487e+04  5.2487e+04
          1                           global_hit_rate            Global Hit Rate in unified l1/tex       2.51%       2.51%       2.51%
          1                            local_hit_rate                               Local Hit Rate      97.71%      97.71%      97.71%
          1                        tex_cache_hit_rate                       Unified Cache Hit Rate      28.12%      28.12%      28.12%
          1                      l2_tex_read_hit_rate                  L2 Hit Rate (Texture Reads)     100.15%     100.15%     100.15%
          1                     l2_tex_write_hit_rate                 L2 Hit Rate (Texture Writes)      99.06%      99.06%      99.06%
          1                            gld_efficiency                Global Memory Load Efficiency      12.62%      12.62%      12.62%
          1                            gst_efficiency               Global Memory Store Efficiency       3.79%       3.79%       3.79%
          1                          stall_inst_fetch     Issue Stall Reasons (Instructions Fetch)      15.07%      15.07%      15.07%
          1                     stall_exec_dependency   Issue Stall Reasons (Execution Dependency)      53.43%      53.43%      53.43%
          1                   stall_memory_dependency           Issue Stall Reasons (Data Request)      16.52%      16.52%      16.52%
          1                                       ipc                                 Executed IPC    0.421895    0.421895    0.421895
          1                             sm_efficiency                      Multiprocessor Activity      38.55%      38.55%      38.55%
