==187758== NVPROF is profiling process 187758, command: ./0123HomeWork 32 64
==187758== Some kernel(s) will be replayed on device 0 in order to collect all events/metrics.
==187758== Profiling application: ./0123HomeWork 32 64
==187758== Profiling result:
==187758== Metric result:
Invocations                               Metric Name                           Metric Description         Min         Max         Avg
Device "Tesla V100-PCIE-16GB (0)"
    Kernel: find_hash(int, int)
          1                             inst_per_warp                        Instructions per warp  2.2075e+04  2.2075e+04  2.2075e+04
          1                           global_hit_rate            Global Hit Rate in unified l1/tex       5.41%       5.41%       5.41%
          1                            local_hit_rate                               Local Hit Rate      98.62%      98.62%      98.62%
          1                        tex_cache_hit_rate                       Unified Cache Hit Rate      28.17%      28.17%      28.17%
          1                      l2_tex_read_hit_rate                  L2 Hit Rate (Texture Reads)      82.89%      82.89%      82.89%
          1                     l2_tex_write_hit_rate                 L2 Hit Rate (Texture Writes)      99.12%      99.12%      99.12%
          1                            gld_efficiency                Global Memory Load Efficiency      11.94%      11.94%      11.94%
          1                            gst_efficiency               Global Memory Store Efficiency       3.79%       3.79%       3.79%
          1                          stall_inst_fetch     Issue Stall Reasons (Instructions Fetch)      16.50%      16.50%      16.50%
          1                     stall_exec_dependency   Issue Stall Reasons (Execution Dependency)      51.20%      51.20%      51.20%
          1                   stall_memory_dependency           Issue Stall Reasons (Data Request)      16.65%      16.65%      16.65%
          1                                       ipc                                 Executed IPC    0.404027    0.404027    0.404027
          1                             sm_efficiency                      Multiprocessor Activity      36.01%      36.01%      36.01%
