==187561== NVPROF is profiling process 187561, command: ./0123HomeWork 32 64
==187561== Some kernel(s) will be replayed on device 0 in order to collect all events/metrics.
==187561== Profiling application: ./0123HomeWork 32 64
==187561== Profiling result:
==187561== Metric result:
Invocations                               Metric Name                           Metric Description         Min         Max         Avg
Device "Tesla V100-PCIE-16GB (0)"
    Kernel: find_hash(int, int)
          1                             inst_per_warp                        Instructions per warp  2.5301e+04  2.5301e+04  2.5301e+04
          1                           global_hit_rate            Global Hit Rate in unified l1/tex       4.82%       4.82%       4.82%
          1                            local_hit_rate                               Local Hit Rate      96.46%      96.46%      96.46%
          1                        tex_cache_hit_rate                       Unified Cache Hit Rate      28.77%      28.77%      28.77%
          1                      l2_tex_read_hit_rate                  L2 Hit Rate (Texture Reads)     102.35%     102.35%     102.35%
          1                     l2_tex_write_hit_rate                 L2 Hit Rate (Texture Writes)      97.55%      97.55%      97.55%
          1                            gld_efficiency                Global Memory Load Efficiency      12.21%      12.21%      12.21%
          1                            gst_efficiency               Global Memory Store Efficiency       3.79%       3.79%       3.79%
          1                          stall_inst_fetch     Issue Stall Reasons (Instructions Fetch)      16.04%      16.04%      16.04%
          1                     stall_exec_dependency   Issue Stall Reasons (Execution Dependency)      51.79%      51.79%      51.79%
          1                   stall_memory_dependency           Issue Stall Reasons (Data Request)      17.02%      17.02%      17.02%
          1                                       ipc                                 Executed IPC    0.407628    0.407628    0.407628
          1                             sm_efficiency                      Multiprocessor Activity      36.76%      36.76%      36.76%
