==187651== NVPROF is profiling process 187651, command: ./0123HomeWork 32 64
==187651== Some kernel(s) will be replayed on device 0 in order to collect all events/metrics.
==187651== Profiling application: ./0123HomeWork 32 64
==187651== Profiling result:
==187651== Metric result:
Invocations                               Metric Name                           Metric Description         Min         Max         Avg
Device "Tesla V100-PCIE-16GB (0)"
    Kernel: find_hash(int, int)
          1                             inst_per_warp                        Instructions per warp  1.8049e+05  1.8049e+05  1.8049e+05
          1                           global_hit_rate            Global Hit Rate in unified l1/tex       0.77%       0.77%       0.77%
          1                            local_hit_rate                               Local Hit Rate      98.78%      98.78%      98.78%
          1                        tex_cache_hit_rate                       Unified Cache Hit Rate      28.46%      28.46%      28.46%
          1                      l2_tex_read_hit_rate                  L2 Hit Rate (Texture Reads)     102.75%     102.75%     102.75%
          1                     l2_tex_write_hit_rate                 L2 Hit Rate (Texture Writes)      99.85%      99.85%      99.85%
          1                            gld_efficiency                Global Memory Load Efficiency      12.64%      12.64%      12.64%
          1                            gst_efficiency               Global Memory Store Efficiency       3.79%       3.79%       3.79%
          1                          stall_inst_fetch     Issue Stall Reasons (Instructions Fetch)      14.18%      14.18%      14.18%
          1                     stall_exec_dependency   Issue Stall Reasons (Execution Dependency)      54.88%      54.88%      54.88%
          1                   stall_memory_dependency           Issue Stall Reasons (Data Request)      15.92%      15.92%      15.92%
          1                                       ipc                                 Executed IPC    0.430961    0.430961    0.430961
          1                             sm_efficiency                      Multiprocessor Activity      39.40%      39.40%      39.40%
