==190851== NVPROF is profiling process 190851, command: ./0123HomeWork 32 8
==190851== Some kernel(s) will be replayed on device 0 in order to collect all events/metrics.
==190851== Profiling application: ./0123HomeWork 32 8
==190851== Profiling result:
==190851== Metric result:
Invocations                               Metric Name                           Metric Description         Min         Max         Avg
Device "Tesla V100-PCIE-16GB (0)"
    Kernel: find_hash(int, int)
          1                             inst_per_warp                        Instructions per warp  1.1113e+06  1.1113e+06  1.1113e+06
          1                           global_hit_rate            Global Hit Rate in unified l1/tex       0.26%       0.26%       0.26%
          1                            local_hit_rate                               Local Hit Rate      98.79%      98.79%      98.79%
          1                        tex_cache_hit_rate                       Unified Cache Hit Rate      28.94%      28.94%      28.94%
          1                      l2_tex_read_hit_rate                  L2 Hit Rate (Texture Reads)     100.34%     100.34%     100.34%
          1                     l2_tex_write_hit_rate                 L2 Hit Rate (Texture Writes)     100.41%     100.41%     100.41%
          1                            gld_efficiency                Global Memory Load Efficiency      12.44%      12.44%      12.44%
          1                            gst_efficiency               Global Memory Store Efficiency       3.79%       3.79%       3.79%
          1                          stall_inst_fetch     Issue Stall Reasons (Instructions Fetch)      16.61%      16.61%      16.61%
          1                     stall_exec_dependency   Issue Stall Reasons (Execution Dependency)      65.19%      65.19%      65.19%
          1                   stall_memory_dependency           Issue Stall Reasons (Data Request)      17.94%      17.94%      17.94%
          1                                       ipc                                 Executed IPC    0.246172    0.246172    0.246172
          1                             sm_efficiency                      Multiprocessor Activity      39.90%      39.90%      39.90%
