==212496== NVPROF is profiling process 212496, command: ./0123HomeWork 4 128
==212496== Some kernel(s) will be replayed on device 0 in order to collect all events/metrics.
==212496== Profiling application: ./0123HomeWork 4 128
==212496== Profiling result:
==212496== Metric result:
Invocations                               Metric Name                           Metric Description         Min         Max         Avg
Device "Tesla V100-PCIE-16GB (0)"
    Kernel: find_hash(int, int)
          1                             inst_per_warp                        Instructions per warp  2.4418e+05  2.4418e+05  2.4418e+05
          1                           global_hit_rate            Global Hit Rate in unified l1/tex       2.26%       2.26%       2.26%
          1                            local_hit_rate                               Local Hit Rate      98.80%      98.80%      98.80%
          1                        tex_cache_hit_rate                       Unified Cache Hit Rate      29.13%      29.13%      29.13%
          1                      l2_tex_read_hit_rate                  L2 Hit Rate (Texture Reads)     102.75%     102.75%     102.75%
          1                     l2_tex_write_hit_rate                 L2 Hit Rate (Texture Writes)     100.61%     100.61%     100.61%
          1                            gld_efficiency                Global Memory Load Efficiency      12.28%      12.28%      12.28%
          1                            gst_efficiency               Global Memory Store Efficiency       3.79%       3.79%       3.79%
          1                          stall_inst_fetch     Issue Stall Reasons (Instructions Fetch)      11.46%      11.46%      11.46%
          1                     stall_exec_dependency   Issue Stall Reasons (Execution Dependency)      42.35%      42.35%      42.35%
          1                   stall_memory_dependency           Issue Stall Reasons (Data Request)      12.98%      12.98%      12.98%
          1                                       ipc                                 Executed IPC    0.696821    0.696821    0.696821
          1                             sm_efficiency                      Multiprocessor Activity       4.95%       4.95%       4.95%
