==212315== NVPROF is profiling process 212315, command: ./0123HomeWork 4 128
==212315== Some kernel(s) will be replayed on device 0 in order to collect all events/metrics.
==212315== Profiling application: ./0123HomeWork 4 128
==212315== Profiling result:
==212315== Metric result:
Invocations                               Metric Name                           Metric Description         Min         Max         Avg
Device "Tesla V100-PCIE-16GB (0)"
    Kernel: find_hash(int, int)
          1                             inst_per_warp                        Instructions per warp  2.7440e+05  2.7440e+05  2.7440e+05
          1                           global_hit_rate            Global Hit Rate in unified l1/tex       2.02%       2.02%       2.02%
          1                            local_hit_rate                               Local Hit Rate      98.66%      98.66%      98.66%
          1                        tex_cache_hit_rate                       Unified Cache Hit Rate      28.71%      28.71%      28.71%
          1                      l2_tex_read_hit_rate                  L2 Hit Rate (Texture Reads)     100.00%     100.00%     100.00%
          1                     l2_tex_write_hit_rate                 L2 Hit Rate (Texture Writes)     100.00%     100.00%     100.00%
          1                            gld_efficiency                Global Memory Load Efficiency      12.30%      12.30%      12.30%
          1                            gst_efficiency               Global Memory Store Efficiency       3.79%       3.79%       3.79%
          1                          stall_inst_fetch     Issue Stall Reasons (Instructions Fetch)      11.48%      11.48%      11.48%
          1                     stall_exec_dependency   Issue Stall Reasons (Execution Dependency)      42.44%      42.44%      42.44%
          1                   stall_memory_dependency           Issue Stall Reasons (Data Request)      12.83%      12.83%      12.83%
          1                                       ipc                                 Executed IPC    0.699996    0.699996    0.699996
          1                             sm_efficiency                      Multiprocessor Activity       4.96%       4.96%       4.96%
