==215142== NVPROF is profiling process 215142, command: ./0123HomeWork 4 16
==215142== Some kernel(s) will be replayed on device 0 in order to collect all events/metrics.
==215142== Profiling application: ./0123HomeWork 4 16
==215142== Profiling result:
==215142== Metric result:
Invocations                               Metric Name                           Metric Description         Min         Max         Avg
Device "Tesla V100-PCIE-16GB (0)"
    Kernel: find_hash(int, int)
          1                             inst_per_warp                        Instructions per warp  6.8411e+06  6.8411e+06  6.8411e+06
          1                           global_hit_rate            Global Hit Rate in unified l1/tex       0.33%       0.33%       0.33%
          1                            local_hit_rate                               Local Hit Rate      98.84%      98.84%      98.84%
          1                        tex_cache_hit_rate                       Unified Cache Hit Rate      28.44%      28.44%      28.44%
          1                      l2_tex_read_hit_rate                  L2 Hit Rate (Texture Reads)      99.94%      99.94%      99.94%
          1                     l2_tex_write_hit_rate                 L2 Hit Rate (Texture Writes)      99.77%      99.77%      99.77%
          1                            gld_efficiency                Global Memory Load Efficiency      12.21%      12.21%      12.21%
          1                            gst_efficiency               Global Memory Store Efficiency       3.79%       3.79%       3.79%
          1                          stall_inst_fetch     Issue Stall Reasons (Instructions Fetch)      18.04%      18.04%      18.04%
          1                     stall_exec_dependency   Issue Stall Reasons (Execution Dependency)      63.74%      63.74%      63.74%
          1                   stall_memory_dependency           Issue Stall Reasons (Data Request)      18.00%      18.00%      18.00%
          1                                       ipc                                 Executed IPC    0.242748    0.242748    0.242748
          1                             sm_efficiency                      Multiprocessor Activity       5.00%       5.00%       5.00%
