==215230== NVPROF is profiling process 215230, command: ./0123HomeWork 4 16
==215230== Some kernel(s) will be replayed on device 0 in order to collect all events/metrics.
==215230== Profiling application: ./0123HomeWork 4 16
==215230== Profiling result:
==215230== Metric result:
Invocations                               Metric Name                           Metric Description         Min         Max         Avg
Device "Tesla V100-PCIE-16GB (0)"
    Kernel: find_hash(int, int)
          1                             inst_per_warp                        Instructions per warp  3.9621e+06  3.9621e+06  3.9621e+06
          1                           global_hit_rate            Global Hit Rate in unified l1/tex       0.57%       0.57%       0.57%
          1                            local_hit_rate                               Local Hit Rate      98.84%      98.84%      98.84%
          1                        tex_cache_hit_rate                       Unified Cache Hit Rate      28.74%      28.74%      28.74%
          1                      l2_tex_read_hit_rate                  L2 Hit Rate (Texture Reads)     100.46%     100.46%     100.46%
          1                     l2_tex_write_hit_rate                 L2 Hit Rate (Texture Writes)     100.47%     100.47%     100.47%
          1                            gld_efficiency                Global Memory Load Efficiency      12.76%      12.76%      12.76%
          1                            gst_efficiency               Global Memory Store Efficiency       3.79%       3.79%       3.79%
          1                          stall_inst_fetch     Issue Stall Reasons (Instructions Fetch)      18.06%      18.06%      18.06%
          1                     stall_exec_dependency   Issue Stall Reasons (Execution Dependency)      64.04%      64.04%      64.04%
          1                   stall_memory_dependency           Issue Stall Reasons (Data Request)      17.68%      17.68%      17.68%
          1                                       ipc                                 Executed IPC    0.242772    0.242772    0.242772
          1                             sm_efficiency                      Multiprocessor Activity       4.99%       4.99%       4.99%
