==217886== NVPROF is profiling process 217886, command: ./0123HomeWork 4 2
==217886== Some kernel(s) will be replayed on device 0 in order to collect all events/metrics.
==217886== Profiling application: ./0123HomeWork 4 2
==217886== Profiling result:
==217886== Metric result:
Invocations                               Metric Name                           Metric Description         Min         Max         Avg
Device "Tesla V100-PCIE-16GB (0)"
    Kernel: find_hash(int, int)
          1                             inst_per_warp                        Instructions per warp  4.0747e+07  4.0747e+07  4.0747e+07
          1                           global_hit_rate            Global Hit Rate in unified l1/tex       0.06%       0.06%       0.06%
          1                            local_hit_rate                               Local Hit Rate      98.84%      98.84%      98.84%
          1                        tex_cache_hit_rate                       Unified Cache Hit Rate      28.84%      28.84%      28.84%
          1                      l2_tex_read_hit_rate                  L2 Hit Rate (Texture Reads)     100.07%     100.07%     100.07%
          1                     l2_tex_write_hit_rate                 L2 Hit Rate (Texture Writes)     100.11%     100.11%     100.11%
          1                            gld_efficiency                Global Memory Load Efficiency      12.77%      12.77%      12.77%
          1                            gst_efficiency               Global Memory Store Efficiency       3.79%       3.79%       3.79%
          1                          stall_inst_fetch     Issue Stall Reasons (Instructions Fetch)      18.15%      18.15%      18.15%
          1                     stall_exec_dependency   Issue Stall Reasons (Execution Dependency)      64.05%      64.05%      64.05%
          1                   stall_memory_dependency           Issue Stall Reasons (Data Request)      17.58%      17.58%      17.58%
          1                                       ipc                                 Executed IPC    0.242937    0.242937    0.242937
          1                             sm_efficiency                      Multiprocessor Activity       5.00%       5.00%       5.00%
