==211655== NVPROF is profiling process 211655, command: ./0123HomeWork 4 256
==211655== Some kernel(s) will be replayed on device 0 in order to collect all events/metrics.
==211655== Profiling application: ./0123HomeWork 4 256
==211655== Profiling result:
==211655== Metric result:
Invocations                               Metric Name                           Metric Description         Min         Max         Avg
Device "Tesla V100-PCIE-16GB (0)"
    Kernel: find_hash(int, int)
          1                             inst_per_warp                        Instructions per warp  1.2032e+04  1.2032e+04  1.2032e+04
          1                           global_hit_rate            Global Hit Rate in unified l1/tex      15.98%      15.98%      15.98%
          1                            local_hit_rate                               Local Hit Rate      94.09%      94.09%      94.09%
          1                        tex_cache_hit_rate                       Unified Cache Hit Rate      26.43%      26.43%      26.43%
          1                      l2_tex_read_hit_rate                  L2 Hit Rate (Texture Reads)      90.55%      90.55%      90.55%
          1                     l2_tex_write_hit_rate                 L2 Hit Rate (Texture Writes)     100.65%     100.65%     100.65%
          1                            gld_efficiency                Global Memory Load Efficiency      12.66%      12.66%      12.66%
          1                            gst_efficiency               Global Memory Store Efficiency       3.79%       3.79%       3.79%
          1                          stall_inst_fetch     Issue Stall Reasons (Instructions Fetch)       7.07%       7.07%       7.07%
          1                     stall_exec_dependency   Issue Stall Reasons (Execution Dependency)      25.64%      25.64%      25.64%
          1                   stall_memory_dependency           Issue Stall Reasons (Data Request)      17.45%      17.45%      17.45%
          1                                       ipc                                 Executed IPC    0.925752    0.925752    0.925752
          1                             sm_efficiency                      Multiprocessor Activity       4.50%       4.50%       4.50%
