==214459== NVPROF is profiling process 214459, command: ./0123HomeWork 4 32
==214459== Some kernel(s) will be replayed on device 0 in order to collect all events/metrics.
==214459== Profiling application: ./0123HomeWork 4 32
==214459== Profiling result:
==214459== Metric result:
Invocations                               Metric Name                           Metric Description         Min         Max         Avg
Device "Tesla V100-PCIE-16GB (0)"
    Kernel: find_hash(int, int)
          1                             inst_per_warp                        Instructions per warp  4.7569e+05  4.7569e+05  4.7569e+05
          1                           global_hit_rate            Global Hit Rate in unified l1/tex       4.55%       4.55%       4.55%
          1                            local_hit_rate                               Local Hit Rate      98.74%      98.74%      98.74%
          1                        tex_cache_hit_rate                       Unified Cache Hit Rate      28.82%      28.82%      28.82%
          1                      l2_tex_read_hit_rate                  L2 Hit Rate (Texture Reads)     100.00%     100.00%     100.00%
          1                     l2_tex_write_hit_rate                 L2 Hit Rate (Texture Writes)     100.31%     100.31%     100.31%
          1                            gld_efficiency                Global Memory Load Efficiency      12.79%      12.79%      12.79%
          1                            gst_efficiency               Global Memory Store Efficiency       3.79%       3.79%       3.79%
          1                          stall_inst_fetch     Issue Stall Reasons (Instructions Fetch)      17.87%      17.87%      17.87%
          1                     stall_exec_dependency   Issue Stall Reasons (Execution Dependency)      62.11%      62.11%      62.11%
          1                   stall_memory_dependency           Issue Stall Reasons (Data Request)      17.37%      17.37%      17.37%
          1                                       ipc                                 Executed IPC    0.237235    0.237235    0.237235
          1                             sm_efficiency                      Multiprocessor Activity       4.97%       4.97%       4.97%
