==214001== NVPROF is profiling process 214001, command: ./0123HomeWork 4 32
==214001== Some kernel(s) will be replayed on device 0 in order to collect all events/metrics.
==214001== Profiling application: ./0123HomeWork 4 32
==214001== Profiling result:
==214001== Metric result:
Invocations                               Metric Name                           Metric Description         Min         Max         Avg
Device "Tesla V100-PCIE-16GB (0)"
    Kernel: find_hash(int, int)
          1                             inst_per_warp                        Instructions per warp  5.5561e+06  5.5561e+06  5.5561e+06
          1                           global_hit_rate            Global Hit Rate in unified l1/tex       0.41%       0.41%       0.41%
          1                            local_hit_rate                               Local Hit Rate      98.83%      98.83%      98.83%
          1                        tex_cache_hit_rate                       Unified Cache Hit Rate      29.00%      29.00%      29.00%
          1                      l2_tex_read_hit_rate                  L2 Hit Rate (Texture Reads)     100.33%     100.33%     100.33%
          1                     l2_tex_write_hit_rate                 L2 Hit Rate (Texture Writes)     100.30%     100.30%     100.30%
          1                            gld_efficiency                Global Memory Load Efficiency      12.20%      12.20%      12.20%
          1                            gst_efficiency               Global Memory Store Efficiency       3.79%       3.79%       3.79%
          1                          stall_inst_fetch     Issue Stall Reasons (Instructions Fetch)      17.67%      17.67%      17.67%
          1                     stall_exec_dependency   Issue Stall Reasons (Execution Dependency)      62.40%      62.40%      62.40%
          1                   stall_memory_dependency           Issue Stall Reasons (Data Request)      17.28%      17.28%      17.28%
          1                                       ipc                                 Executed IPC    0.237978    0.237978    0.237978
          1                             sm_efficiency                      Multiprocessor Activity       5.00%       5.00%       5.00%
