==217521== NVPROF is profiling process 217521, command: ./0123HomeWork 4 4
==217521== Some kernel(s) will be replayed on device 0 in order to collect all events/metrics.
==217521== Profiling application: ./0123HomeWork 4 4
==217521== Profiling result:
==217521== Metric result:
Invocations                               Metric Name                           Metric Description         Min         Max         Avg
Device "Tesla V100-PCIE-16GB (0)"
    Kernel: find_hash(int, int)
          1                             inst_per_warp                        Instructions per warp  7.6440e+06  7.6440e+06  7.6440e+06
          1                           global_hit_rate            Global Hit Rate in unified l1/tex       0.30%       0.30%       0.30%
          1                            local_hit_rate                               Local Hit Rate      98.83%      98.83%      98.83%
          1                        tex_cache_hit_rate                       Unified Cache Hit Rate      28.90%      28.90%      28.90%
          1                      l2_tex_read_hit_rate                  L2 Hit Rate (Texture Reads)      99.72%      99.72%      99.72%
          1                     l2_tex_write_hit_rate                 L2 Hit Rate (Texture Writes)     100.50%     100.50%     100.50%
          1                            gld_efficiency                Global Memory Load Efficiency      12.17%      12.17%      12.17%
          1                            gst_efficiency               Global Memory Store Efficiency       3.79%       3.79%       3.79%
          1                          stall_inst_fetch     Issue Stall Reasons (Instructions Fetch)      18.14%      18.14%      18.14%
          1                     stall_exec_dependency   Issue Stall Reasons (Execution Dependency)      63.95%      63.95%      63.95%
          1                   stall_memory_dependency           Issue Stall Reasons (Data Request)      17.69%      17.69%      17.69%
          1                                       ipc                                 Executed IPC    0.242136    0.242136    0.242136
          1                             sm_efficiency                      Multiprocessor Activity       5.00%       5.00%       5.00%
