==216981== NVPROF is profiling process 216981, command: ./0123HomeWork 4 4
==216981== Some kernel(s) will be replayed on device 0 in order to collect all events/metrics.
==216981== Profiling application: ./0123HomeWork 4 4
==216981== Profiling result:
==216981== Metric result:
Invocations                               Metric Name                           Metric Description         Min         Max         Avg
Device "Tesla V100-PCIE-16GB (0)"
    Kernel: find_hash(int, int)
          1                             inst_per_warp                        Instructions per warp  3.7786e+06  3.7786e+06  3.7786e+06
          1                           global_hit_rate            Global Hit Rate in unified l1/tex       0.60%       0.60%       0.60%
          1                            local_hit_rate                               Local Hit Rate      98.83%      98.83%      98.83%
          1                        tex_cache_hit_rate                       Unified Cache Hit Rate      28.47%      28.47%      28.47%
          1                      l2_tex_read_hit_rate                  L2 Hit Rate (Texture Reads)      99.74%      99.74%      99.74%
          1                     l2_tex_write_hit_rate                 L2 Hit Rate (Texture Writes)     100.08%     100.08%     100.08%
          1                            gld_efficiency                Global Memory Load Efficiency      12.21%      12.21%      12.21%
          1                            gst_efficiency               Global Memory Store Efficiency       3.79%       3.79%       3.79%
          1                          stall_inst_fetch     Issue Stall Reasons (Instructions Fetch)      18.13%      18.13%      18.13%
          1                     stall_exec_dependency   Issue Stall Reasons (Execution Dependency)      63.99%      63.99%      63.99%
          1                   stall_memory_dependency           Issue Stall Reasons (Data Request)      17.65%      17.65%      17.65%
          1                                       ipc                                 Executed IPC    0.242854    0.242854    0.242854
          1                             sm_efficiency                      Multiprocessor Activity       4.99%       4.99%       4.99%
