==216887== NVPROF is profiling process 216887, command: ./0123HomeWork 4 4
==216887== Some kernel(s) will be replayed on device 0 in order to collect all events/metrics.
==216887== Profiling application: ./0123HomeWork 4 4
==216887== Profiling result:
==216887== Metric result:
Invocations                               Metric Name                           Metric Description         Min         Max         Avg
Device "Tesla V100-PCIE-16GB (0)"
    Kernel: find_hash(int, int)
          1                             inst_per_warp                        Instructions per warp  2.5351e+07  2.5351e+07  2.5351e+07
          1                           global_hit_rate            Global Hit Rate in unified l1/tex       0.09%       0.09%       0.09%
          1                            local_hit_rate                               Local Hit Rate      98.84%      98.84%      98.84%
          1                        tex_cache_hit_rate                       Unified Cache Hit Rate      28.71%      28.71%      28.71%
          1                      l2_tex_read_hit_rate                  L2 Hit Rate (Texture Reads)     100.31%     100.31%     100.31%
          1                     l2_tex_write_hit_rate                 L2 Hit Rate (Texture Writes)     100.04%     100.04%     100.04%
          1                            gld_efficiency                Global Memory Load Efficiency      12.20%      12.20%      12.20%
          1                            gst_efficiency               Global Memory Store Efficiency       3.79%       3.79%       3.79%
          1                          stall_inst_fetch     Issue Stall Reasons (Instructions Fetch)      18.15%      18.15%      18.15%
          1                     stall_exec_dependency   Issue Stall Reasons (Execution Dependency)      64.06%      64.06%      64.06%
          1                   stall_memory_dependency           Issue Stall Reasons (Data Request)      17.57%      17.57%      17.57%
          1                                       ipc                                 Executed IPC    0.242906    0.242906    0.242906
          1                             sm_efficiency                      Multiprocessor Activity       5.00%       5.00%       5.00%
