==212974== NVPROF is profiling process 212974, command: ./0123HomeWork 4 64
==212974== Some kernel(s) will be replayed on device 0 in order to collect all events/metrics.
==212974== Profiling application: ./0123HomeWork 4 64
==212974== Profiling result:
==212974== Metric result:
Invocations                               Metric Name                           Metric Description         Min         Max         Avg
Device "Tesla V100-PCIE-16GB (0)"
    Kernel: find_hash(int, int)
          1                             inst_per_warp                        Instructions per warp  2.3748e+06  2.3748e+06  2.3748e+06
          1                           global_hit_rate            Global Hit Rate in unified l1/tex       0.48%       0.48%       0.48%
          1                            local_hit_rate                               Local Hit Rate      98.84%      98.84%      98.84%
          1                        tex_cache_hit_rate                       Unified Cache Hit Rate      28.72%      28.72%      28.72%
          1                      l2_tex_read_hit_rate                  L2 Hit Rate (Texture Reads)      99.96%      99.96%      99.96%
          1                     l2_tex_write_hit_rate                 L2 Hit Rate (Texture Writes)     100.00%     100.00%     100.00%
          1                            gld_efficiency                Global Memory Load Efficiency      12.23%      12.23%      12.23%
          1                            gst_efficiency               Global Memory Store Efficiency       3.79%       3.79%       3.79%
          1                          stall_inst_fetch     Issue Stall Reasons (Instructions Fetch)      15.28%      15.28%      15.28%
          1                     stall_exec_dependency   Issue Stall Reasons (Execution Dependency)      54.68%      54.68%      54.68%
          1                   stall_memory_dependency           Issue Stall Reasons (Data Request)      15.54%      15.54%      15.54%
          1                                       ipc                                 Executed IPC    0.430119    0.430119    0.430119
          1                             sm_efficiency                      Multiprocessor Activity       4.99%       4.99%       4.99%
