==213432== NVPROF is profiling process 213432, command: ./0123HomeWork 4 64
==213432== Some kernel(s) will be replayed on device 0 in order to collect all events/metrics.
==213432== Profiling application: ./0123HomeWork 4 64
==213432== Profiling result:
==213432== Metric result:
Invocations                               Metric Name                           Metric Description         Min         Max         Avg
Device "Tesla V100-PCIE-16GB (0)"
    Kernel: find_hash(int, int)
          1                             inst_per_warp                        Instructions per warp  6.8063e+05  6.8063e+05  6.8063e+05
          1                           global_hit_rate            Global Hit Rate in unified l1/tex       1.64%       1.64%       1.64%
          1                            local_hit_rate                               Local Hit Rate      98.78%      98.78%      98.78%
          1                        tex_cache_hit_rate                       Unified Cache Hit Rate      28.73%      28.73%      28.73%
          1                      l2_tex_read_hit_rate                  L2 Hit Rate (Texture Reads)     100.67%     100.67%     100.67%
          1                     l2_tex_write_hit_rate                 L2 Hit Rate (Texture Writes)      99.89%      99.89%      99.89%
          1                            gld_efficiency                Global Memory Load Efficiency      12.77%      12.77%      12.77%
          1                            gst_efficiency               Global Memory Store Efficiency       3.79%       3.79%       3.79%
          1                          stall_inst_fetch     Issue Stall Reasons (Instructions Fetch)      15.32%      15.32%      15.32%
          1                     stall_exec_dependency   Issue Stall Reasons (Execution Dependency)      54.63%      54.63%      54.63%
          1                   stall_memory_dependency           Issue Stall Reasons (Data Request)      15.52%      15.52%      15.52%
          1                                       ipc                                 Executed IPC    0.429483    0.429483    0.429483
          1                             sm_efficiency                      Multiprocessor Activity       4.98%       4.98%       4.98%
