==215804== NVPROF is profiling process 215804, command: ./0123HomeWork 4 8
==215804== Some kernel(s) will be replayed on device 0 in order to collect all events/metrics.
==215804== Profiling application: ./0123HomeWork 4 8
==215804== Profiling result:
==215804== Metric result:
Invocations                               Metric Name                           Metric Description         Min         Max         Avg
Device "Tesla V100-PCIE-16GB (0)"
    Kernel: find_hash(int, int)
          1                             inst_per_warp                        Instructions per warp  1.6457e+07  1.6457e+07  1.6457e+07
          1                           global_hit_rate            Global Hit Rate in unified l1/tex       0.14%       0.14%       0.14%
          1                            local_hit_rate                               Local Hit Rate      98.84%      98.84%      98.84%
          1                        tex_cache_hit_rate                       Unified Cache Hit Rate      28.93%      28.93%      28.93%
          1                      l2_tex_read_hit_rate                  L2 Hit Rate (Texture Reads)     100.04%     100.04%     100.04%
          1                     l2_tex_write_hit_rate                 L2 Hit Rate (Texture Writes)     100.50%     100.50%     100.50%
          1                            gld_efficiency                Global Memory Load Efficiency      12.22%      12.22%      12.22%
          1                            gst_efficiency               Global Memory Store Efficiency       3.79%       3.79%       3.79%
          1                          stall_inst_fetch     Issue Stall Reasons (Instructions Fetch)      18.15%      18.15%      18.15%
          1                     stall_exec_dependency   Issue Stall Reasons (Execution Dependency)      63.90%      63.90%      63.90%
          1                   stall_memory_dependency           Issue Stall Reasons (Data Request)      17.72%      17.72%      17.72%
          1                                       ipc                                 Executed IPC    0.242976    0.242976    0.242976
          1                             sm_efficiency                      Multiprocessor Activity       5.00%       5.00%       5.00%
