==178243== NVPROF is profiling process 178243, command: ./0123HomeWork 64 128
==178243== Some kernel(s) will be replayed on device 0 in order to collect all events/metrics.
==178243== Profiling application: ./0123HomeWork 64 128
==178243== Profiling result:
==178243== Metric result:
Invocations                               Metric Name                           Metric Description         Min         Max         Avg
Device "Tesla V100-PCIE-16GB (0)"
    Kernel: find_hash(int, int)
          1                             inst_per_warp                        Instructions per warp  9.9559e+03  9.9559e+03  9.9559e+03
          1                           global_hit_rate            Global Hit Rate in unified l1/tex       2.72%       2.72%       2.72%
          1                            local_hit_rate                               Local Hit Rate      98.18%      98.18%      98.18%
          1                        tex_cache_hit_rate                       Unified Cache Hit Rate      26.82%      26.82%      26.82%
          1                      l2_tex_read_hit_rate                  L2 Hit Rate (Texture Reads)     139.83%     139.83%     139.83%
          1                     l2_tex_write_hit_rate                 L2 Hit Rate (Texture Writes)     101.36%     101.36%     101.36%
          1                            gld_efficiency                Global Memory Load Efficiency      16.88%      16.88%      16.88%
          1                            gst_efficiency               Global Memory Store Efficiency       3.79%       3.79%       3.79%
          1                          stall_inst_fetch     Issue Stall Reasons (Instructions Fetch)       7.53%       7.53%       7.53%
          1                     stall_exec_dependency   Issue Stall Reasons (Execution Dependency)      29.63%      29.63%      29.63%
          1                   stall_memory_dependency           Issue Stall Reasons (Data Request)      14.03%      14.03%      14.03%
          1                                       ipc                                 Executed IPC    0.500123    0.500123    0.500123
          1                             sm_efficiency                      Multiprocessor Activity      61.73%      61.73%      61.73%
