==178626== NVPROF is profiling process 178626, command: ./0123HomeWork 64 128
==178626== Some kernel(s) will be replayed on device 0 in order to collect all events/metrics.
==178626== Profiling application: ./0123HomeWork 64 128
==178626== Profiling result:
==178626== Metric result:
Invocations                               Metric Name                           Metric Description         Min         Max         Avg
Device "Tesla V100-PCIE-16GB (0)"
    Kernel: find_hash(int, int)
          1                             inst_per_warp                        Instructions per warp  1.4978e+04  1.4978e+04  1.4978e+04
          1                           global_hit_rate            Global Hit Rate in unified l1/tex       1.97%       1.97%       1.97%
          1                            local_hit_rate                               Local Hit Rate      98.39%      98.39%      98.39%
          1                        tex_cache_hit_rate                       Unified Cache Hit Rate      24.81%      24.81%      24.81%
          1                      l2_tex_read_hit_rate                  L2 Hit Rate (Texture Reads)     125.22%     125.22%     125.22%
          1                     l2_tex_write_hit_rate                 L2 Hit Rate (Texture Writes)      91.59%      91.59%      91.59%
          1                            gld_efficiency                Global Memory Load Efficiency      10.36%      10.36%      10.36%
          1                            gst_efficiency               Global Memory Store Efficiency       3.79%       3.79%       3.79%
          1                          stall_inst_fetch     Issue Stall Reasons (Instructions Fetch)       7.34%       7.34%       7.34%
          1                     stall_exec_dependency   Issue Stall Reasons (Execution Dependency)      29.79%      29.79%      29.79%
          1                   stall_memory_dependency           Issue Stall Reasons (Data Request)      12.25%      12.25%      12.25%
          1                                       ipc                                 Executed IPC    0.510125    0.510125    0.510125
          1                             sm_efficiency                      Multiprocessor Activity      71.66%      71.66%      71.66%
