==180854== NVPROF is profiling process 180854, command: ./0123HomeWork 64 16
==180854== Some kernel(s) will be replayed on device 0 in order to collect all events/metrics.
==180854== Profiling application: ./0123HomeWork 64 16
==180854== Profiling result:
==180854== Metric result:
Invocations                               Metric Name                           Metric Description         Min         Max         Avg
Device "Tesla V100-PCIE-16GB (0)"
    Kernel: find_hash(int, int)
          1                             inst_per_warp                        Instructions per warp  1.0648e+04  1.0648e+04  1.0648e+04
          1                           global_hit_rate            Global Hit Rate in unified l1/tex       9.54%       9.54%       9.54%
          1                            local_hit_rate                               Local Hit Rate      97.64%      97.64%      97.64%
          1                        tex_cache_hit_rate                       Unified Cache Hit Rate      27.79%      27.79%      27.79%
          1                      l2_tex_read_hit_rate                  L2 Hit Rate (Texture Reads)      74.56%      74.56%      74.56%
          1                     l2_tex_write_hit_rate                 L2 Hit Rate (Texture Writes)      96.69%      96.69%      96.69%
          1                            gld_efficiency                Global Memory Load Efficiency      10.96%      10.96%      10.96%
          1                            gst_efficiency               Global Memory Store Efficiency       3.79%       3.79%       3.79%
          1                          stall_inst_fetch     Issue Stall Reasons (Instructions Fetch)      22.24%      22.24%      22.24%
          1                     stall_exec_dependency   Issue Stall Reasons (Execution Dependency)      53.65%      53.65%      53.65%
          1                   stall_memory_dependency           Issue Stall Reasons (Data Request)      20.17%      20.17%      20.17%
          1                                       ipc                                 Executed IPC    0.207143    0.207143    0.207143
          1                             sm_efficiency                      Multiprocessor Activity      66.27%      66.27%      66.27%
