==184588== NVPROF is profiling process 184588, command: ./0123HomeWork 64 1
==184588== Some kernel(s) will be replayed on device 0 in order to collect all events/metrics.
==184588== Profiling application: ./0123HomeWork 64 1
==184588== Profiling result:
==184588== Metric result:
Invocations                               Metric Name                           Metric Description         Min         Max         Avg
Device "Tesla V100-PCIE-16GB (0)"
    Kernel: find_hash(int, int)
          1                             inst_per_warp                        Instructions per warp  1.0600e+06  1.0600e+06  1.0600e+06
          1                           global_hit_rate            Global Hit Rate in unified l1/tex       0.13%       0.13%       0.13%
          1                            local_hit_rate                               Local Hit Rate      98.79%      98.79%      98.79%
          1                        tex_cache_hit_rate                       Unified Cache Hit Rate      28.69%      28.69%      28.69%
          1                      l2_tex_read_hit_rate                  L2 Hit Rate (Texture Reads)      99.59%      99.59%      99.59%
          1                     l2_tex_write_hit_rate                 L2 Hit Rate (Texture Writes)     100.09%     100.09%     100.09%
          1                            gld_efficiency                Global Memory Load Efficiency      12.13%      12.13%      12.13%
          1                            gst_efficiency               Global Memory Store Efficiency       3.79%       3.79%       3.79%
          1                          stall_inst_fetch     Issue Stall Reasons (Instructions Fetch)      16.38%      16.38%      16.38%
          1                     stall_exec_dependency   Issue Stall Reasons (Execution Dependency)      65.26%      65.26%      65.26%
          1                   stall_memory_dependency           Issue Stall Reasons (Data Request)      18.10%      18.10%      18.10%
          1                                       ipc                                 Executed IPC    0.246417    0.246417    0.246417
          1                             sm_efficiency                      Multiprocessor Activity      79.80%      79.80%      79.80%
