==181336== NVPROF is profiling process 181336, command: ./0123HomeWork 64 16
==181336== Some kernel(s) will be replayed on device 0 in order to collect all events/metrics.
==181336== Profiling application: ./0123HomeWork 64 16
==181336== Profiling result:
==181336== Metric result:
Invocations                               Metric Name                           Metric Description         Min         Max         Avg
Device "Tesla V100-PCIE-16GB (0)"
    Kernel: find_hash(int, int)
          1                             inst_per_warp                        Instructions per warp  2.3560e+05  2.3560e+05  2.3560e+05
          1                           global_hit_rate            Global Hit Rate in unified l1/tex       0.60%       0.60%       0.60%
          1                            local_hit_rate                               Local Hit Rate      98.59%      98.59%      98.59%
          1                        tex_cache_hit_rate                       Unified Cache Hit Rate      28.74%      28.74%      28.74%
          1                      l2_tex_read_hit_rate                  L2 Hit Rate (Texture Reads)     102.32%     102.32%     102.32%
          1                     l2_tex_write_hit_rate                 L2 Hit Rate (Texture Writes)      99.53%      99.53%      99.53%
          1                            gld_efficiency                Global Memory Load Efficiency      12.15%      12.15%      12.15%
          1                            gst_efficiency               Global Memory Store Efficiency       3.79%       3.79%       3.79%
          1                          stall_inst_fetch     Issue Stall Reasons (Instructions Fetch)      16.13%      16.13%      16.13%
          1                     stall_exec_dependency   Issue Stall Reasons (Execution Dependency)      62.51%      62.51%      62.51%
          1                   stall_memory_dependency           Issue Stall Reasons (Data Request)      17.50%      17.50%      17.50%
          1                                       ipc                                 Executed IPC    0.237958    0.237958    0.237958
          1                             sm_efficiency                      Multiprocessor Activity      79.09%      79.09%      79.09%
