==178152== NVPROF is profiling process 178152, command: ./0123HomeWork 64 128
==178152== Some kernel(s) will be replayed on device 0 in order to collect all events/metrics.
==178152== Profiling application: ./0123HomeWork 64 128
==178152== Profiling result:
==178152== Metric result:
Invocations                               Metric Name                           Metric Description         Min         Max         Avg
Device "Tesla V100-PCIE-16GB (0)"
    Kernel: find_hash(int, int)
          1                             inst_per_warp                        Instructions per warp  1.0120e+05  1.0120e+05  1.0120e+05
          1                           global_hit_rate            Global Hit Rate in unified l1/tex       0.34%       0.34%       0.34%
          1                            local_hit_rate                               Local Hit Rate      98.09%      98.09%      98.09%
          1                        tex_cache_hit_rate                       Unified Cache Hit Rate      28.99%      28.99%      28.99%
          1                      l2_tex_read_hit_rate                  L2 Hit Rate (Texture Reads)      99.93%      99.93%      99.93%
          1                     l2_tex_write_hit_rate                 L2 Hit Rate (Texture Writes)     100.54%     100.54%     100.54%
          1                            gld_efficiency                Global Memory Load Efficiency      11.16%      11.16%      11.16%
          1                            gst_efficiency               Global Memory Store Efficiency       3.79%       3.79%       3.79%
          1                          stall_inst_fetch     Issue Stall Reasons (Instructions Fetch)       6.97%       6.97%       6.97%
          1                     stall_exec_dependency   Issue Stall Reasons (Execution Dependency)      31.66%      31.66%      31.66%
          1                   stall_memory_dependency           Issue Stall Reasons (Data Request)      11.67%      11.67%      11.67%
          1                                       ipc                                 Executed IPC    0.545677    0.545677    0.545677
          1                             sm_efficiency                      Multiprocessor Activity      78.43%      78.43%      78.43%
