==184779== NVPROF is profiling process 184779, command: ./0123HomeWork 64 1
==184779== Some kernel(s) will be replayed on device 0 in order to collect all events/metrics.
==184779== Profiling application: ./0123HomeWork 64 1
==184779== Profiling result:
==184779== Metric result:
Invocations                               Metric Name                           Metric Description         Min         Max         Avg
Device "Tesla V100-PCIE-16GB (0)"
    Kernel: find_hash(int, int)
          1                             inst_per_warp                        Instructions per warp  7.0596e+04  7.0596e+04  7.0596e+04
          1                           global_hit_rate            Global Hit Rate in unified l1/tex       1.91%       1.91%       1.91%
          1                            local_hit_rate                               Local Hit Rate      97.98%      97.98%      97.98%
          1                        tex_cache_hit_rate                       Unified Cache Hit Rate      28.54%      28.54%      28.54%
          1                      l2_tex_read_hit_rate                  L2 Hit Rate (Texture Reads)      94.33%      94.33%      94.33%
          1                     l2_tex_write_hit_rate                 L2 Hit Rate (Texture Writes)      99.51%      99.51%      99.51%
          1                            gld_efficiency                Global Memory Load Efficiency      12.55%      12.55%      12.55%
          1                            gst_efficiency               Global Memory Store Efficiency       3.79%       3.79%       3.79%
          1                          stall_inst_fetch     Issue Stall Reasons (Instructions Fetch)      17.19%      17.19%      17.19%
          1                     stall_exec_dependency   Issue Stall Reasons (Execution Dependency)      62.87%      62.87%      62.87%
          1                   stall_memory_dependency           Issue Stall Reasons (Data Request)      19.51%      19.51%      19.51%
          1                                       ipc                                 Executed IPC    0.240054    0.240054    0.240054
          1                             sm_efficiency                      Multiprocessor Activity      77.63%      77.63%      77.63%
