==181425== NVPROF is profiling process 181425, command: ./0123HomeWork 64 16
==181425== Some kernel(s) will be replayed on device 0 in order to collect all events/metrics.
==181425== Profiling application: ./0123HomeWork 64 16
==181425== Profiling result:
==181425== Metric result:
Invocations                               Metric Name                           Metric Description         Min         Max         Avg
Device "Tesla V100-PCIE-16GB (0)"
    Kernel: find_hash(int, int)
          1                             inst_per_warp                        Instructions per warp  6.5404e+05  6.5404e+05  6.5404e+05
          1                           global_hit_rate            Global Hit Rate in unified l1/tex       0.22%       0.22%       0.22%
          1                            local_hit_rate                               Local Hit Rate      98.75%      98.75%      98.75%
          1                        tex_cache_hit_rate                       Unified Cache Hit Rate      28.92%      28.92%      28.92%
          1                      l2_tex_read_hit_rate                  L2 Hit Rate (Texture Reads)      99.74%      99.74%      99.74%
          1                     l2_tex_write_hit_rate                 L2 Hit Rate (Texture Writes)      99.87%      99.87%      99.87%
          1                            gld_efficiency                Global Memory Load Efficiency      12.73%      12.73%      12.73%
          1                            gst_efficiency               Global Memory Store Efficiency       3.79%       3.79%       3.79%
          1                          stall_inst_fetch     Issue Stall Reasons (Instructions Fetch)      15.88%      15.88%      15.88%
          1                     stall_exec_dependency   Issue Stall Reasons (Execution Dependency)      62.82%      62.82%      62.82%
          1                   stall_memory_dependency           Issue Stall Reasons (Data Request)      17.41%      17.41%      17.41%
          1                                       ipc                                 Executed IPC    0.239408    0.239408    0.239408
          1                             sm_efficiency                      Multiprocessor Activity      79.66%      79.66%      79.66%
