==177308== NVPROF is profiling process 177308, command: ./0123HomeWork 64 256
==177308== Some kernel(s) will be replayed on device 0 in order to collect all events/metrics.
==177308== Profiling application: ./0123HomeWork 64 256
==177308== Profiling result:
==177308== Metric result:
Invocations                               Metric Name                           Metric Description         Min         Max         Avg
Device "Tesla V100-PCIE-16GB (0)"
    Kernel: find_hash(int, int)
          1                             inst_per_warp                        Instructions per warp  7.4503e+03  7.4503e+03  7.4503e+03
          1                           global_hit_rate            Global Hit Rate in unified l1/tex       1.71%       1.71%       1.71%
          1                            local_hit_rate                               Local Hit Rate      93.75%      93.75%      93.75%
          1                        tex_cache_hit_rate                       Unified Cache Hit Rate      33.50%      33.50%      33.50%
          1                      l2_tex_read_hit_rate                  L2 Hit Rate (Texture Reads)      74.76%      74.76%      74.76%
          1                     l2_tex_write_hit_rate                 L2 Hit Rate (Texture Writes)      99.52%      99.52%      99.52%
          1                            gld_efficiency                Global Memory Load Efficiency      12.18%      12.18%      12.18%
          1                            gst_efficiency               Global Memory Store Efficiency       3.79%       3.79%       3.79%
          1                          stall_inst_fetch     Issue Stall Reasons (Instructions Fetch)       3.60%       3.60%       3.60%
          1                     stall_exec_dependency   Issue Stall Reasons (Execution Dependency)      17.74%      17.74%      17.74%
          1                   stall_memory_dependency           Issue Stall Reasons (Data Request)      21.26%      21.26%      21.26%
          1                                       ipc                                 Executed IPC    0.610564    0.610564    0.610564
          1                             sm_efficiency                      Multiprocessor Activity      64.15%      64.15%      64.15%
