==177855== NVPROF is profiling process 177855, command: ./0123HomeWork 64 256
==177855== Some kernel(s) will be replayed on device 0 in order to collect all events/metrics.
==177855== Profiling application: ./0123HomeWork 64 256
==177855== Profiling result:
==177855== Metric result:
Invocations                               Metric Name                           Metric Description         Min         Max         Avg
Device "Tesla V100-PCIE-16GB (0)"
    Kernel: find_hash(int, int)
          1                             inst_per_warp                        Instructions per warp  1.7467e+04  1.7467e+04  1.7467e+04
          1                           global_hit_rate            Global Hit Rate in unified l1/tex       0.87%       0.87%       0.87%
          1                            local_hit_rate                               Local Hit Rate      94.36%      94.36%      94.36%
          1                        tex_cache_hit_rate                       Unified Cache Hit Rate      27.68%      27.68%      27.68%
          1                      l2_tex_read_hit_rate                  L2 Hit Rate (Texture Reads)      91.72%      91.72%      91.72%
          1                     l2_tex_write_hit_rate                 L2 Hit Rate (Texture Writes)      94.16%      94.16%      94.16%
          1                            gld_efficiency                Global Memory Load Efficiency      11.47%      11.47%      11.47%
          1                            gst_efficiency               Global Memory Store Efficiency       3.79%       3.79%       3.79%
          1                          stall_inst_fetch     Issue Stall Reasons (Instructions Fetch)       3.42%       3.42%       3.42%
          1                     stall_exec_dependency   Issue Stall Reasons (Execution Dependency)      18.74%      18.74%      18.74%
          1                   stall_memory_dependency           Issue Stall Reasons (Data Request)      27.35%      27.35%      27.35%
          1                                       ipc                                 Executed IPC    0.662688    0.662688    0.662688
          1                             sm_efficiency                      Multiprocessor Activity      74.84%      74.84%      74.84%
