==183945== NVPROF is profiling process 183945, command: ./0123HomeWork 64 2
==183945== Some kernel(s) will be replayed on device 0 in order to collect all events/metrics.
==183945== Profiling application: ./0123HomeWork 64 2
==183945== Profiling result:
==183945== Metric result:
Invocations                               Metric Name                           Metric Description         Min         Max         Avg
Device "Tesla V100-PCIE-16GB (0)"
    Kernel: find_hash(int, int)
          1                             inst_per_warp                        Instructions per warp  5.6549e+06  5.6549e+06  5.6549e+06
          1                           global_hit_rate            Global Hit Rate in unified l1/tex       0.03%       0.03%       0.03%
          1                            local_hit_rate                               Local Hit Rate      98.83%      98.83%      98.83%
          1                        tex_cache_hit_rate                       Unified Cache Hit Rate      28.90%      28.90%      28.90%
          1                      l2_tex_read_hit_rate                  L2 Hit Rate (Texture Reads)     100.56%     100.56%     100.56%
          1                     l2_tex_write_hit_rate                 L2 Hit Rate (Texture Writes)      99.65%      99.65%      99.65%
          1                            gld_efficiency                Global Memory Load Efficiency      12.00%      12.00%      12.00%
          1                            gst_efficiency               Global Memory Store Efficiency       3.79%       3.79%       3.79%
          1                          stall_inst_fetch     Issue Stall Reasons (Instructions Fetch)      16.31%      16.31%      16.31%
          1                     stall_exec_dependency   Issue Stall Reasons (Execution Dependency)      65.54%      65.54%      65.54%
          1                   stall_memory_dependency           Issue Stall Reasons (Data Request)      17.91%      17.91%      17.91%
          1                                       ipc                                 Executed IPC    0.246639    0.246639    0.246639
          1                             sm_efficiency                      Multiprocessor Activity      79.96%      79.96%      79.96%
