==177493== NVPROF is profiling process 177493, command: ./0123HomeWork 64 256
==177493== Some kernel(s) will be replayed on device 0 in order to collect all events/metrics.
==177493== Profiling application: ./0123HomeWork 64 256
==177493== Profiling result:
==177493== Metric result:
Invocations                               Metric Name                           Metric Description         Min         Max         Avg
Device "Tesla V100-PCIE-16GB (0)"
    Kernel: find_hash(int, int)
          1                             inst_per_warp                        Instructions per warp  3.2488e+04  3.2488e+04  3.2488e+04
          1                           global_hit_rate            Global Hit Rate in unified l1/tex       0.50%       0.50%       0.50%
          1                            local_hit_rate                               Local Hit Rate      93.29%      93.29%      93.29%
          1                        tex_cache_hit_rate                       Unified Cache Hit Rate      21.95%      21.95%      21.95%
          1                      l2_tex_read_hit_rate                  L2 Hit Rate (Texture Reads)      92.15%      92.15%      92.15%
          1                     l2_tex_write_hit_rate                 L2 Hit Rate (Texture Writes)     110.48%     110.48%     110.48%
          1                            gld_efficiency                Global Memory Load Efficiency      13.59%      13.59%      13.59%
          1                            gst_efficiency               Global Memory Store Efficiency       3.79%       3.79%       3.79%
          1                          stall_inst_fetch     Issue Stall Reasons (Instructions Fetch)       3.52%       3.52%       3.52%
          1                     stall_exec_dependency   Issue Stall Reasons (Execution Dependency)      17.97%      17.97%      17.97%
          1                   stall_memory_dependency           Issue Stall Reasons (Data Request)      33.61%      33.61%      33.61%
          1                                       ipc                                 Executed IPC    0.686328    0.686328    0.686328
          1                             sm_efficiency                      Multiprocessor Activity      76.74%      76.74%      76.74%
