==180673== NVPROF is profiling process 180673, command: ./0123HomeWork 64 32
==180673== Some kernel(s) will be replayed on device 0 in order to collect all events/metrics.
==180673== Profiling application: ./0123HomeWork 64 32
==180673== Profiling result:
==180673== Metric result:
Invocations                               Metric Name                           Metric Description         Min         Max         Avg
Device "Tesla V100-PCIE-16GB (0)"
    Kernel: find_hash(int, int)
          1                             inst_per_warp                        Instructions per warp  6.1933e+04  6.1933e+04  6.1933e+04
          1                           global_hit_rate            Global Hit Rate in unified l1/tex       2.16%       2.16%       2.16%
          1                            local_hit_rate                               Local Hit Rate      97.87%      97.87%      97.87%
          1                        tex_cache_hit_rate                       Unified Cache Hit Rate      28.33%      28.33%      28.33%
          1                      l2_tex_read_hit_rate                  L2 Hit Rate (Texture Reads)     100.26%     100.26%     100.26%
          1                     l2_tex_write_hit_rate                 L2 Hit Rate (Texture Writes)      98.88%      98.88%      98.88%
          1                            gld_efficiency                Global Memory Load Efficiency      13.20%      13.20%      13.20%
          1                            gst_efficiency               Global Memory Store Efficiency       3.79%       3.79%       3.79%
          1                          stall_inst_fetch     Issue Stall Reasons (Instructions Fetch)      15.19%      15.19%      15.19%
          1                     stall_exec_dependency   Issue Stall Reasons (Execution Dependency)      56.27%      56.27%      56.27%
          1                   stall_memory_dependency           Issue Stall Reasons (Data Request)      16.97%      16.97%      16.97%
          1                                       ipc                                 Executed IPC    0.219332    0.219332    0.219332
          1                             sm_efficiency                      Multiprocessor Activity      76.79%      76.79%      76.79%
