==180125== NVPROF is profiling process 180125, command: ./0123HomeWork 64 32
==180125== Some kernel(s) will be replayed on device 0 in order to collect all events/metrics.
==180125== Profiling application: ./0123HomeWork 64 32
==180125== Profiling result:
==180125== Metric result:
Invocations                               Metric Name                           Metric Description         Min         Max         Avg
Device "Tesla V100-PCIE-16GB (0)"
    Kernel: find_hash(int, int)
          1                             inst_per_warp                        Instructions per warp  9.1469e+04  9.1469e+04  9.1469e+04
          1                           global_hit_rate            Global Hit Rate in unified l1/tex       1.49%       1.49%       1.49%
          1                            local_hit_rate                               Local Hit Rate      98.19%      98.19%      98.19%
          1                        tex_cache_hit_rate                       Unified Cache Hit Rate      28.40%      28.40%      28.40%
          1                      l2_tex_read_hit_rate                  L2 Hit Rate (Texture Reads)      99.33%      99.33%      99.33%
          1                     l2_tex_write_hit_rate                 L2 Hit Rate (Texture Writes)      99.50%      99.50%      99.50%
          1                            gld_efficiency                Global Memory Load Efficiency      12.21%      12.21%      12.21%
          1                            gst_efficiency               Global Memory Store Efficiency       3.79%       3.79%       3.79%
          1                          stall_inst_fetch     Issue Stall Reasons (Instructions Fetch)      15.08%      15.08%      15.08%
          1                     stall_exec_dependency   Issue Stall Reasons (Execution Dependency)      56.55%      56.55%      56.55%
          1                   stall_memory_dependency           Issue Stall Reasons (Data Request)      16.90%      16.90%      16.90%
          1                                       ipc                                 Executed IPC    0.220939    0.220939    0.220939
          1                             sm_efficiency                      Multiprocessor Activity      77.47%      77.47%      77.47%
