==182921== NVPROF is profiling process 182921, command: ./0123HomeWork 64 4
==182921== Some kernel(s) will be replayed on device 0 in order to collect all events/metrics.
==182921== Profiling application: ./0123HomeWork 64 4
==182921== Profiling result:
==182921== Metric result:
Invocations                               Metric Name                           Metric Description         Min         Max         Avg
Device "Tesla V100-PCIE-16GB (0)"
    Kernel: find_hash(int, int)
          1                             inst_per_warp                        Instructions per warp  1.0681e+05  1.0681e+05  1.0681e+05
          1                           global_hit_rate            Global Hit Rate in unified l1/tex       1.29%       1.29%       1.29%
          1                            local_hit_rate                               Local Hit Rate      98.28%      98.28%      98.28%
          1                        tex_cache_hit_rate                       Unified Cache Hit Rate      28.76%      28.76%      28.76%
          1                      l2_tex_read_hit_rate                  L2 Hit Rate (Texture Reads)      92.51%      92.51%      92.51%
          1                     l2_tex_write_hit_rate                 L2 Hit Rate (Texture Writes)      99.60%      99.60%      99.60%
          1                            gld_efficiency                Global Memory Load Efficiency      12.58%      12.58%      12.58%
          1                            gst_efficiency               Global Memory Store Efficiency       3.79%       3.79%       3.79%
          1                          stall_inst_fetch     Issue Stall Reasons (Instructions Fetch)      16.76%      16.76%      16.76%
          1                     stall_exec_dependency   Issue Stall Reasons (Execution Dependency)      63.45%      63.45%      63.45%
          1                   stall_memory_dependency           Issue Stall Reasons (Data Request)      19.36%      19.36%      19.36%
          1                                       ipc                                 Executed IPC    0.241042    0.241042    0.241042
          1                             sm_efficiency                      Multiprocessor Activity      77.90%      77.90%      77.90%
