==183381== NVPROF is profiling process 183381, command: ./0123HomeWork 64 4
==183381== Some kernel(s) will be replayed on device 0 in order to collect all events/metrics.
==183381== Profiling application: ./0123HomeWork 64 4
==183381== Profiling result:
==183381== Metric result:
Invocations                               Metric Name                           Metric Description         Min         Max         Avg
Device "Tesla V100-PCIE-16GB (0)"
    Kernel: find_hash(int, int)
          1                             inst_per_warp                        Instructions per warp  1.0566e+06  1.0566e+06  1.0566e+06
          1                           global_hit_rate            Global Hit Rate in unified l1/tex       0.13%       0.13%       0.13%
          1                            local_hit_rate                               Local Hit Rate      98.80%      98.80%      98.80%
          1                        tex_cache_hit_rate                       Unified Cache Hit Rate      28.60%      28.60%      28.60%
          1                      l2_tex_read_hit_rate                  L2 Hit Rate (Texture Reads)      99.34%      99.34%      99.34%
          1                     l2_tex_write_hit_rate                 L2 Hit Rate (Texture Writes)      99.14%      99.14%      99.14%
          1                            gld_efficiency                Global Memory Load Efficiency      12.62%      12.62%      12.62%
          1                            gst_efficiency               Global Memory Store Efficiency       3.79%       3.79%       3.79%
          1                          stall_inst_fetch     Issue Stall Reasons (Instructions Fetch)      16.42%      16.42%      16.42%
          1                     stall_exec_dependency   Issue Stall Reasons (Execution Dependency)      65.45%      65.45%      65.45%
          1                   stall_memory_dependency           Issue Stall Reasons (Data Request)      17.87%      17.87%      17.87%
          1                                       ipc                                 Executed IPC    0.246205    0.246205    0.246205
          1                             sm_efficiency                      Multiprocessor Activity      79.80%      79.80%      79.80%
