==182168== NVPROF is profiling process 182168, command: ./0123HomeWork 64 8
==182168== Some kernel(s) will be replayed on device 0 in order to collect all events/metrics.
==182168== Profiling application: ./0123HomeWork 64 8
==182168== Profiling result:
==182168== Metric result:
Invocations                               Metric Name                           Metric Description         Min         Max         Avg
Device "Tesla V100-PCIE-16GB (0)"
    Kernel: find_hash(int, int)
          1                             inst_per_warp                        Instructions per warp  1.2939e+05  1.2939e+05  1.2939e+05
          1                           global_hit_rate            Global Hit Rate in unified l1/tex       1.07%       1.07%       1.07%
          1                            local_hit_rate                               Local Hit Rate      98.75%      98.75%      98.75%
          1                        tex_cache_hit_rate                       Unified Cache Hit Rate      28.69%      28.69%      28.69%
          1                      l2_tex_read_hit_rate                  L2 Hit Rate (Texture Reads)      99.98%      99.98%      99.98%
          1                     l2_tex_write_hit_rate                 L2 Hit Rate (Texture Writes)      99.56%      99.56%      99.56%
          1                            gld_efficiency                Global Memory Load Efficiency      12.53%      12.53%      12.53%
          1                            gst_efficiency               Global Memory Store Efficiency       3.79%       3.79%       3.79%
          1                          stall_inst_fetch     Issue Stall Reasons (Instructions Fetch)      17.08%      17.08%      17.08%
          1                     stall_exec_dependency   Issue Stall Reasons (Execution Dependency)      64.29%      64.29%      64.29%
          1                   stall_memory_dependency           Issue Stall Reasons (Data Request)      18.23%      18.23%      18.23%
          1                                       ipc                                 Executed IPC    0.243496    0.243496    0.243496
          1                             sm_efficiency                      Multiprocessor Activity      78.49%      78.49%      78.49%
