==210094== NVPROF is profiling process 210094, command: ./0123HomeWork 8 1
==210094== Some kernel(s) will be replayed on device 0 in order to collect all events/metrics.
==210094== Profiling application: ./0123HomeWork 8 1
==210094== Profiling result:
==210094== Metric result:
Invocations                               Metric Name                           Metric Description         Min         Max         Avg
Device "Tesla V100-PCIE-16GB (0)"
    Kernel: find_hash(int, int)
          1                             inst_per_warp                        Instructions per warp  5.2774e+06  5.2774e+06  5.2774e+06
          1                           global_hit_rate            Global Hit Rate in unified l1/tex       0.22%       0.22%       0.22%
          1                            local_hit_rate                               Local Hit Rate      98.83%      98.83%      98.83%
          1                        tex_cache_hit_rate                       Unified Cache Hit Rate      28.72%      28.72%      28.72%
          1                      l2_tex_read_hit_rate                  L2 Hit Rate (Texture Reads)     100.01%     100.01%     100.01%
          1                     l2_tex_write_hit_rate                 L2 Hit Rate (Texture Writes)      99.90%      99.90%      99.90%
          1                            gld_efficiency                Global Memory Load Efficiency      12.25%      12.25%      12.25%
          1                            gst_efficiency               Global Memory Store Efficiency       3.79%       3.79%       3.79%
          1                          stall_inst_fetch     Issue Stall Reasons (Instructions Fetch)      18.64%      18.64%      18.64%
          1                     stall_exec_dependency   Issue Stall Reasons (Execution Dependency)      63.36%      63.36%      63.36%
          1                   stall_memory_dependency           Issue Stall Reasons (Data Request)      17.78%      17.78%      17.78%
          1                                       ipc                                 Executed IPC    0.241398    0.241398    0.241398
          1                             sm_efficiency                      Multiprocessor Activity       9.99%       9.99%       9.99%
