==210630== NVPROF is profiling process 210630, command: ./0123HomeWork 8 1
==210630== Some kernel(s) will be replayed on device 0 in order to collect all events/metrics.
==210630== Profiling application: ./0123HomeWork 8 1
==210630== Profiling result:
==210630== Metric result:
Invocations                               Metric Name                           Metric Description         Min         Max         Avg
Device "Tesla V100-PCIE-16GB (0)"
    Kernel: find_hash(int, int)
          1                             inst_per_warp                        Instructions per warp  5.1764e+07  5.1764e+07  5.1764e+07
          1                           global_hit_rate            Global Hit Rate in unified l1/tex       0.02%       0.02%       0.02%
          1                            local_hit_rate                               Local Hit Rate      98.84%      98.84%      98.84%
          1                        tex_cache_hit_rate                       Unified Cache Hit Rate      28.56%      28.56%      28.56%
          1                      l2_tex_read_hit_rate                  L2 Hit Rate (Texture Reads)     100.03%     100.03%     100.03%
          1                     l2_tex_write_hit_rate                 L2 Hit Rate (Texture Writes)      99.99%      99.99%      99.99%
          1                            gld_efficiency                Global Memory Load Efficiency      12.25%      12.25%      12.25%
          1                            gst_efficiency               Global Memory Store Efficiency       3.79%       3.79%       3.79%
          1                          stall_inst_fetch     Issue Stall Reasons (Instructions Fetch)      18.66%      18.66%      18.66%
          1                     stall_exec_dependency   Issue Stall Reasons (Execution Dependency)      63.52%      63.52%      63.52%
          1                   stall_memory_dependency           Issue Stall Reasons (Data Request)      17.60%      17.60%      17.60%
          1                                       ipc                                 Executed IPC    0.241547    0.241547    0.241547
          1                             sm_efficiency                      Multiprocessor Activity      10.00%      10.00%      10.00%
