==203705== NVPROF is profiling process 203705, command: ./0123HomeWork 8 128
==203705== Some kernel(s) will be replayed on device 0 in order to collect all events/metrics.
==203705== Profiling application: ./0123HomeWork 8 128
==203705== Profiling result:
==203705== Metric result:
Invocations                               Metric Name                           Metric Description         Min         Max         Avg
Device "Tesla V100-PCIE-16GB (0)"
    Kernel: find_hash(int, int)
          1                             inst_per_warp                        Instructions per warp  7.1472e+03  7.1472e+03  7.1472e+03
          1                           global_hit_rate            Global Hit Rate in unified l1/tex      21.99%      21.99%      21.99%
          1                            local_hit_rate                               Local Hit Rate      91.41%      91.41%      91.41%
          1                        tex_cache_hit_rate                       Unified Cache Hit Rate      26.14%      26.14%      26.14%
          1                      l2_tex_read_hit_rate                  L2 Hit Rate (Texture Reads)      66.45%      66.45%      66.45%
          1                     l2_tex_write_hit_rate                 L2 Hit Rate (Texture Writes)     100.00%     100.00%     100.00%
          1                            gld_efficiency                Global Memory Load Efficiency      11.11%      11.11%      11.11%
          1                            gst_efficiency               Global Memory Store Efficiency       3.79%       3.79%       3.79%
          1                          stall_inst_fetch     Issue Stall Reasons (Instructions Fetch)      18.06%      18.06%      18.06%
          1                     stall_exec_dependency   Issue Stall Reasons (Execution Dependency)      35.83%      35.83%      35.83%
          1                   stall_memory_dependency           Issue Stall Reasons (Data Request)      16.18%      16.18%      16.18%
          1                                       ipc                                 Executed IPC    0.596754    0.596754    0.596754
          1                             sm_efficiency                      Multiprocessor Activity       7.57%       7.57%       7.57%
