==206518== NVPROF is profiling process 206518, command: ./0123HomeWork 8 16
==206518== Some kernel(s) will be replayed on device 0 in order to collect all events/metrics.
==206518== Profiling application: ./0123HomeWork 8 16
==206518== Profiling result:
==206518== Metric result:
Invocations                               Metric Name                           Metric Description         Min         Max         Avg
Device "Tesla V100-PCIE-16GB (0)"
    Kernel: find_hash(int, int)
          1                             inst_per_warp                        Instructions per warp  1.5313e+05  1.5313e+05  1.5313e+05
          1                           global_hit_rate            Global Hit Rate in unified l1/tex       6.80%       6.80%       6.80%
          1                            local_hit_rate                               Local Hit Rate      98.45%      98.45%      98.45%
          1                        tex_cache_hit_rate                       Unified Cache Hit Rate      28.62%      28.62%      28.62%
          1                      l2_tex_read_hit_rate                  L2 Hit Rate (Texture Reads)     100.00%     100.00%     100.00%
          1                     l2_tex_write_hit_rate                 L2 Hit Rate (Texture Writes)      99.54%      99.54%      99.54%
          1                            gld_efficiency                Global Memory Load Efficiency      12.77%      12.77%      12.77%
          1                            gst_efficiency               Global Memory Store Efficiency       3.79%       3.79%       3.79%
          1                          stall_inst_fetch     Issue Stall Reasons (Instructions Fetch)      19.34%      19.34%      19.34%
          1                     stall_exec_dependency   Issue Stall Reasons (Execution Dependency)      62.47%      62.47%      62.47%
          1                   stall_memory_dependency           Issue Stall Reasons (Data Request)      17.88%      17.88%      17.88%
          1                                       ipc                                 Executed IPC    0.238378    0.238378    0.238378
          1                             sm_efficiency                      Multiprocessor Activity       9.86%       9.86%       9.86%
