==209348== NVPROF is profiling process 209348, command: ./0123HomeWork 8 2
==209348== Some kernel(s) will be replayed on device 0 in order to collect all events/metrics.
==209348== Profiling application: ./0123HomeWork 8 2
==209348== Profiling result:
==209348== Metric result:
Invocations                               Metric Name                           Metric Description         Min         Max         Avg
Device "Tesla V100-PCIE-16GB (0)"
    Kernel: find_hash(int, int)
          1                             inst_per_warp                        Instructions per warp  2.9197e+07  2.9197e+07  2.9197e+07
          1                           global_hit_rate            Global Hit Rate in unified l1/tex       0.04%       0.04%       0.04%
          1                            local_hit_rate                               Local Hit Rate      98.84%      98.84%      98.84%
          1                        tex_cache_hit_rate                       Unified Cache Hit Rate      28.71%      28.71%      28.71%
          1                      l2_tex_read_hit_rate                  L2 Hit Rate (Texture Reads)      99.96%      99.96%      99.96%
          1                     l2_tex_write_hit_rate                 L2 Hit Rate (Texture Writes)      99.82%      99.82%      99.82%
          1                            gld_efficiency                Global Memory Load Efficiency      12.25%      12.25%      12.25%
          1                            gst_efficiency               Global Memory Store Efficiency       3.79%       3.79%       3.79%
          1                          stall_inst_fetch     Issue Stall Reasons (Instructions Fetch)      18.65%      18.65%      18.65%
          1                     stall_exec_dependency   Issue Stall Reasons (Execution Dependency)      63.40%      63.40%      63.40%
          1                   stall_memory_dependency           Issue Stall Reasons (Data Request)      17.73%      17.73%      17.73%
          1                                       ipc                                 Executed IPC    0.241536    0.241536    0.241536
          1                             sm_efficiency                      Multiprocessor Activity      10.00%      10.00%      10.00%
