==209990== NVPROF is profiling process 209990, command: ./0123HomeWork 8 2
==209990== Some kernel(s) will be replayed on device 0 in order to collect all events/metrics.
==209990== Profiling application: ./0123HomeWork 8 2
==209990== Profiling result:
==209990== Metric result:
Invocations                               Metric Name                           Metric Description         Min         Max         Avg
Device "Tesla V100-PCIE-16GB (0)"
    Kernel: find_hash(int, int)
          1                             inst_per_warp                        Instructions per warp  1.2789e+06  1.2789e+06  1.2789e+06
          1                           global_hit_rate            Global Hit Rate in unified l1/tex       0.88%       0.88%       0.88%
          1                            local_hit_rate                               Local Hit Rate      98.79%      98.79%      98.79%
          1                        tex_cache_hit_rate                       Unified Cache Hit Rate      28.49%      28.49%      28.49%
          1                      l2_tex_read_hit_rate                  L2 Hit Rate (Texture Reads)      98.67%      98.67%      98.67%
          1                     l2_tex_write_hit_rate                 L2 Hit Rate (Texture Writes)     100.15%     100.15%     100.15%
          1                            gld_efficiency                Global Memory Load Efficiency      12.31%      12.31%      12.31%
          1                            gst_efficiency               Global Memory Store Efficiency       3.79%       3.79%       3.79%
          1                          stall_inst_fetch     Issue Stall Reasons (Instructions Fetch)      18.70%      18.70%      18.70%
          1                     stall_exec_dependency   Issue Stall Reasons (Execution Dependency)      63.13%      63.13%      63.13%
          1                   stall_memory_dependency           Issue Stall Reasons (Data Request)      17.93%      17.93%      17.93%
          1                                       ipc                                 Executed IPC    0.241066    0.241066    0.241066
          1                             sm_efficiency                      Multiprocessor Activity       9.99%       9.99%       9.99%
