==209712== NVPROF is profiling process 209712, command: ./0123HomeWork 8 2
==209712== Some kernel(s) will be replayed on device 0 in order to collect all events/metrics.
==209712== Profiling application: ./0123HomeWork 8 2
==209712== Profiling result:
==209712== Metric result:
Invocations                               Metric Name                           Metric Description         Min         Max         Avg
Device "Tesla V100-PCIE-16GB (0)"
    Kernel: find_hash(int, int)
          1                             inst_per_warp                        Instructions per warp  9.2080e+06  9.2080e+06  9.2080e+06
          1                           global_hit_rate            Global Hit Rate in unified l1/tex       0.12%       0.12%       0.12%
          1                            local_hit_rate                               Local Hit Rate      98.84%      98.84%      98.84%
          1                        tex_cache_hit_rate                       Unified Cache Hit Rate      28.56%      28.56%      28.56%
          1                      l2_tex_read_hit_rate                  L2 Hit Rate (Texture Reads)      99.83%      99.83%      99.83%
          1                     l2_tex_write_hit_rate                 L2 Hit Rate (Texture Writes)      99.98%      99.98%      99.98%
          1                            gld_efficiency                Global Memory Load Efficiency      12.28%      12.28%      12.28%
          1                            gst_efficiency               Global Memory Store Efficiency       3.79%       3.79%       3.79%
          1                          stall_inst_fetch     Issue Stall Reasons (Instructions Fetch)      18.68%      18.68%      18.68%
          1                     stall_exec_dependency   Issue Stall Reasons (Execution Dependency)      63.43%      63.43%      63.43%
          1                   stall_memory_dependency           Issue Stall Reasons (Data Request)      17.66%      17.66%      17.66%
          1                                       ipc                                 Executed IPC    0.240967    0.240967    0.240967
          1                             sm_efficiency                      Multiprocessor Activity      10.00%      10.00%      10.00%
