==209438== NVPROF is profiling process 209438, command: ./0123HomeWork 8 2
==209438== Some kernel(s) will be replayed on device 0 in order to collect all events/metrics.
==209438== Profiling application: ./0123HomeWork 8 2
==209438== Profiling result:
==209438== Metric result:
Invocations                               Metric Name                           Metric Description         Min         Max         Avg
Device "Tesla V100-PCIE-16GB (0)"
    Kernel: find_hash(int, int)
          1                             inst_per_warp                        Instructions per warp  7.6093e+06  7.6093e+06  7.6093e+06
          1                           global_hit_rate            Global Hit Rate in unified l1/tex       0.15%       0.15%       0.15%
          1                            local_hit_rate                               Local Hit Rate      98.83%      98.83%      98.83%
          1                        tex_cache_hit_rate                       Unified Cache Hit Rate      28.78%      28.78%      28.78%
          1                      l2_tex_read_hit_rate                  L2 Hit Rate (Texture Reads)      99.90%      99.90%      99.90%
          1                     l2_tex_write_hit_rate                 L2 Hit Rate (Texture Writes)     100.16%     100.16%     100.16%
          1                            gld_efficiency                Global Memory Load Efficiency      12.76%      12.76%      12.76%
          1                            gst_efficiency               Global Memory Store Efficiency       3.79%       3.79%       3.79%
          1                          stall_inst_fetch     Issue Stall Reasons (Instructions Fetch)      18.71%      18.71%      18.71%
          1                     stall_exec_dependency   Issue Stall Reasons (Execution Dependency)      63.48%      63.48%      63.48%
          1                   stall_memory_dependency           Issue Stall Reasons (Data Request)      17.59%      17.59%      17.59%
          1                                       ipc                                 Executed IPC    0.241469    0.241469    0.241469
          1                             sm_efficiency                      Multiprocessor Activity      10.00%      10.00%      10.00%
