==203215== NVPROF is profiling process 203215, command: ./0123HomeWork 8 256
==203215== Some kernel(s) will be replayed on device 0 in order to collect all events/metrics.
==203215== Profiling application: ./0123HomeWork 8 256
==203215== Profiling result:
==203215== Metric result:
Invocations                               Metric Name                           Metric Description         Min         Max         Avg
Device "Tesla V100-PCIE-16GB (0)"
    Kernel: find_hash(int, int)
          1                             inst_per_warp                        Instructions per warp  1.4068e+05  1.4068e+05  1.4068e+05
          1                           global_hit_rate            Global Hit Rate in unified l1/tex       0.99%       0.99%       0.99%
          1                            local_hit_rate                               Local Hit Rate      94.04%      94.04%      94.04%
          1                        tex_cache_hit_rate                       Unified Cache Hit Rate      26.66%      26.66%      26.66%
          1                      l2_tex_read_hit_rate                  L2 Hit Rate (Texture Reads)     104.72%     104.72%     104.72%
          1                     l2_tex_write_hit_rate                 L2 Hit Rate (Texture Writes)     100.99%     100.99%     100.99%
          1                            gld_efficiency                Global Memory Load Efficiency      12.64%      12.64%      12.64%
          1                            gst_efficiency               Global Memory Store Efficiency       3.79%       3.79%       3.79%
          1                          stall_inst_fetch     Issue Stall Reasons (Instructions Fetch)       5.97%       5.97%       5.97%
          1                     stall_exec_dependency   Issue Stall Reasons (Execution Dependency)      32.68%      32.68%      32.68%
          1                   stall_memory_dependency           Issue Stall Reasons (Data Request)      22.37%      22.37%      22.37%
          1                                       ipc                                 Executed IPC    1.122934    1.122934    1.122934
          1                             sm_efficiency                      Multiprocessor Activity       9.92%       9.92%       9.92%
