==202946== NVPROF is profiling process 202946, command: ./0123HomeWork 8 256
==202946== Some kernel(s) will be replayed on device 0 in order to collect all events/metrics.
==202946== Profiling application: ./0123HomeWork 8 256
==202946== Profiling result:
==202946== Metric result:
Invocations                               Metric Name                           Metric Description         Min         Max         Avg
Device "Tesla V100-PCIE-16GB (0)"
    Kernel: find_hash(int, int)
          1                             inst_per_warp                        Instructions per warp  1.1465e+05  1.1465e+05  1.1465e+05
          1                           global_hit_rate            Global Hit Rate in unified l1/tex       1.20%       1.20%       1.20%
          1                            local_hit_rate                               Local Hit Rate      93.93%      93.93%      93.93%
          1                        tex_cache_hit_rate                       Unified Cache Hit Rate      19.47%      19.47%      19.47%
          1                      l2_tex_read_hit_rate                  L2 Hit Rate (Texture Reads)      83.68%      83.68%      83.68%
          1                     l2_tex_write_hit_rate                 L2 Hit Rate (Texture Writes)      96.60%      96.60%      96.60%
          1                            gld_efficiency                Global Memory Load Efficiency      13.37%      13.37%      13.37%
          1                            gst_efficiency               Global Memory Store Efficiency       3.79%       3.79%       3.79%
          1                          stall_inst_fetch     Issue Stall Reasons (Instructions Fetch)       6.16%       6.16%       6.16%
          1                     stall_exec_dependency   Issue Stall Reasons (Execution Dependency)      31.83%      31.83%      31.83%
          1                   stall_memory_dependency           Issue Stall Reasons (Data Request)      23.74%      23.74%      23.74%
          1                                       ipc                                 Executed IPC    1.124837    1.124837    1.124837
          1                             sm_efficiency                      Multiprocessor Activity       9.86%       9.86%       9.86%
