==205674== NVPROF is profiling process 205674, command: ./0123HomeWork 8 32
==205674== Some kernel(s) will be replayed on device 0 in order to collect all events/metrics.
==205674== Profiling application: ./0123HomeWork 8 32
==205674== Profiling result:
==205674== Metric result:
Invocations                               Metric Name                           Metric Description         Min         Max         Avg
Device "Tesla V100-PCIE-16GB (0)"
    Kernel: find_hash(int, int)
          1                             inst_per_warp                        Instructions per warp  1.9110e+05  1.9110e+05  1.9110e+05
          1                           global_hit_rate            Global Hit Rate in unified l1/tex       5.55%       5.55%       5.55%
          1                            local_hit_rate                               Local Hit Rate      98.52%      98.52%      98.52%
          1                        tex_cache_hit_rate                       Unified Cache Hit Rate      28.65%      28.65%      28.65%
          1                      l2_tex_read_hit_rate                  L2 Hit Rate (Texture Reads)     100.55%     100.55%     100.55%
          1                     l2_tex_write_hit_rate                 L2 Hit Rate (Texture Writes)     100.57%     100.57%     100.57%
          1                            gld_efficiency                Global Memory Load Efficiency      12.29%      12.29%      12.29%
          1                            gst_efficiency               Global Memory Store Efficiency       3.79%       3.79%       3.79%
          1                          stall_inst_fetch     Issue Stall Reasons (Instructions Fetch)      18.59%      18.59%      18.59%
          1                     stall_exec_dependency   Issue Stall Reasons (Execution Dependency)      61.12%      61.12%      61.12%
          1                   stall_memory_dependency           Issue Stall Reasons (Data Request)      17.68%      17.68%      17.68%
          1                                       ipc                                 Executed IPC    0.233831    0.233831    0.233831
          1                             sm_efficiency                      Multiprocessor Activity       9.88%       9.88%       9.88%
