==205581== NVPROF is profiling process 205581, command: ./0123HomeWork 8 32
==205581== Some kernel(s) will be replayed on device 0 in order to collect all events/metrics.
==205581== Profiling application: ./0123HomeWork 8 32
==205581== Profiling result:
==205581== Metric result:
Invocations                               Metric Name                           Metric Description         Min         Max         Avg
Device "Tesla V100-PCIE-16GB (0)"
    Kernel: find_hash(int, int)
          1                             inst_per_warp                        Instructions per warp  1.5460e+05  1.5460e+05  1.5460e+05
          1                           global_hit_rate            Global Hit Rate in unified l1/tex       6.74%       6.74%       6.74%
          1                            local_hit_rate                               Local Hit Rate      98.45%      98.45%      98.45%
          1                        tex_cache_hit_rate                       Unified Cache Hit Rate      28.50%      28.50%      28.50%
          1                      l2_tex_read_hit_rate                  L2 Hit Rate (Texture Reads)     102.90%     102.90%     102.90%
          1                     l2_tex_write_hit_rate                 L2 Hit Rate (Texture Writes)      99.60%      99.60%      99.60%
          1                            gld_efficiency                Global Memory Load Efficiency      12.24%      12.24%      12.24%
          1                            gst_efficiency               Global Memory Store Efficiency       3.79%       3.79%       3.79%
          1                          stall_inst_fetch     Issue Stall Reasons (Instructions Fetch)      18.88%      18.88%      18.88%
          1                     stall_exec_dependency   Issue Stall Reasons (Execution Dependency)      60.99%      60.99%      60.99%
          1                   stall_memory_dependency           Issue Stall Reasons (Data Request)      17.53%      17.53%      17.53%
          1                                       ipc                                 Executed IPC    0.233530    0.233530    0.233530
          1                             sm_efficiency                      Multiprocessor Activity       9.86%       9.86%       9.86%
