==205765== NVPROF is profiling process 205765, command: ./0123HomeWork 8 32
==205765== Some kernel(s) will be replayed on device 0 in order to collect all events/metrics.
==205765== Profiling application: ./0123HomeWork 8 32
==205765== Profiling result:
==205765== Metric result:
Invocations                               Metric Name                           Metric Description         Min         Max         Avg
Device "Tesla V100-PCIE-16GB (0)"
    Kernel: find_hash(int, int)
          1                             inst_per_warp                        Instructions per warp  1.0484e+05  1.0484e+05  1.0484e+05
          1                           global_hit_rate            Global Hit Rate in unified l1/tex       9.54%       9.54%       9.54%
          1                            local_hit_rate                               Local Hit Rate      98.33%      98.33%      98.33%
          1                        tex_cache_hit_rate                       Unified Cache Hit Rate      28.81%      28.81%      28.81%
          1                      l2_tex_read_hit_rate                  L2 Hit Rate (Texture Reads)      94.73%      94.73%      94.73%
          1                     l2_tex_write_hit_rate                 L2 Hit Rate (Texture Writes)     100.35%     100.35%     100.35%
          1                            gld_efficiency                Global Memory Load Efficiency      12.41%      12.41%      12.41%
          1                            gst_efficiency               Global Memory Store Efficiency       3.79%       3.79%       3.79%
          1                          stall_inst_fetch     Issue Stall Reasons (Instructions Fetch)      19.17%      19.17%      19.17%
          1                     stall_exec_dependency   Issue Stall Reasons (Execution Dependency)      60.59%      60.59%      60.59%
          1                   stall_memory_dependency           Issue Stall Reasons (Data Request)      17.58%      17.58%      17.58%
          1                                       ipc                                 Executed IPC    0.232360    0.232360    0.232360
          1                             sm_efficiency                      Multiprocessor Activity       9.78%       9.78%       9.78%
