==206218== NVPROF is profiling process 206218, command: ./0123HomeWork 8 32
==206218== Some kernel(s) will be replayed on device 0 in order to collect all events/metrics.
==206218== Profiling application: ./0123HomeWork 8 32
==206218== Profiling result:
==206218== Metric result:
Invocations                               Metric Name                           Metric Description         Min         Max         Avg
Device "Tesla V100-PCIE-16GB (0)"
    Kernel: find_hash(int, int)
          1                             inst_per_warp                        Instructions per warp  2.0584e+05  2.0584e+05  2.0584e+05
          1                           global_hit_rate            Global Hit Rate in unified l1/tex       5.18%       5.18%       5.18%
          1                            local_hit_rate                               Local Hit Rate      98.55%      98.55%      98.55%
          1                        tex_cache_hit_rate                       Unified Cache Hit Rate      28.41%      28.41%      28.41%
          1                      l2_tex_read_hit_rate                  L2 Hit Rate (Texture Reads)     100.17%     100.17%     100.17%
          1                     l2_tex_write_hit_rate                 L2 Hit Rate (Texture Writes)      99.12%      99.12%      99.12%
          1                            gld_efficiency                Global Memory Load Efficiency      12.41%      12.41%      12.41%
          1                            gst_efficiency               Global Memory Store Efficiency       3.79%       3.79%       3.79%
          1                          stall_inst_fetch     Issue Stall Reasons (Instructions Fetch)      18.66%      18.66%      18.66%
          1                     stall_exec_dependency   Issue Stall Reasons (Execution Dependency)      61.29%      61.29%      61.29%
          1                   stall_memory_dependency           Issue Stall Reasons (Data Request)      17.44%      17.44%      17.44%
          1                                       ipc                                 Executed IPC    0.234642    0.234642    0.234642
          1                             sm_efficiency                      Multiprocessor Activity       9.88%       9.88%       9.88%
