==208192== NVPROF is profiling process 208192, command: ./0123HomeWork 8 4
==208192== Some kernel(s) will be replayed on device 0 in order to collect all events/metrics.
==208192== Profiling application: ./0123HomeWork 8 4
==208192== Profiling result:
==208192== Metric result:
Invocations                               Metric Name                           Metric Description         Min         Max         Avg
Device "Tesla V100-PCIE-16GB (0)"
    Kernel: find_hash(int, int)
          1                             inst_per_warp                        Instructions per warp  2.7648e+06  2.7648e+06  2.7648e+06
          1                           global_hit_rate            Global Hit Rate in unified l1/tex       0.41%       0.41%       0.41%
          1                            local_hit_rate                               Local Hit Rate      98.82%      98.82%      98.82%
          1                        tex_cache_hit_rate                       Unified Cache Hit Rate      28.57%      28.57%      28.57%
          1                      l2_tex_read_hit_rate                  L2 Hit Rate (Texture Reads)      99.38%      99.38%      99.38%
          1                     l2_tex_write_hit_rate                 L2 Hit Rate (Texture Writes)      99.64%      99.64%      99.64%
          1                            gld_efficiency                Global Memory Load Efficiency      12.47%      12.47%      12.47%
          1                            gst_efficiency               Global Memory Store Efficiency       3.79%       3.79%       3.79%
          1                          stall_inst_fetch     Issue Stall Reasons (Instructions Fetch)      18.71%      18.71%      18.71%
          1                     stall_exec_dependency   Issue Stall Reasons (Execution Dependency)      63.26%      63.26%      63.26%
          1                   stall_memory_dependency           Issue Stall Reasons (Data Request)      17.80%      17.80%      17.80%
          1                                       ipc                                 Executed IPC    0.241207    0.241207    0.241207
          1                             sm_efficiency                      Multiprocessor Activity       9.99%       9.99%       9.99%
