==208402== NVPROF is profiling process 208402, command: ./0123HomeWork 8 4
==208402== Some kernel(s) will be replayed on device 0 in order to collect all events/metrics.
==208402== Profiling application: ./0123HomeWork 8 4
==208402== Profiling result:
==208402== Metric result:
Invocations                               Metric Name                           Metric Description         Min         Max         Avg
Device "Tesla V100-PCIE-16GB (0)"
    Kernel: find_hash(int, int)
          1                             inst_per_warp                        Instructions per warp  3.3118e+05  3.3118e+05  3.3118e+05
          1                           global_hit_rate            Global Hit Rate in unified l1/tex       3.30%       3.30%       3.30%
          1                            local_hit_rate                               Local Hit Rate      98.67%      98.67%      98.67%
          1                        tex_cache_hit_rate                       Unified Cache Hit Rate      29.20%      29.20%      29.20%
          1                      l2_tex_read_hit_rate                  L2 Hit Rate (Texture Reads)      96.77%      96.77%      96.77%
          1                     l2_tex_write_hit_rate                 L2 Hit Rate (Texture Writes)     100.45%     100.45%     100.45%
          1                            gld_efficiency                Global Memory Load Efficiency      12.20%      12.20%      12.20%
          1                            gst_efficiency               Global Memory Store Efficiency       3.79%       3.79%       3.79%
          1                          stall_inst_fetch     Issue Stall Reasons (Instructions Fetch)      18.99%      18.99%      18.99%
          1                     stall_exec_dependency   Issue Stall Reasons (Execution Dependency)      63.19%      63.19%      63.19%
          1                   stall_memory_dependency           Issue Stall Reasons (Data Request)      17.57%      17.57%      17.57%
          1                                       ipc                                 Executed IPC    0.238951    0.238951    0.238951
          1                             sm_efficiency                      Multiprocessor Activity       9.95%       9.95%       9.95%
