==204827== NVPROF is profiling process 204827, command: ./0123HomeWork 8 64
==204827== Some kernel(s) will be replayed on device 0 in order to collect all events/metrics.
==204827== Profiling application: ./0123HomeWork 8 64
==204827== Profiling result:
==204827== Metric result:
Invocations                               Metric Name                           Metric Description         Min         Max         Avg
Device "Tesla V100-PCIE-16GB (0)"
    Kernel: find_hash(int, int)
          1                             inst_per_warp                        Instructions per warp  1.4739e+06  1.4739e+06  1.4739e+06
          1                           global_hit_rate            Global Hit Rate in unified l1/tex       0.39%       0.39%       0.39%
          1                            local_hit_rate                               Local Hit Rate      98.84%      98.84%      98.84%
          1                        tex_cache_hit_rate                       Unified Cache Hit Rate      28.70%      28.70%      28.70%
          1                      l2_tex_read_hit_rate                  L2 Hit Rate (Texture Reads)     100.46%     100.46%     100.46%
          1                     l2_tex_write_hit_rate                 L2 Hit Rate (Texture Writes)      99.97%      99.97%      99.97%
          1                            gld_efficiency                Global Memory Load Efficiency      12.29%      12.29%      12.29%
          1                            gst_efficiency               Global Memory Store Efficiency       3.79%       3.79%       3.79%
          1                          stall_inst_fetch     Issue Stall Reasons (Instructions Fetch)      15.78%      15.78%      15.78%
          1                     stall_exec_dependency   Issue Stall Reasons (Execution Dependency)      54.32%      54.32%      54.32%
          1                   stall_memory_dependency           Issue Stall Reasons (Data Request)      15.49%      15.49%      15.49%
          1                                       ipc                                 Executed IPC    0.427209    0.427209    0.427209
          1                             sm_efficiency                      Multiprocessor Activity       9.99%       9.99%       9.99%
