==205100== NVPROF is profiling process 205100, command: ./0123HomeWork 8 64
==205100== Some kernel(s) will be replayed on device 0 in order to collect all events/metrics.
==205100== Profiling application: ./0123HomeWork 8 64
==205100== Profiling result:
==205100== Metric result:
Invocations                               Metric Name                           Metric Description         Min         Max         Avg
Device "Tesla V100-PCIE-16GB (0)"
    Kernel: find_hash(int, int)
          1                             inst_per_warp                        Instructions per warp  4.9263e+05  4.9263e+05  4.9263e+05
          1                           global_hit_rate            Global Hit Rate in unified l1/tex       1.14%       1.14%       1.14%
          1                            local_hit_rate                               Local Hit Rate      98.73%      98.73%      98.73%
          1                        tex_cache_hit_rate                       Unified Cache Hit Rate      28.72%      28.72%      28.72%
          1                      l2_tex_read_hit_rate                  L2 Hit Rate (Texture Reads)     100.08%     100.08%     100.08%
          1                     l2_tex_write_hit_rate                 L2 Hit Rate (Texture Writes)      99.85%      99.85%      99.85%
          1                            gld_efficiency                Global Memory Load Efficiency      12.44%      12.44%      12.44%
          1                            gst_efficiency               Global Memory Store Efficiency       3.79%       3.79%       3.79%
          1                          stall_inst_fetch     Issue Stall Reasons (Instructions Fetch)      15.85%      15.85%      15.85%
          1                     stall_exec_dependency   Issue Stall Reasons (Execution Dependency)      54.13%      54.13%      54.13%
          1                   stall_memory_dependency           Issue Stall Reasons (Data Request)      15.67%      15.67%      15.67%
          1                                       ipc                                 Executed IPC    0.426679    0.426679    0.426679
          1                             sm_efficiency                      Multiprocessor Activity       9.97%       9.97%       9.97%
