==204918== NVPROF is profiling process 204918, command: ./0123HomeWork 8 64
==204918== Some kernel(s) will be replayed on device 0 in order to collect all events/metrics.
==204918== Profiling application: ./0123HomeWork 8 64
==204918== Profiling result:
==204918== Metric result:
Invocations                               Metric Name                           Metric Description         Min         Max         Avg
Device "Tesla V100-PCIE-16GB (0)"
    Kernel: find_hash(int, int)
          1                             inst_per_warp                        Instructions per warp  3.1495e+05  3.1495e+05  3.1495e+05
          1                           global_hit_rate            Global Hit Rate in unified l1/tex       1.76%       1.76%       1.76%
          1                            local_hit_rate                               Local Hit Rate      98.65%      98.65%      98.65%
          1                        tex_cache_hit_rate                       Unified Cache Hit Rate      28.71%      28.71%      28.71%
          1                      l2_tex_read_hit_rate                  L2 Hit Rate (Texture Reads)     101.55%     101.55%     101.55%
          1                     l2_tex_write_hit_rate                 L2 Hit Rate (Texture Writes)      99.69%      99.69%      99.69%
          1                            gld_efficiency                Global Memory Load Efficiency      12.46%      12.46%      12.46%
          1                            gst_efficiency               Global Memory Store Efficiency       3.79%       3.79%       3.79%
          1                          stall_inst_fetch     Issue Stall Reasons (Instructions Fetch)      15.92%      15.92%      15.92%
          1                     stall_exec_dependency   Issue Stall Reasons (Execution Dependency)      54.05%      54.05%      54.05%
          1                   stall_memory_dependency           Issue Stall Reasons (Data Request)      15.67%      15.67%      15.67%
          1                                       ipc                                 Executed IPC    0.425465    0.425465    0.425465
          1                             sm_efficiency                      Multiprocessor Activity       9.93%       9.93%       9.93%
