==204557== NVPROF is profiling process 204557, command: ./0123HomeWork 8 64
==204557== Some kernel(s) will be replayed on device 0 in order to collect all events/metrics.
==204557== Profiling application: ./0123HomeWork 8 64
==204557== Profiling result:
==204557== Metric result:
Invocations                               Metric Name                           Metric Description         Min         Max         Avg
Device "Tesla V100-PCIE-16GB (0)"
    Kernel: find_hash(int, int)
          1                             inst_per_warp                        Instructions per warp  7.2028e+04  7.2028e+04  7.2028e+04
          1                           global_hit_rate            Global Hit Rate in unified l1/tex       7.06%       7.06%       7.06%
          1                            local_hit_rate                               Local Hit Rate      98.68%      98.68%      98.68%
          1                        tex_cache_hit_rate                       Unified Cache Hit Rate      28.50%      28.50%      28.50%
          1                      l2_tex_read_hit_rate                  L2 Hit Rate (Texture Reads)     100.81%     100.81%     100.81%
          1                     l2_tex_write_hit_rate                 L2 Hit Rate (Texture Writes)      99.03%      99.03%      99.03%
          1                            gld_efficiency                Global Memory Load Efficiency      12.50%      12.50%      12.50%
          1                            gst_efficiency               Global Memory Store Efficiency       3.79%       3.79%       3.79%
          1                          stall_inst_fetch     Issue Stall Reasons (Instructions Fetch)      16.65%      16.65%      16.65%
          1                     stall_exec_dependency   Issue Stall Reasons (Execution Dependency)      53.10%      53.10%      53.10%
          1                   stall_memory_dependency           Issue Stall Reasons (Data Request)      16.03%      16.03%      16.03%
          1                                       ipc                                 Executed IPC    0.418255    0.418255    0.418255
          1                             sm_efficiency                      Multiprocessor Activity       9.82%       9.82%       9.82%
