==170005== NVPROF is profiling process 170005, command: ./0123HomeWork 80 128
==170005== Some kernel(s) will be replayed on device 0 in order to collect all events/metrics.
==170005== Profiling application: ./0123HomeWork 80 128
==170005== Profiling result:
==170005== Metric result:
Invocations                               Metric Name                           Metric Description         Min         Max         Avg
Device "Tesla V100-PCIE-16GB (0)"
    Kernel: find_hash(int, int)
          1                             inst_per_warp                        Instructions per warp  2.0858e+04  2.0858e+04  2.0858e+04
          1                           global_hit_rate            Global Hit Rate in unified l1/tex       1.19%       1.19%       1.19%
          1                            local_hit_rate                               Local Hit Rate      96.02%      96.02%      96.02%
          1                        tex_cache_hit_rate                       Unified Cache Hit Rate      28.28%      28.28%      28.28%
          1                      l2_tex_read_hit_rate                  L2 Hit Rate (Texture Reads)      99.70%      99.70%      99.70%
          1                     l2_tex_write_hit_rate                 L2 Hit Rate (Texture Writes)      99.09%      99.09%      99.09%
          1                            gld_efficiency                Global Memory Load Efficiency      12.54%      12.54%      12.54%
          1                            gst_efficiency               Global Memory Store Efficiency       3.79%       3.79%       3.79%
          1                          stall_inst_fetch     Issue Stall Reasons (Instructions Fetch)       7.04%       7.04%       7.04%
          1                     stall_exec_dependency   Issue Stall Reasons (Execution Dependency)      26.57%      26.57%      26.57%
          1                   stall_memory_dependency           Issue Stall Reasons (Data Request)      11.49%      11.49%      11.49%
          1                                       ipc                                 Executed IPC    0.467864    0.467864    0.467864
          1                             sm_efficiency                      Multiprocessor Activity      91.17%      91.17%      91.17%
