==172981== NVPROF is profiling process 172981, command: ./0123HomeWork 80 16
==172981== Some kernel(s) will be replayed on device 0 in order to collect all events/metrics.
==172981== Profiling application: ./0123HomeWork 80 16
==172981== Profiling result:
==172981== Metric result:
Invocations                               Metric Name                           Metric Description         Min         Max         Avg
Device "Tesla V100-PCIE-16GB (0)"
    Kernel: find_hash(int, int)
          1                             inst_per_warp                        Instructions per warp  6.1997e+04  6.1997e+04  6.1997e+04
          1                           global_hit_rate            Global Hit Rate in unified l1/tex       1.73%       1.73%       1.73%
          1                            local_hit_rate                               Local Hit Rate      97.87%      97.87%      97.87%
          1                        tex_cache_hit_rate                       Unified Cache Hit Rate      28.26%      28.26%      28.26%
          1                      l2_tex_read_hit_rate                  L2 Hit Rate (Texture Reads)      99.49%      99.49%      99.49%
          1                     l2_tex_write_hit_rate                 L2 Hit Rate (Texture Writes)      99.49%      99.49%      99.49%
          1                            gld_efficiency                Global Memory Load Efficiency      12.33%      12.33%      12.33%
          1                            gst_efficiency               Global Memory Store Efficiency       3.79%       3.79%       3.79%
          1                          stall_inst_fetch     Issue Stall Reasons (Instructions Fetch)      16.64%      16.64%      16.64%
          1                     stall_exec_dependency   Issue Stall Reasons (Execution Dependency)      60.43%      60.43%      60.43%
          1                   stall_memory_dependency           Issue Stall Reasons (Data Request)      17.82%      17.82%      17.82%
          1                                       ipc                                 Executed IPC    0.231851    0.231851    0.231851
          1                             sm_efficiency                      Multiprocessor Activity      96.15%      96.15%      96.15%
