==176557== NVPROF is profiling process 176557, command: ./0123HomeWork 80 1
==176557== Some kernel(s) will be replayed on device 0 in order to collect all events/metrics.
==176557== Profiling application: ./0123HomeWork 80 1
==176557== Profiling result:
==176557== Metric result:
Invocations                               Metric Name                           Metric Description         Min         Max         Avg
Device "Tesla V100-PCIE-16GB (0)"
    Kernel: find_hash(int, int)
          1                             inst_per_warp                        Instructions per warp  1.5848e+06  1.5848e+06  1.5848e+06
          1                           global_hit_rate            Global Hit Rate in unified l1/tex       0.07%       0.07%       0.07%
          1                            local_hit_rate                               Local Hit Rate      98.80%      98.80%      98.80%
          1                        tex_cache_hit_rate                       Unified Cache Hit Rate      28.83%      28.83%      28.83%
          1                      l2_tex_read_hit_rate                  L2 Hit Rate (Texture Reads)      99.87%      99.87%      99.87%
          1                     l2_tex_write_hit_rate                 L2 Hit Rate (Texture Writes)     100.02%     100.02%     100.02%
          1                            gld_efficiency                Global Memory Load Efficiency      11.95%      11.95%      11.95%
          1                            gst_efficiency               Global Memory Store Efficiency       3.79%       3.79%       3.79%
          1                          stall_inst_fetch     Issue Stall Reasons (Instructions Fetch)      15.80%      15.80%      15.80%
          1                     stall_exec_dependency   Issue Stall Reasons (Execution Dependency)      65.79%      65.79%      65.79%
          1                   stall_memory_dependency           Issue Stall Reasons (Data Request)      18.15%      18.15%      18.15%
          1                                       ipc                                 Executed IPC    0.247905    0.247905    0.247905
          1                             sm_efficiency                      Multiprocessor Activity      99.84%      99.84%      99.84%
