==176191== NVPROF is profiling process 176191, command: ./0123HomeWork 80 1
==176191== Some kernel(s) will be replayed on device 0 in order to collect all events/metrics.
==176191== Profiling application: ./0123HomeWork 80 1
==176191== Profiling result:
==176191== Metric result:
Invocations                               Metric Name                           Metric Description         Min         Max         Avg
Device "Tesla V100-PCIE-16GB (0)"
    Kernel: find_hash(int, int)
          1                             inst_per_warp                        Instructions per warp  8.9192e+05  8.9192e+05  8.9192e+05
          1                           global_hit_rate            Global Hit Rate in unified l1/tex       0.13%       0.13%       0.13%
          1                            local_hit_rate                               Local Hit Rate      98.78%      98.78%      98.78%
          1                        tex_cache_hit_rate                       Unified Cache Hit Rate      28.44%      28.44%      28.44%
          1                      l2_tex_read_hit_rate                  L2 Hit Rate (Texture Reads)      99.17%      99.17%      99.17%
          1                     l2_tex_write_hit_rate                 L2 Hit Rate (Texture Writes)      98.78%      98.78%      98.78%
          1                            gld_efficiency                Global Memory Load Efficiency      12.82%      12.82%      12.82%
          1                            gst_efficiency               Global Memory Store Efficiency       3.79%       3.79%       3.79%
          1                          stall_inst_fetch     Issue Stall Reasons (Instructions Fetch)      15.92%      15.92%      15.92%
          1                     stall_exec_dependency   Issue Stall Reasons (Execution Dependency)      65.62%      65.62%      65.62%
          1                   stall_memory_dependency           Issue Stall Reasons (Data Request)      18.19%      18.19%      18.19%
          1                                       ipc                                 Executed IPC    0.247675    0.247675    0.247675
          1                             sm_efficiency                      Multiprocessor Activity      99.70%      99.70%      99.70%
