==172527== NVPROF is profiling process 172527, command: ./0123HomeWork 80 16
==172527== Some kernel(s) will be replayed on device 0 in order to collect all events/metrics.
==172527== Profiling application: ./0123HomeWork 80 16
==172527== Profiling result:
==172527== Metric result:
Invocations                               Metric Name                           Metric Description         Min         Max         Avg
Device "Tesla V100-PCIE-16GB (0)"
    Kernel: find_hash(int, int)
          1                             inst_per_warp                        Instructions per warp  9.7999e+03  9.7999e+03  9.7999e+03
          1                           global_hit_rate            Global Hit Rate in unified l1/tex       8.27%       8.27%       8.27%
          1                            local_hit_rate                               Local Hit Rate      93.49%      93.49%      93.49%
          1                        tex_cache_hit_rate                       Unified Cache Hit Rate      27.76%      27.76%      27.76%
          1                      l2_tex_read_hit_rate                  L2 Hit Rate (Texture Reads)     137.97%     137.97%     137.97%
          1                     l2_tex_write_hit_rate                 L2 Hit Rate (Texture Writes)      99.24%      99.24%      99.24%
          1                            gld_efficiency                Global Memory Load Efficiency      11.70%      11.70%      11.70%
          1                            gst_efficiency               Global Memory Store Efficiency       3.79%       3.79%       3.79%
          1                          stall_inst_fetch     Issue Stall Reasons (Instructions Fetch)      23.63%      23.63%      23.63%
          1                     stall_exec_dependency   Issue Stall Reasons (Execution Dependency)      51.58%      51.58%      51.58%
          1                   stall_memory_dependency           Issue Stall Reasons (Data Request)      18.82%      18.82%      18.82%
          1                                       ipc                                 Executed IPC    0.202123    0.202123    0.202123
          1                             sm_efficiency                      Multiprocessor Activity      78.31%      78.31%      78.31%
