==170109== NVPROF is profiling process 170109, command: ./0123HomeWork 80 128
==170109== Some kernel(s) will be replayed on device 0 in order to collect all events/metrics.
==170109== Profiling application: ./0123HomeWork 80 128
==170109== Profiling result:
==170109== Metric result:
Invocations                               Metric Name                           Metric Description         Min         Max         Avg
Device "Tesla V100-PCIE-16GB (0)"
    Kernel: find_hash(int, int)
          1                             inst_per_warp                        Instructions per warp  7.3202e+03  7.3202e+03  7.3202e+03
          1                           global_hit_rate            Global Hit Rate in unified l1/tex       2.74%       2.74%       2.74%
          1                            local_hit_rate                               Local Hit Rate      96.85%      96.85%      96.85%
          1                        tex_cache_hit_rate                       Unified Cache Hit Rate      38.04%      38.04%      38.04%
          1                      l2_tex_read_hit_rate                  L2 Hit Rate (Texture Reads)     100.60%     100.60%     100.60%
          1                     l2_tex_write_hit_rate                 L2 Hit Rate (Texture Writes)     103.22%     103.22%     103.22%
          1                            gld_efficiency                Global Memory Load Efficiency      10.92%      10.92%      10.92%
          1                            gst_efficiency               Global Memory Store Efficiency       3.79%       3.79%       3.79%
          1                          stall_inst_fetch     Issue Stall Reasons (Instructions Fetch)       9.39%       9.39%       9.39%
          1                     stall_exec_dependency   Issue Stall Reasons (Execution Dependency)      24.69%      24.69%      24.69%
          1                   stall_memory_dependency           Issue Stall Reasons (Data Request)      14.38%      14.38%      14.38%
          1                                       ipc                                 Executed IPC    0.438219    0.438219    0.438219
          1                             sm_efficiency                      Multiprocessor Activity      79.22%      79.22%      79.22%
