==170208== NVPROF is profiling process 170208, command: ./0123HomeWork 80 128
==170208== Some kernel(s) will be replayed on device 0 in order to collect all events/metrics.
==170208== Profiling application: ./0123HomeWork 80 128
==170208== Profiling result:
==170208== Metric result:
Invocations                               Metric Name                           Metric Description         Min         Max         Avg
Device "Tesla V100-PCIE-16GB (0)"
    Kernel: find_hash(int, int)
          1                             inst_per_warp                        Instructions per warp  5.5232e+03  5.5232e+03  5.5232e+03
          1                           global_hit_rate            Global Hit Rate in unified l1/tex       3.31%       3.31%       3.31%
          1                            local_hit_rate                               Local Hit Rate      97.57%      97.57%      97.57%
          1                      l2_tex_read_hit_rate                  L2 Hit Rate (Texture Reads)      63.66%      63.66%      63.66%
          1                     l2_tex_write_hit_rate                 L2 Hit Rate (Texture Writes)     109.29%     109.29%     109.29%
          1                            gld_efficiency                Global Memory Load Efficiency      12.46%      12.46%      12.46%
          1                            gst_efficiency               Global Memory Store Efficiency       3.79%       3.79%       3.79%
          1                          stall_inst_fetch     Issue Stall Reasons (Instructions Fetch)      13.32%      13.32%      13.32%
          1                     stall_exec_dependency   Issue Stall Reasons (Execution Dependency)      23.48%      23.48%      23.48%
          1                   stall_memory_dependency           Issue Stall Reasons (Data Request)      13.66%      13.66%      13.66%
          1                                       ipc                                 Executed IPC    0.412546    0.412546    0.412546
          1                             sm_efficiency                      Multiprocessor Activity      84.27%      84.27%      84.27%
==170208== Warning: One or more events or metrics can't be profiled. Rerun with "--print-gpu-trace" for detail.
