==169739== NVPROF is profiling process 169739, command: ./0123HomeWork 80 128
==169739== Some kernel(s) will be replayed on device 0 in order to collect all events/metrics.
==169739== Profiling application: ./0123HomeWork 80 128
==169739== Profiling result:
==169739== Metric result:
Invocations                               Metric Name                           Metric Description         Min         Max         Avg
Device "Tesla V100-PCIE-16GB (0)"
    Kernel: find_hash(int, int)
          1                             inst_per_warp                        Instructions per warp  3.0902e+03  3.0902e+03  3.0902e+03
          1                           global_hit_rate            Global Hit Rate in unified l1/tex       4.61%       4.61%       4.61%
          1                            local_hit_rate                               Local Hit Rate      95.59%      95.59%      95.59%
          1                        tex_cache_hit_rate                       Unified Cache Hit Rate      19.88%      19.88%      19.88%
          1                      l2_tex_read_hit_rate                  L2 Hit Rate (Texture Reads)      94.86%      94.86%      94.86%
          1                     l2_tex_write_hit_rate                 L2 Hit Rate (Texture Writes)      65.57%      65.57%      65.57%
          1                            gld_efficiency                Global Memory Load Efficiency      12.50%      12.50%      12.50%
          1                            gst_efficiency               Global Memory Store Efficiency       3.79%       3.79%       3.79%
          1                          stall_inst_fetch     Issue Stall Reasons (Instructions Fetch)      13.03%      13.03%      13.03%
          1                     stall_exec_dependency   Issue Stall Reasons (Execution Dependency)      21.14%      21.14%      21.14%
          1                   stall_memory_dependency           Issue Stall Reasons (Data Request)      19.59%      19.59%      19.59%
          1                                       ipc                                 Executed IPC    0.380246    0.380246    0.380246
          1                             sm_efficiency                      Multiprocessor Activity      84.05%      84.05%      84.05%
