==176826== NVPROF is profiling process 176826, command: ./0123HomeWork 80 1
==176826== Some kernel(s) will be replayed on device 0 in order to collect all events/metrics.
==176826== Profiling application: ./0123HomeWork 80 1
==176826== Profiling result:
==176826== Metric result:
Invocations                               Metric Name                           Metric Description         Min         Max         Avg
Device "Tesla V100-PCIE-16GB (0)"
    Kernel: find_hash(int, int)
          1                             inst_per_warp                        Instructions per warp  1.9519e+06  1.9519e+06  1.9519e+06
          1                           global_hit_rate            Global Hit Rate in unified l1/tex       0.06%       0.06%       0.06%
          1                            local_hit_rate                               Local Hit Rate      98.84%      98.84%      98.84%
          1                        tex_cache_hit_rate                       Unified Cache Hit Rate      28.66%      28.66%      28.66%
          1                      l2_tex_read_hit_rate                  L2 Hit Rate (Texture Reads)     100.18%     100.18%     100.18%
          1                     l2_tex_write_hit_rate                 L2 Hit Rate (Texture Writes)      99.99%      99.99%      99.99%
          1                            gld_efficiency                Global Memory Load Efficiency      12.60%      12.60%      12.60%
          1                            gst_efficiency               Global Memory Store Efficiency       3.79%       3.79%       3.79%
          1                          stall_inst_fetch     Issue Stall Reasons (Instructions Fetch)      15.78%      15.78%      15.78%
          1                     stall_exec_dependency   Issue Stall Reasons (Execution Dependency)      65.92%      65.92%      65.92%
          1                   stall_memory_dependency           Issue Stall Reasons (Data Request)      18.05%      18.05%      18.05%
          1                                       ipc                                 Executed IPC    0.247907    0.247907    0.247907
          1                             sm_efficiency                      Multiprocessor Activity      99.86%      99.86%      99.86%
