==175711== NVPROF is profiling process 175711, command: ./0123HomeWork 80 2
==175711== Some kernel(s) will be replayed on device 0 in order to collect all events/metrics.
==175711== Profiling application: ./0123HomeWork 80 2
==175711== Profiling result:
==175711== Metric result:
Invocations                               Metric Name                           Metric Description         Min         Max         Avg
Device "Tesla V100-PCIE-16GB (0)"
    Kernel: find_hash(int, int)
          1                             inst_per_warp                        Instructions per warp  5.0110e+05  5.0110e+05  5.0110e+05
          1                           global_hit_rate            Global Hit Rate in unified l1/tex       0.23%       0.23%       0.23%
          1                            local_hit_rate                               Local Hit Rate      98.72%      98.72%      98.72%
          1                        tex_cache_hit_rate                       Unified Cache Hit Rate      29.23%      29.23%      29.23%
          1                      l2_tex_read_hit_rate                  L2 Hit Rate (Texture Reads)      98.51%      98.51%      98.51%
          1                     l2_tex_write_hit_rate                 L2 Hit Rate (Texture Writes)     100.10%     100.10%     100.10%
          1                            gld_efficiency                Global Memory Load Efficiency      12.47%      12.47%      12.47%
          1                            gst_efficiency               Global Memory Store Efficiency       3.79%       3.79%       3.79%
          1                          stall_inst_fetch     Issue Stall Reasons (Instructions Fetch)      15.94%      15.94%      15.94%
          1                     stall_exec_dependency   Issue Stall Reasons (Execution Dependency)      65.49%      65.49%      65.49%
          1                   stall_memory_dependency           Issue Stall Reasons (Data Request)      18.29%      18.29%      18.29%
          1                                       ipc                                 Executed IPC    0.247209    0.247209    0.247209
          1                             sm_efficiency                      Multiprocessor Activity      99.51%      99.51%      99.51%
