==168976== NVPROF is profiling process 168976, command: ./0123HomeWork 80 256
==168976== Some kernel(s) will be replayed on device 0 in order to collect all events/metrics.
==168976== Profiling application: ./0123HomeWork 80 256
==168976== Profiling result:
==168976== Metric result:
Invocations                               Metric Name                           Metric Description         Min         Max         Avg
Device "Tesla V100-PCIE-16GB (0)"
    Kernel: find_hash(int, int)
          1                             inst_per_warp                        Instructions per warp  3.4587e+03  3.4587e+03  3.4587e+03
          1                           global_hit_rate            Global Hit Rate in unified l1/tex       2.23%       2.23%       2.23%
          1                            local_hit_rate                               Local Hit Rate      92.72%      92.72%      92.72%
          1                        tex_cache_hit_rate                       Unified Cache Hit Rate      26.93%      26.93%      26.93%
          1                      l2_tex_read_hit_rate                  L2 Hit Rate (Texture Reads)      95.07%      95.07%      95.07%
          1                     l2_tex_write_hit_rate                 L2 Hit Rate (Texture Writes)      80.85%      80.85%      80.85%
          1                            gld_efficiency                Global Memory Load Efficiency      14.93%      14.93%      14.93%
          1                            gst_efficiency               Global Memory Store Efficiency       3.79%       3.79%       3.79%
          1                          stall_inst_fetch     Issue Stall Reasons (Instructions Fetch)      15.30%      15.30%      15.30%
          1                     stall_exec_dependency   Issue Stall Reasons (Execution Dependency)      13.37%      13.37%      13.37%
          1                   stall_memory_dependency           Issue Stall Reasons (Data Request)      11.60%      11.60%      11.60%
          1                                       ipc                                 Executed IPC    0.415409    0.415409    0.415409
          1                             sm_efficiency                      Multiprocessor Activity      72.59%      72.59%      72.59%
