==175622== NVPROF is profiling process 175622, command: ./0123HomeWork 80 2
==175622== Some kernel(s) will be replayed on device 0 in order to collect all events/metrics.
==175622== Profiling application: ./0123HomeWork 80 2
==175622== Profiling result:
==175622== Metric result:
Invocations                               Metric Name                           Metric Description         Min         Max         Avg
Device "Tesla V100-PCIE-16GB (0)"
    Kernel: find_hash(int, int)
          1                             inst_per_warp                        Instructions per warp  5.4256e+04  5.4256e+04  5.4256e+04
          1                           global_hit_rate            Global Hit Rate in unified l1/tex       1.96%       1.96%       1.96%
          1                            local_hit_rate                               Local Hit Rate      97.73%      97.73%      97.73%
          1                        tex_cache_hit_rate                       Unified Cache Hit Rate      29.32%      29.32%      29.32%
          1                      l2_tex_read_hit_rate                  L2 Hit Rate (Texture Reads)      91.11%      91.11%      91.11%
          1                     l2_tex_write_hit_rate                 L2 Hit Rate (Texture Writes)      99.13%      99.13%      99.13%
          1                            gld_efficiency                Global Memory Load Efficiency      12.31%      12.31%      12.31%
          1                            gst_efficiency               Global Memory Store Efficiency       3.79%       3.79%       3.79%
          1                          stall_inst_fetch     Issue Stall Reasons (Instructions Fetch)      16.32%      16.32%      16.32%
          1                     stall_exec_dependency   Issue Stall Reasons (Execution Dependency)      62.65%      62.65%      62.65%
          1                   stall_memory_dependency           Issue Stall Reasons (Data Request)      20.52%      20.52%      20.52%
          1                                       ipc                                 Executed IPC    0.238681    0.238681    0.238681
          1                             sm_efficiency                      Multiprocessor Activity      95.42%      95.42%      95.42%
