==175989== NVPROF is profiling process 175989, command: ./0123HomeWork 80 2
==175989== Some kernel(s) will be replayed on device 0 in order to collect all events/metrics.
==175989== Profiling application: ./0123HomeWork 80 2
==175989== Profiling result:
==175989== Metric result:
Invocations                               Metric Name                           Metric Description         Min         Max         Avg
Device "Tesla V100-PCIE-16GB (0)"
    Kernel: find_hash(int, int)
          1                             inst_per_warp                        Instructions per warp  2.1533e+06  2.1533e+06  2.1533e+06
          1                           global_hit_rate            Global Hit Rate in unified l1/tex       0.05%       0.05%       0.05%
          1                            local_hit_rate                               Local Hit Rate      98.81%      98.81%      98.81%
          1                        tex_cache_hit_rate                       Unified Cache Hit Rate      28.70%      28.70%      28.70%
          1                      l2_tex_read_hit_rate                  L2 Hit Rate (Texture Reads)      99.02%      99.02%      99.02%
          1                     l2_tex_write_hit_rate                 L2 Hit Rate (Texture Writes)     100.08%     100.08%     100.08%
          1                            gld_efficiency                Global Memory Load Efficiency      12.68%      12.68%      12.68%
          1                            gst_efficiency               Global Memory Store Efficiency       3.79%       3.79%       3.79%
          1                          stall_inst_fetch     Issue Stall Reasons (Instructions Fetch)      15.90%      15.90%      15.90%
          1                     stall_exec_dependency   Issue Stall Reasons (Execution Dependency)      65.66%      65.66%      65.66%
          1                   stall_memory_dependency           Issue Stall Reasons (Data Request)      18.19%      18.19%      18.19%
          1                                       ipc                                 Executed IPC    0.247880    0.247880    0.247880
          1                             sm_efficiency                      Multiprocessor Activity      99.88%      99.88%      99.88%
