==172251== NVPROF is profiling process 172251, command: ./0123HomeWork 80 32
==172251== Some kernel(s) will be replayed on device 0 in order to collect all events/metrics.
==172251== Profiling application: ./0123HomeWork 80 32
==172251== Profiling result:
==172251== Metric result:
Invocations                               Metric Name                           Metric Description         Min         Max         Avg
Device "Tesla V100-PCIE-16GB (0)"
    Kernel: find_hash(int, int)
          1                             inst_per_warp                        Instructions per warp  1.6197e+05  1.6197e+05  1.6197e+05
          1                           global_hit_rate            Global Hit Rate in unified l1/tex       0.69%       0.69%       0.69%
          1                            local_hit_rate                               Local Hit Rate      98.47%      98.47%      98.47%
          1                        tex_cache_hit_rate                       Unified Cache Hit Rate      28.73%      28.73%      28.73%
          1                      l2_tex_read_hit_rate                  L2 Hit Rate (Texture Reads)     100.31%     100.31%     100.31%
          1                     l2_tex_write_hit_rate                 L2 Hit Rate (Texture Writes)      99.71%      99.71%      99.71%
          1                            gld_efficiency                Global Memory Load Efficiency      12.38%      12.38%      12.38%
          1                            gst_efficiency               Global Memory Store Efficiency       3.79%       3.79%       3.79%
          1                          stall_inst_fetch     Issue Stall Reasons (Instructions Fetch)      13.81%      13.81%      13.81%
          1                     stall_exec_dependency   Issue Stall Reasons (Execution Dependency)      55.51%      55.51%      55.51%
          1                   stall_memory_dependency           Issue Stall Reasons (Data Request)      16.31%      16.31%      16.31%
          1                                       ipc                                 Executed IPC    0.217064    0.217064    0.217064
          1                             sm_efficiency                      Multiprocessor Activity      98.61%      98.61%      98.61%
