==174769== NVPROF is profiling process 174769, command: ./0123HomeWork 80 4
==174769== Some kernel(s) will be replayed on device 0 in order to collect all events/metrics.
==174769== Profiling application: ./0123HomeWork 80 4
==174769== Profiling result:
==174769== Metric result:
Invocations                               Metric Name                           Metric Description         Min         Max         Avg
Device "Tesla V100-PCIE-16GB (0)"
    Kernel: find_hash(int, int)
          1                             inst_per_warp                        Instructions per warp  5.8773e+05  5.8773e+05  5.8773e+05
          1                           global_hit_rate            Global Hit Rate in unified l1/tex       0.19%       0.19%       0.19%
          1                            local_hit_rate                               Local Hit Rate      98.74%      98.74%      98.74%
          1                        tex_cache_hit_rate                       Unified Cache Hit Rate      28.80%      28.80%      28.80%
          1                      l2_tex_read_hit_rate                  L2 Hit Rate (Texture Reads)      98.76%      98.76%      98.76%
          1                     l2_tex_write_hit_rate                 L2 Hit Rate (Texture Writes)     100.04%     100.04%     100.04%
          1                            gld_efficiency                Global Memory Load Efficiency      12.83%      12.83%      12.83%
          1                            gst_efficiency               Global Memory Store Efficiency       3.79%       3.79%       3.79%
          1                          stall_inst_fetch     Issue Stall Reasons (Instructions Fetch)      15.94%      15.94%      15.94%
          1                     stall_exec_dependency   Issue Stall Reasons (Execution Dependency)      65.44%      65.44%      65.44%
          1                   stall_memory_dependency           Issue Stall Reasons (Data Request)      18.35%      18.35%      18.35%
          1                                       ipc                                 Executed IPC    0.247052    0.247052    0.247052
          1                             sm_efficiency                      Multiprocessor Activity      99.51%      99.51%      99.51%
