==174487== NVPROF is profiling process 174487, command: ./0123HomeWork 80 4
==174487== Some kernel(s) will be replayed on device 0 in order to collect all events/metrics.
==174487== Profiling application: ./0123HomeWork 80 4
==174487== Profiling result:
==174487== Metric result:
Invocations                               Metric Name                           Metric Description         Min         Max         Avg
Device "Tesla V100-PCIE-16GB (0)"
    Kernel: find_hash(int, int)
          1                             inst_per_warp                        Instructions per warp  4.8828e+05  4.8828e+05  4.8828e+05
          1                           global_hit_rate            Global Hit Rate in unified l1/tex       0.23%       0.23%       0.23%
          1                            local_hit_rate                               Local Hit Rate      98.72%      98.72%      98.72%
          1                        tex_cache_hit_rate                       Unified Cache Hit Rate      28.49%      28.49%      28.49%
          1                      l2_tex_read_hit_rate                  L2 Hit Rate (Texture Reads)      98.91%      98.91%      98.91%
          1                     l2_tex_write_hit_rate                 L2 Hit Rate (Texture Writes)      99.71%      99.71%      99.71%
          1                            gld_efficiency                Global Memory Load Efficiency      12.44%      12.44%      12.44%
          1                            gst_efficiency               Global Memory Store Efficiency       3.79%       3.79%       3.79%
          1                          stall_inst_fetch     Issue Stall Reasons (Instructions Fetch)      15.83%      15.83%      15.83%
          1                     stall_exec_dependency   Issue Stall Reasons (Execution Dependency)      65.52%      65.52%      65.52%
          1                   stall_memory_dependency           Issue Stall Reasons (Data Request)      18.36%      18.36%      18.36%
          1                                       ipc                                 Executed IPC    0.246998    0.246998    0.246998
          1                             sm_efficiency                      Multiprocessor Activity      99.45%      99.45%      99.45%
