==170842== NVPROF is profiling process 170842, command: ./0123HomeWork 80 64
==170842== Some kernel(s) will be replayed on device 0 in order to collect all events/metrics.
==170842== Profiling application: ./0123HomeWork 80 64
==170842== Profiling result:
==170842== Metric result:
Invocations                               Metric Name                           Metric Description         Min         Max         Avg
Device "Tesla V100-PCIE-16GB (0)"
    Kernel: find_hash(int, int)
          1                             inst_per_warp                        Instructions per warp  1.0832e+04  1.0832e+04  1.0832e+04
          1                           global_hit_rate            Global Hit Rate in unified l1/tex       4.01%       4.01%       4.01%
          1                            local_hit_rate                               Local Hit Rate      93.91%      93.91%      93.91%
          1                        tex_cache_hit_rate                       Unified Cache Hit Rate      21.80%      21.80%      21.80%
          1                      l2_tex_read_hit_rate                  L2 Hit Rate (Texture Reads)      73.99%      73.99%      73.99%
          1                     l2_tex_write_hit_rate                 L2 Hit Rate (Texture Writes)      98.89%      98.89%      98.89%
          1                            gld_efficiency                Global Memory Load Efficiency      11.28%      11.28%      11.28%
          1                            gst_efficiency               Global Memory Store Efficiency       3.79%       3.79%       3.79%
          1                          stall_inst_fetch     Issue Stall Reasons (Instructions Fetch)      12.64%      12.64%      12.64%
          1                     stall_exec_dependency   Issue Stall Reasons (Execution Dependency)      37.33%      37.33%      37.33%
          1                   stall_memory_dependency           Issue Stall Reasons (Data Request)      15.83%      15.83%      15.83%
          1                                       ipc                                 Executed IPC    0.311561    0.311561    0.311561
          1                             sm_efficiency                      Multiprocessor Activity      85.13%      85.13%      85.13%
