==170753== NVPROF is profiling process 170753, command: ./0123HomeWork 80 64
==170753== Some kernel(s) will be replayed on device 0 in order to collect all events/metrics.
==170753== Profiling application: ./0123HomeWork 80 64
==170753== Profiling result:
==170753== Metric result:
Invocations                               Metric Name                           Metric Description         Min         Max         Avg
Device "Tesla V100-PCIE-16GB (0)"
    Kernel: find_hash(int, int)
          1                             inst_per_warp                        Instructions per warp  6.6347e+04  6.6347e+04  6.6347e+04
          1                           global_hit_rate            Global Hit Rate in unified l1/tex       0.82%       0.82%       0.82%
          1                            local_hit_rate                               Local Hit Rate      98.76%      98.76%      98.76%
          1                        tex_cache_hit_rate                       Unified Cache Hit Rate      28.48%      28.48%      28.48%
          1                      l2_tex_read_hit_rate                  L2 Hit Rate (Texture Reads)     107.26%     107.26%     107.26%
          1                     l2_tex_write_hit_rate                 L2 Hit Rate (Texture Writes)      99.84%      99.84%      99.84%
          1                            gld_efficiency                Global Memory Load Efficiency      12.54%      12.54%      12.54%
          1                            gst_efficiency               Global Memory Store Efficiency       3.79%       3.79%       3.79%
          1                          stall_inst_fetch     Issue Stall Reasons (Instructions Fetch)      10.52%      10.52%      10.52%
          1                     stall_exec_dependency   Issue Stall Reasons (Execution Dependency)      41.52%      41.52%      41.52%
          1                   stall_memory_dependency           Issue Stall Reasons (Data Request)      13.99%      13.99%      13.99%
          1                                       ipc                                 Executed IPC    0.345281    0.345281    0.345281
          1                             sm_efficiency                      Multiprocessor Activity      96.84%      96.84%      96.84%
