==170572== NVPROF is profiling process 170572, command: ./0123HomeWork 80 64
==170572== Some kernel(s) will be replayed on device 0 in order to collect all events/metrics.
==170572== Profiling application: ./0123HomeWork 80 64
==170572== Profiling result:
==170572== Metric result:
Invocations                               Metric Name                           Metric Description         Min         Max         Avg
Device "Tesla V100-PCIE-16GB (0)"
    Kernel: find_hash(int, int)
          1                             inst_per_warp                        Instructions per warp  3.3686e+04  3.3686e+04  3.3686e+04
          1                           global_hit_rate            Global Hit Rate in unified l1/tex       1.54%       1.54%       1.54%
          1                            local_hit_rate                               Local Hit Rate      97.08%      97.08%      97.08%
          1                        tex_cache_hit_rate                       Unified Cache Hit Rate      28.38%      28.38%      28.38%
          1                      l2_tex_read_hit_rate                  L2 Hit Rate (Texture Reads)     114.01%     114.01%     114.01%
          1                     l2_tex_write_hit_rate                 L2 Hit Rate (Texture Writes)      98.45%      98.45%      98.45%
          1                            gld_efficiency                Global Memory Load Efficiency      12.93%      12.93%      12.93%
          1                            gst_efficiency               Global Memory Store Efficiency       3.79%       3.79%       3.79%
          1                          stall_inst_fetch     Issue Stall Reasons (Instructions Fetch)      10.89%      10.89%      10.89%
          1                     stall_exec_dependency   Issue Stall Reasons (Execution Dependency)      41.03%      41.03%      41.03%
          1                   stall_memory_dependency           Issue Stall Reasons (Data Request)      14.89%      14.89%      14.89%
          1                                       ipc                                 Executed IPC    0.335007    0.335007    0.335007
          1                             sm_efficiency                      Multiprocessor Activity      93.25%      93.25%      93.25%
