==171130== NVPROF is profiling process 171130, command: ./0123HomeWork 80 64
==171130== Some kernel(s) will be replayed on device 0 in order to collect all events/metrics.
==171130== Profiling application: ./0123HomeWork 80 64
==171130== Profiling result:
==171130== Metric result:
Invocations                               Metric Name                           Metric Description         Min         Max         Avg
Device "Tesla V100-PCIE-16GB (0)"
    Kernel: find_hash(int, int)
          1                             inst_per_warp                        Instructions per warp  7.0401e+04  7.0401e+04  7.0401e+04
          1                           global_hit_rate            Global Hit Rate in unified l1/tex       0.77%       0.77%       0.77%
          1                            local_hit_rate                               Local Hit Rate      98.00%      98.00%      98.00%
          1                        tex_cache_hit_rate                       Unified Cache Hit Rate      28.36%      28.36%      28.36%
          1                      l2_tex_read_hit_rate                  L2 Hit Rate (Texture Reads)      99.88%      99.88%      99.88%
          1                     l2_tex_write_hit_rate                 L2 Hit Rate (Texture Writes)      97.98%      97.98%      97.98%
          1                            gld_efficiency                Global Memory Load Efficiency      12.42%      12.42%      12.42%
          1                            gst_efficiency               Global Memory Store Efficiency       3.79%       3.79%       3.79%
          1                          stall_inst_fetch     Issue Stall Reasons (Instructions Fetch)      10.26%      10.26%      10.26%
          1                     stall_exec_dependency   Issue Stall Reasons (Execution Dependency)      41.49%      41.49%      41.49%
          1                   stall_memory_dependency           Issue Stall Reasons (Data Request)      14.13%      14.13%      14.13%
          1                                       ipc                                 Executed IPC    0.347635    0.347635    0.347635
          1                             sm_efficiency                      Multiprocessor Activity      96.68%      96.68%      96.68%
