==173912== NVPROF is profiling process 173912, command: ./0123HomeWork 80 8
==173912== Some kernel(s) will be replayed on device 0 in order to collect all events/metrics.
==173912== Profiling application: ./0123HomeWork 80 8
==173912== Profiling result:
==173912== Metric result:
Invocations                               Metric Name                           Metric Description         Min         Max         Avg
Device "Tesla V100-PCIE-16GB (0)"
    Kernel: find_hash(int, int)
          1                             inst_per_warp                        Instructions per warp  6.5241e+04  6.5241e+04  6.5241e+04
          1                           global_hit_rate            Global Hit Rate in unified l1/tex       1.65%       1.65%       1.65%
          1                            local_hit_rate                               Local Hit Rate      97.92%      97.92%      97.92%
          1                        tex_cache_hit_rate                       Unified Cache Hit Rate      28.58%      28.58%      28.58%
          1                      l2_tex_read_hit_rate                  L2 Hit Rate (Texture Reads)     100.01%     100.01%     100.01%
          1                     l2_tex_write_hit_rate                 L2 Hit Rate (Texture Writes)      99.15%      99.15%      99.15%
          1                            gld_efficiency                Global Memory Load Efficiency      12.91%      12.91%      12.91%
          1                            gst_efficiency               Global Memory Store Efficiency       3.79%       3.79%       3.79%
          1                          stall_inst_fetch     Issue Stall Reasons (Instructions Fetch)      17.26%      17.26%      17.26%
          1                     stall_exec_dependency   Issue Stall Reasons (Execution Dependency)      63.54%      63.54%      63.54%
          1                   stall_memory_dependency           Issue Stall Reasons (Data Request)      18.63%      18.63%      18.63%
          1                                       ipc                                 Executed IPC    0.241110    0.241110    0.241110
          1                             sm_efficiency                      Multiprocessor Activity      96.05%      96.05%      96.05%
