==173822== NVPROF is profiling process 173822, command: ./0123HomeWork 80 8
==173822== Some kernel(s) will be replayed on device 0 in order to collect all events/metrics.
==173822== Profiling application: ./0123HomeWork 80 8
==173822== Profiling result:
==173822== Metric result:
Invocations                               Metric Name                           Metric Description         Min         Max         Avg
Device "Tesla V100-PCIE-16GB (0)"
    Kernel: find_hash(int, int)
          1                             inst_per_warp                        Instructions per warp  4.8437e+05  4.8437e+05  4.8437e+05
          1                           global_hit_rate            Global Hit Rate in unified l1/tex       0.23%       0.23%       0.23%
          1                            local_hit_rate                               Local Hit Rate      98.72%      98.72%      98.72%
          1                        tex_cache_hit_rate                       Unified Cache Hit Rate      28.82%      28.82%      28.82%
          1                      l2_tex_read_hit_rate                  L2 Hit Rate (Texture Reads)      99.93%      99.93%      99.93%
          1                     l2_tex_write_hit_rate                 L2 Hit Rate (Texture Writes)      99.96%      99.96%      99.96%
          1                            gld_efficiency                Global Memory Load Efficiency      12.45%      12.45%      12.45%
          1                            gst_efficiency               Global Memory Store Efficiency       3.79%       3.79%       3.79%
          1                          stall_inst_fetch     Issue Stall Reasons (Instructions Fetch)      15.99%      15.99%      15.99%
          1                     stall_exec_dependency   Issue Stall Reasons (Execution Dependency)      65.56%      65.56%      65.56%
          1                   stall_memory_dependency           Issue Stall Reasons (Data Request)      18.17%      18.17%      18.17%
          1                                       ipc                                 Executed IPC    0.247223    0.247223    0.247223
          1                             sm_efficiency                      Multiprocessor Activity      99.43%      99.43%      99.43%
