==235615== NVPROF is profiling process 235615, command: ./0123HomeWork 1 1
==235615== Profiling application: ./0123HomeWork 1 1
==235615== Profiling result:
            Type  Time(%)      Time     Calls       Avg       Min       Max  Name
 GPU activities:   99.99%  34.024ms         1  34.024ms  34.024ms  34.024ms  find_hash(int, int)
                    0.01%  3.3600us         3  1.1200us  1.1200us  1.1200us  [CUDA memcpy HtoD]
      API calls:   92.32%  423.05ms         3  141.02ms  14.160us  423.00ms  cudaMemcpyToSymbol
                    7.42%  34.022ms         1  34.022ms  34.022ms  34.022ms  cudaDeviceSynchronize
                    0.13%  617.05us        86  7.1750us     314ns  269.11us  cuDeviceGetAttribute
                    0.07%  334.88us         1  334.88us  334.88us  334.88us  cuDeviceTotalMem
                    0.03%  129.10us         1  129.10us  129.10us  129.10us  cudaLaunch
                    0.01%  58.690us         1  58.690us  58.690us  58.690us  cuDeviceGetName
                    0.00%  6.1230us         2  3.0610us     521ns  5.6020us  cudaSetupArgument
                    0.00%  4.2760us         3  1.4250us     301ns  2.9860us  cuDeviceGetCount
                    0.00%  2.6860us         1  2.6860us  2.6860us  2.6860us  cudaConfigureCall
                    0.00%  1.2400us         2     620ns     303ns     937ns  cuDeviceGet

==235615== Unified Memory profiling result:
Device "Tesla V100-PCIE-16GB (0)"
   Count  Avg Size  Min Size  Max Size  Total Size  Total Time  Name
       2  32.000KB  4.0000KB  60.000KB  64.00000KB  7.168000us  Device To Host
       1         -         -         -           -  248.0000us  Gpu page fault groups
Total CPU Page faults: 1
