==231865== NVPROF is profiling process 231865, command: ./0123HomeWork 1 16
==231865== Profiling application: ./0123HomeWork 1 16
==231865== Profiling result:
            Type  Time(%)      Time     Calls       Avg       Min       Max  Name
 GPU activities:   99.99%  26.588ms         1  26.588ms  26.588ms  26.588ms  find_hash(int, int)
                    0.01%  3.3920us         3  1.1300us  1.1200us  1.1520us  [CUDA memcpy HtoD]
      API calls:   93.83%  423.73ms         3  141.24ms  14.307us  423.70ms  cudaMemcpyToSymbol
                    5.89%  26.588ms         1  26.588ms  26.588ms  26.588ms  cudaDeviceSynchronize
                    0.16%  702.47us        86  8.1680us     331ns  304.81us  cuDeviceGetAttribute
                    0.08%  376.40us         1  376.40us  376.40us  376.40us  cuDeviceTotalMem
                    0.02%  111.27us         1  111.27us  111.27us  111.27us  cudaLaunch
                    0.01%  66.166us         1  66.166us  66.166us  66.166us  cuDeviceGetName
                    0.00%  4.7800us         2  2.3900us     470ns  4.3100us  cudaSetupArgument
                    0.00%  4.5500us         3  1.5160us     344ns  3.4850us  cuDeviceGetCount
                    0.00%  2.5090us         1  2.5090us  2.5090us  2.5090us  cudaConfigureCall
                    0.00%  1.6240us         2     812ns     485ns  1.1390us  cuDeviceGet

==231865== Unified Memory profiling result:
Device "Tesla V100-PCIE-16GB (0)"
   Count  Avg Size  Min Size  Max Size  Total Size  Total Time  Name
       2  32.000KB  4.0000KB  60.000KB  64.00000KB  7.200000us  Device To Host
       1         -         -         -           -  228.2880us  Gpu page fault groups
Total CPU Page faults: 1
