==234610== NVPROF is profiling process 234610, command: ./0123HomeWork 1 2
==234610== Profiling application: ./0123HomeWork 1 2
==234610== Profiling result:
            Type  Time(%)      Time     Calls       Avg       Min       Max  Name
 GPU activities:   99.82%  1.9395ms         1  1.9395ms  1.9395ms  1.9395ms  find_hash(int, int)
                    0.18%  3.4240us         3  1.1410us  1.1200us  1.1520us  [CUDA memcpy HtoD]
      API calls:   99.34%  426.91ms         3  142.30ms  18.670us  426.87ms  cudaMemcpyToSymbol
                    0.45%  1.9416ms         1  1.9416ms  1.9416ms  1.9416ms  cudaDeviceSynchronize
                    0.10%  449.10us        86  5.2220us     201ns  196.16us  cuDeviceGetAttribute
                    0.05%  229.34us         1  229.34us  229.34us  229.34us  cuDeviceTotalMem
                    0.04%  160.91us         1  160.91us  160.91us  160.91us  cudaLaunch
                    0.01%  45.001us         1  45.001us  45.001us  45.001us  cuDeviceGetName
                    0.00%  6.9370us         2  3.4680us     778ns  6.1590us  cudaSetupArgument
                    0.00%  3.1370us         1  3.1370us  3.1370us  3.1370us  cudaConfigureCall
                    0.00%  2.8180us         3     939ns     227ns  2.0940us  cuDeviceGetCount
                    0.00%     898ns         2     449ns     230ns     668ns  cuDeviceGet

==234610== Unified Memory profiling result:
Device "Tesla V100-PCIE-16GB (0)"
   Count  Avg Size  Min Size  Max Size  Total Size  Total Time  Name
       2  32.000KB  4.0000KB  60.000KB  64.00000KB  7.392000us  Device To Host
       1         -         -         -           -  200.6080us  Gpu page fault groups
Total CPU Page faults: 1
