==234815== NVPROF is profiling process 234815, command: ./0123HomeWork 1 2
==234815== Profiling application: ./0123HomeWork 1 2
==234815== Profiling result:
            Type  Time(%)      Time     Calls       Avg       Min       Max  Name
 GPU activities:  100.00%  249.83ms         1  249.83ms  249.83ms  249.83ms  find_hash(int, int)
                    0.00%  3.4240us         3  1.1410us  1.1200us  1.1520us  [CUDA memcpy HtoD]
      API calls:   63.22%  431.58ms         3  143.86ms  13.320us  431.55ms  cudaMemcpyToSymbol
                   36.60%  249.83ms         1  249.83ms  249.83ms  249.83ms  cudaDeviceSynchronize
                    0.09%  619.79us        86  7.2060us     332ns  269.85us  cuDeviceGetAttribute
                    0.05%  372.01us         1  372.01us  372.01us  372.01us  cuDeviceTotalMem
                    0.02%  129.52us         1  129.52us  129.52us  129.52us  cudaLaunch
                    0.01%  61.274us         1  61.274us  61.274us  61.274us  cuDeviceGetName
                    0.00%  5.3770us         2  2.6880us     471ns  4.9060us  cudaSetupArgument
                    0.00%  4.3960us         3  1.4650us     394ns  3.3680us  cuDeviceGetCount
                    0.00%  3.2510us         1  3.2510us  3.2510us  3.2510us  cudaConfigureCall
                    0.00%  1.4580us         2     729ns     500ns     958ns  cuDeviceGet

==234815== Unified Memory profiling result:
Device "Tesla V100-PCIE-16GB (0)"
   Count  Avg Size  Min Size  Max Size  Total Size  Total Time  Name
       2  32.000KB  4.0000KB  60.000KB  64.00000KB  7.008000us  Device To Host
       1         -         -         -           -  244.0000us  Gpu page fault groups
Total CPU Page faults: 1
