==234911== NVPROF is profiling process 234911, command: ./0123HomeWork 1 2
==234911== Profiling application: ./0123HomeWork 1 2
==234911== Profiling result:
            Type  Time(%)      Time     Calls       Avg       Min       Max  Name
 GPU activities:  100.00%  493.41ms         1  493.41ms  493.41ms  493.41ms  find_hash(int, int)
                    0.00%  3.5840us         3  1.1940us  1.1840us  1.2160us  [CUDA memcpy HtoD]
      API calls:   54.77%  493.41ms         1  493.41ms  493.41ms  493.41ms  cudaDeviceSynchronize
                   45.09%  406.20ms         3  135.40ms  14.378us  406.16ms  cudaMemcpyToSymbol
                    0.07%  621.00us        86  7.2200us     331ns  268.95us  cuDeviceGetAttribute
                    0.04%  373.73us         1  373.73us  373.73us  373.73us  cuDeviceTotalMem
                    0.02%  141.71us         1  141.71us  141.71us  141.71us  cudaLaunch
                    0.01%  61.557us         1  61.557us  61.557us  61.557us  cuDeviceGetName
                    0.00%  5.5740us         2  2.7870us     504ns  5.0700us  cudaSetupArgument
                    0.00%  5.0290us         3  1.6760us     461ns  3.8560us  cuDeviceGetCount
                    0.00%  2.8480us         1  2.8480us  2.8480us  2.8480us  cudaConfigureCall
                    0.00%  1.3380us         2     669ns     427ns     911ns  cuDeviceGet

==234911== Unified Memory profiling result:
Device "Tesla V100-PCIE-16GB (0)"
   Count  Avg Size  Min Size  Max Size  Total Size  Total Time  Name
       2  32.000KB  4.0000KB  60.000KB  64.00000KB  7.136000us  Device To Host
       1         -         -         -           -  233.3440us  Gpu page fault groups
Total CPU Page faults: 1
