==228675== NVPROF is profiling process 228675, command: ./0123HomeWork 1 256
==228675== Profiling application: ./0123HomeWork 1 256
==228675== Profiling result:
            Type  Time(%)      Time     Calls       Avg       Min       Max  Name
 GPU activities:   99.84%  2.4318ms         1  2.4318ms  2.4318ms  2.4318ms  find_hash(int, int)
                    0.16%  3.8400us         3  1.2800us  1.1840us  1.4720us  [CUDA memcpy HtoD]
      API calls:   99.15%  398.13ms         3  132.71ms  18.865us  398.09ms  cudaMemcpyToSymbol
                    0.61%  2.4314ms         1  2.4314ms  2.4314ms  2.4314ms  cudaDeviceSynchronize
                    0.12%  496.46us        86  5.7720us     210ns  217.51us  cuDeviceGetAttribute
                    0.06%  242.83us         1  242.83us  242.83us  242.83us  cuDeviceTotalMem
                    0.04%  169.30us         1  169.30us  169.30us  169.30us  cudaLaunch
                    0.01%  47.979us         1  47.979us  47.979us  47.979us  cuDeviceGetName
                    0.00%  7.4310us         2  3.7150us     742ns  6.6890us  cudaSetupArgument
                    0.00%  3.6790us         1  3.6790us  3.6790us  3.6790us  cudaConfigureCall
                    0.00%  2.7540us         3     918ns     275ns  2.0550us  cuDeviceGetCount
                    0.00%     964ns         2     482ns     266ns     698ns  cuDeviceGet

==228675== Unified Memory profiling result:
Device "Tesla V100-PCIE-16GB (0)"
   Count  Avg Size  Min Size  Max Size  Total Size  Total Time  Name
       2  32.000KB  4.0000KB  60.000KB  64.00000KB  7.264000us  Device To Host
       1         -         -         -           -  230.2400us  Gpu page fault groups
Total CPU Page faults: 1
