==231024== NVPROF is profiling process 231024, command: ./0123HomeWork 1 32
==231024== Profiling application: ./0123HomeWork 1 32
==231024== Profiling result:
            Type  Time(%)      Time     Calls       Avg       Min       Max  Name
 GPU activities:   99.97%  12.267ms         1  12.267ms  12.267ms  12.267ms  find_hash(int, int)
                    0.03%  3.6150us         3  1.2050us  1.1830us  1.2160us  [CUDA memcpy HtoD]
      API calls:   96.94%  417.17ms         3  139.06ms  13.884us  417.14ms  cudaMemcpyToSymbol
                    2.85%  12.273ms         1  12.273ms  12.273ms  12.273ms  cudaDeviceSynchronize
                    0.11%  490.56us        86  5.7040us     147ns  222.02us  cuDeviceGetAttribute
                    0.06%  244.93us         1  244.93us  244.93us  244.93us  cuDeviceTotalMem
                    0.03%  113.48us         1  113.48us  113.48us  113.48us  cudaLaunch
                    0.01%  49.565us         1  49.565us  49.565us  49.565us  cuDeviceGetName
                    0.00%  4.0520us         2  2.0260us     499ns  3.5530us  cudaSetupArgument
                    0.00%  2.8050us         3     935ns     270ns  1.9960us  cuDeviceGetCount
                    0.00%  2.4690us         1  2.4690us  2.4690us  2.4690us  cudaConfigureCall
                    0.00%     858ns         2     429ns     274ns     584ns  cuDeviceGet

==231024== Unified Memory profiling result:
Device "Tesla V100-PCIE-16GB (0)"
   Count  Avg Size  Min Size  Max Size  Total Size  Total Time  Name
       2  32.000KB  4.0000KB  60.000KB  64.00000KB  7.392000us  Device To Host
       1         -         -         -           -  240.4480us  Gpu page fault groups
Total CPU Page faults: 1
