==234051== NVPROF is profiling process 234051, command: ./0123HomeWork 1 4
==234051== Profiling application: ./0123HomeWork 1 4
==234051== Profiling result:
            Type  Time(%)      Time     Calls       Avg       Min       Max  Name
 GPU activities:   99.95%  7.0978ms         1  7.0978ms  7.0978ms  7.0978ms  find_hash(int, int)
                    0.05%  3.5840us         3  1.1940us  1.1840us  1.2160us  [CUDA memcpy HtoD]
      API calls:   98.05%  417.15ms         3  139.05ms  13.824us  417.12ms  cudaMemcpyToSymbol
                    1.67%  7.1019ms         1  7.1019ms  7.1019ms  7.1019ms  cudaDeviceSynchronize
                    0.15%  625.86us        86  7.2770us     336ns  271.66us  cuDeviceGetAttribute
                    0.09%  373.02us         1  373.02us  373.02us  373.02us  cuDeviceTotalMem
                    0.03%  131.83us         1  131.83us  131.83us  131.83us  cudaLaunch
                    0.01%  61.482us         1  61.482us  61.482us  61.482us  cuDeviceGetName
                    0.00%  5.0150us         2  2.5070us     501ns  4.5140us  cudaSetupArgument
                    0.00%  4.7600us         3  1.5860us     452ns  3.5510us  cuDeviceGetCount
                    0.00%  2.7850us         1  2.7850us  2.7850us  2.7850us  cudaConfigureCall
                    0.00%  1.2670us         2     633ns     448ns     819ns  cuDeviceGet

==234051== Unified Memory profiling result:
Device "Tesla V100-PCIE-16GB (0)"
   Count  Avg Size  Min Size  Max Size  Total Size  Total Time  Name
       2  32.000KB  4.0000KB  60.000KB  64.00000KB  7.392000us  Device To Host
       1         -         -         -           -  254.1120us  Gpu page fault groups
Total CPU Page faults: 1
