==232910== NVPROF is profiling process 232910, command: ./0123HomeWork 1 8
==232910== Profiling application: ./0123HomeWork 1 8
==232910== Profiling result:
            Type  Time(%)      Time     Calls       Avg       Min       Max  Name
 GPU activities:   99.95%  6.2065ms         1  6.2065ms  6.2065ms  6.2065ms  find_hash(int, int)
                    0.05%  3.3920us         3  1.1300us  1.1200us  1.1520us  [CUDA memcpy HtoD]
      API calls:   98.30%  401.64ms         3  133.88ms  18.485us  401.60ms  cudaMemcpyToSymbol
                    1.52%  6.2113ms         1  6.2113ms  6.2113ms  6.2113ms  cudaDeviceSynchronize
                    0.09%  372.19us        86  4.3270us     142ns  163.34us  cuDeviceGetAttribute
                    0.04%  169.01us         1  169.01us  169.01us  169.01us  cuDeviceTotalMem
                    0.04%  145.29us         1  145.29us  145.29us  145.29us  cudaLaunch
                    0.01%  38.031us         1  38.031us  38.031us  38.031us  cuDeviceGetName
                    0.00%  5.7250us         2  2.8620us     862ns  4.8630us  cudaSetupArgument
                    0.00%  3.3280us         1  3.3280us  3.3280us  3.3280us  cudaConfigureCall
                    0.00%  2.5480us         3     849ns     198ns  2.0080us  cuDeviceGetCount
                    0.00%     610ns         2     305ns     195ns     415ns  cuDeviceGet

==232910== Unified Memory profiling result:
Device "Tesla V100-PCIE-16GB (0)"
   Count  Avg Size  Min Size  Max Size  Total Size  Total Time  Name
       2  32.000KB  4.0000KB  60.000KB  64.00000KB  7.200000us  Device To Host
       1         -         -         -           -  296.5760us  Gpu page fault groups
Total CPU Page faults: 1
