==198087== NVPROF is profiling process 198087, command: ./0123HomeWork 16 16
==198087== Profiling application: ./0123HomeWork 16 16
==198087== Profiling result:
            Type  Time(%)      Time     Calls       Avg       Min       Max  Name
 GPU activities:   99.92%  4.4371ms         1  4.4371ms  4.4371ms  4.4371ms  find_hash(int, int)
                    0.08%  3.5840us         3  1.1940us  1.1840us  1.2160us  [CUDA memcpy HtoD]
      API calls:   98.62%  403.94ms         3  134.65ms  19.426us  403.90ms  cudaMemcpyToSymbol
                    1.08%  4.4373ms         1  4.4373ms  4.4373ms  4.4373ms  cudaDeviceSynchronize
                    0.15%  619.36us        86  7.2010us     343ns  268.70us  cuDeviceGetAttribute
                    0.09%  372.16us         1  372.16us  372.16us  372.16us  cuDeviceTotalMem
                    0.04%  150.51us         1  150.51us  150.51us  150.51us  cudaLaunch
                    0.02%  73.634us         1  73.634us  73.634us  73.634us  cuDeviceGetName
                    0.00%  6.3750us         2  3.1870us     762ns  5.6130us  cudaSetupArgument
                    0.00%  4.3080us         3  1.4360us     361ns  3.2080us  cuDeviceGetCount
                    0.00%  3.2820us         1  3.2820us  3.2820us  3.2820us  cudaConfigureCall
                    0.00%  1.4600us         2     730ns     381ns  1.0790us  cuDeviceGet

==198087== Unified Memory profiling result:
Device "Tesla V100-PCIE-16GB (0)"
   Count  Avg Size  Min Size  Max Size  Total Size  Total Time  Name
       2  32.000KB  4.0000KB  60.000KB  64.00000KB  7.392000us  Device To Host
       1         -         -         -           -  232.0960us  Gpu page fault groups
Total CPU Page faults: 1
