==200161== NVPROF is profiling process 200161, command: ./0123HomeWork 16 4
==200161== Profiling application: ./0123HomeWork 16 4
==200161== Profiling result:
            Type  Time(%)      Time     Calls       Avg       Min       Max  Name
 GPU activities:   99.89%  3.3835ms         1  3.3835ms  3.3835ms  3.3835ms  find_hash(int, int)
                    0.11%  3.5840us         3  1.1940us  1.1840us  1.2160us  [CUDA memcpy HtoD]
      API calls:   98.95%  400.98ms         3  133.66ms  14.411us  400.95ms  cudaMemcpyToSymbol
                    0.84%  3.3889ms         1  3.3889ms  3.3889ms  3.3889ms  cudaDeviceSynchronize
                    0.11%  445.18us        86  5.1760us     204ns  194.12us  cuDeviceGetAttribute
                    0.06%  231.66us         1  231.66us  231.66us  231.66us  cuDeviceTotalMem
                    0.03%  127.00us         1  127.00us  127.00us  127.00us  cudaLaunch
                    0.01%  44.312us         1  44.312us  44.312us  44.312us  cuDeviceGetName
                    0.00%  5.2540us         2  2.6270us     481ns  4.7730us  cudaSetupArgument
                    0.00%  2.9650us         1  2.9650us  2.9650us  2.9650us  cudaConfigureCall
                    0.00%  2.4410us         3     813ns     210ns  1.7670us  cuDeviceGetCount
                    0.00%     837ns         2     418ns     243ns     594ns  cuDeviceGet

==200161== Unified Memory profiling result:
Device "Tesla V100-PCIE-16GB (0)"
   Count  Avg Size  Min Size  Max Size  Total Size  Total Time  Name
       2  32.000KB  4.0000KB  60.000KB  64.00000KB  7.360000us  Device To Host
       1         -         -         -           -  230.4000us  Gpu page fault groups
Total CPU Page faults: 1
