==200344== NVPROF is profiling process 200344, command: ./0123HomeWork 16 4
==200344== Profiling application: ./0123HomeWork 16 4
==200344== Profiling result:
            Type  Time(%)      Time     Calls       Avg       Min       Max  Name
 GPU activities:   99.80%  1.6980ms         1  1.6980ms  1.6980ms  1.6980ms  find_hash(int, int)
                    0.20%  3.3920us         3  1.1300us  1.1200us  1.1520us  [CUDA memcpy HtoD]
      API calls:   99.41%  420.75ms         3  140.25ms  19.255us  420.71ms  cudaMemcpyToSymbol
                    0.40%  1.6980ms         1  1.6980ms  1.6980ms  1.6980ms  cudaDeviceSynchronize
                    0.10%  412.86us        86  4.8000us     141ns  182.39us  cuDeviceGetAttribute
                    0.04%  169.14us         1  169.14us  169.14us  169.14us  cuDeviceTotalMem
                    0.04%  153.52us         1  153.52us  153.52us  153.52us  cudaLaunch
                    0.01%  41.827us         1  41.827us  41.827us  41.827us  cuDeviceGetName
                    0.00%  5.8090us         2  2.9040us     762ns  5.0470us  cudaSetupArgument
                    0.00%  3.2270us         1  3.2270us  3.2270us  3.2270us  cudaConfigureCall
                    0.00%  2.2820us         3     760ns     162ns  1.8040us  cuDeviceGetCount
                    0.00%     691ns         2     345ns     206ns     485ns  cuDeviceGet

==200344== Unified Memory profiling result:
Device "Tesla V100-PCIE-16GB (0)"
   Count  Avg Size  Min Size  Max Size  Total Size  Total Time  Name
       2  32.000KB  4.0000KB  60.000KB  64.00000KB  7.392000us  Device To Host
       1         -         -         -           -  233.3120us  Gpu page fault groups
Total CPU Page faults: 1
