==199978== NVPROF is profiling process 199978, command: ./0123HomeWork 16 4
==199978== Profiling application: ./0123HomeWork 16 4
==199978== Profiling result:
            Type  Time(%)      Time     Calls       Avg       Min       Max  Name
 GPU activities:   99.99%  35.485ms         1  35.485ms  35.485ms  35.485ms  find_hash(int, int)
                    0.01%  3.3920us         3  1.1300us  1.1200us  1.1520us  [CUDA memcpy HtoD]
      API calls:   91.89%  416.93ms         3  138.98ms  18.917us  416.89ms  cudaMemcpyToSymbol
                    7.82%  35.484ms         1  35.484ms  35.484ms  35.484ms  cudaDeviceSynchronize
                    0.15%  665.29us        86  7.7350us     341ns  289.17us  cuDeviceGetAttribute
                    0.08%  374.58us         1  374.58us  374.58us  374.58us  cuDeviceTotalMem
                    0.04%  171.49us         1  171.49us  171.49us  171.49us  cudaLaunch
                    0.01%  66.789us         1  66.789us  66.789us  66.789us  cuDeviceGetName
                    0.00%  6.6920us         2  3.3460us     812ns  5.8800us  cudaSetupArgument
                    0.00%  4.7190us         3  1.5730us     347ns  3.6810us  cuDeviceGetCount
                    0.00%  3.2970us         1  3.2970us  3.2970us  3.2970us  cudaConfigureCall
                    0.00%  1.4850us         2     742ns     443ns  1.0420us  cuDeviceGet

==199978== Unified Memory profiling result:
Device "Tesla V100-PCIE-16GB (0)"
   Count  Avg Size  Min Size  Max Size  Total Size  Total Time  Name
       2  32.000KB  4.0000KB  60.000KB  64.00000KB  7.488000us  Device To Host
       1         -         -         -           -  227.2000us  Gpu page fault groups
Total CPU Page faults: 1
