==199690== NVPROF is profiling process 199690, command: ./0123HomeWork 16 4
==199690== Profiling application: ./0123HomeWork 16 4
==199690== Profiling result:
            Type  Time(%)      Time     Calls       Avg       Min       Max  Name
 GPU activities:   99.96%  9.0479ms         1  9.0479ms  9.0479ms  9.0479ms  find_hash(int, int)
                    0.04%  3.3600us         3  1.1200us  1.1200us  1.1200us  [CUDA memcpy HtoD]
      API calls:   97.64%  427.27ms         3  142.42ms  13.309us  427.24ms  cudaMemcpyToSymbol
                    2.07%  9.0528ms         1  9.0528ms  9.0528ms  9.0528ms  cudaDeviceSynchronize
                    0.15%  670.11us        86  7.7920us     339ns  291.01us  cuDeviceGetAttribute
                    0.09%  388.87us         1  388.87us  388.87us  388.87us  cuDeviceTotalMem
                    0.03%  116.12us         1  116.12us  116.12us  116.12us  cudaLaunch
                    0.02%  66.079us         1  66.079us  66.079us  66.079us  cuDeviceGetName
                    0.00%  4.4250us         2  2.2120us     482ns  3.9430us  cudaSetupArgument
                    0.00%  3.9180us         3  1.3060us     376ns  2.8260us  cuDeviceGetCount
                    0.00%  2.3490us         1  2.3490us  2.3490us  2.3490us  cudaConfigureCall
                    0.00%  1.4360us         2     718ns     454ns     982ns  cuDeviceGet

==199690== Unified Memory profiling result:
Device "Tesla V100-PCIE-16GB (0)"
   Count  Avg Size  Min Size  Max Size  Total Size  Total Time  Name
       2  32.000KB  4.0000KB  60.000KB  64.00000KB  7.232000us  Device To Host
       1         -         -         -           -  231.2960us  Gpu page fault groups
Total CPU Page faults: 1
