==199496== NVPROF is profiling process 199496, command: ./0123HomeWork 16 8
==199496== Profiling application: ./0123HomeWork 16 8
==199496== Profiling result:
            Type  Time(%)      Time     Calls       Avg       Min       Max  Name
 GPU activities:   99.95%  6.9423ms         1  6.9423ms  6.9423ms  6.9423ms  find_hash(int, int)
                    0.05%  3.3920us         3  1.1300us  1.1200us  1.1520us  [CUDA memcpy HtoD]
      API calls:   98.18%  424.42ms         3  141.47ms  13.507us  424.39ms  cudaMemcpyToSymbol
                    1.61%  6.9473ms         1  6.9473ms  6.9473ms  6.9473ms  cudaDeviceSynchronize
                    0.12%  514.77us        86  5.9850us     215ns  231.95us  cuDeviceGetAttribute
                    0.06%  244.30us         1  244.30us  244.30us  244.30us  cuDeviceTotalMem
                    0.03%  114.30us         1  114.30us  114.30us  114.30us  cudaLaunch
                    0.01%  50.195us         1  50.195us  50.195us  50.195us  cuDeviceGetName
                    0.00%  4.6880us         2  2.3440us     517ns  4.1710us  cudaSetupArgument
                    0.00%  3.1600us         3  1.0530us     216ns  2.5040us  cuDeviceGetCount
                    0.00%  2.5790us         1  2.5790us  2.5790us  2.5790us  cudaConfigureCall
                    0.00%     927ns         2     463ns     287ns     640ns  cuDeviceGet

==199496== Unified Memory profiling result:
Device "Tesla V100-PCIE-16GB (0)"
   Count  Avg Size  Min Size  Max Size  Total Size  Total Time  Name
       2  32.000KB  4.0000KB  60.000KB  64.00000KB  7.200000us  Device To Host
       1         -         -         -           -  238.8800us  Gpu page fault groups
Total CPU Page faults: 1
