==199408== NVPROF is profiling process 199408, command: ./0123HomeWork 16 8
==199408== Profiling application: ./0123HomeWork 16 8
==199408== Profiling result:
            Type  Time(%)      Time     Calls       Avg       Min       Max  Name
 GPU activities:   99.95%  6.5794ms         1  6.5794ms  6.5794ms  6.5794ms  find_hash(int, int)
                    0.05%  3.3920us         3  1.1300us  1.1200us  1.1520us  [CUDA memcpy HtoD]
      API calls:   98.18%  407.44ms         3  135.81ms  13.291us  407.39ms  cudaMemcpyToSymbol
                    1.59%  6.5825ms         1  6.5825ms  6.5825ms  6.5825ms  cudaDeviceSynchronize
                    0.12%  508.61us        86  5.9140us     264ns  220.81us  cuDeviceGetAttribute
                    0.07%  281.62us         1  281.62us  281.62us  281.62us  cuDeviceTotalMem
                    0.03%  129.63us         1  129.63us  129.63us  129.63us  cudaLaunch
                    0.01%  51.270us         1  51.270us  51.270us  51.270us  cuDeviceGetName
                    0.00%  5.3830us         2  2.6910us     538ns  4.8450us  cudaSetupArgument
                    0.00%  3.4440us         3  1.1480us     236ns  2.6210us  cuDeviceGetCount
                    0.00%  2.6230us         1  2.6230us  2.6230us  2.6230us  cudaConfigureCall
                    0.00%  1.2860us         2     643ns     349ns     937ns  cuDeviceGet

==199408== Unified Memory profiling result:
Device "Tesla V100-PCIE-16GB (0)"
   Count  Avg Size  Min Size  Max Size  Total Size  Total Time  Name
       2  32.000KB  4.0000KB  60.000KB  64.00000KB  7.200000us  Device To Host
       1         -         -         -           -  313.6320us  Gpu page fault groups
Total CPU Page faults: 1
