==199040== NVPROF is profiling process 199040, command: ./0123HomeWork 16 8
==199040== Profiling application: ./0123HomeWork 16 8
==199040== Profiling result:
            Type  Time(%)      Time     Calls       Avg       Min       Max  Name
 GPU activities:   99.56%  778.78us         1  778.78us  778.78us  778.78us  find_hash(int, int)
                    0.44%  3.4240us         3  1.1410us  1.1200us  1.1520us  [CUDA memcpy HtoD]
      API calls:   99.58%  409.21ms         3  136.40ms  19.170us  409.16ms  cudaMemcpyToSymbol
                    0.19%  783.59us         1  783.59us  783.59us  783.59us  cudaDeviceSynchronize
                    0.12%  492.24us        86  5.7230us     200ns  216.71us  cuDeviceGetAttribute
                    0.06%  237.34us         1  237.34us  237.34us  237.34us  cuDeviceTotalMem
                    0.04%  156.46us         1  156.46us  156.46us  156.46us  cudaLaunch
                    0.01%  48.521us         1  48.521us  48.521us  48.521us  cuDeviceGetName
                    0.00%  7.3520us         2  3.6760us     741ns  6.6110us  cudaSetupArgument
                    0.00%  3.2340us         1  3.2340us  3.2340us  3.2340us  cudaConfigureCall
                    0.00%  2.6870us         3     895ns     226ns  2.0630us  cuDeviceGetCount
                    0.00%     875ns         2     437ns     267ns     608ns  cuDeviceGet

==199040== Unified Memory profiling result:
Device "Tesla V100-PCIE-16GB (0)"
   Count  Avg Size  Min Size  Max Size  Total Size  Total Time  Name
       2  32.000KB  4.0000KB  60.000KB  64.00000KB  7.328000us  Device To Host
       1         -         -         -           -  245.7280us  Gpu page fault groups
Total CPU Page faults: 1
