==226964== NVPROF is profiling process 226964, command: ./0123HomeWork 2 1
==226964== Profiling application: ./0123HomeWork 2 1
==226964== Profiling result:
            Type  Time(%)      Time     Calls       Avg       Min       Max  Name
 GPU activities:  100.00%  271.28ms         1  271.28ms  271.28ms  271.28ms  find_hash(int, int)
                    0.00%  3.4240us         3  1.1410us  1.1200us  1.1520us  [CUDA memcpy HtoD]
      API calls:   59.89%  406.27ms         3  135.42ms  14.181us  406.22ms  cudaMemcpyToSymbol
                   39.99%  271.28ms         1  271.28ms  271.28ms  271.28ms  cudaDeviceSynchronize
                    0.06%  412.35us        86  4.7940us     178ns  180.98us  cuDeviceGetAttribute
                    0.03%  200.82us         1  200.82us  200.82us  200.82us  cuDeviceTotalMem
                    0.02%  127.10us         1  127.10us  127.10us  127.10us  cudaLaunch
                    0.01%  41.403us         1  41.403us  41.403us  41.403us  cuDeviceGetName
                    0.00%  5.6660us         2  2.8330us     524ns  5.1420us  cudaSetupArgument
                    0.00%  2.9000us         1  2.9000us  2.9000us  2.9000us  cudaConfigureCall
                    0.00%  2.7530us         3     917ns     205ns  2.1950us  cuDeviceGetCount
                    0.00%     722ns         2     361ns     233ns     489ns  cuDeviceGet

==226964== Unified Memory profiling result:
Device "Tesla V100-PCIE-16GB (0)"
   Count  Avg Size  Min Size  Max Size  Total Size  Total Time  Name
       2  32.000KB  4.0000KB  60.000KB  64.00000KB  7.072000us  Device To Host
       1         -         -         -           -  269.6320us  Gpu page fault groups
Total CPU Page faults: 1
