==220807== NVPROF is profiling process 220807, command: ./0123HomeWork 2 128
==220807== Profiling application: ./0123HomeWork 2 128
==220807== Profiling result:
            Type  Time(%)      Time     Calls       Avg       Min       Max  Name
 GPU activities:   99.21%  419.48us         1  419.48us  419.48us  419.48us  find_hash(int, int)
                    0.79%  3.3600us         3  1.1200us  1.0880us  1.1520us  [CUDA memcpy HtoD]
      API calls:   99.67%  410.01ms         3  136.67ms  12.617us  409.98ms  cudaMemcpyToSymbol
                    0.12%  505.62us        86  5.8790us     210ns  222.34us  cuDeviceGetAttribute
                    0.10%  422.63us         1  422.63us  422.63us  422.63us  cudaDeviceSynchronize
                    0.06%  247.29us         1  247.29us  247.29us  247.29us  cuDeviceTotalMem
                    0.03%  112.86us         1  112.86us  112.86us  112.86us  cudaLaunch
                    0.01%  49.623us         1  49.623us  49.623us  49.623us  cuDeviceGetName
                    0.00%  4.5730us         2  2.2860us     471ns  4.1020us  cudaSetupArgument
                    0.00%  2.5290us         3     843ns     245ns  1.8630us  cuDeviceGetCount
                    0.00%  2.2230us         1  2.2230us  2.2230us  2.2230us  cudaConfigureCall
                    0.00%     915ns         2     457ns     244ns     671ns  cuDeviceGet

==220807== Unified Memory profiling result:
Device "Tesla V100-PCIE-16GB (0)"
   Count  Avg Size  Min Size  Max Size  Total Size  Total Time  Name
       2  32.000KB  4.0000KB  60.000KB  64.00000KB  7.200000us  Device To Host
       1         -         -         -           -  250.7200us  Gpu page fault groups
Total CPU Page faults: 1
