==221097== NVPROF is profiling process 221097, command: ./0123HomeWork 2 128
==221097== Profiling application: ./0123HomeWork 2 128
==221097== Profiling result:
            Type  Time(%)      Time     Calls       Avg       Min       Max  Name
 GPU activities:   99.79%  1.5801ms         1  1.5801ms  1.5801ms  1.5801ms  find_hash(int, int)
                    0.21%  3.3920us         3  1.1300us  1.1200us  1.1520us  [CUDA memcpy HtoD]
      API calls:   99.38%  400.08ms         3  133.36ms  13.684us  400.04ms  cudaMemcpyToSymbol
                    0.39%  1.5838ms         1  1.5838ms  1.5838ms  1.5838ms  cudaDeviceSynchronize
                    0.12%  475.12us        86  5.5240us     228ns  207.22us  cuDeviceGetAttribute
                    0.06%  252.35us         1  252.35us  252.35us  252.35us  cuDeviceTotalMem
                    0.03%  128.31us         1  128.31us  128.31us  128.31us  cudaLaunch
                    0.01%  47.522us         1  47.522us  47.522us  47.522us  cuDeviceGetName
                    0.00%  5.8190us         2  2.9090us     513ns  5.3060us  cudaSetupArgument
                    0.00%  2.6720us         3     890ns     268ns  1.9110us  cuDeviceGetCount
                    0.00%  2.6580us         1  2.6580us  2.6580us  2.6580us  cudaConfigureCall
                    0.00%     991ns         2     495ns     285ns     706ns  cuDeviceGet

==221097== Unified Memory profiling result:
Device "Tesla V100-PCIE-16GB (0)"
   Count  Avg Size  Min Size  Max Size  Total Size  Total Time  Name
       2  32.000KB  4.0000KB  60.000KB  64.00000KB  7.232000us  Device To Host
       1         -         -         -           -  228.9600us  Gpu page fault groups
Total CPU Page faults: 1
