==223801== NVPROF is profiling process 223801, command: ./0123HomeWork 2 16
==223801== Profiling application: ./0123HomeWork 2 16
==223801== Profiling result:
            Type  Time(%)      Time     Calls       Avg       Min       Max  Name
 GPU activities:   99.96%  8.9983ms         1  8.9983ms  8.9983ms  8.9983ms  find_hash(int, int)
                    0.04%  3.3600us         3  1.1200us  1.1200us  1.1200us  [CUDA memcpy HtoD]
      API calls:   97.51%  400.30ms         3  133.43ms  14.492us  400.27ms  cudaMemcpyToSymbol
                    2.19%  9.0006ms         1  9.0006ms  9.0006ms  9.0006ms  cudaDeviceSynchronize
                    0.15%  599.20us        86  6.9670us     234ns  267.35us  cuDeviceGetAttribute
                    0.09%  369.25us         1  369.25us  369.25us  369.25us  cuDeviceTotalMem
                    0.04%  161.75us         1  161.75us  161.75us  161.75us  cudaLaunch
                    0.02%  63.027us         1  63.027us  63.027us  63.027us  cuDeviceGetName
                    0.00%  5.5500us         2  2.7750us     511ns  5.0390us  cudaSetupArgument
                    0.00%  3.8530us         3  1.2840us     356ns  2.8590us  cuDeviceGetCount
                    0.00%  2.5690us         1  2.5690us  2.5690us  2.5690us  cudaConfigureCall
                    0.00%  1.5760us         2     788ns     451ns  1.1250us  cuDeviceGet

==223801== Unified Memory profiling result:
Device "Tesla V100-PCIE-16GB (0)"
   Count  Avg Size  Min Size  Max Size  Total Size  Total Time  Name
       2  32.000KB  4.0000KB  60.000KB  64.00000KB  7.200000us  Device To Host
       1         -         -         -           -  229.1200us  Gpu page fault groups
Total CPU Page faults: 1
