==223345== NVPROF is profiling process 223345, command: ./0123HomeWork 2 16
==223345== Profiling application: ./0123HomeWork 2 16
==223345== Profiling result:
            Type  Time(%)      Time     Calls       Avg       Min       Max  Name
 GPU activities:  100.00%  134.90ms         1  134.90ms  134.90ms  134.90ms  find_hash(int, int)
                    0.00%  3.5520us         3  1.1840us  1.1840us  1.1840us  [CUDA memcpy HtoD]
      API calls:   75.09%  409.34ms         3  136.45ms  12.786us  409.31ms  cudaMemcpyToSymbol
                   24.75%  134.90ms         1  134.90ms  134.90ms  134.90ms  cudaDeviceSynchronize
                    0.08%  439.44us        86  5.1090us     143ns  185.75us  cuDeviceGetAttribute
                    0.04%  244.78us         1  244.78us  244.78us  244.78us  cuDeviceTotalMem
                    0.02%  130.85us         1  130.85us  130.85us  130.85us  cudaLaunch
                    0.01%  51.602us         1  51.602us  51.602us  51.602us  cuDeviceGetName
                    0.00%  4.1180us         2  2.0590us     519ns  3.5990us  cudaSetupArgument
                    0.00%  2.9910us         3     997ns     266ns  2.1860us  cuDeviceGetCount
                    0.00%  2.5590us         1  2.5590us  2.5590us  2.5590us  cudaConfigureCall
                    0.00%     889ns         2     444ns     258ns     631ns  cuDeviceGet

==223345== Unified Memory profiling result:
Device "Tesla V100-PCIE-16GB (0)"
   Count  Avg Size  Min Size  Max Size  Total Size  Total Time  Name
       2  32.000KB  4.0000KB  60.000KB  64.00000KB  7.328000us  Device To Host
       1         -         -         -           -  257.8560us  Gpu page fault groups
Total CPU Page faults: 1
