==226569== NVPROF is profiling process 226569, command: ./0123HomeWork 2 2
==226569== Profiling application: ./0123HomeWork 2 2
==226569== Profiling result:
            Type  Time(%)      Time     Calls       Avg       Min       Max  Name
 GPU activities:  100.00%  224.00ms         1  224.00ms  224.00ms  224.00ms  find_hash(int, int)
                    0.00%  3.3920us         3  1.1300us  1.1200us  1.1520us  [CUDA memcpy HtoD]
      API calls:   63.96%  398.68ms         3  132.89ms  13.021us  398.65ms  cudaMemcpyToSymbol
                   35.93%  224.00ms         1  224.00ms  224.00ms  224.00ms  cudaDeviceSynchronize
                    0.06%  361.80us        86  4.2060us     141ns  158.85us  cuDeviceGetAttribute
                    0.03%  163.07us         1  163.07us  163.07us  163.07us  cuDeviceTotalMem
                    0.02%  113.69us         1  113.69us  113.69us  113.69us  cudaLaunch
                    0.01%  36.152us         1  36.152us  36.152us  36.152us  cuDeviceGetName
                    0.00%  4.3540us         2  2.1770us     532ns  3.8220us  cudaSetupArgument
                    0.00%  2.5900us         3     863ns     166ns  2.1000us  cuDeviceGetCount
                    0.00%  2.3330us         1  2.3330us  2.3330us  2.3330us  cudaConfigureCall
                    0.00%     812ns         2     406ns     190ns     622ns  cuDeviceGet

==226569== Unified Memory profiling result:
Device "Tesla V100-PCIE-16GB (0)"
   Count  Avg Size  Min Size  Max Size  Total Size  Total Time  Name
       2  32.000KB  4.0000KB  60.000KB  64.00000KB  6.976000us  Device To Host
       1         -         -         -           -  228.9280us  Gpu page fault groups
Total CPU Page faults: 1
