==226384== NVPROF is profiling process 226384, command: ./0123HomeWork 2 2
==226384== Profiling application: ./0123HomeWork 2 2
==226384== Profiling result:
            Type  Time(%)      Time     Calls       Avg       Min       Max  Name
 GPU activities:   99.99%  47.846ms         1  47.846ms  47.846ms  47.846ms  find_hash(int, int)
                    0.01%  3.3600us         3  1.1200us  1.1200us  1.1200us  [CUDA memcpy HtoD]
      API calls:   89.59%  418.99ms         3  139.66ms  19.547us  418.95ms  cudaMemcpyToSymbol
                   10.23%  47.845ms         1  47.845ms  47.845ms  47.845ms  cudaDeviceSynchronize
                    0.10%  457.32us        86  5.3170us     172ns  201.40us  cuDeviceGetAttribute
                    0.04%  209.74us         1  209.74us  209.74us  209.74us  cuDeviceTotalMem
                    0.02%  113.05us         1  113.05us  113.05us  113.05us  cudaLaunch
                    0.01%  44.435us         1  44.435us  44.435us  44.435us  cuDeviceGetName
                    0.00%  19.129us         2  9.5640us     471ns  18.658us  cudaSetupArgument
                    0.00%  3.1680us         1  3.1680us  3.1680us  3.1680us  cudaConfigureCall
                    0.00%  2.7030us         3     901ns     212ns  2.1160us  cuDeviceGetCount
                    0.00%     735ns         2     367ns     194ns     541ns  cuDeviceGet

==226384== Unified Memory profiling result:
Device "Tesla V100-PCIE-16GB (0)"
   Count  Avg Size  Min Size  Max Size  Total Size  Total Time  Name
       2  32.000KB  4.0000KB  60.000KB  64.00000KB  7.200000us  Device To Host
       1         -         -         -           -  282.3680us  Gpu page fault groups
Total CPU Page faults: 1
