==222775== NVPROF is profiling process 222775, command: ./0123HomeWork 2 32
==222775== Profiling application: ./0123HomeWork 2 32
==222775== Profiling result:
            Type  Time(%)      Time     Calls       Avg       Min       Max  Name
 GPU activities:   99.88%  3.1637ms         1  3.1637ms  3.1637ms  3.1637ms  find_hash(int, int)
                    0.12%  3.9040us         3  1.3010us  1.1840us  1.5040us  [CUDA memcpy HtoD]
      API calls:   99.00%  401.60ms         3  133.87ms  13.897us  401.57ms  cudaMemcpyToSymbol
                    0.78%  3.1675ms         1  3.1675ms  3.1675ms  3.1675ms  cudaDeviceSynchronize
                    0.11%  458.30us        86  5.3290us     207ns  200.17us  cuDeviceGetAttribute
                    0.06%  243.15us         1  243.15us  243.15us  243.15us  cuDeviceTotalMem
                    0.03%  132.13us         1  132.13us  132.13us  132.13us  cudaLaunch
                    0.01%  45.709us         1  45.709us  45.709us  45.709us  cuDeviceGetName
                    0.00%  5.5940us         2  2.7970us     528ns  5.0660us  cudaSetupArgument
                    0.00%  2.9830us         3     994ns     220ns  2.3130us  cuDeviceGetCount
                    0.00%  2.8950us         1  2.8950us  2.8950us  2.8950us  cudaConfigureCall
                    0.00%     893ns         2     446ns     249ns     644ns  cuDeviceGet

==222775== Unified Memory profiling result:
Device "Tesla V100-PCIE-16GB (0)"
   Count  Avg Size  Min Size  Max Size  Total Size  Total Time  Name
       2  32.000KB  4.0000KB  60.000KB  64.00000KB  7.488000us  Device To Host
       1         -         -         -           -  231.8400us  Gpu page fault groups
Total CPU Page faults: 1
