==222595== NVPROF is profiling process 222595, command: ./0123HomeWork 2 32
==222595== Profiling application: ./0123HomeWork 2 32
==222595== Profiling result:
            Type  Time(%)      Time     Calls       Avg       Min       Max  Name
 GPU activities:   99.99%  36.867ms         1  36.867ms  36.867ms  36.867ms  find_hash(int, int)
                    0.01%  3.3920us         3  1.1300us  1.1200us  1.1520us  [CUDA memcpy HtoD]
      API calls:   91.81%  424.81ms         3  141.60ms  19.148us  424.77ms  cudaMemcpyToSymbol
                    7.97%  36.867ms         1  36.867ms  36.867ms  36.867ms  cudaDeviceSynchronize
                    0.12%  535.62us        86  6.2280us     213ns  236.64us  cuDeviceGetAttribute
                    0.05%  248.05us         1  248.05us  248.05us  248.05us  cuDeviceTotalMem
                    0.03%  158.60us         1  158.60us  158.60us  158.60us  cudaLaunch
                    0.01%  49.204us         1  49.204us  49.204us  49.204us  cuDeviceGetName
                    0.00%  5.6800us         2  2.8400us     708ns  4.9720us  cudaSetupArgument
                    0.00%  3.2200us         1  3.2200us  3.2200us  3.2200us  cudaConfigureCall
                    0.00%  3.0830us         3  1.0270us     268ns  2.3670us  cuDeviceGetCount
                    0.00%     784ns         2     392ns     261ns     523ns  cuDeviceGet

==222595== Unified Memory profiling result:
Device "Tesla V100-PCIE-16GB (0)"
   Count  Avg Size  Min Size  Max Size  Total Size  Total Time  Name
       2  32.000KB  4.0000KB  60.000KB  64.00000KB  7.200000us  Device To Host
       1         -         -         -           -  315.0720us  Gpu page fault groups
Total CPU Page faults: 1
