==224291== NVPROF is profiling process 224291, command: ./0123HomeWork 2 8
==224291== Profiling application: ./0123HomeWork 2 8
==224291== Profiling result:
            Type  Time(%)      Time     Calls       Avg       Min       Max  Name
 GPU activities:  100.00%  205.25ms         1  205.25ms  205.25ms  205.25ms  find_hash(int, int)
                    0.00%  3.6160us         3  1.2050us  1.1200us  1.3760us  [CUDA memcpy HtoD]
      API calls:   66.31%  406.01ms         3  135.34ms  12.660us  405.99ms  cudaMemcpyToSymbol
                   33.52%  205.25ms         1  205.25ms  205.25ms  205.25ms  cudaDeviceSynchronize
                    0.09%  542.44us        86  6.3070us     270ns  231.16us  cuDeviceGetAttribute
                    0.05%  299.61us         1  299.61us  299.61us  299.61us  cuDeviceTotalMem
                    0.02%  115.62us         1  115.62us  115.62us  115.62us  cudaLaunch
                    0.01%  53.196us         1  53.196us  53.196us  53.196us  cuDeviceGetName
                    0.00%  4.1490us         2  2.0740us     508ns  3.6410us  cudaSetupArgument
                    0.00%  3.6940us         3  1.2310us     300ns  2.7520us  cuDeviceGetCount
                    0.00%  2.3410us         1  2.3410us  2.3410us  2.3410us  cudaConfigureCall
                    0.00%  1.0700us         2     535ns     357ns     713ns  cuDeviceGet

==224291== Unified Memory profiling result:
Device "Tesla V100-PCIE-16GB (0)"
   Count  Avg Size  Min Size  Max Size  Total Size  Total Time  Name
       2  32.000KB  4.0000KB  60.000KB  64.00000KB  6.976000us  Device To Host
       1         -         -         -           -  295.2640us  Gpu page fault groups
Total CPU Page faults: 1
