==186391== NVPROF is profiling process 186391, command: ./0123HomeWork 32 128
==186391== Profiling application: ./0123HomeWork 32 128
==186391== Profiling result:
            Type  Time(%)      Time     Calls       Avg       Min       Max  Name
 GPU activities:   96.25%  91.263us         1  91.263us  91.263us  91.263us  find_hash(int, int)
                    3.75%  3.5520us         3  1.1840us  1.1840us  1.1840us  [CUDA memcpy HtoD]
      API calls:   99.74%  408.40ms         3  136.13ms  19.138us  408.36ms  cudaMemcpyToSymbol
                    0.13%  531.88us        86  6.1840us     209ns  233.46us  cuDeviceGetAttribute
                    0.06%  245.07us         1  245.07us  245.07us  245.07us  cuDeviceTotalMem
                    0.03%  136.09us         1  136.09us  136.09us  136.09us  cudaLaunch
                    0.02%  95.484us         1  95.484us  95.484us  95.484us  cudaDeviceSynchronize
                    0.01%  49.269us         1  49.269us  49.269us  49.269us  cuDeviceGetName
                    0.00%  5.9020us         2  2.9510us     670ns  5.2320us  cudaSetupArgument
                    0.00%  3.0830us         1  3.0830us  3.0830us  3.0830us  cudaConfigureCall
                    0.00%  2.8190us         3     939ns     250ns  2.1800us  cuDeviceGetCount
                    0.00%  1.0450us         2     522ns     270ns     775ns  cuDeviceGet

==186391== Unified Memory profiling result:
Device "Tesla V100-PCIE-16GB (0)"
   Count  Avg Size  Min Size  Max Size  Total Size  Total Time  Name
       2  32.000KB  4.0000KB  60.000KB  64.00000KB  7.424000us  Device To Host
       1         -         -         -           -  312.6400us  Gpu page fault groups
Total CPU Page faults: 1
