==193230== NVPROF is profiling process 193230, command: ./0123HomeWork 32 1
==193230== Profiling application: ./0123HomeWork 32 1
==193230== Profiling result:
            Type  Time(%)      Time     Calls       Avg       Min       Max  Name
 GPU activities:  100.00%  79.670ms         1  79.670ms  79.670ms  79.670ms  find_hash(int, int)
                    0.00%  3.3920us         3  1.1300us  1.1200us  1.1520us  [CUDA memcpy HtoD]
      API calls:   83.20%  400.60ms         3  133.53ms  19.621us  400.56ms  cudaMemcpyToSymbol
                   16.55%  79.669ms         1  79.669ms  79.669ms  79.669ms  cudaDeviceSynchronize
                    0.13%  603.17us        86  7.0130us     333ns  261.26us  cuDeviceGetAttribute
                    0.08%  370.68us         1  370.68us  370.68us  370.68us  cuDeviceTotalMem
                    0.04%  171.46us         1  171.46us  171.46us  171.46us  cudaLaunch
                    0.01%  60.287us         1  60.287us  60.287us  60.287us  cuDeviceGetName
                    0.00%  6.8050us         2  3.4020us     721ns  6.0840us  cudaSetupArgument
                    0.00%  4.1830us         3  1.3940us     395ns  3.0820us  cuDeviceGetCount
                    0.00%  3.2420us         1  3.2420us  3.2420us  3.2420us  cudaConfigureCall
                    0.00%  1.2100us         2     605ns     336ns     874ns  cuDeviceGet

==193230== Unified Memory profiling result:
Device "Tesla V100-PCIE-16GB (0)"
   Count  Avg Size  Min Size  Max Size  Total Size  Total Time  Name
       2  32.000KB  4.0000KB  60.000KB  64.00000KB  7.104000us  Device To Host
       1         -         -         -           -  231.1680us  Gpu page fault groups
Total CPU Page faults: 1
