==187133== NVPROF is profiling process 187133, command: ./0123HomeWork 32 128
==187133== Profiling application: ./0123HomeWork 32 128
==187133== Profiling result:
            Type  Time(%)      Time     Calls       Avg       Min       Max  Name
 GPU activities:   97.66%  143.17us         1  143.17us  143.17us  143.17us  find_hash(int, int)
                    2.34%  3.4240us         3  1.1410us  1.1200us  1.1520us  [CUDA memcpy HtoD]
      API calls:   99.77%  400.65ms         3  133.55ms  18.560us  400.61ms  cudaMemcpyToSymbol
                    0.09%  373.21us        86  4.3390us     142ns  164.52us  cuDeviceGetAttribute
                    0.06%  227.33us         1  227.33us  227.33us  227.33us  cuDeviceTotalMem
                    0.04%  145.57us         1  145.57us  145.57us  145.57us  cudaDeviceSynchronize
                    0.03%  136.13us         1  136.13us  136.13us  136.13us  cudaLaunch
                    0.01%  45.734us         1  45.734us  45.734us  45.734us  cuDeviceGetName
                    0.00%  6.1890us         2  3.0940us     707ns  5.4820us  cudaSetupArgument
                    0.00%  3.4950us         1  3.4950us  3.4950us  3.4950us  cudaConfigureCall
                    0.00%  2.9460us         3     982ns     241ns  2.2070us  cuDeviceGetCount
                    0.00%     907ns         2     453ns     262ns     645ns  cuDeviceGet

==187133== Unified Memory profiling result:
Device "Tesla V100-PCIE-16GB (0)"
   Count  Avg Size  Min Size  Max Size  Total Size  Total Time  Name
       2  32.000KB  4.0000KB  60.000KB  64.00000KB  7.200000us  Device To Host
       1         -         -         -           -  233.5680us  Gpu page fault groups
Total CPU Page faults: 1
