==189198== NVPROF is profiling process 189198, command: ./0123HomeWork 32 16
==189198== Profiling application: ./0123HomeWork 32 16
==189198== Profiling result:
            Type  Time(%)      Time     Calls       Avg       Min       Max  Name
 GPU activities:   98.85%  297.57us         1  297.57us  297.57us  297.57us  find_hash(int, int)
                    1.15%  3.4560us         3  1.1520us  1.1520us  1.1520us  [CUDA memcpy HtoD]
      API calls:   99.70%  420.15ms         3  140.05ms  18.596us  420.11ms  cudaMemcpyToSymbol
                    0.12%  511.06us        86  5.9420us     214ns  223.32us  cuDeviceGetAttribute
                    0.07%  301.41us         1  301.41us  301.41us  301.41us  cudaDeviceSynchronize
                    0.06%  244.57us         1  244.57us  244.57us  244.57us  cuDeviceTotalMem
                    0.04%  155.15us         1  155.15us  155.15us  155.15us  cudaLaunch
                    0.01%  50.112us         1  50.112us  50.112us  50.112us  cuDeviceGetName
                    0.00%  5.7340us         2  2.8670us     772ns  4.9620us  cudaSetupArgument
                    0.00%  3.2480us         1  3.2480us  3.2480us  3.2480us  cudaConfigureCall
                    0.00%  3.0520us         3  1.0170us     247ns  2.1130us  cuDeviceGetCount
                    0.00%     927ns         2     463ns     284ns     643ns  cuDeviceGet

==189198== Unified Memory profiling result:
Device "Tesla V100-PCIE-16GB (0)"
   Count  Avg Size  Min Size  Max Size  Total Size  Total Time  Name
       2  32.000KB  4.0000KB  60.000KB  64.00000KB  7.200000us  Device To Host
       1         -         -         -           -  174.3360us  Gpu page fault groups
Total CPU Page faults: 1
