==192905== NVPROF is profiling process 192905, command: ./0123HomeWork 32 2
==192905== Profiling application: ./0123HomeWork 32 2
==192905== Profiling result:
            Type  Time(%)      Time     Calls       Avg       Min       Max  Name
 GPU activities:   99.93%  4.9301ms         1  4.9301ms  4.9301ms  4.9301ms  find_hash(int, int)
                    0.07%  3.5520us         3  1.1840us  1.1840us  1.1840us  [CUDA memcpy HtoD]
      API calls:   98.57%  401.56ms         3  133.85ms  12.755us  401.54ms  cudaMemcpyToSymbol
                    1.21%  4.9347ms         1  4.9347ms  4.9347ms  4.9347ms  cudaDeviceSynchronize
                    0.11%  468.44us        86  5.4460us     208ns  208.59us  cuDeviceGetAttribute
                    0.06%  243.07us         1  243.07us  243.07us  243.07us  cuDeviceTotalMem
                    0.03%  115.76us         1  115.76us  115.76us  115.76us  cudaLaunch
                    0.01%  46.459us         1  46.459us  46.459us  46.459us  cuDeviceGetName
                    0.00%  4.6540us         2  2.3270us     565ns  4.0890us  cudaSetupArgument
                    0.00%  2.8320us         3     944ns     239ns  2.1600us  cuDeviceGetCount
                    0.00%  2.3430us         1  2.3430us  2.3430us  2.3430us  cudaConfigureCall
                    0.00%     944ns         2     472ns     270ns     674ns  cuDeviceGet

==192905== Unified Memory profiling result:
Device "Tesla V100-PCIE-16GB (0)"
   Count  Avg Size  Min Size  Max Size  Total Size  Total Time  Name
       2  32.000KB  4.0000KB  60.000KB  64.00000KB  7.360000us  Device To Host
       1         -         -         -           -  254.3040us  Gpu page fault groups
Total CPU Page faults: 1
