==191076== NVPROF is profiling process 191076, command: ./0123HomeWork 32 4
==191076== Profiling application: ./0123HomeWork 32 4
==191076== Profiling result:
            Type  Time(%)      Time     Calls       Avg       Min       Max  Name
 GPU activities:   99.82%  1.8571ms         1  1.8571ms  1.8571ms  1.8571ms  find_hash(int, int)
                    0.18%  3.3600us         3  1.1200us  1.1200us  1.1200us  [CUDA memcpy HtoD]
      API calls:   99.26%  414.14ms         3  138.05ms  14.191us  414.11ms  cudaMemcpyToSymbol
                    0.45%  1.8616ms         1  1.8616ms  1.8616ms  1.8616ms  cudaDeviceSynchronize
                    0.16%  665.40us        86  7.7370us     335ns  289.67us  cuDeviceGetAttribute
                    0.09%  374.68us         1  374.68us  374.68us  374.68us  cuDeviceTotalMem
                    0.03%  112.83us         1  112.83us  112.83us  112.83us  cudaLaunch
                    0.02%  65.795us         1  65.795us  65.795us  65.795us  cuDeviceGetName
                    0.00%  4.8840us         3  1.6280us     347ns  3.8110us  cuDeviceGetCount
                    0.00%  4.2220us         2  2.1110us     528ns  3.6940us  cudaSetupArgument
                    0.00%  2.1880us         1  2.1880us  2.1880us  2.1880us  cudaConfigureCall
                    0.00%  1.5420us         2     771ns     438ns  1.1040us  cuDeviceGet

==191076== Unified Memory profiling result:
Device "Tesla V100-PCIE-16GB (0)"
   Count  Avg Size  Min Size  Max Size  Total Size  Total Time  Name
       2  32.000KB  4.0000KB  60.000KB  64.00000KB  7.168000us  Device To Host
       1         -         -         -           -  215.6160us  Gpu page fault groups
Total CPU Page faults: 1
