==187888== NVPROF is profiling process 187888, command: ./0123HomeWork 32 64
==187888== Profiling application: ./0123HomeWork 32 64
==187888== Profiling result:
            Type  Time(%)      Time     Calls       Avg       Min       Max  Name
 GPU activities:   95.68%  75.168us         1  75.168us  75.168us  75.168us  find_hash(int, int)
                    4.32%  3.3920us         3  1.1300us  1.1200us  1.1520us  [CUDA memcpy HtoD]
      API calls:   99.71%  405.28ms         3  135.09ms  19.803us  405.23ms  cudaMemcpyToSymbol
                    0.14%  557.50us        86  6.4820us     285ns  242.02us  cuDeviceGetAttribute
                    0.08%  312.49us         1  312.49us  312.49us  312.49us  cuDeviceTotalMem
                    0.04%  152.52us         1  152.52us  152.52us  152.52us  cudaLaunch
                    0.02%  77.737us         1  77.737us  77.737us  77.737us  cudaDeviceSynchronize
                    0.01%  55.954us         1  55.954us  55.954us  55.954us  cuDeviceGetName
                    0.00%  7.4620us         2  3.7310us     706ns  6.7560us  cudaSetupArgument
                    0.00%  4.1740us         3  1.3910us     363ns  3.1450us  cuDeviceGetCount
                    0.00%  3.4080us         1  3.4080us  3.4080us  3.4080us  cudaConfigureCall
                    0.00%  1.4260us         2     713ns     409ns  1.0170us  cuDeviceGet

==187888== Unified Memory profiling result:
Device "Tesla V100-PCIE-16GB (0)"
   Count  Avg Size  Min Size  Max Size  Total Size  Total Time  Name
       2  32.000KB  4.0000KB  60.000KB  64.00000KB  7.232000us  Device To Host
       1         -         -         -           -  230.9440us  Gpu page fault groups
Total CPU Page faults: 1
