==187591== NVPROF is profiling process 187591, command: ./0123HomeWork 32 64
==187591== Profiling application: ./0123HomeWork 32 64
==187591== Profiling result:
            Type  Time(%)      Time     Calls       Avg       Min       Max  Name
 GPU activities:   99.67%  1.0394ms         1  1.0394ms  1.0394ms  1.0394ms  find_hash(int, int)
                    0.33%  3.3920us         3  1.1300us  1.1200us  1.1520us  [CUDA memcpy HtoD]
      API calls:   99.44%  402.13ms         3  134.04ms  18.531us  402.09ms  cudaMemcpyToSymbol
                    0.26%  1.0435ms         1  1.0435ms  1.0435ms  1.0435ms  cudaDeviceSynchronize
                    0.15%  617.29us        86  7.1770us     330ns  267.03us  cuDeviceGetAttribute
                    0.09%  372.41us         1  372.41us  372.41us  372.41us  cuDeviceTotalMem
                    0.04%  145.40us         1  145.40us  145.40us  145.40us  cudaLaunch
                    0.02%  61.725us         1  61.725us  61.725us  61.725us  cuDeviceGetName
                    0.00%  6.1840us         2  3.0920us     746ns  5.4380us  cudaSetupArgument
                    0.00%  4.4640us         3  1.4880us     405ns  3.1700us  cuDeviceGetCount
                    0.00%  3.1220us         1  3.1220us  3.1220us  3.1220us  cudaConfigureCall
                    0.00%  1.6300us         2     815ns     494ns  1.1360us  cuDeviceGet

==187591== Unified Memory profiling result:
Device "Tesla V100-PCIE-16GB (0)"
   Count  Avg Size  Min Size  Max Size  Total Size  Total Time  Name
       2  32.000KB  4.0000KB  60.000KB  64.00000KB  7.200000us  Device To Host
       1         -         -         -           -  230.0480us  Gpu page fault groups
Total CPU Page faults: 1
