==190266== NVPROF is profiling process 190266, command: ./0123HomeWork 32 8
==190266== Profiling application: ./0123HomeWork 32 8
==190266== Profiling result:
            Type  Time(%)      Time     Calls       Avg       Min       Max  Name
 GPU activities:   99.72%  1.2078ms         1  1.2078ms  1.2078ms  1.2078ms  find_hash(int, int)
                    0.28%  3.3920us         3  1.1300us  1.1200us  1.1520us  [CUDA memcpy HtoD]
      API calls:   99.49%  409.74ms         3  136.58ms  19.661us  409.70ms  cudaMemcpyToSymbol
                    0.29%  1.2081ms         1  1.2081ms  1.2081ms  1.2081ms  cudaDeviceSynchronize
                    0.11%  462.88us        86  5.3820us     163ns  204.45us  cuDeviceGetAttribute
                    0.05%  208.79us         1  208.79us  208.79us  208.79us  cuDeviceTotalMem
                    0.04%  148.73us         1  148.73us  148.73us  148.73us  cudaLaunch
                    0.01%  46.326us         1  46.326us  46.326us  46.326us  cuDeviceGetName
                    0.00%  6.9070us         2  3.4530us     858ns  6.0490us  cudaSetupArgument
                    0.00%  2.7690us         1  2.7690us  2.7690us  2.7690us  cudaConfigureCall
                    0.00%  2.1210us         3     707ns     174ns  1.5550us  cuDeviceGetCount
                    0.00%     597ns         2     298ns     201ns     396ns  cuDeviceGet

==190266== Unified Memory profiling result:
Device "Tesla V100-PCIE-16GB (0)"
   Count  Avg Size  Min Size  Max Size  Total Size  Total Time  Name
       2  32.000KB  4.0000KB  60.000KB  64.00000KB  7.168000us  Device To Host
       1         -         -         -           -  235.2000us  Gpu page fault groups
Total CPU Page faults: 1
