==219040== NVPROF is profiling process 219040, command: ./0123HomeWork 4 1
==219040== Profiling application: ./0123HomeWork 4 1
==219040== Profiling result:
            Type  Time(%)      Time     Calls       Avg       Min       Max  Name
 GPU activities:  100.00%  519.92ms         1  519.92ms  519.92ms  519.92ms  find_hash(int, int)
                    0.00%  3.6160us         3  1.2050us  1.1200us  1.3760us  [CUDA memcpy HtoD]
      API calls:   56.37%  519.92ms         1  519.92ms  519.92ms  519.92ms  cudaDeviceSynchronize
                   43.49%  401.16ms         3  133.72ms  18.740us  401.12ms  cudaMemcpyToSymbol
                    0.07%  638.77us        86  7.4270us     331ns  279.33us  cuDeviceGetAttribute
                    0.04%  373.25us         1  373.25us  373.25us  373.25us  cuDeviceTotalMem
                    0.02%  150.51us         1  150.51us  150.51us  150.51us  cudaLaunch
                    0.01%  68.784us         1  68.784us  68.784us  68.784us  cuDeviceGetName
                    0.00%  5.3520us         2  2.6760us     822ns  4.5300us  cudaSetupArgument
                    0.00%  4.2500us         3  1.4160us     336ns  3.1440us  cuDeviceGetCount
                    0.00%  3.4280us         1  3.4280us  3.4280us  3.4280us  cudaConfigureCall
                    0.00%  1.3780us         2     689ns     462ns     916ns  cuDeviceGet

==219040== Unified Memory profiling result:
Device "Tesla V100-PCIE-16GB (0)"
   Count  Avg Size  Min Size  Max Size  Total Size  Total Time  Name
       2  32.000KB  4.0000KB  60.000KB  64.00000KB  6.944000us  Device To Host
       1         -         -         -           -  230.4320us  Gpu page fault groups
Total CPU Page faults: 1
