==212160== NVPROF is profiling process 212160, command: ./0123HomeWork 4 128
==212160== Profiling application: ./0123HomeWork 4 128
==212160== Profiling result:
            Type  Time(%)      Time     Calls       Avg       Min       Max  Name
 GPU activities:   99.63%  916.41us         1  916.41us  916.41us  916.41us  find_hash(int, int)
                    0.37%  3.3910us         3  1.1300us  1.1190us  1.1520us  [CUDA memcpy HtoD]
      API calls:   99.51%  424.92ms         3  141.64ms  13.310us  424.89ms  cudaMemcpyToSymbol
                    0.22%  920.59us         1  920.59us  920.59us  920.59us  cudaDeviceSynchronize
                    0.15%  634.06us        86  7.3720us     306ns  275.47us  cuDeviceGetAttribute
                    0.08%  351.21us         1  351.21us  351.21us  351.21us  cuDeviceTotalMem
                    0.03%  115.85us         1  115.85us  115.85us  115.85us  cudaLaunch
                    0.02%  64.786us         1  64.786us  64.786us  64.786us  cuDeviceGetName
                    0.00%  4.1440us         2  2.0720us     564ns  3.5800us  cudaSetupArgument
                    0.00%  3.9490us         3  1.3160us     321ns  2.8040us  cuDeviceGetCount
                    0.00%  2.4030us         1  2.4030us  2.4030us  2.4030us  cudaConfigureCall
                    0.00%  1.1890us         2     594ns     359ns     830ns  cuDeviceGet

==212160== Unified Memory profiling result:
Device "Tesla V100-PCIE-16GB (0)"
   Count  Avg Size  Min Size  Max Size  Total Size  Total Time  Name
       2  32.000KB  4.0000KB  60.000KB  64.00000KB  7.200000us  Device To Host
       1         -         -         -           -  275.3280us  Gpu page fault groups
Total CPU Page faults: 1
