==212344== NVPROF is profiling process 212344, command: ./0123HomeWork 4 128
==212344== Profiling application: ./0123HomeWork 4 128
==212344== Profiling result:
            Type  Time(%)      Time     Calls       Avg       Min       Max  Name
 GPU activities:   99.60%  844.57us         1  844.57us  844.57us  844.57us  find_hash(int, int)
                    0.40%  3.3600us         3  1.1200us  1.1200us  1.1200us  [CUDA memcpy HtoD]
      API calls:   99.53%  403.84ms         3  134.61ms  12.830us  403.82ms  cudaMemcpyToSymbol
                    0.21%  848.86us         1  848.86us  848.86us  848.86us  cudaDeviceSynchronize
                    0.14%  559.89us        86  6.5100us     291ns  243.72us  cuDeviceGetAttribute
                    0.08%  312.16us         1  312.16us  312.16us  312.16us  cuDeviceTotalMem
                    0.03%  110.91us         1  110.91us  110.91us  110.91us  cudaLaunch
                    0.01%  55.696us         1  55.696us  55.696us  55.696us  cuDeviceGetName
                    0.00%  4.7660us         2  2.3830us     553ns  4.2130us  cudaSetupArgument
                    0.00%  3.4890us         3  1.1630us     305ns  2.5090us  cuDeviceGetCount
                    0.00%  2.1820us         1  2.1820us  2.1820us  2.1820us  cudaConfigureCall
                    0.00%  1.1710us         2     585ns     326ns     845ns  cuDeviceGet

==212344== Unified Memory profiling result:
Device "Tesla V100-PCIE-16GB (0)"
   Count  Avg Size  Min Size  Max Size  Total Size  Total Time  Name
       2  32.000KB  4.0000KB  60.000KB  64.00000KB  7.168000us  Device To Host
       1         -         -         -           -  227.8080us  Gpu page fault groups
Total CPU Page faults: 1
