==214985== NVPROF is profiling process 214985, command: ./0123HomeWork 4 16
==214985== Profiling application: ./0123HomeWork 4 16
==214985== Profiling result:
            Type  Time(%)      Time     Calls       Avg       Min       Max  Name
 GPU activities:   99.96%  9.3235ms         1  9.3235ms  9.3235ms  9.3235ms  find_hash(int, int)
                    0.04%  3.4240us         3  1.1410us  1.1200us  1.1520us  [CUDA memcpy HtoD]
      API calls:   97.65%  424.05ms         3  141.35ms  18.830us  424.01ms  cudaMemcpyToSymbol
                    2.15%  9.3283ms         1  9.3283ms  9.3283ms  9.3283ms  cudaDeviceSynchronize
                    0.11%  462.72us        86  5.3800us     181ns  203.27us  cuDeviceGetAttribute
                    0.05%  208.25us         1  208.25us  208.25us  208.25us  cuDeviceTotalMem
                    0.03%  135.80us         1  135.80us  135.80us  135.80us  cudaLaunch
                    0.01%  45.900us         1  45.900us  45.900us  45.900us  cuDeviceGetName
                    0.00%  6.7260us         2  3.3630us     797ns  5.9290us  cudaSetupArgument
                    0.00%  3.2910us         1  3.2910us  3.2910us  3.2910us  cudaConfigureCall
                    0.00%  2.4480us         3     816ns     224ns  1.8170us  cuDeviceGetCount
                    0.00%     751ns         2     375ns     269ns     482ns  cuDeviceGet

==214985== Unified Memory profiling result:
Device "Tesla V100-PCIE-16GB (0)"
   Count  Avg Size  Min Size  Max Size  Total Size  Total Time  Name
       2  32.000KB  4.0000KB  60.000KB  64.00000KB  7.200000us  Device To Host
       1         -         -         -           -  242.6880us  Gpu page fault groups
Total CPU Page faults: 1
