==218004== NVPROF is profiling process 218004, command: ./0123HomeWork 4 2
==218004== Profiling application: ./0123HomeWork 4 2
==218004== Profiling result:
            Type  Time(%)      Time     Calls       Avg       Min       Max  Name
 GPU activities:   99.98%  21.141ms         1  21.141ms  21.141ms  21.141ms  find_hash(int, int)
                    0.02%  3.6160us         3  1.2050us  1.1840us  1.2160us  [CUDA memcpy HtoD]
      API calls:   94.94%  412.76ms         3  137.59ms  12.996us  412.73ms  cudaMemcpyToSymbol
                    4.86%  21.141ms         1  21.141ms  21.141ms  21.141ms  cudaDeviceSynchronize
                    0.10%  452.54us        86  5.2620us     166ns  199.10us  cuDeviceGetAttribute
                    0.05%  199.05us         1  199.05us  199.05us  199.05us  cuDeviceTotalMem
                    0.03%  135.86us         1  135.86us  135.86us  135.86us  cudaLaunch
                    0.01%  45.076us         1  45.076us  45.076us  45.076us  cuDeviceGetName
                    0.00%  4.2470us         2  2.1230us     457ns  3.7900us  cudaSetupArgument
                    0.00%  2.7930us         3     931ns     186ns  2.2510us  cuDeviceGetCount
                    0.00%  1.8890us         1  1.8890us  1.8890us  1.8890us  cudaConfigureCall
                    0.00%     810ns         2     405ns     216ns     594ns  cuDeviceGet

==218004== Unified Memory profiling result:
Device "Tesla V100-PCIE-16GB (0)"
   Count  Avg Size  Min Size  Max Size  Total Size  Total Time  Name
       2  32.000KB  4.0000KB  60.000KB  64.00000KB  7.360000us  Device To Host
       1         -         -         -           -  235.8400us  Gpu page fault groups
Total CPU Page faults: 1
