==211142== NVPROF is profiling process 211142, command: ./0123HomeWork 4 256
==211142== Profiling application: ./0123HomeWork 4 256
==211142== Profiling result:
            Type  Time(%)      Time     Calls       Avg       Min       Max  Name
 GPU activities:   99.74%  1.3424ms         1  1.3424ms  1.3424ms  1.3424ms  find_hash(int, int)
                    0.26%  3.5520us         3  1.1840us  1.1840us  1.1840us  [CUDA memcpy HtoD]
      API calls:   99.43%  410.11ms         3  136.70ms  18.920us  410.07ms  cudaMemcpyToSymbol
                    0.33%  1.3441ms         1  1.3441ms  1.3441ms  1.3441ms  cudaDeviceSynchronize
                    0.12%  515.00us        86  5.9880us     219ns  228.56us  cuDeviceGetAttribute
                    0.06%  258.37us         1  258.37us  258.37us  258.37us  cuDeviceTotalMem
                    0.04%  176.98us         1  176.98us  176.98us  176.98us  cudaLaunch
                    0.01%  47.741us         1  47.741us  47.741us  47.741us  cuDeviceGetName
                    0.00%  7.2660us         2  3.6330us     752ns  6.5140us  cudaSetupArgument
                    0.00%  4.1790us         3  1.3930us     404ns  3.1910us  cuDeviceGetCount
                    0.00%  3.3900us         1  3.3900us  3.3900us  3.3900us  cudaConfigureCall
                    0.00%  1.0230us         2     511ns     277ns     746ns  cuDeviceGet

==211142== Unified Memory profiling result:
Device "Tesla V100-PCIE-16GB (0)"
   Count  Avg Size  Min Size  Max Size  Total Size  Total Time  Name
       2  32.000KB  4.0000KB  60.000KB  64.00000KB  7.296000us  Device To Host
       1         -         -         -           -  184.2240us  Gpu page fault groups
Total CPU Page faults: 1
