==216810== NVPROF is profiling process 216810, command: ./0123HomeWork 4 4
==216810== Profiling application: ./0123HomeWork 4 4
==216810== Profiling result:
            Type  Time(%)      Time     Calls       Avg       Min       Max  Name
 GPU activities:   99.99%  44.667ms         1  44.667ms  44.667ms  44.667ms  find_hash(int, int)
                    0.01%  3.4560us         3  1.1520us  1.1520us  1.1520us  [CUDA memcpy HtoD]
      API calls:   90.00%  413.44ms         3  137.81ms  18.961us  413.40ms  cudaMemcpyToSymbol
                    9.72%  44.667ms         1  44.667ms  44.667ms  44.667ms  cudaDeviceSynchronize
                    0.15%  668.97us        86  7.7780us     324ns  290.70us  cuDeviceGetAttribute
                    0.08%  377.29us         1  377.29us  377.29us  377.29us  cuDeviceTotalMem
                    0.04%  161.45us         1  161.45us  161.45us  161.45us  cudaLaunch
                    0.01%  67.867us         1  67.867us  67.867us  67.867us  cuDeviceGetName
                    0.00%  5.9850us         2  2.9920us     777ns  5.2080us  cudaSetupArgument
                    0.00%  4.7290us         3  1.5760us     335ns  3.5200us  cuDeviceGetCount
                    0.00%  3.3530us         1  3.3530us  3.3530us  3.3530us  cudaConfigureCall
                    0.00%  1.3130us         2     656ns     450ns     863ns  cuDeviceGet

==216810== Unified Memory profiling result:
Device "Tesla V100-PCIE-16GB (0)"
   Count  Avg Size  Min Size  Max Size  Total Size  Total Time  Name
       2  32.000KB  4.0000KB  60.000KB  64.00000KB  7.200000us  Device To Host
       1         -         -         -           -  237.0240us  Gpu page fault groups
Total CPU Page faults: 1
