==213369== NVPROF is profiling process 213369, command: ./0123HomeWork 4 64
==213369== Profiling application: ./0123HomeWork 4 64
==213369== Profiling result:
            Type  Time(%)      Time     Calls       Avg       Min       Max  Name
 GPU activities:   99.87%  2.9137ms         1  2.9137ms  2.9137ms  2.9137ms  find_hash(int, int)
                    0.13%  3.6800us         3  1.2260us  1.1520us  1.3760us  [CUDA memcpy HtoD]
      API calls:   99.02%  419.72ms         3  139.91ms  13.619us  419.69ms  cudaMemcpyToSymbol
                    0.69%  2.9180ms         1  2.9180ms  2.9180ms  2.9180ms  cudaDeviceSynchronize
                    0.16%  662.02us        86  7.6970us     335ns  288.24us  cuDeviceGetAttribute
                    0.09%  368.40us         1  368.40us  368.40us  368.40us  cuDeviceTotalMem
                    0.03%  130.31us         1  130.31us  130.31us  130.31us  cudaLaunch
                    0.02%  65.089us         1  65.089us  65.089us  65.089us  cuDeviceGetName
                    0.00%  5.2910us         2  2.6450us     490ns  4.8010us  cudaSetupArgument
                    0.00%  4.2550us         3  1.4180us     364ns  3.0840us  cuDeviceGetCount
                    0.00%  3.0590us         1  3.0590us  3.0590us  3.0590us  cudaConfigureCall
                    0.00%  1.2960us         2     648ns     468ns     828ns  cuDeviceGet

==213369== Unified Memory profiling result:
Device "Tesla V100-PCIE-16GB (0)"
   Count  Avg Size  Min Size  Max Size  Total Size  Total Time  Name
       2  32.000KB  4.0000KB  60.000KB  64.00000KB  7.200000us  Device To Host
       1         -         -         -           -  230.2080us  Gpu page fault groups
Total CPU Page faults: 1
