==216197== NVPROF is profiling process 216197, command: ./0123HomeWork 4 8
==216197== Profiling application: ./0123HomeWork 4 8
==216197== Profiling result:
            Type  Time(%)      Time     Calls       Avg       Min       Max  Name
 GPU activities:   99.99%  44.037ms         1  44.037ms  44.037ms  44.037ms  find_hash(int, int)
                    0.01%  3.3920us         3  1.1300us  1.1200us  1.1520us  [CUDA memcpy HtoD]
      API calls:   89.94%  402.35ms         3  134.12ms  15.109us  402.32ms  cudaMemcpyToSymbol
                    9.84%  44.039ms         1  44.039ms  44.039ms  44.039ms  cudaDeviceSynchronize
                    0.11%  505.48us        86  5.8770us     250ns  219.91us  cuDeviceGetAttribute
                    0.06%  281.50us         1  281.50us  281.50us  281.50us  cuDeviceTotalMem
                    0.03%  138.64us         1  138.64us  138.64us  138.64us  cudaLaunch
                    0.01%  50.133us         1  50.133us  50.133us  50.133us  cuDeviceGetName
                    0.00%  5.8190us         2  2.9090us     522ns  5.2970us  cudaSetupArgument
                    0.00%  3.3760us         3  1.1250us     282ns  2.4110us  cuDeviceGetCount
                    0.00%  2.6850us         1  2.6850us  2.6850us  2.6850us  cudaConfigureCall
                    0.00%  1.1090us         2     554ns     283ns     826ns  cuDeviceGet

==216197== Unified Memory profiling result:
Device "Tesla V100-PCIE-16GB (0)"
   Count  Avg Size  Min Size  Max Size  Total Size  Total Time  Name
       2  32.000KB  4.0000KB  60.000KB  64.00000KB  7.232000us  Device To Host
       1         -         -         -           -  228.7680us  Gpu page fault groups
Total CPU Page faults: 1
