==180889== NVPROF is profiling process 180889, command: ./0123HomeWork 64 16
==180889== Profiling application: ./0123HomeWork 64 16
==180889== Profiling result:
            Type  Time(%)      Time     Calls       Avg       Min       Max  Name
 GPU activities:   99.33%  499.42us         1  499.42us  499.42us  499.42us  find_hash(int, int)
                    0.67%  3.3920us         3  1.1300us  1.1200us  1.1520us  [CUDA memcpy HtoD]
      API calls:   99.66%  410.68ms         3  136.89ms  13.235us  410.65ms  cudaMemcpyToSymbol
                    0.12%  502.33us         1  502.33us  502.33us  502.33us  cudaDeviceSynchronize
                    0.12%  492.05us        86  5.7210us     189ns  217.66us  cuDeviceGetAttribute
                    0.05%  224.59us         1  224.59us  224.59us  224.59us  cuDeviceTotalMem
                    0.03%  111.73us         1  111.73us  111.73us  111.73us  cudaLaunch
                    0.01%  47.615us         1  47.615us  47.615us  47.615us  cuDeviceGetName
                    0.00%  5.0210us         2  2.5100us     574ns  4.4470us  cudaSetupArgument
                    0.00%  2.6050us         3     868ns     202ns  1.9520us  cuDeviceGetCount
                    0.00%  2.5730us         1  2.5730us  2.5730us  2.5730us  cudaConfigureCall
                    0.00%     933ns         2     466ns     226ns     707ns  cuDeviceGet

==180889== Unified Memory profiling result:
Device "Tesla V100-PCIE-16GB (0)"
   Count  Avg Size  Min Size  Max Size  Total Size  Total Time  Name
       2  32.000KB  4.0000KB  60.000KB  64.00000KB  7.264000us  Device To Host
       1         -         -         -           -  275.2640us  Gpu page fault groups
Total CPU Page faults: 1
