==178657== NVPROF is profiling process 178657, command: ./0123HomeWork 64 128
==178657== Profiling application: ./0123HomeWork 64 128
==178657== Profiling result:
            Type  Time(%)      Time     Calls       Avg       Min       Max  Name
 GPU activities:   96.18%  85.471us         1  85.471us  85.471us  85.471us  find_hash(int, int)
                    3.82%  3.3920us         3  1.1300us  1.1200us  1.1520us  [CUDA memcpy HtoD]
      API calls:   99.71%  400.37ms         3  133.46ms  13.668us  400.34ms  cudaMemcpyToSymbol
                    0.13%  530.63us        86  6.1700us     285ns  230.27us  cuDeviceGetAttribute
                    0.08%  318.56us         1  318.56us  318.56us  318.56us  cuDeviceTotalMem
                    0.03%  126.80us         1  126.80us  126.80us  126.80us  cudaLaunch
                    0.02%  89.143us         1  89.143us  89.143us  89.143us  cudaDeviceSynchronize
                    0.02%  66.949us         1  66.949us  66.949us  66.949us  cuDeviceGetName
                    0.00%  5.5170us         2  2.7580us     497ns  5.0200us  cudaSetupArgument
                    0.00%  4.0080us         3  1.3360us     357ns  2.8760us  cuDeviceGetCount
                    0.00%  2.7510us         1  2.7510us  2.7510us  2.7510us  cudaConfigureCall
                    0.00%  1.2360us         2     618ns     443ns     793ns  cuDeviceGet

==178657== Unified Memory profiling result:
Device "Tesla V100-PCIE-16GB (0)"
   Count  Avg Size  Min Size  Max Size  Total Size  Total Time  Name
       2  32.000KB  4.0000KB  60.000KB  64.00000KB  7.200000us  Device To Host
       1         -         -         -           -  308.3200us  Gpu page fault groups
Total CPU Page faults: 1
