==180335== NVPROF is profiling process 180335, command: ./0123HomeWork 64 32
==180335== Profiling application: ./0123HomeWork 64 32
==180335== Profiling result:
            Type  Time(%)      Time     Calls       Avg       Min       Max  Name
 GPU activities:   99.40%  566.33us         1  566.33us  566.33us  566.33us  find_hash(int, int)
                    0.60%  3.3920us         3  1.1300us  1.1200us  1.1520us  [CUDA memcpy HtoD]
      API calls:   99.55%  402.75ms         3  134.25ms  19.177us  402.70ms  cudaMemcpyToSymbol
                    0.17%  682.69us        86  7.9380us     330ns  299.12us  cuDeviceGetAttribute
                    0.14%  569.38us         1  569.38us  569.38us  569.38us  cudaDeviceSynchronize
                    0.09%  361.71us         1  361.71us  361.71us  361.71us  cuDeviceTotalMem
                    0.04%  141.91us         1  141.91us  141.91us  141.91us  cudaLaunch
                    0.02%  61.143us         1  61.143us  61.143us  61.143us  cuDeviceGetName
                    0.00%  7.0810us         2  3.5400us     738ns  6.3430us  cudaSetupArgument
                    0.00%  4.3280us         3  1.4420us     409ns  2.9960us  cuDeviceGetCount
                    0.00%  3.5680us         1  3.5680us  3.5680us  3.5680us  cudaConfigureCall
                    0.00%  1.5210us         2     760ns     394ns  1.1270us  cuDeviceGet

==180335== Unified Memory profiling result:
Device "Tesla V100-PCIE-16GB (0)"
   Count  Avg Size  Min Size  Max Size  Total Size  Total Time  Name
       2  32.000KB  4.0000KB  60.000KB  64.00000KB  7.168000us  Device To Host
       1         -         -         -           -  250.7840us  Gpu page fault groups
Total CPU Page faults: 1
