==182655== NVPROF is profiling process 182655, command: ./0123HomeWork 64 4
==182655== Profiling application: ./0123HomeWork 64 4
==182655== Profiling result:
            Type  Time(%)      Time     Calls       Avg       Min       Max  Name
 GPU activities:   99.90%  3.6630ms         1  3.6630ms  3.6630ms  3.6630ms  find_hash(int, int)
                    0.10%  3.6800us         3  1.2260us  1.1200us  1.4400us  [CUDA memcpy HtoD]
      API calls:   98.87%  408.52ms         3  136.17ms  14.010us  408.49ms  cudaMemcpyToSymbol
                    0.89%  3.6669ms         1  3.6669ms  3.6669ms  3.6669ms  cudaDeviceSynchronize
                    0.13%  548.19us        86  6.3740us     214ns  228.63us  cuDeviceGetAttribute
                    0.06%  248.58us         1  248.58us  248.58us  248.58us  cuDeviceTotalMem
                    0.03%  128.15us         1  128.15us  128.15us  128.15us  cudaLaunch
                    0.01%  50.062us         1  50.062us  50.062us  50.062us  cuDeviceGetName
                    0.00%  5.0290us         2  2.5140us     455ns  4.5740us  cudaSetupArgument
                    0.00%  3.1760us         1  3.1760us  3.1760us  3.1760us  cudaConfigureCall
                    0.00%  2.9750us         3     991ns     246ns  2.2840us  cuDeviceGetCount
                    0.00%     976ns         2     488ns     266ns     710ns  cuDeviceGet

==182655== Unified Memory profiling result:
Device "Tesla V100-PCIE-16GB (0)"
   Count  Avg Size  Min Size  Max Size  Total Size  Total Time  Name
       2  32.000KB  4.0000KB  60.000KB  64.00000KB  7.232000us  Device To Host
       1         -         -         -           -  251.4880us  Gpu page fault groups
Total CPU Page faults: 1
