==182381== NVPROF is profiling process 182381, command: ./0123HomeWork 64 8
==182381== Profiling application: ./0123HomeWork 64 8
==182381== Profiling result:
            Type  Time(%)      Time     Calls       Avg       Min       Max  Name
 GPU activities:   98.43%  210.46us         1  210.46us  210.46us  210.46us  find_hash(int, int)
                    1.57%  3.3600us         3  1.1200us  1.1200us  1.1200us  [CUDA memcpy HtoD]
      API calls:   99.73%  409.17ms         3  136.39ms  18.930us  409.13ms  cudaMemcpyToSymbol
                    0.12%  481.05us        86  5.5930us     192ns  211.60us  cuDeviceGetAttribute
                    0.05%  220.40us         1  220.40us  220.40us  220.40us  cuDeviceTotalMem
                    0.05%  212.11us         1  212.11us  212.11us  212.11us  cudaDeviceSynchronize
                    0.03%  140.37us         1  140.37us  140.37us  140.37us  cudaLaunch
                    0.01%  46.934us         1  46.934us  46.934us  46.934us  cuDeviceGetName
                    0.00%  6.1340us         2  3.0670us     726ns  5.4080us  cudaSetupArgument
                    0.00%  3.0770us         1  3.0770us  3.0770us  3.0770us  cudaConfigureCall
                    0.00%  2.6150us         3     871ns     222ns  2.0310us  cuDeviceGetCount
                    0.00%     908ns         2     454ns     243ns     665ns  cuDeviceGet

==182381== Unified Memory profiling result:
Device "Tesla V100-PCIE-16GB (0)"
   Count  Avg Size  Min Size  Max Size  Total Size  Total Time  Name
       2  32.000KB  4.0000KB  60.000KB  64.00000KB  7.264000us  Device To Host
       1         -         -         -           -  231.7120us  Gpu page fault groups
Total CPU Page faults: 1
