==181926== NVPROF is profiling process 181926, command: ./0123HomeWork 64 8
==181926== Profiling application: ./0123HomeWork 64 8
==181926== Profiling result:
            Type  Time(%)      Time     Calls       Avg       Min       Max  Name
 GPU activities:   99.78%  1.6083ms         1  1.6083ms  1.6083ms  1.6083ms  find_hash(int, int)
                    0.22%  3.5200us         3  1.1730us  1.1520us  1.2160us  [CUDA memcpy HtoD]
      API calls:   99.40%  408.35ms         3  136.12ms  13.242us  408.32ms  cudaMemcpyToSymbol
                    0.39%  1.6129ms         1  1.6129ms  1.6129ms  1.6129ms  cudaDeviceSynchronize
                    0.11%  457.90us        86  5.3240us     150ns  201.48us  cuDeviceGetAttribute
                    0.05%  208.70us         1  208.70us  208.70us  208.70us  cuDeviceTotalMem
                    0.03%  113.36us         1  113.36us  113.36us  113.36us  cudaLaunch
                    0.01%  45.299us         1  45.299us  45.299us  45.299us  cuDeviceGetName
                    0.00%  4.6350us         2  2.3170us     509ns  4.1260us  cudaSetupArgument
                    0.00%  2.5790us         1  2.5790us  2.5790us  2.5790us  cudaConfigureCall
                    0.00%  2.1010us         3     700ns     160ns  1.6020us  cuDeviceGetCount
                    0.00%     769ns         2     384ns     213ns     556ns  cuDeviceGet

==181926== Unified Memory profiling result:
Device "Tesla V100-PCIE-16GB (0)"
   Count  Avg Size  Min Size  Max Size  Total Size  Total Time  Name
       2  32.000KB  4.0000KB  60.000KB  64.00000KB  7.264000us  Device To Host
       1         -         -         -           -  230.3360us  Gpu page fault groups
Total CPU Page faults: 1
