==210218== NVPROF is profiling process 210218, command: ./0123HomeWork 8 1
==210218== Profiling application: ./0123HomeWork 8 1
==210218== Profiling result:
            Type  Time(%)      Time     Calls       Avg       Min       Max  Name
 GPU activities:  100.00%  246.87ms         1  246.87ms  246.87ms  246.87ms  find_hash(int, int)
                    0.00%  3.3920us         3  1.1300us  1.1200us  1.1520us  [CUDA memcpy HtoD]
      API calls:   62.97%  421.20ms         3  140.40ms  13.609us  421.17ms  cudaMemcpyToSymbol
                   36.91%  246.86ms         1  246.86ms  246.86ms  246.86ms  cudaDeviceSynchronize
                    0.07%  455.48us        86  5.2960us     173ns  200.53us  cuDeviceGetAttribute
                    0.03%  206.01us         1  206.01us  206.01us  206.01us  cuDeviceTotalMem
                    0.02%  122.83us         1  122.83us  122.83us  122.83us  cudaLaunch
                    0.01%  45.047us         1  45.047us  45.047us  45.047us  cuDeviceGetName
                    0.00%  4.5300us         2  2.2650us     536ns  3.9940us  cudaSetupArgument
                    0.00%  3.0940us         1  3.0940us  3.0940us  3.0940us  cudaConfigureCall
                    0.00%  2.5520us         3     850ns     172ns  1.9650us  cuDeviceGetCount
                    0.00%     713ns         2     356ns     216ns     497ns  cuDeviceGet

==210218== Unified Memory profiling result:
Device "Tesla V100-PCIE-16GB (0)"
   Count  Avg Size  Min Size  Max Size  Total Size  Total Time  Name
       2  32.000KB  4.0000KB  60.000KB  64.00000KB  7.040000us  Device To Host
       1         -         -         -           -  247.3280us  Gpu page fault groups
Total CPU Page faults: 1
