==203734== NVPROF is profiling process 203734, command: ./0123HomeWork 8 128
==203734== Profiling application: ./0123HomeWork 8 128
==203734== Profiling result:
            Type  Time(%)      Time     Calls       Avg       Min       Max  Name
 GPU activities:   98.76%  266.97us         1  266.97us  266.97us  266.97us  find_hash(int, int)
                    1.24%  3.3600us         3  1.1200us  1.1200us  1.1200us  [CUDA memcpy HtoD]
      API calls:   99.72%  398.52ms         3  132.84ms  19.312us  398.48ms  cudaMemcpyToSymbol
                    0.10%  414.03us        86  4.8140us     176ns  181.18us  cuDeviceGetAttribute
                    0.07%  265.54us         1  265.54us  265.54us  265.54us  cudaDeviceSynchronize
                    0.05%  213.91us         1  213.91us  213.91us  213.91us  cuDeviceTotalMem
                    0.04%  167.16us         1  167.16us  167.16us  167.16us  cudaLaunch
                    0.01%  41.203us         1  41.203us  41.203us  41.203us  cuDeviceGetName
                    0.00%  7.2200us         2  3.6100us     717ns  6.5030us  cudaSetupArgument
                    0.00%  3.5330us         1  3.5330us  3.5330us  3.5330us  cudaConfigureCall
                    0.00%  2.5500us         3     850ns     221ns  1.9580us  cuDeviceGetCount
                    0.00%     755ns         2     377ns     252ns     503ns  cuDeviceGet

==203734== Unified Memory profiling result:
Device "Tesla V100-PCIE-16GB (0)"
   Count  Avg Size  Min Size  Max Size  Total Size  Total Time  Name
       2  32.000KB  4.0000KB  60.000KB  64.00000KB  7.296000us  Device To Host
       1         -         -         -           -  230.3680us  Gpu page fault groups
Total CPU Page faults: 1
