==203915== NVPROF is profiling process 203915, command: ./0123HomeWork 8 128
==203915== Profiling application: ./0123HomeWork 8 128
==203915== Profiling result:
            Type  Time(%)      Time     Calls       Avg       Min       Max  Name
 GPU activities:   99.59%  874.11us         1  874.11us  874.11us  874.11us  find_hash(int, int)
                    0.41%  3.5840us         3  1.1940us  1.1840us  1.2160us  [CUDA memcpy HtoD]
      API calls:   99.58%  401.06ms         3  133.69ms  13.807us  401.03ms  cudaMemcpyToSymbol
                    0.22%  876.99us         1  876.99us  876.99us  876.99us  cudaDeviceSynchronize
                    0.10%  411.46us        86  4.7840us     173ns  180.23us  cuDeviceGetAttribute
                    0.05%  205.27us         1  205.27us  205.27us  205.27us  cuDeviceTotalMem
                    0.03%  133.09us         1  133.09us  133.09us  133.09us  cudaLaunch
                    0.01%  41.397us         1  41.397us  41.397us  41.397us  cuDeviceGetName
                    0.00%  5.2100us         2  2.6050us     442ns  4.7680us  cudaSetupArgument
                    0.00%  3.0770us         1  3.0770us  3.0770us  3.0770us  cudaConfigureCall
                    0.00%  2.6050us         3     868ns     208ns  2.0070us  cuDeviceGetCount
                    0.00%     884ns         2     442ns     259ns     625ns  cuDeviceGet

==203915== Unified Memory profiling result:
Device "Tesla V100-PCIE-16GB (0)"
   Count  Avg Size  Min Size  Max Size  Total Size  Total Time  Name
       2  32.000KB  4.0000KB  60.000KB  64.00000KB  7.520000us  Device To Host
       1         -         -         -           -  196.1600us  Gpu page fault groups
Total CPU Page faults: 1
