==206729== NVPROF is profiling process 206729, command: ./0123HomeWork 8 16
==206729== Profiling application: ./0123HomeWork 8 16
==206729== Profiling result:
            Type  Time(%)      Time     Calls       Avg       Min       Max  Name
 GPU activities:   99.24%  463.90us         1  463.90us  463.90us  463.90us  find_hash(int, int)
                    0.76%  3.5520us         3  1.1840us  1.1840us  1.1840us  [CUDA memcpy HtoD]
      API calls:   99.57%  413.00ms         3  137.67ms  19.266us  412.96ms  cudaMemcpyToSymbol
                    0.17%  703.78us        86  8.1830us     334ns  308.21us  cuDeviceGetAttribute
                    0.11%  463.58us         1  463.58us  463.58us  463.58us  cudaDeviceSynchronize
                    0.09%  370.64us         1  370.64us  370.64us  370.64us  cuDeviceTotalMem
                    0.04%  152.51us         1  152.51us  152.51us  152.51us  cudaLaunch
                    0.02%  67.918us         1  67.918us  67.918us  67.918us  cuDeviceGetName
                    0.00%  6.4760us         2  3.2380us     762ns  5.7140us  cudaSetupArgument
                    0.00%  4.5360us         3  1.5120us     337ns  3.4810us  cuDeviceGetCount
                    0.00%  3.2240us         1  3.2240us  3.2240us  3.2240us  cudaConfigureCall
                    0.00%  1.1930us         2     596ns     401ns     792ns  cuDeviceGet

==206729== Unified Memory profiling result:
Device "Tesla V100-PCIE-16GB (0)"
   Count  Avg Size  Min Size  Max Size  Total Size  Total Time  Name
       2  32.000KB  4.0000KB  60.000KB  64.00000KB  7.296000us  Device To Host
       1         -         -         -           -  275.0080us  Gpu page fault groups
Total CPU Page faults: 1
