==209077== NVPROF is profiling process 209077, command: ./0123HomeWork 8 2
==209077== Profiling application: ./0123HomeWork 8 2
==209077== Profiling result:
            Type  Time(%)      Time     Calls       Avg       Min       Max  Name
 GPU activities:   99.99%  28.235ms         1  28.235ms  28.235ms  28.235ms  find_hash(int, int)
                    0.01%  3.5840us         3  1.1940us  1.1840us  1.2160us  [CUDA memcpy HtoD]
      API calls:   93.24%  401.22ms         3  133.74ms  19.369us  401.18ms  cudaMemcpyToSymbol
                    6.56%  28.235ms         1  28.235ms  28.235ms  28.235ms  cudaDeviceSynchronize
                    0.10%  419.55us        86  4.8780us     141ns  184.35us  cuDeviceGetAttribute
                    0.05%  206.00us         1  206.00us  206.00us  206.00us  cuDeviceTotalMem
                    0.04%  160.66us         1  160.66us  160.66us  160.66us  cudaLaunch
                    0.01%  41.154us         1  41.154us  41.154us  41.154us  cuDeviceGetName
                    0.00%  6.5660us         2  3.2830us     757ns  5.8090us  cudaSetupArgument
                    0.00%  3.4480us         1  3.4480us  3.4480us  3.4480us  cudaConfigureCall
                    0.00%  2.5840us         3     861ns     259ns  1.9580us  cuDeviceGetCount
                    0.00%  1.1120us         2     556ns     227ns     885ns  cuDeviceGet

==209077== Unified Memory profiling result:
Device "Tesla V100-PCIE-16GB (0)"
   Count  Avg Size  Min Size  Max Size  Total Size  Total Time  Name
       2  32.000KB  4.0000KB  60.000KB  64.00000KB  7.488000us  Device To Host
       1         -         -         -           -  220.0000us  Gpu page fault groups
Total CPU Page faults: 1
