==203155== NVPROF is profiling process 203155, command: ./0123HomeWork 8 256
==203155== Profiling application: ./0123HomeWork 8 256
==203155== Profiling result:
            Type  Time(%)      Time     Calls       Avg       Min       Max  Name
 GPU activities:   98.73%  263.58us         1  263.58us  263.58us  263.58us  find_hash(int, int)
                    1.27%  3.3920us         3  1.1300us  1.1200us  1.1520us  [CUDA memcpy HtoD]
      API calls:   99.73%  416.67ms         3  138.89ms  18.973us  416.63ms  cudaMemcpyToSymbol
                    0.11%  455.94us        86  5.3010us     171ns  200.92us  cuDeviceGetAttribute
                    0.06%  264.11us         1  264.11us  264.11us  264.11us  cudaDeviceSynchronize
                    0.05%  205.89us         1  205.89us  205.89us  205.89us  cuDeviceTotalMem
                    0.04%  155.25us         1  155.25us  155.25us  155.25us  cudaLaunch
                    0.01%  44.504us         1  44.504us  44.504us  44.504us  cuDeviceGetName
                    0.00%  6.5400us         2  3.2700us     702ns  5.8380us  cudaSetupArgument
                    0.00%  3.1320us         1  3.1320us  3.1320us  3.1320us  cudaConfigureCall
                    0.00%  2.2470us         3     749ns     165ns  1.7340us  cuDeviceGetCount
                    0.00%     725ns         2     362ns     226ns     499ns  cuDeviceGet

==203155== Unified Memory profiling result:
Device "Tesla V100-PCIE-16GB (0)"
   Count  Avg Size  Min Size  Max Size  Total Size  Total Time  Name
       2  32.000KB  4.0000KB  60.000KB  64.00000KB  7.232000us  Device To Host
       1         -         -         -           -  286.6880us  Gpu page fault groups
Total CPU Page faults: 1
