==205324== NVPROF is profiling process 205324, command: ./0123HomeWork 8 32
==205324== Profiling application: ./0123HomeWork 8 32
==205324== Profiling result:
            Type  Time(%)      Time     Calls       Avg       Min       Max  Name
 GPU activities:   99.90%  3.6800ms         1  3.6800ms  3.6800ms  3.6800ms  find_hash(int, int)
                    0.10%  3.5840us         3  1.1940us  1.1840us  1.2160us  [CUDA memcpy HtoD]
      API calls:   98.85%  412.88ms         3  137.63ms  19.176us  412.84ms  cudaMemcpyToSymbol
                    0.88%  3.6833ms         1  3.6833ms  3.6833ms  3.6833ms  cudaDeviceSynchronize
                    0.15%  606.62us        86  7.0530us     268ns  268.52us  cuDeviceGetAttribute
                    0.07%  303.94us         1  303.94us  303.94us  303.94us  cuDeviceTotalMem
                    0.03%  125.68us         1  125.68us  125.68us  125.68us  cudaLaunch
                    0.01%  57.140us         1  57.140us  57.140us  57.140us  cuDeviceGetName
                    0.00%  17.061us         2  8.5300us     504ns  16.557us  cudaSetupArgument
                    0.00%  4.4830us         3  1.4940us     255ns  3.6450us  cuDeviceGetCount
                    0.00%  3.7840us         1  3.7840us  3.7840us  3.7840us  cudaConfigureCall
                    0.00%  1.0330us         2     516ns     358ns     675ns  cuDeviceGet

==205324== Unified Memory profiling result:
Device "Tesla V100-PCIE-16GB (0)"
   Count  Avg Size  Min Size  Max Size  Total Size  Total Time  Name
       2  32.000KB  4.0000KB  60.000KB  64.00000KB  7.360000us  Device To Host
       1         -         -         -           -  197.3440us  Gpu page fault groups
Total CPU Page faults: 1
