==204396== NVPROF is profiling process 204396, command: ./0123HomeWork 8 64
==204396== Profiling application: ./0123HomeWork 8 64
==204396== Profiling result:
            Type  Time(%)      Time     Calls       Avg       Min       Max  Name
 GPU activities:   97.83%  153.22us         1  153.22us  153.22us  153.22us  find_hash(int, int)
                    2.17%  3.3920us         3  1.1300us  1.1200us  1.1520us  [CUDA memcpy HtoD]
      API calls:   99.67%  425.91ms         3  141.97ms  13.009us  425.88ms  cudaMemcpyToSymbol
                    0.16%  665.71us        86  7.7400us     337ns  289.88us  cuDeviceGetAttribute
                    0.09%  374.89us         1  374.89us  374.89us  374.89us  cuDeviceTotalMem
                    0.04%  157.60us         1  157.60us  157.60us  157.60us  cudaDeviceSynchronize
                    0.03%  123.71us         1  123.71us  123.71us  123.71us  cudaLaunch
                    0.02%  65.496us         1  65.496us  65.496us  65.496us  cuDeviceGetName
                    0.00%  4.8900us         3  1.6300us     418ns  3.7290us  cuDeviceGetCount
                    0.00%  4.3200us         2  2.1600us     471ns  3.8490us  cudaSetupArgument
                    0.00%  2.2240us         1  2.2240us  2.2240us  2.2240us  cudaConfigureCall
                    0.00%  1.3650us         2     682ns     441ns     924ns  cuDeviceGet

==204396== Unified Memory profiling result:
Device "Tesla V100-PCIE-16GB (0)"
   Count  Avg Size  Min Size  Max Size  Total Size  Total Time  Name
       2  32.000KB  4.0000KB  60.000KB  64.00000KB  7.200000us  Device To Host
       1         -         -         -           -  245.5360us  Gpu page fault groups
Total CPU Page faults: 1
