==204491== NVPROF is profiling process 204491, command: ./0123HomeWork 8 64
==204491== Profiling application: ./0123HomeWork 8 64
==204491== Profiling result:
            Type  Time(%)      Time     Calls       Avg       Min       Max  Name
 GPU activities:   98.68%  252.80us         1  252.80us  252.80us  252.80us  find_hash(int, int)
                    1.32%  3.3920us         3  1.1300us  1.1200us  1.1520us  [CUDA memcpy HtoD]
      API calls:   99.72%  408.87ms         3  136.29ms  14.132us  408.84ms  cudaMemcpyToSymbol
                    0.12%  475.83us        86  5.5320us     174ns  201.19us  cuDeviceGetAttribute
                    0.06%  255.47us         1  255.47us  255.47us  255.47us  cudaDeviceSynchronize
                    0.06%  245.58us         1  245.58us  245.58us  245.58us  cuDeviceTotalMem
                    0.03%  113.93us         1  113.93us  113.93us  113.93us  cudaLaunch
                    0.01%  49.786us         1  49.786us  49.786us  49.786us  cuDeviceGetName
                    0.00%  4.7450us         2  2.3720us     468ns  4.2770us  cudaSetupArgument
                    0.00%  2.6430us         3     881ns     228ns  2.0010us  cuDeviceGetCount
                    0.00%  2.3190us         1  2.3190us  2.3190us  2.3190us  cudaConfigureCall
                    0.00%     928ns         2     464ns     250ns     678ns  cuDeviceGet

==204491== Unified Memory profiling result:
Device "Tesla V100-PCIE-16GB (0)"
   Count  Avg Size  Min Size  Max Size  Total Size  Total Time  Name
       2  32.000KB  4.0000KB  60.000KB  64.00000KB  7.264000us  Device To Host
       1         -         -         -           -  229.6960us  Gpu page fault groups
Total CPU Page faults: 1
