==208038== NVPROF is profiling process 208038, command: ./0123HomeWork 8 8
==208038== Profiling application: ./0123HomeWork 8 8
==208038== Profiling result:
            Type  Time(%)      Time     Calls       Avg       Min       Max  Name
 GPU activities:   99.99%  31.429ms         1  31.429ms  31.429ms  31.429ms  find_hash(int, int)
                    0.01%  3.4560us         3  1.1520us  1.1520us  1.1520us  [CUDA memcpy HtoD]
      API calls:   92.67%  409.21ms         3  136.40ms  18.576us  409.17ms  cudaMemcpyToSymbol
                    7.12%  31.429ms         1  31.429ms  31.429ms  31.429ms  cudaDeviceSynchronize
                    0.11%  491.54us        86  5.7150us     177ns  221.45us  cuDeviceGetAttribute
                    0.05%  239.20us         1  239.20us  239.20us  239.20us  cuDeviceTotalMem
                    0.03%  137.82us         1  137.82us  137.82us  137.82us  cudaLaunch
                    0.01%  49.621us         1  49.621us  49.621us  49.621us  cuDeviceGetName
                    0.00%  6.4410us         2  3.2200us     727ns  5.7140us  cudaSetupArgument
                    0.00%  3.1180us         1  3.1180us  3.1180us  3.1180us  cudaConfigureCall
                    0.00%  2.8260us         3     942ns     282ns  2.1080us  cuDeviceGetCount
                    0.00%     829ns         2     414ns     222ns     607ns  cuDeviceGet

==208038== Unified Memory profiling result:
Device "Tesla V100-PCIE-16GB (0)"
   Count  Avg Size  Min Size  Max Size  Total Size  Total Time  Name
       2  32.000KB  4.0000KB  60.000KB  64.00000KB  7.200000us  Device To Host
       1         -         -         -           -  308.8000us  Gpu page fault groups
Total CPU Page faults: 1
