==207388== NVPROF is profiling process 207388, command: ./0123HomeWork 8 8
==207388== Profiling application: ./0123HomeWork 8 8
==207388== Profiling result:
            Type  Time(%)      Time     Calls       Avg       Min       Max  Name
 GPU activities:   99.82%  1.8624ms         1  1.8624ms  1.8624ms  1.8624ms  find_hash(int, int)
                    0.18%  3.3920us         3  1.1300us  1.1200us  1.1520us  [CUDA memcpy HtoD]
      API calls:   99.33%  408.57ms         3  136.19ms  18.346us  408.53ms  cudaMemcpyToSymbol
                    0.45%  1.8638ms         1  1.8638ms  1.8638ms  1.8638ms  cudaDeviceSynchronize
                    0.11%  455.44us        86  5.2950us     210ns  198.54us  cuDeviceGetAttribute
                    0.06%  239.41us         1  239.41us  239.41us  239.41us  cuDeviceTotalMem
                    0.04%  153.39us         1  153.39us  153.39us  153.39us  cudaLaunch
                    0.01%  46.403us         1  46.403us  46.403us  46.403us  cuDeviceGetName
                    0.00%  6.4550us         2  3.2270us     757ns  5.6980us  cudaSetupArgument
                    0.00%  2.8340us         3     944ns     240ns  2.1620us  cuDeviceGetCount
                    0.00%  2.8210us         1  2.8210us  2.8210us  2.8210us  cudaConfigureCall
                    0.00%     799ns         2     399ns     244ns     555ns  cuDeviceGet

==207388== Unified Memory profiling result:
Device "Tesla V100-PCIE-16GB (0)"
   Count  Avg Size  Min Size  Max Size  Total Size  Total Time  Name
       2  32.000KB  4.0000KB  60.000KB  64.00000KB  7.264000us  Device To Host
       1         -         -         -           -  198.6880us  Gpu page fault groups
Total CPU Page faults: 1
