==173013== NVPROF is profiling process 173013, command: ./0123HomeWork 80 16
==173013== Profiling application: ./0123HomeWork 80 16
==173013== Profiling result:
            Type  Time(%)      Time     Calls       Avg       Min       Max  Name
 GPU activities:   98.01%  168.93us         1  168.93us  168.93us  168.93us  find_hash(int, int)
                    1.99%  3.4240us         3  1.1410us  1.1200us  1.1520us  [CUDA memcpy HtoD]
      API calls:   99.75%  427.74ms         3  142.58ms  19.030us  427.70ms  cudaMemcpyToSymbol
                    0.11%  457.43us        86  5.3180us     219ns  199.24us  cuDeviceGetAttribute
                    0.06%  249.69us         1  249.69us  249.69us  249.69us  cuDeviceTotalMem
                    0.04%  171.86us         1  171.86us  171.86us  171.86us  cudaDeviceSynchronize
                    0.03%  113.45us         1  113.45us  113.45us  113.45us  cudaLaunch
                    0.01%  46.489us         1  46.489us  46.489us  46.489us  cuDeviceGetName
                    0.00%  17.034us         1  17.034us  17.034us  17.034us  cudaConfigureCall
                    0.00%  4.3620us         2  2.1810us     508ns  3.8540us  cudaSetupArgument
                    0.00%  2.9300us         3     976ns     216ns  2.2000us  cuDeviceGetCount
                    0.00%     994ns         2     497ns     262ns     732ns  cuDeviceGet

==173013== Unified Memory profiling result:
Device "Tesla V100-PCIE-16GB (0)"
   Count  Avg Size  Min Size  Max Size  Total Size  Total Time  Name
       2  32.000KB  4.0000KB  60.000KB  64.00000KB  7.328000us  Device To Host
       1         -         -         -           -  255.9040us  Gpu page fault groups
Total CPU Page faults: 1
