==169006== NVPROF is profiling process 169006, command: ./0123HomeWork 80 256
==169006== Profiling application: ./0123HomeWork 80 256
==169006== Profiling result:
            Type  Time(%)      Time     Calls       Avg       Min       Max  Name
 GPU activities:   96.52%  104.80us         1  104.80us  104.80us  104.80us  find_hash(int, int)
                    3.48%  3.7760us         3  1.2580us  1.1200us  1.4080us  [CUDA memcpy HtoD]
      API calls:   99.76%  420.28ms         3  140.09ms  13.243us  420.25ms  cudaMemcpyToSymbol
                    0.12%  493.71us        86  5.7400us     204ns  216.59us  cuDeviceGetAttribute
                    0.06%  234.44us         1  234.44us  234.44us  234.44us  cuDeviceTotalMem
                    0.03%  112.88us         1  112.88us  112.88us  112.88us  cudaLaunch
                    0.03%  107.65us         1  107.65us  107.65us  107.65us  cudaDeviceSynchronize
                    0.01%  48.801us         1  48.801us  48.801us  48.801us  cuDeviceGetName
                    0.00%  4.7640us         2  2.3820us     516ns  4.2480us  cudaSetupArgument
                    0.00%  2.9750us         3     991ns     230ns  2.2790us  cuDeviceGetCount
                    0.00%  2.4090us         1  2.4090us  2.4090us  2.4090us  cudaConfigureCall
                    0.00%     937ns         2     468ns     220ns     717ns  cuDeviceGet

==169006== Unified Memory profiling result:
Device "Tesla V100-PCIE-16GB (0)"
   Count  Avg Size  Min Size  Max Size  Total Size  Total Time  Name
       2  32.000KB  4.0000KB  60.000KB  64.00000KB  7.616000us  Device To Host
       1         -         -         -           -  234.8480us  Gpu page fault groups
Total CPU Page faults: 1
