==175095== NVPROF is profiling process 175095, command: ./0123HomeWork 80 2
==175095== Profiling application: ./0123HomeWork 80 2
==175095== Profiling result:
            Type  Time(%)      Time     Calls       Avg       Min       Max  Name
 GPU activities:   99.80%  1.8328ms         1  1.8328ms  1.8328ms  1.8328ms  find_hash(int, int)
                    0.20%  3.5840us         3  1.1940us  1.1200us  1.3120us  [CUDA memcpy HtoD]
      API calls:   99.36%  421.14ms         3  140.38ms  18.857us  421.09ms  cudaMemcpyToSymbol
                    0.43%  1.8334ms         1  1.8334ms  1.8334ms  1.8334ms  cudaDeviceSynchronize
                    0.10%  432.94us        86  5.0340us     143ns  183.32us  cuDeviceGetAttribute
                    0.06%  244.59us         1  244.59us  244.59us  244.59us  cuDeviceTotalMem
                    0.04%  157.23us         1  157.23us  157.23us  157.23us  cudaLaunch
                    0.01%  49.389us         1  49.389us  49.389us  49.389us  cuDeviceGetName
                    0.00%  6.4610us         2  3.2300us     771ns  5.6900us  cudaSetupArgument
                    0.00%  3.0620us         1  3.0620us  3.0620us  3.0620us  cudaConfigureCall
                    0.00%  2.7470us         3     915ns     216ns  2.1270us  cuDeviceGetCount
                    0.00%     731ns         2     365ns     241ns     490ns  cuDeviceGet

==175095== Unified Memory profiling result:
Device "Tesla V100-PCIE-16GB (0)"
   Count  Avg Size  Min Size  Max Size  Total Size  Total Time  Name
       2  32.000KB  4.0000KB  60.000KB  64.00000KB  7.232000us  Device To Host
       1         -         -         -           -  235.3280us  Gpu page fault groups
Total CPU Page faults: 1
