==175375== NVPROF is profiling process 175375, command: ./0123HomeWork 80 2
==175375== Profiling application: ./0123HomeWork 80 2
==175375== Profiling result:
            Type  Time(%)      Time     Calls       Avg       Min       Max  Name
 GPU activities:   99.98%  14.679ms         1  14.679ms  14.679ms  14.679ms  find_hash(int, int)
                    0.02%  3.3600us         3  1.1200us  1.1200us  1.1200us  [CUDA memcpy HtoD]
      API calls:   96.28%  401.57ms         3  133.86ms  18.250us  401.53ms  cudaMemcpyToSymbol
                    3.52%  14.689ms         1  14.689ms  14.689ms  14.689ms  cudaDeviceSynchronize
                    0.10%  433.47us        86  5.0400us     189ns  189.95us  cuDeviceGetAttribute
                    0.05%  218.57us         1  218.57us  218.57us  218.57us  cuDeviceTotalMem
                    0.03%  127.74us         1  127.74us  127.74us  127.74us  cudaLaunch
                    0.01%  43.464us         1  43.464us  43.464us  43.464us  cuDeviceGetName
                    0.00%  6.2560us         2  3.1280us     732ns  5.5240us  cudaSetupArgument
                    0.00%  3.1320us         1  3.1320us  3.1320us  3.1320us  cudaConfigureCall
                    0.00%  2.5770us         3     859ns     180ns  1.9710us  cuDeviceGetCount
                    0.00%     876ns         2     438ns     240ns     636ns  cuDeviceGet

==175375== Unified Memory profiling result:
Device "Tesla V100-PCIE-16GB (0)"
   Count  Avg Size  Min Size  Max Size  Total Size  Total Time  Name
       2  32.000KB  4.0000KB  60.000KB  64.00000KB  7.392000us  Device To Host
       1         -         -         -           -  305.9840us  Gpu page fault groups
Total CPU Page faults: 1
