==171256== NVPROF is profiling process 171256, command: ./0123HomeWork 80 64
==171256== Profiling application: ./0123HomeWork 80 64
==171256== Profiling result:
            Type  Time(%)      Time     Calls       Avg       Min       Max  Name
 GPU activities:   92.08%  39.039us         1  39.039us  39.039us  39.039us  find_hash(int, int)
                    7.92%  3.3600us         3  1.1200us  1.1200us  1.1200us  [CUDA memcpy HtoD]
      API calls:   99.79%  399.79ms         3  133.26ms  13.829us  399.76ms  cudaMemcpyToSymbol
                    0.10%  410.29us        86  4.7700us     166ns  179.98us  cuDeviceGetAttribute
                    0.05%  204.19us         1  204.19us  204.19us  204.19us  cuDeviceTotalMem
                    0.03%  125.26us         1  125.26us  125.26us  125.26us  cudaLaunch
                    0.01%  42.148us         1  42.148us  42.148us  42.148us  cudaDeviceSynchronize
                    0.01%  41.553us         1  41.553us  41.553us  41.553us  cuDeviceGetName
                    0.00%  5.2790us         2  2.6390us     487ns  4.7920us  cudaSetupArgument
                    0.00%  2.7210us         1  2.7210us  2.7210us  2.7210us  cudaConfigureCall
                    0.00%  2.0450us         3     681ns     195ns  1.4630us  cuDeviceGetCount
                    0.00%     791ns         2     395ns     225ns     566ns  cuDeviceGet

==171256== Unified Memory profiling result:
Device "Tesla V100-PCIE-16GB (0)"
   Count  Avg Size  Min Size  Max Size  Total Size  Total Time  Name
       2  32.000KB  4.0000KB  60.000KB  64.00000KB  7.200000us  Device To Host
       1         -         -         -           -  249.6320us  Gpu page fault groups
Total CPU Page faults: 1
