==170694== NVPROF is profiling process 170694, command: ./0123HomeWork 80 64
==170694== Profiling application: ./0123HomeWork 80 64
==170694== Profiling result:
            Type  Time(%)      Time     Calls       Avg       Min       Max  Name
 GPU activities:   95.84%  77.440us         1  77.440us  77.440us  77.440us  find_hash(int, int)
                    4.16%  3.3600us         3  1.1200us  1.1200us  1.1200us  [CUDA memcpy HtoD]
      API calls:   99.80%  404.40ms         3  134.80ms  12.520us  404.37ms  cudaMemcpyToSymbol
                    0.09%  365.90us        86  4.2540us     139ns  161.46us  cuDeviceGetAttribute
                    0.04%  182.17us         1  182.17us  182.17us  182.17us  cuDeviceTotalMem
                    0.03%  113.20us         1  113.20us  113.20us  113.20us  cudaLaunch
                    0.02%  80.879us         1  80.879us  80.879us  80.879us  cudaDeviceSynchronize
                    0.01%  45.603us         1  45.603us  45.603us  45.603us  cuDeviceGetName
                    0.00%  17.805us         1  17.805us  17.805us  17.805us  cudaConfigureCall
                    0.00%  4.2520us         2  2.1260us     529ns  3.7230us  cudaSetupArgument
                    0.00%  2.8060us         3     935ns     237ns  2.0460us  cuDeviceGetCount
                    0.00%  1.1660us         2     583ns     293ns     873ns  cuDeviceGet

==170694== Unified Memory profiling result:
Device "Tesla V100-PCIE-16GB (0)"
   Count  Avg Size  Min Size  Max Size  Total Size  Total Time  Name
       2  32.000KB  4.0000KB  60.000KB  64.00000KB  7.200000us  Device To Host
       1         -         -         -           -  231.9680us  Gpu page fault groups
Total CPU Page faults: 1
