==173392== NVPROF is profiling process 173392, command: ./0123HomeWork 80 8
==173392== Profiling application: ./0123HomeWork 80 8
==173392== Profiling result:
            Type  Time(%)      Time     Calls       Avg       Min       Max  Name
 GPU activities:   95.73%  76.095us         1  76.095us  76.095us  76.095us  find_hash(int, int)
                    4.27%  3.3920us         3  1.1300us  1.1200us  1.1520us  [CUDA memcpy HtoD]
      API calls:   99.67%  410.06ms         3  136.69ms  20.026us  410.01ms  cudaMemcpyToSymbol
                    0.16%  651.11us        86  7.5710us     334ns  283.39us  cuDeviceGetAttribute
                    0.09%  373.30us         1  373.30us  373.30us  373.30us  cuDeviceTotalMem
                    0.04%  153.85us         1  153.85us  153.85us  153.85us  cudaLaunch
                    0.02%  79.143us         1  79.143us  79.143us  79.143us  cudaDeviceSynchronize
                    0.02%  64.098us         1  64.098us  64.098us  64.098us  cuDeviceGetName
                    0.00%  6.5690us         2  3.2840us     701ns  5.8680us  cudaSetupArgument
                    0.00%  4.8400us         3  1.6130us     388ns  3.7370us  cuDeviceGetCount
                    0.00%  2.9300us         1  2.9300us  2.9300us  2.9300us  cudaConfigureCall
                    0.00%  1.5190us         2     759ns     441ns  1.0780us  cuDeviceGet

==173392== Unified Memory profiling result:
Device "Tesla V100-PCIE-16GB (0)"
   Count  Avg Size  Min Size  Max Size  Total Size  Total Time  Name
       2  32.000KB  4.0000KB  60.000KB  64.00000KB  7.264000us  Device To Host
       1         -         -         -           -  235.0720us  Gpu page fault groups
Total CPU Page faults: 1
