==173940== NVPROF is profiling process 173940, command: ./0123HomeWork 80 8
==173940== Profiling application: ./0123HomeWork 80 8
==173940== Profiling result:
            Type  Time(%)      Time     Calls       Avg       Min       Max  Name
 GPU activities:   99.51%  685.66us         1  685.66us  685.66us  685.66us  find_hash(int, int)
                    0.49%  3.3600us         3  1.1200us  1.1200us  1.1200us  [CUDA memcpy HtoD]
      API calls:   99.60%  402.83ms         3  134.28ms  18.499us  402.79ms  cudaMemcpyToSymbol
                    0.17%  688.10us         1  688.10us  688.10us  688.10us  cudaDeviceSynchronize
                    0.11%  459.37us        86  5.3410us     210ns  200.95us  cuDeviceGetAttribute
                    0.06%  240.86us         1  240.86us  240.86us  240.86us  cuDeviceTotalMem
                    0.04%  152.99us         1  152.99us  152.99us  152.99us  cudaLaunch
                    0.01%  45.763us         1  45.763us  45.763us  45.763us  cuDeviceGetName
                    0.00%  5.9980us         2  2.9990us     806ns  5.1920us  cudaSetupArgument
                    0.00%  3.2070us         1  3.2070us  3.2070us  3.2070us  cudaConfigureCall
                    0.00%  2.8860us         3     962ns     219ns  2.2060us  cuDeviceGetCount
                    0.00%  1.0790us         2     539ns     294ns     785ns  cuDeviceGet

==173940== Unified Memory profiling result:
Device "Tesla V100-PCIE-16GB (0)"
   Count  Avg Size  Min Size  Max Size  Total Size  Total Time  Name
       2  32.000KB  4.0000KB  60.000KB  64.00000KB  7.168000us  Device To Host
       1         -         -         -           -  314.8160us  Gpu page fault groups
Total CPU Page faults: 1
