==458151== NVPROF is profiling process 458151, command: ./0123HomeWork 1 256
==458151== Profiling application: ./0123HomeWork 1 256
==458151== Profiling result:
            Type  Time(%)      Time     Calls       Avg       Min       Max  Name
 GPU activities:  100.00%  3.20234s         1  3.20234s  3.20234s  3.20234s  find_hash(int, int)
                    0.00%  3.5520us         3  1.1840us  1.1840us  1.1840us  [CUDA memcpy HtoD]
      API calls:   88.80%  3.20251s         1  3.20251s  3.20251s  3.20251s  cudaDeviceSynchronize
                   11.18%  403.31ms         3  134.44ms  18.747us  403.27ms  cudaMemcpyToSymbol
                    0.01%  415.86us        86  4.8350us     145ns  182.84us  cuDeviceGetAttribute
                    0.00%  168.97us         1  168.97us  168.97us  168.97us  cuDeviceTotalMem
                    0.00%  149.21us         1  149.21us  149.21us  149.21us  cudaLaunch
                    0.00%  40.705us         1  40.705us  40.705us  40.705us  cuDeviceGetName
                    0.00%  6.6790us         2  3.3390us     712ns  5.9670us  cudaSetupArgument
                    0.00%  3.0400us         3  1.0130us     249ns  2.4960us  cuDeviceGetCount
                    0.00%  2.9830us         1  2.9830us  2.9830us  2.9830us  cudaConfigureCall
                    0.00%     653ns         2     326ns     157ns     496ns  cuDeviceGet

==458151== Unified Memory profiling result:
Device "Tesla V100-PCIE-16GB (0)"
   Count  Avg Size  Min Size  Max Size  Total Size  Total Time  Name
       2  32.000KB  4.0000KB  60.000KB  64.00000KB  7.040000us  Device To Host
       1         -         -         -           -  250.2080us  Gpu page fault groups
Total CPU Page faults: 1
