==458517== NVPROF is profiling process 458517, command: ./0123HomeWork 1 64
==458517== Profiling application: ./0123HomeWork 1 64
==458517== Profiling result:
            Type  Time(%)      Time     Calls       Avg       Min       Max  Name
 GPU activities:  100.00%  5.29691s         1  5.29691s  5.29691s  5.29691s  find_hash(int, int)
                    0.00%  3.3600us         3  1.1200us  1.1200us  1.1200us  [CUDA memcpy HtoD]
      API calls:   93.06%  5.29703s         1  5.29703s  5.29703s  5.29703s  cudaDeviceSynchronize
                    6.92%  394.07ms         3  131.36ms  14.130us  394.04ms  cudaMemcpyToSymbol
                    0.01%  619.81us        86  7.2070us     334ns  268.08us  cuDeviceGetAttribute
                    0.01%  374.25us         1  374.25us  374.25us  374.25us  cuDeviceTotalMem
                    0.00%  126.20us         1  126.20us  126.20us  126.20us  cudaLaunch
                    0.00%  61.617us         1  61.617us  61.617us  61.617us  cuDeviceGetName
                    0.00%  5.2350us         2  2.6170us     511ns  4.7240us  cudaSetupArgument
                    0.00%  4.2140us         3  1.4040us     304ns  3.0590us  cuDeviceGetCount
                    0.00%  2.6000us         1  2.6000us  2.6000us  2.6000us  cudaConfigureCall
                    0.00%  1.2930us         2     646ns     320ns     973ns  cuDeviceGet

==458517== Unified Memory profiling result:
Device "Tesla V100-PCIE-16GB (0)"
   Count  Avg Size  Min Size  Max Size  Total Size  Total Time  Name
       2  32.000KB  4.0000KB  60.000KB  64.00000KB  7.008000us  Device To Host
       1         -         -         -           -  264.5440us  Gpu page fault groups
Total CPU Page faults: 1
