==445750== NVPROF is profiling process 445750, command: ./0123HomeWork 16 2
==445750== Profiling application: ./0123HomeWork 16 2
==445750== Profiling result:
            Type  Time(%)      Time     Calls       Avg       Min       Max  Name
 GPU activities:  100.00%  6.65930s         1  6.65930s  6.65930s  6.65930s  find_hash(int, int)
                    0.00%  3.5520us         3  1.1840us  1.1200us  1.2800us  [CUDA memcpy HtoD]
      API calls:   94.15%  6.65939s         1  6.65939s  6.65939s  6.65939s  cudaDeviceSynchronize
                    5.84%  412.81ms         3  137.60ms  13.360us  412.78ms  cudaMemcpyToSymbol
                    0.01%  507.02us        86  5.8950us     210ns  223.08us  cuDeviceGetAttribute
                    0.00%  250.41us         1  250.41us  250.41us  250.41us  cuDeviceTotalMem
                    0.00%  126.19us         1  126.19us  126.19us  126.19us  cudaLaunch
                    0.00%  62.125us         1  62.125us  62.125us  62.125us  cuDeviceGetName
                    0.00%  5.1020us         2  2.5510us     499ns  4.6030us  cudaSetupArgument
                    0.00%  2.8800us         3     960ns     219ns  2.2350us  cuDeviceGetCount
                    0.00%  2.5230us         1  2.5230us  2.5230us  2.5230us  cudaConfigureCall
                    0.00%     935ns         2     467ns     269ns     666ns  cuDeviceGet

==445750== Unified Memory profiling result:
Device "Tesla V100-PCIE-16GB (0)"
   Count  Avg Size  Min Size  Max Size  Total Size  Total Time  Name
       2  32.000KB  4.0000KB  60.000KB  64.00000KB  6.944000us  Device To Host
       1         -         -         -           -  229.2160us  Gpu page fault groups
Total CPU Page faults: 1
