==445258== NVPROF is profiling process 445258, command: ./0123HomeWork 16 32
==445258== Profiling application: ./0123HomeWork 16 32
==445258== Profiling result:
            Type  Time(%)      Time     Calls       Avg       Min       Max  Name
 GPU activities:  100.00%  188.47ms         1  188.47ms  188.47ms  188.47ms  find_hash(int, int)
                    0.00%  3.3600us         3  1.1200us  1.1200us  1.1200us  [CUDA memcpy HtoD]
      API calls:   67.82%  399.76ms         3  133.25ms  13.880us  399.73ms  cudaMemcpyToSymbol
                   31.98%  188.47ms         1  188.47ms  188.47ms  188.47ms  cudaDeviceSynchronize
                    0.11%  629.03us        86  7.3140us     333ns  276.64us  cuDeviceGetAttribute
                    0.06%  361.54us         1  361.54us  361.54us  361.54us  cuDeviceTotalMem
                    0.02%  134.86us         1  134.86us  134.86us  134.86us  cudaLaunch
                    0.01%  61.784us         1  61.784us  61.784us  61.784us  cuDeviceGetName
                    0.00%  5.8950us         2  2.9470us     535ns  5.3600us  cudaSetupArgument
                    0.00%  4.3280us         3  1.4420us     338ns  3.2770us  cuDeviceGetCount
                    0.00%  3.2910us         1  3.2910us  3.2910us  3.2910us  cudaConfigureCall
                    0.00%  1.6570us         2     828ns     465ns  1.1920us  cuDeviceGet

==445258== Unified Memory profiling result:
Device "Tesla V100-PCIE-16GB (0)"
   Count  Avg Size  Min Size  Max Size  Total Size  Total Time  Name
       2  32.000KB  4.0000KB  60.000KB  64.00000KB  7.200000us  Device To Host
       1         -         -         -           -  230.8160us  Gpu page fault groups
Total CPU Page faults: 1
