==445163== NVPROF is profiling process 445163, command: ./0123HomeWork 16 64
==445163== Profiling application: ./0123HomeWork 16 64
==445163== Profiling result:
            Type  Time(%)      Time     Calls       Avg       Min       Max  Name
 GPU activities:  100.00%  281.59ms         1  281.59ms  281.59ms  281.59ms  find_hash(int, int)
                    0.00%  3.3600us         3  1.1200us  1.1200us  1.1200us  [CUDA memcpy HtoD]
      API calls:   59.33%  412.31ms         3  137.44ms  18.955us  412.27ms  cudaMemcpyToSymbol
                   40.52%  281.59ms         1  281.59ms  281.59ms  281.59ms  cudaDeviceSynchronize
                    0.08%  554.48us        86  6.4470us     250ns  242.10us  cuDeviceGetAttribute
                    0.04%  285.74us         1  285.74us  285.74us  285.74us  cuDeviceTotalMem
                    0.02%  132.29us         1  132.29us  132.29us  132.29us  cudaLaunch
                    0.01%  54.271us         1  54.271us  54.271us  54.271us  cuDeviceGetName
                    0.00%  6.1180us         2  3.0590us     887ns  5.2310us  cudaSetupArgument
                    0.00%  3.9520us         3  1.3170us     256ns  3.2000us  cuDeviceGetCount
                    0.00%  3.0220us         1  3.0220us  3.0220us  3.0220us  cudaConfigureCall
                    0.00%  1.4060us         2     703ns     287ns  1.1190us  cuDeviceGet

==445163== Unified Memory profiling result:
Device "Tesla V100-PCIE-16GB (0)"
   Count  Avg Size  Min Size  Max Size  Total Size  Total Time  Name
       2  32.000KB  4.0000KB  60.000KB  64.00000KB  6.976000us  Device To Host
       1         -         -         -           -  230.0160us  Gpu page fault groups
Total CPU Page faults: 1
