==454003== NVPROF is profiling process 454003, command: ./0123HomeWork 2 2
==454003== Profiling application: ./0123HomeWork 2 2
==454003== Profiling result:
            Type  Time(%)      Time     Calls       Avg       Min       Max  Name
 GPU activities:  100.00%  14.4616s         1  14.4616s  14.4616s  14.4616s  find_hash(int, int)
                    0.00%  3.3600us         3  1.1200us  1.1200us  1.1200us  [CUDA memcpy HtoD]
      API calls:   97.21%  14.4617s         1  14.4617s  14.4617s  14.4617s  cudaDeviceSynchronize
                    2.79%  414.98ms         3  138.33ms  13.217us  414.95ms  cudaMemcpyToSymbol
                    0.00%  412.75us        86  4.7990us     140ns  182.39us  cuDeviceGetAttribute
                    0.00%  169.41us         1  169.41us  169.41us  169.41us  cuDeviceTotalMem
                    0.00%  116.74us         1  116.74us  116.74us  116.74us  cudaLaunch
                    0.00%  40.388us         1  40.388us  40.388us  40.388us  cuDeviceGetName
                    0.00%  4.7360us         2  2.3680us     592ns  4.1440us  cudaSetupArgument
                    0.00%  2.8290us         3     943ns     169ns  2.3660us  cuDeviceGetCount
                    0.00%  2.1530us         1  2.1530us  2.1530us  2.1530us  cudaConfigureCall
                    0.00%     574ns         2     287ns     176ns     398ns  cuDeviceGet

==454003== Unified Memory profiling result:
Device "Tesla V100-PCIE-16GB (0)"
   Count  Avg Size  Min Size  Max Size  Total Size  Total Time  Name
       2  32.000KB  4.0000KB  60.000KB  64.00000KB  6.976000us  Device To Host
       1         -         -         -           -  243.5840us  Gpu page fault groups
Total CPU Page faults: 1
