==451567== NVPROF is profiling process 451567, command: ./0123HomeWork 2 256
==451567== Profiling application: ./0123HomeWork 2 256
==451567== Profiling result:
            Type  Time(%)      Time     Calls       Avg       Min       Max  Name
 GPU activities:  100.00%  1.35540s         1  1.35540s  1.35540s  1.35540s  find_hash(int, int)
                    0.00%  3.5840us         3  1.1940us  1.1200us  1.3120us  [CUDA memcpy HtoD]
      API calls:   77.36%  1.35552s         1  1.35552s  1.35552s  1.35552s  cudaDeviceSynchronize
                   22.58%  395.74ms         3  131.91ms  14.042us  395.71ms  cudaMemcpyToSymbol
                    0.03%  509.91us        86  5.9290us     250ns  221.91us  cuDeviceGetAttribute
                    0.02%  283.00us         1  283.00us  283.00us  283.00us  cuDeviceTotalMem
                    0.01%  128.50us         1  128.50us  128.50us  128.50us  cudaLaunch
                    0.00%  50.806us         1  50.806us  50.806us  50.806us  cuDeviceGetName
                    0.00%  5.9780us         2  2.9890us     486ns  5.4920us  cudaSetupArgument
                    0.00%  3.2290us         3  1.0760us     277ns  2.3960us  cuDeviceGetCount
                    0.00%  2.6200us         1  2.6200us  2.6200us  2.6200us  cudaConfigureCall
                    0.00%     982ns         2     491ns     361ns     621ns  cuDeviceGet

==451567== Unified Memory profiling result:
Device "Tesla V100-PCIE-16GB (0)"
   Count  Avg Size  Min Size  Max Size  Total Size  Total Time  Name
       2  32.000KB  4.0000KB  60.000KB  64.00000KB  6.912000us  Device To Host
       1         -         -         -           -  231.6480us  Gpu page fault groups
Total CPU Page faults: 1
