==443838== NVPROF is profiling process 443838, command: ./0123HomeWork 32 16
==443838== Profiling application: ./0123HomeWork 32 16
==443838== Profiling result:
            Type  Time(%)      Time     Calls       Avg       Min       Max  Name
 GPU activities:  100.00%  233.04ms         1  233.04ms  233.04ms  233.04ms  find_hash(int, int)
                    0.00%  3.4240us         3  1.1410us  1.1200us  1.1840us  [CUDA memcpy HtoD]
      API calls:   63.13%  400.59ms         3  133.53ms  13.175us  400.56ms  cudaMemcpyToSymbol
                   36.73%  233.04ms         1  233.04ms  233.04ms  233.04ms  cudaDeviceSynchronize
                    0.08%  478.75us        86  5.5660us     193ns  210.17us  cuDeviceGetAttribute
                    0.04%  226.20us         1  226.20us  226.20us  226.20us  cuDeviceTotalMem
                    0.02%  113.80us         1  113.80us  113.80us  113.80us  cudaLaunch
                    0.01%  47.027us         1  47.027us  47.027us  47.027us  cuDeviceGetName
                    0.00%  3.9910us         2  1.9950us     484ns  3.5070us  cudaSetupArgument
                    0.00%  2.5760us         3     858ns     189ns  1.9660us  cuDeviceGetCount
                    0.00%  2.3590us         1  2.3590us  2.3590us  2.3590us  cudaConfigureCall
                    0.00%     818ns         2     409ns     216ns     602ns  cuDeviceGet

==443838== Unified Memory profiling result:
Device "Tesla V100-PCIE-16GB (0)"
   Count  Avg Size  Min Size  Max Size  Total Size  Total Time  Name
       2  32.000KB  4.0000KB  60.000KB  64.00000KB  6.880000us  Device To Host
       1         -         -         -           -  193.4080us  Gpu page fault groups
Total CPU Page faults: 1
