==443740== NVPROF is profiling process 443740, command: ./0123HomeWork 32 32
==443740== Profiling application: ./0123HomeWork 32 32
==443740== Profiling result:
            Type  Time(%)      Time     Calls       Avg       Min       Max  Name
 GPU activities:  100.00%  316.88ms         1  316.88ms  316.88ms  316.88ms  find_hash(int, int)
                    0.00%  3.4560us         3  1.1520us  1.1520us  1.1520us  [CUDA memcpy HtoD]
      API calls:   56.24%  408.56ms         3  136.19ms  13.800us  408.53ms  cudaMemcpyToSymbol
                   43.62%  316.88ms         1  316.88ms  316.88ms  316.88ms  cudaDeviceSynchronize
                    0.08%  579.97us        86  6.7430us     267ns  254.07us  cuDeviceGetAttribute
                    0.04%  305.19us         1  305.19us  305.19us  305.19us  cuDeviceTotalMem
                    0.02%  123.09us         1  123.09us  123.09us  123.09us  cudaLaunch
                    0.01%  56.920us         1  56.920us  56.920us  56.920us  cuDeviceGetName
                    0.00%  4.9790us         2  2.4890us     471ns  4.5080us  cudaSetupArgument
                    0.00%  4.0590us         3  1.3530us     334ns  3.1770us  cuDeviceGetCount
                    0.00%  2.6160us         1  2.6160us  2.6160us  2.6160us  cudaConfigureCall
                    0.00%     985ns         2     492ns     330ns     655ns  cuDeviceGet

==443740== Unified Memory profiling result:
Device "Tesla V100-PCIE-16GB (0)"
   Count  Avg Size  Min Size  Max Size  Total Size  Total Time  Name
       2  32.000KB  4.0000KB  60.000KB  64.00000KB  7.008000us  Device To Host
       1         -         -         -           -  279.8400us  Gpu page fault groups
Total CPU Page faults: 1
