==448291== NVPROF is profiling process 448291, command: ./0123HomeWork 4 128
==448291== Profiling application: ./0123HomeWork 4 128
==448291== Profiling result:
            Type  Time(%)      Time     Calls       Avg       Min       Max  Name
 GPU activities:  100.00%  380.24ms         1  380.24ms  380.24ms  380.24ms  find_hash(int, int)
                    0.00%  3.4240us         3  1.1410us  1.1200us  1.1520us  [CUDA memcpy HtoD]
      API calls:   50.93%  395.86ms         3  131.95ms  14.157us  395.83ms  cudaMemcpyToSymbol
                   48.92%  380.24ms         1  380.24ms  380.24ms  380.24ms  cudaDeviceSynchronize
                    0.08%  626.64us        86  7.2860us     331ns  278.48us  cuDeviceGetAttribute
                    0.05%  369.64us         1  369.64us  369.64us  369.64us  cuDeviceTotalMem
                    0.02%  127.73us         1  127.73us  127.73us  127.73us  cudaLaunch
                    0.01%  61.761us         1  61.761us  61.761us  61.761us  cuDeviceGetName
                    0.00%  5.3650us         2  2.6820us     498ns  4.8670us  cudaSetupArgument
                    0.00%  4.3490us         3  1.4490us     378ns  3.2040us  cuDeviceGetCount
                    0.00%  2.9240us         1  2.9240us  2.9240us  2.9240us  cudaConfigureCall
                    0.00%  1.3910us         2     695ns     376ns  1.0150us  cuDeviceGet

==448291== Unified Memory profiling result:
Device "Tesla V100-PCIE-16GB (0)"
   Count  Avg Size  Min Size  Max Size  Total Size  Total Time  Name
       2  32.000KB  4.0000KB  60.000KB  64.00000KB  7.040000us  Device To Host
       1         -         -         -           -  227.9360us  Gpu page fault groups
Total CPU Page faults: 1
