==442415== NVPROF is profiling process 442415, command: ./0123HomeWork 64 256
==442415== Profiling application: ./0123HomeWork 64 256
==442415== Profiling result:
            Type  Time(%)      Time     Calls       Avg       Min       Max  Name
 GPU activities:  100.00%  85.770ms         1  85.770ms  85.770ms  85.770ms  find_hash(int, int)
                    0.00%  3.3920us         3  1.1300us  1.1200us  1.1520us  [CUDA memcpy HtoD]
      API calls:   82.80%  417.15ms         3  139.05ms  14.098us  417.10ms  cudaMemcpyToSymbol
                   17.03%  85.770ms         1  85.770ms  85.770ms  85.770ms  cudaDeviceSynchronize
                    0.09%  471.65us        86  5.4840us     174ns  200.79us  cuDeviceGetAttribute
                    0.05%  244.64us         1  244.64us  244.64us  244.64us  cuDeviceTotalMem
                    0.02%  90.429us         1  90.429us  90.429us  90.429us  cudaLaunch
                    0.01%  49.377us         1  49.377us  49.377us  49.377us  cuDeviceGetName
                    0.00%  5.1240us         2  2.5620us     545ns  4.5790us  cudaSetupArgument
                    0.00%  2.9890us         3     996ns     247ns  2.3050us  cuDeviceGetCount
                    0.00%  2.7870us         1  2.7870us  2.7870us  2.7870us  cudaConfigureCall
                    0.00%     832ns         2     416ns     242ns     590ns  cuDeviceGet

==442415== Unified Memory profiling result:
Device "Tesla V100-PCIE-16GB (0)"
   Count  Avg Size  Min Size  Max Size  Total Size  Total Time  Name
       2  32.000KB  4.0000KB  60.000KB  64.00000KB  7.552000us  Device To Host
       1         -         -         -           -  252.0320us  Gpu page fault groups
Total CPU Page faults: 1
