==442620== NVPROF is profiling process 442620, command: ./0123HomeWork 64 64
==442620== Profiling application: ./0123HomeWork 64 64
==442620== Profiling result:
            Type  Time(%)      Time     Calls       Avg       Min       Max  Name
 GPU activities:  100.00%  204.48ms         1  204.48ms  204.48ms  204.48ms  find_hash(int, int)
                    0.00%  3.3600us         3  1.1200us  1.1200us  1.1200us  [CUDA memcpy HtoD]
      API calls:   66.48%  407.25ms         3  135.75ms  12.757us  407.22ms  cudaMemcpyToSymbol
                   33.38%  204.48ms         1  204.48ms  204.48ms  204.48ms  cudaDeviceSynchronize
                    0.07%  442.32us        86  5.1430us     201ns  193.12us  cuDeviceGetAttribute
                    0.04%  229.75us         1  229.75us  229.75us  229.75us  cuDeviceTotalMem
                    0.02%  111.74us         1  111.74us  111.74us  111.74us  cudaLaunch
                    0.01%  44.285us         1  44.285us  44.285us  44.285us  cuDeviceGetName
                    0.00%  4.1750us         2  2.0870us     478ns  3.6970us  cudaSetupArgument
                    0.00%  2.6680us         3     889ns     253ns  1.9720us  cuDeviceGetCount
                    0.00%  2.0150us         1  2.0150us  2.0150us  2.0150us  cudaConfigureCall
                    0.00%     893ns         2     446ns     267ns     626ns  cuDeviceGet

==442620== Unified Memory profiling result:
Device "Tesla V100-PCIE-16GB (0)"
   Count  Avg Size  Min Size  Max Size  Total Size  Total Time  Name
       2  32.000KB  4.0000KB  60.000KB  64.00000KB  7.008000us  Device To Host
       1         -         -         -           -  231.2640us  Gpu page fault groups
Total CPU Page faults: 1
