==446504== NVPROF is profiling process 446504, command: ./0123HomeWork 8 64
==446504== Profiling application: ./0123HomeWork 8 64
==446504== Profiling result:
            Type  Time(%)      Time     Calls       Avg       Min       Max  Name
 GPU activities:  100.00%  1.01851s         1  1.01851s  1.01851s  1.01851s  find_hash(int, int)
                    0.00%  3.3920us         3  1.1300us  1.1200us  1.1520us  [CUDA memcpy HtoD]
      API calls:   71.69%  1.01869s         1  1.01869s  1.01869s  1.01869s  cudaDeviceSynchronize
                   28.25%  401.45ms         3  133.82ms  13.441us  401.42ms  cudaMemcpyToSymbol
                    0.03%  478.16us        86  5.5600us     176ns  221.58us  cuDeviceGetAttribute
                    0.01%  209.09us         1  209.09us  209.09us  209.09us  cuDeviceTotalMem
                    0.01%  115.11us         1  115.11us  115.11us  115.11us  cudaLaunch
                    0.00%  45.294us         1  45.294us  45.294us  45.294us  cuDeviceGetName
                    0.00%  4.6250us         2  2.3120us     517ns  4.1080us  cudaSetupArgument
                    0.00%  2.4500us         3     816ns     184ns  1.9040us  cuDeviceGetCount
                    0.00%  2.2230us         1  2.2230us  2.2230us  2.2230us  cudaConfigureCall
                    0.00%     963ns         2     481ns     229ns     734ns  cuDeviceGet

==446504== Unified Memory profiling result:
Device "Tesla V100-PCIE-16GB (0)"
   Count  Avg Size  Min Size  Max Size  Total Size  Total Time  Name
       2  32.000KB  4.0000KB  60.000KB  64.00000KB  6.976000us  Device To Host
       1         -         -         -           -  227.8720us  Gpu page fault groups
Total CPU Page faults: 1
