==446838== NVPROF is profiling process 446838, command: ./0123HomeWork 8 8
==446838== Profiling application: ./0123HomeWork 8 8
==446838== Profiling result:
            Type  Time(%)      Time     Calls       Avg       Min       Max  Name
 GPU activities:  100.00%  1.04912s         1  1.04912s  1.04912s  1.04912s  find_hash(int, int)
                    0.00%  3.3920us         3  1.1300us  1.1200us  1.1520us  [CUDA memcpy HtoD]
      API calls:   71.86%  1.04926s         1  1.04926s  1.04926s  1.04926s  cudaDeviceSynchronize
                   28.08%  410.06ms         3  136.69ms  18.951us  410.02ms  cudaMemcpyToSymbol
                    0.03%  463.14us        86  5.3850us     172ns  204.64us  cuDeviceGetAttribute
                    0.01%  207.66us         1  207.66us  207.66us  207.66us  cuDeviceTotalMem
                    0.01%  111.45us         1  111.45us  111.45us  111.45us  cudaLaunch
                    0.00%  46.305us         1  46.305us  46.305us  46.305us  cuDeviceGetName
                    0.00%  6.1070us         2  3.0530us     734ns  5.3730us  cudaSetupArgument
                    0.00%  2.9970us         1  2.9970us  2.9970us  2.9970us  cudaConfigureCall
                    0.00%  2.3080us         3     769ns     257ns  1.6950us  cuDeviceGetCount
                    0.00%     697ns         2     348ns     228ns     469ns  cuDeviceGet

==446838== Unified Memory profiling result:
Device "Tesla V100-PCIE-16GB (0)"
   Count  Avg Size  Min Size  Max Size  Total Size  Total Time  Name
       2  32.000KB  4.0000KB  60.000KB  64.00000KB  6.976000us  Device To Host
       1         -         -         -           -  277.1200us  Gpu page fault groups
Total CPU Page faults: 1
