==441791== NVPROF is profiling process 441791, command: ./0123HomeWork 80 16
==441791== Profiling application: ./0123HomeWork 80 16
==441791== Profiling result:
            Type  Time(%)      Time     Calls       Avg       Min       Max  Name
 GPU activities:   99.99%  33.541ms         1  33.541ms  33.541ms  33.541ms  find_hash(int, int)
                    0.01%  3.5520us         3  1.1840us  1.1840us  1.1840us  [CUDA memcpy HtoD]
      API calls:   92.13%  406.61ms         3  135.54ms  13.594us  406.58ms  cudaMemcpyToSymbol
                    7.60%  33.539ms         1  33.539ms  33.539ms  33.539ms  cudaDeviceSynchronize
                    0.14%  616.93us        86  7.1730us     347ns  267.22us  cuDeviceGetAttribute
                    0.08%  370.48us         1  370.48us  370.48us  370.48us  cuDeviceTotalMem
                    0.03%  127.11us         1  127.11us  127.11us  127.11us  cudaLaunch
                    0.01%  61.117us         1  61.117us  61.117us  61.117us  cuDeviceGetName
                    0.00%  5.8480us         2  2.9240us     521ns  5.3270us  cudaSetupArgument
                    0.00%  4.8000us         3  1.6000us     320ns  3.7220us  cuDeviceGetCount
                    0.00%  2.7330us         1  2.7330us  2.7330us  2.7330us  cudaConfigureCall
                    0.00%  1.6450us         2     822ns     458ns  1.1870us  cuDeviceGet

==441791== Unified Memory profiling result:
Device "Tesla V100-PCIE-16GB (0)"
   Count  Avg Size  Min Size  Max Size  Total Size  Total Time  Name
       2  32.000KB  4.0000KB  60.000KB  64.00000KB  7.296000us  Device To Host
       1         -         -         -           -  237.4720us  Gpu page fault groups
Total CPU Page faults: 1
