==442244== NVPROF is profiling process 442244, command: ./0123HomeWork 80 1
==442244== Profiling application: ./0123HomeWork 80 1
==442244== Profiling result:
            Type  Time(%)      Time     Calls       Avg       Min       Max  Name
 GPU activities:  100.00%  10.8696s         1  10.8696s  10.8696s  10.8696s  find_hash(int, int)
                    0.00%  3.4240us         3  1.1410us  1.1200us  1.1520us  [CUDA memcpy HtoD]
      API calls:   96.41%  10.8697s         1  10.8697s  10.8697s  10.8697s  cudaDeviceSynchronize
                    3.58%  403.43ms         3  134.48ms  13.017us  403.40ms  cudaMemcpyToSymbol
                    0.00%  507.41us        86  5.9000us     226ns  221.77us  cuDeviceGetAttribute
                    0.00%  244.69us         1  244.69us  244.69us  244.69us  cuDeviceTotalMem
                    0.00%  113.25us         1  113.25us  113.25us  113.25us  cudaLaunch
                    0.00%  49.835us         1  49.835us  49.835us  49.835us  cuDeviceGetName
                    0.00%  4.1950us         2  2.0970us     506ns  3.6890us  cudaSetupArgument
                    0.00%  2.7970us         3     932ns     240ns  2.0470us  cuDeviceGetCount
                    0.00%  2.3060us         1  2.3060us  2.3060us  2.3060us  cudaConfigureCall
                    0.00%     961ns         2     480ns     265ns     696ns  cuDeviceGet

==442244== Unified Memory profiling result:
Device "Tesla V100-PCIE-16GB (0)"
   Count  Avg Size  Min Size  Max Size  Total Size  Total Time  Name
       2  32.000KB  4.0000KB  60.000KB  64.00000KB  6.976000us  Device To Host
       1         -         -         -           -  229.2160us  Gpu page fault groups
Total CPU Page faults: 1
