==441418== NVPROF is profiling process 441418, command: ./0123HomeWork 80 256
==441418== Profiling application: ./0123HomeWork 80 256
==441418== Profiling result:
            Type  Time(%)      Time     Calls       Avg       Min       Max  Name
 GPU activities:   99.99%  54.074ms         1  54.074ms  54.074ms  54.074ms  find_hash(int, int)
                    0.01%  3.3920us         3  1.1300us  1.1200us  1.1520us  [CUDA memcpy HtoD]
      API calls:   87.65%  389.80ms         3  129.93ms  14.810us  389.76ms  cudaMemcpyToSymbol
                   12.16%  54.061ms         1  54.061ms  54.061ms  54.061ms  cudaDeviceSynchronize
                    0.08%  373.31us        86  4.3400us     141ns  163.86us  cuDeviceGetAttribute
                    0.06%  251.06us         1  251.06us  251.06us  251.06us  cudaLaunch
                    0.04%  168.43us         1  168.43us  168.43us  168.43us  cuDeviceTotalMem
                    0.01%  55.526us         1  55.526us  55.526us  55.526us  cuDeviceGetName
                    0.00%  5.2800us         2  2.6400us     472ns  4.8080us  cudaSetupArgument
                    0.00%  3.2750us         3  1.0910us     280ns  2.5350us  cuDeviceGetCount
                    0.00%  2.7200us         1  2.7200us  2.7200us  2.7200us  cudaConfigureCall
                    0.00%  1.2510us         2     625ns     271ns     980ns  cuDeviceGet

==441418== Unified Memory profiling result:
Device "Tesla V100-PCIE-16GB (0)"
   Count  Avg Size  Min Size  Max Size  Total Size  Total Time  Name
       2  32.000KB  4.0000KB  60.000KB  64.00000KB  7.520000us  Device To Host
       1         -         -         -           -  227.0720us  Gpu page fault groups
Total CPU Page faults: 1
